LHAPDF 6.2.1 loading /cvmfs/cms.cern.ch/slc6_amd64_gcc630/external/lhapdf/6.2.1-omkpbe3/share/LHAPDF/NNPDF31_nnlo_as_0118_nf_4/NNPDF31_nnlo_as_0118_nf_4_0000.dat
NNPDF31_nnlo_as_0118_nf_4 PDF set, member #0, version 1; LHAPDF ID = 320900
Vegas input parameters:
  ndim 11
  ncomp 1
  epsrel 0
  epsabs 0
  flags 291
  seed 138
  mineval 1
  maxeval 1
  nstart 1000000
  nincrease 500000
  nbatch 1000
  gridno 1
  statefile "vegas_last_iter27"

Iteration 1:  1000000 integrand evaluations so far
[1] -7.50282e-10 +- 4.82249e-09  	chisq 0 (0 df)

Saving state to vegas_last_iter27.
Vegas input parameters:
  ndim 11
  ncomp 1
  epsrel 0
  epsabs 0
  flags 291
  seed 165
  mineval 1
  maxeval 1
  nstart 1000000
  nincrease 500000
  nbatch 1000
  gridno 1
  statefile "vegas_last_iter27"

Restoring state from vegas_last_iter27.

Iteration 2:  2500000 integrand evaluations so far
[1] 3.76768e-09 +- 2.40154e-09  	chisq 1.16713 (1 df)

Saving state to vegas_last_iter27.
Vegas input parameters:
  ndim 11
  ncomp 1
  epsrel 0
  epsabs 0
  flags 291
  seed 192
  mineval 1
  maxeval 1
  nstart 1000000
  nincrease 500000
  nbatch 1000
  gridno 1
  statefile "vegas_last_iter27"

Restoring state from vegas_last_iter27.

Iteration 3:  4500000 integrand evaluations so far
[1] 5.4656e-09 +- 1.01542e-09  	chisq 1.77582 (2 df)

Saving state to vegas_last_iter27.
Vegas input parameters:
  ndim 11
  ncomp 1
  epsrel 0
  epsabs 0
  flags 291
  seed 219
  mineval 1
  maxeval 1
  nstart 1000000
  nincrease 500000
  nbatch 1000
  gridno 1
  statefile "vegas_last_iter27"

Restoring state from vegas_last_iter27.

Iteration 4:  7000000 integrand evaluations so far
[1] 5.94441e-09 +- 2.85418e-10  	chisq 2.01725 (3 df)

Saving state to vegas_last_iter27.
Vegas input parameters:
  ndim 11
  ncomp 1
  epsrel 0
  epsabs 0
  flags 291
  seed 246
  mineval 1
  maxeval 1
  nstart 1000000
  nincrease 500000
  nbatch 1000
  gridno 1
  statefile "vegas_last_iter27"

Restoring state from vegas_last_iter27.

Iteration 5:  10000000 integrand evaluations so far
[1] 6.21679e-09 +- 9.67684e-11  	chisq 3.04622 (4 df)

Saving state to vegas_last_iter27.
Vegas input parameters:
  ndim 11
  ncomp 1
  epsrel 0
  epsabs 0
  flags 291
  seed 273
  mineval 1
  maxeval 1
  nstart 1000000
  nincrease 500000
  nbatch 1000
  gridno 1
  statefile "vegas_last_iter27"

Restoring state from vegas_last_iter27.

Iteration 6:  13500000 integrand evaluations so far
[1] 6.14811e-09 +- 4.03491e-11  	chisq 3.65594 (5 df)

Saving state to vegas_last_iter27.
Vegas input parameters:
  ndim 11
  ncomp 1
  epsrel 0
  epsabs 0
  flags 291
  seed 300
  mineval 1
  maxeval 1
  nstart 1000000
  nincrease 500000
  nbatch 1000
  gridno 1
  statefile "vegas_last_iter27"

Restoring state from vegas_last_iter27.

Iteration 7:  17500000 integrand evaluations so far
[1] 6.16998e-09 +- 2.35019e-11  	chisq 4.10045 (6 df)

Saving state to vegas_last_iter27.
Vegas input parameters:
  ndim 11
  ncomp 1
  epsrel 0
  epsabs 0
  flags 291
  seed 327
  mineval 1
  maxeval 1
  nstart 1000000
  nincrease 500000
  nbatch 1000
  gridno 1
  statefile "vegas_last_iter27"

Restoring state from vegas_last_iter27.

Iteration 8:  22000000 integrand evaluations so far
[1] 6.17064e-09 +- 1.69568e-11  	chisq 4.1021 (7 df)

Saving state to vegas_last_iter27.
Vegas input parameters:
  ndim 11
  ncomp 1
  epsrel 0
  epsabs 0
  flags 291
  seed 354
  mineval 1
  maxeval 1
  nstart 1000000
  nincrease 500000
  nbatch 1000
  gridno 1
  statefile "vegas_last_iter27"

Restoring state from vegas_last_iter27.

Iteration 9:  27000000 integrand evaluations so far
[1] 6.16906e-09 +- 1.34967e-11  	chisq 4.12574 (8 df)

Saving state to vegas_last_iter27.
Vegas input parameters:
  ndim 11
  ncomp 1
  epsrel 0
  epsabs 0
  flags 291
  seed 381
  mineval 1
  maxeval 1
  nstart 1000000
  nincrease 500000
  nbatch 1000
  gridno 1
  statefile "vegas_last_iter27"

Restoring state from vegas_last_iter27.

Iteration 10:  32500000 integrand evaluations so far
[1] 6.17685e-09 +- 1.13539e-11  	chisq 5.26382 (9 df)

Saving state to vegas_last_iter27.
Vegas input parameters:
  ndim 11
  ncomp 1
  epsrel 0
  epsabs 0
  flags 291
  seed 408
  mineval 1
  maxeval 1
  nstart 1000000
  nincrease 500000
  nbatch 1000
  gridno 1
  statefile "vegas_last_iter27"

Restoring state from vegas_last_iter27.

Iteration 11:  38500000 integrand evaluations so far
[1] 6.17858e-09 +- 9.87812e-12  	chisq 5.36039 (10 df)

Saving state to vegas_last_iter27.
Vegas input parameters:
  ndim 11
  ncomp 1
  epsrel 0
  epsabs 0
  flags 291
  seed 435
  mineval 1
  maxeval 1
  nstart 1000000
  nincrease 500000
  nbatch 1000
  gridno 1
  statefile "vegas_last_iter27"

Restoring state from vegas_last_iter27.

Iteration 12:  45000000 integrand evaluations so far
[1] 6.17452e-09 +- 8.78288e-12  	chisq 6.16848 (11 df)

Saving state to vegas_last_iter27.
Vegas input parameters:
  ndim 11
  ncomp 1
  epsrel 0
  epsabs 0
  flags 291
  seed 462
  mineval 1
  maxeval 1
  nstart 1000000
  nincrease 500000
  nbatch 1000
  gridno 1
  statefile "vegas_last_iter27"

Restoring state from vegas_last_iter27.

Iteration 13:  52000000 integrand evaluations so far
[1] 6.1726e-09 +- 7.93321e-12  	chisq 6.42911 (12 df)

Saving state to vegas_last_iter27.
Vegas input parameters:
  ndim 11
  ncomp 1
  epsrel 0
  epsabs 0
  flags 291
  seed 489
  mineval 1
  maxeval 1
  nstart 1000000
  nincrease 500000
  nbatch 1000
  gridno 1
  statefile "vegas_last_iter27"

Restoring state from vegas_last_iter27.

Iteration 14:  59500000 integrand evaluations so far
[1] 6.16959e-09 +- 7.24793e-12  	chisq 7.29586 (13 df)

Saving state to vegas_last_iter27.
Vegas input parameters:
  ndim 11
  ncomp 1
  epsrel 0
  epsabs 0
  flags 291
  seed 516
  mineval 1
  maxeval 1
  nstart 1000000
  nincrease 500000
  nbatch 1000
  gridno 1
  statefile "vegas_last_iter27"

Restoring state from vegas_last_iter27.

Iteration 15:  67500000 integrand evaluations so far
[1] 6.17168e-09 +- 6.68287e-12  	chisq 7.85099 (14 df)

Saving state to vegas_last_iter27.
Vegas input parameters:
  ndim 11
  ncomp 1
  epsrel 0
  epsabs 0
  flags 291
  seed 543
  mineval 1
  maxeval 1
  nstart 1000000
  nincrease 500000
  nbatch 1000
  gridno 1
  statefile "vegas_last_iter27"

Restoring state from vegas_last_iter27.

Iteration 16:  76000000 integrand evaluations so far
[1] 6.17066e-09 +- 6.20563e-12  	chisq 8.02089 (15 df)

Saving state to vegas_last_iter27.
Vegas input parameters:
  ndim 11
  ncomp 1
  epsrel 0
  epsabs 0
  flags 291
  seed 570
  mineval 1
  maxeval 1
  nstart 1000000
  nincrease 500000
  nbatch 1000
  gridno 1
  statefile "vegas_last_iter27"

Restoring state from vegas_last_iter27.

Iteration 17:  85000000 integrand evaluations so far
[1] 6.16906e-09 +- 5.79933e-12  	chisq 8.54708 (16 df)

Saving state to vegas_last_iter27.
Vegas input parameters:
  ndim 11
  ncomp 1
  epsrel 0
  epsabs 0
  flags 291
  seed 597
  mineval 1
  maxeval 1
  nstart 1000000
  nincrease 500000
  nbatch 1000
  gridno 1
  statefile "vegas_last_iter27"

Restoring state from vegas_last_iter27.

Iteration 18:  94500000 integrand evaluations so far
[1] 6.17168e-09 +- 5.4447e-12  	chisq 10.2681 (17 df)

Saving state to vegas_last_iter27.
Vegas input parameters:
  ndim 11
  ncomp 1
  epsrel 0
  epsabs 0
  flags 291
  seed 624
  mineval 1
  maxeval 1
  nstart 1000000
  nincrease 500000
  nbatch 1000
  gridno 1
  statefile "vegas_last_iter27"

Restoring state from vegas_last_iter27.

Iteration 19:  104500000 integrand evaluations so far
[1] 6.17238e-09 +- 5.13509e-12  	chisq 10.4163 (18 df)

Saving state to vegas_last_iter27.
Vegas input parameters:
  ndim 11
  ncomp 1
  epsrel 0
  epsabs 0
  flags 291
  seed 651
  mineval 1
  maxeval 1
  nstart 1000000
  nincrease 500000
  nbatch 1000
  gridno 1
  statefile "vegas_last_iter27"

Restoring state from vegas_last_iter27.

Iteration 20:  115000000 integrand evaluations so far
[1] 6.17274e-09 +- 4.85987e-12  	chisq 10.4635 (19 df)

Saving state to vegas_last_iter27.
Vegas input parameters:
  ndim 11
  ncomp 1
  epsrel 0
  epsabs 0
  flags 291
  seed 678
  mineval 1
  maxeval 1
  nstart 1000000
  nincrease 500000
  nbatch 1000
  gridno 1
  statefile "vegas_last_iter27"

Restoring state from vegas_last_iter27.

Iteration 21:  126000000 integrand evaluations so far
[1] 6.17176e-09 +- 4.61371e-12  	chisq 10.8762 (20 df)

Saving state to vegas_last_iter27.
Vegas input parameters:
  ndim 11
  ncomp 1
  epsrel 0
  epsabs 0
  flags 291
  seed 705
  mineval 1
  maxeval 1
  nstart 1000000
  nincrease 500000
  nbatch 1000
  gridno 1
  statefile "vegas_last_iter27"

Restoring state from vegas_last_iter27.

Iteration 22:  137500000 integrand evaluations so far
[1] 6.16947e-09 +- 4.39259e-12  	chisq 13.4971 (21 df)

Saving state to vegas_last_iter27.
Vegas input parameters:
  ndim 11
  ncomp 1
  epsrel 0
  epsabs 0
  flags 291
  seed 732
  mineval 1
  maxeval 1
  nstart 1000000
  nincrease 500000
  nbatch 1000
  gridno 1
  statefile "vegas_last_iter27"

Restoring state from vegas_last_iter27.

Iteration 23:  149500000 integrand evaluations so far
[1] 6.16973e-09 +- 4.19232e-12  	chisq 13.5376 (22 df)

Saving state to vegas_last_iter27.
Vegas input parameters:
  ndim 11
  ncomp 1
  epsrel 0
  epsabs 0
  flags 291
  seed 759
  mineval 1
  maxeval 1
  nstart 1000000
  nincrease 500000
  nbatch 1000
  gridno 1
  statefile "vegas_last_iter27"

Restoring state from vegas_last_iter27.

Iteration 24:  162000000 integrand evaluations so far
[1] 6.17089e-09 +- 4.01216e-12  	chisq 14.4466 (23 df)

Saving state to vegas_last_iter27.
Vegas input parameters:
  ndim 11
  ncomp 1
  epsrel 0
  epsabs 0
  flags 291
  seed 786
  mineval 1
  maxeval 1
  nstart 1000000
  nincrease 500000
  nbatch 1000
  gridno 1
  statefile "vegas_last_iter27"

Restoring state from vegas_last_iter27.

Iteration 25:  175000000 integrand evaluations so far
[1] 6.1675e-09 +- 3.84584e-12  	chisq 23.2869 (24 df)

Saving state to vegas_last_iter27.
Vegas input parameters:
  ndim 11
  ncomp 1
  epsrel 0
  epsabs 0
  flags 291
  seed 813
  mineval 1
  maxeval 1
  nstart 1000000
  nincrease 500000
  nbatch 1000
  gridno 1
  statefile "vegas_last_iter27"

Restoring state from vegas_last_iter27.

Iteration 26:  188500000 integrand evaluations so far
[1] 6.16749e-09 +- 3.69355e-12  	chisq 23.2869 (25 df)

Saving state to vegas_last_iter27.
Vegas input parameters:
  ndim 11
  ncomp 1
  epsrel 0
  epsabs 0
  flags 291
  seed 840
  mineval 1
  maxeval 1
  nstart 1000000
  nincrease 500000
  nbatch 1000
  gridno 1
  statefile "vegas_last_iter27"

Restoring state from vegas_last_iter27.

Iteration 27:  202500000 integrand evaluations so far
[1] 6.16877e-09 +- 3.55297e-12  	chisq 24.9121 (26 df)

Saving state to vegas_last_iter27.
Thanks for using LHAPDF 6.2.1. Please make sure to cite the paper:
  Eur.Phys.J. C75 (2015) 3, 132  (http://arxiv.org/abs/1412.7420)
 method   =Vegas  
 nregions =           1
 neval    =   202500000
 fail     =           1
  0.616877357816E-08 +-   0.355296572342E-11   p =    0.421
