LHAPDF 6.2.1 loading /cvmfs/cms.cern.ch/slc6_amd64_gcc630/external/lhapdf/6.2.1-omkpbe3/share/LHAPDF/NNPDF31_nnlo_as_0118_nf_4/NNPDF31_nnlo_as_0118_nf_4_0000.dat
NNPDF31_nnlo_as_0118_nf_4 PDF set, member #0, version 1; LHAPDF ID = 320900
Vegas input parameters:
  ndim 11
  ncomp 1
  epsrel 0
  epsabs 0
  flags 291
  seed 239
  mineval 1
  maxeval 1
  nstart 1000000
  nincrease 500000
  nbatch 1000
  gridno 1
  statefile "vegas_last_iter128"

Iteration 1:  1000000 integrand evaluations so far
[1] 1.42126e-08 +- 1.32151e-07  	chisq 0 (0 df)

Saving state to vegas_last_iter128.
Vegas input parameters:
  ndim 11
  ncomp 1
  epsrel 0
  epsabs 0
  flags 291
  seed 367
  mineval 1
  maxeval 1
  nstart 1000000
  nincrease 500000
  nbatch 1000
  gridno 1
  statefile "vegas_last_iter128"

Restoring state from vegas_last_iter128.

Iteration 2:  2500000 integrand evaluations so far
[1] 4.13244e-08 +- 9.64708e-08  	chisq 0.090109 (1 df)

Saving state to vegas_last_iter128.
Vegas input parameters:
  ndim 11
  ncomp 1
  epsrel 0
  epsabs 0
  flags 291
  seed 495
  mineval 1
  maxeval 1
  nstart 1000000
  nincrease 500000
  nbatch 1000
  gridno 1
  statefile "vegas_last_iter128"

Restoring state from vegas_last_iter128.

Iteration 3:  4500000 integrand evaluations so far
[1] 2.86339e-08 +- 9.5034e-08  	chisq 0.675409 (2 df)

Saving state to vegas_last_iter128.
Vegas input parameters:
  ndim 11
  ncomp 1
  epsrel 0
  epsabs 0
  flags 291
  seed 623
  mineval 1
  maxeval 1
  nstart 1000000
  nincrease 500000
  nbatch 1000
  gridno 1
  statefile "vegas_last_iter128"

Restoring state from vegas_last_iter128.

Iteration 4:  7000000 integrand evaluations so far
[1] 1.25394e-07 +- 3.67621e-08  	chisq 1.89447 (3 df)

Saving state to vegas_last_iter128.
Vegas input parameters:
  ndim 11
  ncomp 1
  epsrel 0
  epsabs 0
  flags 291
  seed 751
  mineval 1
  maxeval 1
  nstart 1000000
  nincrease 500000
  nbatch 1000
  gridno 1
  statefile "vegas_last_iter128"

Restoring state from vegas_last_iter128.

Iteration 5:  10000000 integrand evaluations so far
[1] 1.2332e-07 +- 1.36295e-08  	chisq 1.89816 (4 df)

Saving state to vegas_last_iter128.
Vegas input parameters:
  ndim 11
  ncomp 1
  epsrel 0
  epsabs 0
  flags 291
  seed 879
  mineval 1
  maxeval 1
  nstart 1000000
  nincrease 500000
  nbatch 1000
  gridno 1
  statefile "vegas_last_iter128"

Restoring state from vegas_last_iter128.

Iteration 6:  13500000 integrand evaluations so far
[1] 1.13942e-07 +- 3.07376e-09  	chisq 2.39702 (5 df)

Saving state to vegas_last_iter128.
Vegas input parameters:
  ndim 11
  ncomp 1
  epsrel 0
  epsabs 0
  flags 291
  seed 1007
  mineval 1
  maxeval 1
  nstart 1000000
  nincrease 500000
  nbatch 1000
  gridno 1
  statefile "vegas_last_iter128"

Restoring state from vegas_last_iter128.

Iteration 7:  17500000 integrand evaluations so far
[1] 1.12995e-07 +- 1.20611e-09  	chisq 2.5092 (6 df)

Saving state to vegas_last_iter128.
Vegas input parameters:
  ndim 11
  ncomp 1
  epsrel 0
  epsabs 0
  flags 291
  seed 1135
  mineval 1
  maxeval 1
  nstart 1000000
  nincrease 500000
  nbatch 1000
  gridno 1
  statefile "vegas_last_iter128"

Restoring state from vegas_last_iter128.

Iteration 8:  22000000 integrand evaluations so far
[1] 1.12844e-07 +- 7.56291e-10  	chisq 2.53491 (7 df)

Saving state to vegas_last_iter128.
Vegas input parameters:
  ndim 11
  ncomp 1
  epsrel 0
  epsabs 0
  flags 291
  seed 1263
  mineval 1
  maxeval 1
  nstart 1000000
  nincrease 500000
  nbatch 1000
  gridno 1
  statefile "vegas_last_iter128"

Restoring state from vegas_last_iter128.

Iteration 9:  27000000 integrand evaluations so far
[1] 1.13157e-07 +- 5.66098e-10  	chisq 2.92346 (8 df)

Saving state to vegas_last_iter128.
Vegas input parameters:
  ndim 11
  ncomp 1
  epsrel 0
  epsabs 0
  flags 291
  seed 1391
  mineval 1
  maxeval 1
  nstart 1000000
  nincrease 500000
  nbatch 1000
  gridno 1
  statefile "vegas_last_iter128"

Restoring state from vegas_last_iter128.

Iteration 10:  32500000 integrand evaluations so far
[1] 1.13885e-07 +- 4.60836e-10  	chisq 7.83481 (9 df)

Saving state to vegas_last_iter128.
Vegas input parameters:
  ndim 11
  ncomp 1
  epsrel 0
  epsabs 0
  flags 291
  seed 1519
  mineval 1
  maxeval 1
  nstart 1000000
  nincrease 500000
  nbatch 1000
  gridno 1
  statefile "vegas_last_iter128"

Restoring state from vegas_last_iter128.

Iteration 11:  38500000 integrand evaluations so far
[1] 1.13478e-07 +- 3.92767e-10  	chisq 10.6842 (10 df)

Saving state to vegas_last_iter128.
Vegas input parameters:
  ndim 11
  ncomp 1
  epsrel 0
  epsabs 0
  flags 291
  seed 1647
  mineval 1
  maxeval 1
  nstart 1000000
  nincrease 500000
  nbatch 1000
  gridno 1
  statefile "vegas_last_iter128"

Restoring state from vegas_last_iter128.

Iteration 12:  45000000 integrand evaluations so far
[1] 1.13569e-07 +- 3.4486e-10  	chisq 10.9187 (11 df)

Saving state to vegas_last_iter128.
Vegas input parameters:
  ndim 11
  ncomp 1
  epsrel 0
  epsabs 0
  flags 291
  seed 1775
  mineval 1
  maxeval 1
  nstart 1000000
  nincrease 500000
  nbatch 1000
  gridno 1
  statefile "vegas_last_iter128"

Restoring state from vegas_last_iter128.

Iteration 13:  52000000 integrand evaluations so far
[1] 1.13423e-07 +- 3.08737e-10  	chisq 11.8328 (12 df)

Saving state to vegas_last_iter128.
Vegas input parameters:
  ndim 11
  ncomp 1
  epsrel 0
  epsabs 0
  flags 291
  seed 1903
  mineval 1
  maxeval 1
  nstart 1000000
  nincrease 500000
  nbatch 1000
  gridno 1
  statefile "vegas_last_iter128"

Restoring state from vegas_last_iter128.

Iteration 14:  59500000 integrand evaluations so far
[1] 1.13461e-07 +- 2.80264e-10  	chisq 11.9212 (13 df)

Saving state to vegas_last_iter128.
Vegas input parameters:
  ndim 11
  ncomp 1
  epsrel 0
  epsabs 0
  flags 291
  seed 2031
  mineval 1
  maxeval 1
  nstart 1000000
  nincrease 500000
  nbatch 1000
  gridno 1
  statefile "vegas_last_iter128"

Restoring state from vegas_last_iter128.

Iteration 15:  67500000 integrand evaluations so far
[1] 1.13718e-07 +- 2.56974e-10  	chisq 17.2055 (14 df)

Saving state to vegas_last_iter128.
Vegas input parameters:
  ndim 11
  ncomp 1
  epsrel 0
  epsabs 0
  flags 291
  seed 2159
  mineval 1
  maxeval 1
  nstart 1000000
  nincrease 500000
  nbatch 1000
  gridno 1
  statefile "vegas_last_iter128"

Restoring state from vegas_last_iter128.

Iteration 16:  76000000 integrand evaluations so far
[1] 1.13801e-07 +- 2.37753e-10  	chisq 17.9271 (15 df)

Saving state to vegas_last_iter128.
Vegas input parameters:
  ndim 11
  ncomp 1
  epsrel 0
  epsabs 0
  flags 291
  seed 2287
  mineval 1
  maxeval 1
  nstart 1000000
  nincrease 500000
  nbatch 1000
  gridno 1
  statefile "vegas_last_iter128"

Restoring state from vegas_last_iter128.

Iteration 17:  85000000 integrand evaluations so far
[1] 1.13748e-07 +- 2.21391e-10  	chisq 18.2953 (16 df)

Saving state to vegas_last_iter128.
Vegas input parameters:
  ndim 11
  ncomp 1
  epsrel 0
  epsabs 0
  flags 291
  seed 2415
  mineval 1
  maxeval 1
  nstart 1000000
  nincrease 500000
  nbatch 1000
  gridno 1
  statefile "vegas_last_iter128"

Restoring state from vegas_last_iter128.

Iteration 18:  94500000 integrand evaluations so far
[1] 1.13733e-07 +- 2.07363e-10  	chisq 18.3352 (17 df)

Saving state to vegas_last_iter128.
Vegas input parameters:
  ndim 11
  ncomp 1
  epsrel 0
  epsabs 0
  flags 291
  seed 2543
  mineval 1
  maxeval 1
  nstart 1000000
  nincrease 500000
  nbatch 1000
  gridno 1
  statefile "vegas_last_iter128"

Restoring state from vegas_last_iter128.

Iteration 19:  104500000 integrand evaluations so far
[1] 1.13755e-07 +- 1.95195e-10  	chisq 18.4356 (18 df)

Saving state to vegas_last_iter128.
Vegas input parameters:
  ndim 11
  ncomp 1
  epsrel 0
  epsabs 0
  flags 291
  seed 2671
  mineval 1
  maxeval 1
  nstart 1000000
  nincrease 500000
  nbatch 1000
  gridno 1
  statefile "vegas_last_iter128"

Restoring state from vegas_last_iter128.

Iteration 20:  115000000 integrand evaluations so far
[1] 1.13648e-07 +- 1.84421e-10  	chisq 21.2174 (19 df)

Saving state to vegas_last_iter128.
Vegas input parameters:
  ndim 11
  ncomp 1
  epsrel 0
  epsabs 0
  flags 291
  seed 2799
  mineval 1
  maxeval 1
  nstart 1000000
  nincrease 500000
  nbatch 1000
  gridno 1
  statefile "vegas_last_iter128"

Restoring state from vegas_last_iter128.

Iteration 21:  126000000 integrand evaluations so far
[1] 1.13656e-07 +- 1.74901e-10  	chisq 21.2325 (20 df)

Saving state to vegas_last_iter128.
Vegas input parameters:
  ndim 11
  ncomp 1
  epsrel 0
  epsabs 0
  flags 291
  seed 2927
  mineval 1
  maxeval 1
  nstart 1000000
  nincrease 500000
  nbatch 1000
  gridno 1
  statefile "vegas_last_iter128"

Restoring state from vegas_last_iter128.

Iteration 22:  137500000 integrand evaluations so far
[1] 1.13661e-07 +- 1.66316e-10  	chisq 21.2436 (21 df)

Saving state to vegas_last_iter128.
Vegas input parameters:
  ndim 11
  ncomp 1
  epsrel 0
  epsabs 0
  flags 291
  seed 3055
  mineval 1
  maxeval 1
  nstart 1000000
  nincrease 500000
  nbatch 1000
  gridno 1
  statefile "vegas_last_iter128"

Restoring state from vegas_last_iter128.

Iteration 23:  149500000 integrand evaluations so far
[1] 1.13648e-07 +- 1.58566e-10  	chisq 21.3104 (22 df)

Saving state to vegas_last_iter128.
Vegas input parameters:
  ndim 11
  ncomp 1
  epsrel 0
  epsabs 0
  flags 291
  seed 3183
  mineval 1
  maxeval 1
  nstart 1000000
  nincrease 500000
  nbatch 1000
  gridno 1
  statefile "vegas_last_iter128"

Restoring state from vegas_last_iter128.

Iteration 24:  162000000 integrand evaluations so far
[1] 1.13663e-07 +- 1.51524e-10  	chisq 21.4136 (23 df)

Saving state to vegas_last_iter128.
Vegas input parameters:
  ndim 11
  ncomp 1
  epsrel 0
  epsabs 0
  flags 291
  seed 3311
  mineval 1
  maxeval 1
  nstart 1000000
  nincrease 500000
  nbatch 1000
  gridno 1
  statefile "vegas_last_iter128"

Restoring state from vegas_last_iter128.

Iteration 25:  175000000 integrand evaluations so far
[1] 1.13634e-07 +- 1.45102e-10  	chisq 21.851 (24 df)

Saving state to vegas_last_iter128.
Vegas input parameters:
  ndim 11
  ncomp 1
  epsrel 0
  epsabs 0
  flags 291
  seed 3439
  mineval 1
  maxeval 1
  nstart 1000000
  nincrease 500000
  nbatch 1000
  gridno 1
  statefile "vegas_last_iter128"

Restoring state from vegas_last_iter128.

Iteration 26:  188500000 integrand evaluations so far
[1] 1.13629e-07 +- 1.39235e-10  	chisq 21.8686 (25 df)

Saving state to vegas_last_iter128.
Vegas input parameters:
  ndim 11
  ncomp 1
  epsrel 0
  epsabs 0
  flags 291
  seed 3567
  mineval 1
  maxeval 1
  nstart 1000000
  nincrease 500000
  nbatch 1000
  gridno 1
  statefile "vegas_last_iter128"

Restoring state from vegas_last_iter128.

Iteration 27:  202500000 integrand evaluations so far
[1] 1.13642e-07 +- 1.33853e-10  	chisq 21.9794 (26 df)

Saving state to vegas_last_iter128.
Thanks for using LHAPDF 6.2.1. Please make sure to cite the paper:
  Eur.Phys.J. C75 (2015) 3, 132  (http://arxiv.org/abs/1412.7420)
 method   =Vegas  
 nregions =           1
 neval    =   202500000
 fail     =           1
  0.113641819581E-06 +-   0.133852674087E-09   p =    0.262
