LHAPDF 6.2.1 loading /cvmfs/cms.cern.ch/slc6_amd64_gcc630/external/lhapdf/6.2.1-omkpbe3/share/LHAPDF/NNPDF31_nnlo_as_0118_nf_4/NNPDF31_nnlo_as_0118_nf_4_0000.dat
NNPDF31_nnlo_as_0118_nf_4 PDF set, member #0, version 1; LHAPDF ID = 320900
Vegas input parameters:
  ndim 11
  ncomp 1
  epsrel 0
  epsabs 0
  flags 291
  seed 117
  mineval 1
  maxeval 1
  nstart 1000000
  nincrease 500000
  nbatch 1000
  gridno 1
  statefile "vegas_last_iter6"

Iteration 1:  1000000 integrand evaluations so far
[1] 2.39551e-05 +- 3.98585e-06  	chisq 0 (0 df)

Saving state to vegas_last_iter6.
Vegas input parameters:
  ndim 11
  ncomp 1
  epsrel 0
  epsabs 0
  flags 291
  seed 123
  mineval 1
  maxeval 1
  nstart 1000000
  nincrease 500000
  nbatch 1000
  gridno 1
  statefile "vegas_last_iter6"

Restoring state from vegas_last_iter6.

Iteration 2:  2500000 integrand evaluations so far
[1] 2.49033e-05 +- 1.94455e-06  	chisq 0.0742644 (1 df)

Saving state to vegas_last_iter6.
Vegas input parameters:
  ndim 11
  ncomp 1
  epsrel 0
  epsabs 0
  flags 291
  seed 129
  mineval 1
  maxeval 1
  nstart 1000000
  nincrease 500000
  nbatch 1000
  gridno 1
  statefile "vegas_last_iter6"

Restoring state from vegas_last_iter6.

Iteration 3:  4500000 integrand evaluations so far
[1] 2.53476e-05 +- 5.6096e-07  	chisq 0.131225 (2 df)

Saving state to vegas_last_iter6.
Vegas input parameters:
  ndim 11
  ncomp 1
  epsrel 0
  epsabs 0
  flags 291
  seed 135
  mineval 1
  maxeval 1
  nstart 1000000
  nincrease 500000
  nbatch 1000
  gridno 1
  statefile "vegas_last_iter6"

Restoring state from vegas_last_iter6.

Iteration 4:  7000000 integrand evaluations so far
[1] 2.48254e-05 +- 2.93402e-07  	chisq 1.32422 (3 df)

Saving state to vegas_last_iter6.
Vegas input parameters:
  ndim 11
  ncomp 1
  epsrel 0
  epsabs 0
  flags 291
  seed 141
  mineval 1
  maxeval 1
  nstart 1000000
  nincrease 500000
  nbatch 1000
  gridno 1
  statefile "vegas_last_iter6"

Restoring state from vegas_last_iter6.

Iteration 5:  10000000 integrand evaluations so far
[1] 2.45942e-05 +- 8.46574e-08  	chisq 2.00141 (4 df)

Saving state to vegas_last_iter6.
Vegas input parameters:
  ndim 11
  ncomp 1
  epsrel 0
  epsabs 0
  flags 291
  seed 147
  mineval 1
  maxeval 1
  nstart 1000000
  nincrease 500000
  nbatch 1000
  gridno 1
  statefile "vegas_last_iter6"

Restoring state from vegas_last_iter6.

Iteration 6:  13500000 integrand evaluations so far
[1] 2.4529e-05 +- 2.76978e-08  	chisq 2.66552 (5 df)

Saving state to vegas_last_iter6.
Vegas input parameters:
  ndim 11
  ncomp 1
  epsrel 0
  epsabs 0
  flags 291
  seed 153
  mineval 1
  maxeval 1
  nstart 1000000
  nincrease 500000
  nbatch 1000
  gridno 1
  statefile "vegas_last_iter6"

Restoring state from vegas_last_iter6.

Iteration 7:  17500000 integrand evaluations so far
[1] 2.45517e-05 +- 1.36789e-08  	chisq 3.54957 (6 df)

Saving state to vegas_last_iter6.
Vegas input parameters:
  ndim 11
  ncomp 1
  epsrel 0
  epsabs 0
  flags 291
  seed 159
  mineval 1
  maxeval 1
  nstart 1000000
  nincrease 500000
  nbatch 1000
  gridno 1
  statefile "vegas_last_iter6"

Restoring state from vegas_last_iter6.

Iteration 8:  22000000 integrand evaluations so far
[1] 2.45575e-05 +- 9.02985e-09  	chisq 3.86603 (7 df)

Saving state to vegas_last_iter6.
Vegas input parameters:
  ndim 11
  ncomp 1
  epsrel 0
  epsabs 0
  flags 291
  seed 165
  mineval 1
  maxeval 1
  nstart 1000000
  nincrease 500000
  nbatch 1000
  gridno 1
  statefile "vegas_last_iter6"

Restoring state from vegas_last_iter6.

Iteration 9:  27000000 integrand evaluations so far
[1] 2.4562e-05 +- 6.88502e-09  	chisq 4.46512 (8 df)

Saving state to vegas_last_iter6.
Vegas input parameters:
  ndim 11
  ncomp 1
  epsrel 0
  epsabs 0
  flags 291
  seed 171
  mineval 1
  maxeval 1
  nstart 1000000
  nincrease 500000
  nbatch 1000
  gridno 1
  statefile "vegas_last_iter6"

Restoring state from vegas_last_iter6.

Iteration 10:  32500000 integrand evaluations so far
[1] 2.45653e-05 +- 5.65815e-09  	chisq 5.1651 (9 df)

Saving state to vegas_last_iter6.
Vegas input parameters:
  ndim 11
  ncomp 1
  epsrel 0
  epsabs 0
  flags 291
  seed 177
  mineval 1
  maxeval 1
  nstart 1000000
  nincrease 500000
  nbatch 1000
  gridno 1
  statefile "vegas_last_iter6"

Restoring state from vegas_last_iter6.

Iteration 11:  38500000 integrand evaluations so far
[1] 2.45663e-05 +- 4.84918e-09  	chisq 5.2886 (10 df)

Saving state to vegas_last_iter6.
Vegas input parameters:
  ndim 11
  ncomp 1
  epsrel 0
  epsabs 0
  flags 291
  seed 183
  mineval 1
  maxeval 1
  nstart 1000000
  nincrease 500000
  nbatch 1000
  gridno 1
  statefile "vegas_last_iter6"

Restoring state from vegas_last_iter6.

Iteration 12:  45000000 integrand evaluations so far
[1] 2.45623e-05 +- 4.27119e-09  	chisq 8.34982 (11 df)

Saving state to vegas_last_iter6.
Vegas input parameters:
  ndim 11
  ncomp 1
  epsrel 0
  epsabs 0
  flags 291
  seed 189
  mineval 1
  maxeval 1
  nstart 1000000
  nincrease 500000
  nbatch 1000
  gridno 1
  statefile "vegas_last_iter6"

Restoring state from vegas_last_iter6.

Iteration 13:  52000000 integrand evaluations so far
[1] 2.45622e-05 +- 3.83129e-09  	chisq 8.35362 (12 df)

Saving state to vegas_last_iter6.
Vegas input parameters:
  ndim 11
  ncomp 1
  epsrel 0
  epsabs 0
  flags 291
  seed 195
  mineval 1
  maxeval 1
  nstart 1000000
  nincrease 500000
  nbatch 1000
  gridno 1
  statefile "vegas_last_iter6"

Restoring state from vegas_last_iter6.

Iteration 14:  59500000 integrand evaluations so far
[1] 2.45595e-05 +- 3.48354e-09  	chisq 11.2114 (13 df)

Saving state to vegas_last_iter6.
Vegas input parameters:
  ndim 11
  ncomp 1
  epsrel 0
  epsabs 0
  flags 291
  seed 201
  mineval 1
  maxeval 1
  nstart 1000000
  nincrease 500000
  nbatch 1000
  gridno 1
  statefile "vegas_last_iter6"

Restoring state from vegas_last_iter6.

Iteration 15:  67500000 integrand evaluations so far
[1] 2.4562e-05 +- 3.19782e-09  	chisq 14.7039 (14 df)

Saving state to vegas_last_iter6.
Vegas input parameters:
  ndim 11
  ncomp 1
  epsrel 0
  epsabs 0
  flags 291
  seed 207
  mineval 1
  maxeval 1
  nstart 1000000
  nincrease 500000
  nbatch 1000
  gridno 1
  statefile "vegas_last_iter6"

Restoring state from vegas_last_iter6.

Iteration 16:  76000000 integrand evaluations so far
[1] 2.45625e-05 +- 2.96145e-09  	chisq 14.8209 (15 df)

Saving state to vegas_last_iter6.
Vegas input parameters:
  ndim 11
  ncomp 1
  epsrel 0
  epsabs 0
  flags 291
  seed 213
  mineval 1
  maxeval 1
  nstart 1000000
  nincrease 500000
  nbatch 1000
  gridno 1
  statefile "vegas_last_iter6"

Restoring state from vegas_last_iter6.

Iteration 17:  85000000 integrand evaluations so far
[1] 2.45621e-05 +- 2.76055e-09  	chisq 14.9389 (16 df)

Saving state to vegas_last_iter6.
Vegas input parameters:
  ndim 11
  ncomp 1
  epsrel 0
  epsabs 0
  flags 291
  seed 219
  mineval 1
  maxeval 1
  nstart 1000000
  nincrease 500000
  nbatch 1000
  gridno 1
  statefile "vegas_last_iter6"

Restoring state from vegas_last_iter6.

Iteration 18:  94500000 integrand evaluations so far
[1] 2.45613e-05 +- 2.58719e-09  	chisq 15.6153 (17 df)

Saving state to vegas_last_iter6.
Vegas input parameters:
  ndim 11
  ncomp 1
  epsrel 0
  epsabs 0
  flags 291
  seed 225
  mineval 1
  maxeval 1
  nstart 1000000
  nincrease 500000
  nbatch 1000
  gridno 1
  statefile "vegas_last_iter6"

Restoring state from vegas_last_iter6.

Iteration 19:  104500000 integrand evaluations so far
[1] 2.45604e-05 +- 2.43554e-09  	chisq 16.6219 (18 df)

Saving state to vegas_last_iter6.
Vegas input parameters:
  ndim 11
  ncomp 1
  epsrel 0
  epsabs 0
  flags 291
  seed 231
  mineval 1
  maxeval 1
  nstart 1000000
  nincrease 500000
  nbatch 1000
  gridno 1
  statefile "vegas_last_iter6"

Restoring state from vegas_last_iter6.

Iteration 20:  115000000 integrand evaluations so far
[1] 2.4561e-05 +- 2.30147e-09  	chisq 17.0827 (19 df)

Saving state to vegas_last_iter6.
Vegas input parameters:
  ndim 11
  ncomp 1
  epsrel 0
  epsabs 0
  flags 291
  seed 237
  mineval 1
  maxeval 1
  nstart 1000000
  nincrease 500000
  nbatch 1000
  gridno 1
  statefile "vegas_last_iter6"

Restoring state from vegas_last_iter6.

Iteration 21:  126000000 integrand evaluations so far
[1] 2.4561e-05 +- 2.18223e-09  	chisq 17.0851 (20 df)

Saving state to vegas_last_iter6.
Vegas input parameters:
  ndim 11
  ncomp 1
  epsrel 0
  epsabs 0
  flags 291
  seed 243
  mineval 1
  maxeval 1
  nstart 1000000
  nincrease 500000
  nbatch 1000
  gridno 1
  statefile "vegas_last_iter6"

Restoring state from vegas_last_iter6.

Iteration 22:  137500000 integrand evaluations so far
[1] 2.45602e-05 +- 2.07573e-09  	chisq 18.5424 (21 df)

Saving state to vegas_last_iter6.
Vegas input parameters:
  ndim 11
  ncomp 1
  epsrel 0
  epsabs 0
  flags 291
  seed 249
  mineval 1
  maxeval 1
  nstart 1000000
  nincrease 500000
  nbatch 1000
  gridno 1
  statefile "vegas_last_iter6"

Restoring state from vegas_last_iter6.

Iteration 23:  149500000 integrand evaluations so far
[1] 2.45601e-05 +- 1.97936e-09  	chisq 18.5528 (22 df)

Saving state to vegas_last_iter6.
Vegas input parameters:
  ndim 11
  ncomp 1
  epsrel 0
  epsabs 0
  flags 291
  seed 255
  mineval 1
  maxeval 1
  nstart 1000000
  nincrease 500000
  nbatch 1000
  gridno 1
  statefile "vegas_last_iter6"

Restoring state from vegas_last_iter6.

Iteration 24:  162000000 integrand evaluations so far
[1] 2.45594e-05 +- 1.89189e-09  	chisq 20.1802 (23 df)

Saving state to vegas_last_iter6.
Vegas input parameters:
  ndim 11
  ncomp 1
  epsrel 0
  epsabs 0
  flags 291
  seed 261
  mineval 1
  maxeval 1
  nstart 1000000
  nincrease 500000
  nbatch 1000
  gridno 1
  statefile "vegas_last_iter6"

Restoring state from vegas_last_iter6.

Iteration 25:  175000000 integrand evaluations so far
[1] 2.45595e-05 +- 1.8124e-09  	chisq 20.2457 (24 df)

Saving state to vegas_last_iter6.
Vegas input parameters:
  ndim 11
  ncomp 1
  epsrel 0
  epsabs 0
  flags 291
  seed 267
  mineval 1
  maxeval 1
  nstart 1000000
  nincrease 500000
  nbatch 1000
  gridno 1
  statefile "vegas_last_iter6"

Restoring state from vegas_last_iter6.

Iteration 26:  188500000 integrand evaluations so far
[1] 2.45591e-05 +- 1.73968e-09  	chisq 20.9317 (25 df)

Saving state to vegas_last_iter6.
Vegas input parameters:
  ndim 11
  ncomp 1
  epsrel 0
  epsabs 0
  flags 291
  seed 273
  mineval 1
  maxeval 1
  nstart 1000000
  nincrease 500000
  nbatch 1000
  gridno 1
  statefile "vegas_last_iter6"

Restoring state from vegas_last_iter6.

Iteration 27:  202500000 integrand evaluations so far
[1] 2.45585e-05 +- 1.67252e-09  	chisq 22.3299 (26 df)

Saving state to vegas_last_iter6.
Thanks for using LHAPDF 6.2.1. Please make sure to cite the paper:
  Eur.Phys.J. C75 (2015) 3, 132  (http://arxiv.org/abs/1412.7420)
 method   =Vegas  
 nregions =           1
 neval    =   202500000
 fail     =           1
  0.245585271272E-04 +-   0.167251670837E-08   p =    0.280
