LHAPDF 6.2.1 loading /cvmfs/cms.cern.ch/slc6_amd64_gcc630/external/lhapdf/6.2.1-omkpbe3/share/LHAPDF/NNPDF31_nnlo_as_0118_nf_4/NNPDF31_nnlo_as_0118_nf_4_0000.dat
NNPDF31_nnlo_as_0118_nf_4 PDF set, member #0, version 1; LHAPDF ID = 320900
Vegas input parameters:
  ndim 11
  ncomp 1
  epsrel 0
  epsabs 0
  flags 291
  seed 194
  mineval 1
  maxeval 1
  nstart 1000000
  nincrease 500000
  nbatch 1000
  gridno 1
  statefile "vegas_last_iter83"

Iteration 1:  1000000 integrand evaluations so far
[1] -2.03449e-08 +- 7.32605e-09  	chisq 0 (0 df)

Saving state to vegas_last_iter83.
Vegas input parameters:
  ndim 11
  ncomp 1
  epsrel 0
  epsabs 0
  flags 291
  seed 277
  mineval 1
  maxeval 1
  nstart 1000000
  nincrease 500000
  nbatch 1000
  gridno 1
  statefile "vegas_last_iter83"

Restoring state from vegas_last_iter83.

Iteration 2:  2500000 integrand evaluations so far
[1] -3.41738e-08 +- 4.93623e-09  	chisq 6.52595 (1 df)

Saving state to vegas_last_iter83.
Vegas input parameters:
  ndim 11
  ncomp 1
  epsrel 0
  epsabs 0
  flags 291
  seed 360
  mineval 1
  maxeval 1
  nstart 1000000
  nincrease 500000
  nbatch 1000
  gridno 1
  statefile "vegas_last_iter83"

Restoring state from vegas_last_iter83.

Iteration 3:  4500000 integrand evaluations so far
[1] -4.26287e-08 +- 1.59466e-09  	chisq 9.80157 (2 df)

Saving state to vegas_last_iter83.
Vegas input parameters:
  ndim 11
  ncomp 1
  epsrel 0
  epsabs 0
  flags 291
  seed 443
  mineval 1
  maxeval 1
  nstart 1000000
  nincrease 500000
  nbatch 1000
  gridno 1
  statefile "vegas_last_iter83"

Restoring state from vegas_last_iter83.

Iteration 4:  7000000 integrand evaluations so far
[1] -4.32941e-08 +- 6.12729e-10  	chisq 10.0058 (3 df)

Saving state to vegas_last_iter83.
Vegas input parameters:
  ndim 11
  ncomp 1
  epsrel 0
  epsabs 0
  flags 291
  seed 526
  mineval 1
  maxeval 1
  nstart 1000000
  nincrease 500000
  nbatch 1000
  gridno 1
  statefile "vegas_last_iter83"

Restoring state from vegas_last_iter83.

Iteration 5:  10000000 integrand evaluations so far
[1] -4.23784e-08 +- 1.85508e-10  	chisq 12.465 (4 df)

Saving state to vegas_last_iter83.
Vegas input parameters:
  ndim 11
  ncomp 1
  epsrel 0
  epsabs 0
  flags 291
  seed 609
  mineval 1
  maxeval 1
  nstart 1000000
  nincrease 500000
  nbatch 1000
  gridno 1
  statefile "vegas_last_iter83"

Restoring state from vegas_last_iter83.

Iteration 6:  13500000 integrand evaluations so far
[1] -4.22184e-08 +- 7.91469e-11  	chisq 13.3747 (5 df)

Saving state to vegas_last_iter83.
Vegas input parameters:
  ndim 11
  ncomp 1
  epsrel 0
  epsabs 0
  flags 291
  seed 692
  mineval 1
  maxeval 1
  nstart 1000000
  nincrease 500000
  nbatch 1000
  gridno 1
  statefile "vegas_last_iter83"

Restoring state from vegas_last_iter83.

Iteration 7:  17500000 integrand evaluations so far
[1] -4.22532e-08 +- 4.95977e-11  	chisq 13.6934 (6 df)

Saving state to vegas_last_iter83.
Vegas input parameters:
  ndim 11
  ncomp 1
  epsrel 0
  epsabs 0
  flags 291
  seed 775
  mineval 1
  maxeval 1
  nstart 1000000
  nincrease 500000
  nbatch 1000
  gridno 1
  statefile "vegas_last_iter83"

Restoring state from vegas_last_iter83.

Iteration 8:  22000000 integrand evaluations so far
[1] -4.22811e-08 +- 3.68813e-11  	chisq 14.3999 (7 df)

Saving state to vegas_last_iter83.
Vegas input parameters:
  ndim 11
  ncomp 1
  epsrel 0
  epsabs 0
  flags 291
  seed 858
  mineval 1
  maxeval 1
  nstart 1000000
  nincrease 500000
  nbatch 1000
  gridno 1
  statefile "vegas_last_iter83"

Restoring state from vegas_last_iter83.

Iteration 9:  27000000 integrand evaluations so far
[1] -4.22742e-08 +- 2.9891e-11  	chisq 14.4991 (8 df)

Saving state to vegas_last_iter83.
Vegas input parameters:
  ndim 11
  ncomp 1
  epsrel 0
  epsabs 0
  flags 291
  seed 941
  mineval 1
  maxeval 1
  nstart 1000000
  nincrease 500000
  nbatch 1000
  gridno 1
  statefile "vegas_last_iter83"

Restoring state from vegas_last_iter83.

Iteration 10:  32500000 integrand evaluations so far
[1] -4.22774e-08 +- 2.53994e-11  	chisq 14.5392 (9 df)

Saving state to vegas_last_iter83.
Vegas input parameters:
  ndim 11
  ncomp 1
  epsrel 0
  epsabs 0
  flags 291
  seed 1024
  mineval 1
  maxeval 1
  nstart 1000000
  nincrease 500000
  nbatch 1000
  gridno 1
  statefile "vegas_last_iter83"

Restoring state from vegas_last_iter83.

Iteration 11:  38500000 integrand evaluations so far
[1] -4.23017e-08 +- 2.22334e-11  	chisq 18.454 (10 df)

Saving state to vegas_last_iter83.
Vegas input parameters:
  ndim 11
  ncomp 1
  epsrel 0
  epsabs 0
  flags 291
  seed 1107
  mineval 1
  maxeval 1
  nstart 1000000
  nincrease 500000
  nbatch 1000
  gridno 1
  statefile "vegas_last_iter83"

Restoring state from vegas_last_iter83.

Iteration 12:  45000000 integrand evaluations so far
[1] -4.23082e-08 +- 1.98534e-11  	chisq 18.8751 (11 df)

Saving state to vegas_last_iter83.
Vegas input parameters:
  ndim 11
  ncomp 1
  epsrel 0
  epsabs 0
  flags 291
  seed 1190
  mineval 1
  maxeval 1
  nstart 1000000
  nincrease 500000
  nbatch 1000
  gridno 1
  statefile "vegas_last_iter83"

Restoring state from vegas_last_iter83.

Iteration 13:  52000000 integrand evaluations so far
[1] -4.22972e-08 +- 1.79844e-11  	chisq 20.5705 (12 df)

Saving state to vegas_last_iter83.
Vegas input parameters:
  ndim 11
  ncomp 1
  epsrel 0
  epsabs 0
  flags 291
  seed 1273
  mineval 1
  maxeval 1
  nstart 1000000
  nincrease 500000
  nbatch 1000
  gridno 1
  statefile "vegas_last_iter83"

Restoring state from vegas_last_iter83.

Iteration 14:  59500000 integrand evaluations so far
[1] -4.22971e-08 +- 1.64702e-11  	chisq 20.5708 (13 df)

Saving state to vegas_last_iter83.
Vegas input parameters:
  ndim 11
  ncomp 1
  epsrel 0
  epsabs 0
  flags 291
  seed 1356
  mineval 1
  maxeval 1
  nstart 1000000
  nincrease 500000
  nbatch 1000
  gridno 1
  statefile "vegas_last_iter83"

Restoring state from vegas_last_iter83.

Iteration 15:  67500000 integrand evaluations so far
[1] -4.23069e-08 +- 1.52133e-11  	chisq 22.9824 (14 df)

Saving state to vegas_last_iter83.
Vegas input parameters:
  ndim 11
  ncomp 1
  epsrel 0
  epsabs 0
  flags 291
  seed 1439
  mineval 1
  maxeval 1
  nstart 1000000
  nincrease 500000
  nbatch 1000
  gridno 1
  statefile "vegas_last_iter83"

Restoring state from vegas_last_iter83.

Iteration 16:  76000000 integrand evaluations so far
[1] -4.23094e-08 +- 1.41479e-11  	chisq 23.1704 (15 df)

Saving state to vegas_last_iter83.
Vegas input parameters:
  ndim 11
  ncomp 1
  epsrel 0
  epsabs 0
  flags 291
  seed 1522
  mineval 1
  maxeval 1
  nstart 1000000
  nincrease 500000
  nbatch 1000
  gridno 1
  statefile "vegas_last_iter83"

Restoring state from vegas_last_iter83.

Iteration 17:  85000000 integrand evaluations so far
[1] -4.23071e-08 +- 1.32327e-11  	chisq 23.3709 (16 df)

Saving state to vegas_last_iter83.
Vegas input parameters:
  ndim 11
  ncomp 1
  epsrel 0
  epsabs 0
  flags 291
  seed 1605
  mineval 1
  maxeval 1
  nstart 1000000
  nincrease 500000
  nbatch 1000
  gridno 1
  statefile "vegas_last_iter83"

Restoring state from vegas_last_iter83.

Iteration 18:  94500000 integrand evaluations so far
[1] -4.23064e-08 +- 1.24364e-11  	chisq 23.3959 (17 df)

Saving state to vegas_last_iter83.
Vegas input parameters:
  ndim 11
  ncomp 1
  epsrel 0
  epsabs 0
  flags 291
  seed 1688
  mineval 1
  maxeval 1
  nstart 1000000
  nincrease 500000
  nbatch 1000
  gridno 1
  statefile "vegas_last_iter83"

Restoring state from vegas_last_iter83.

Iteration 19:  104500000 integrand evaluations so far
[1] -4.23139e-08 +- 1.17357e-11  	chisq 26.6986 (18 df)

Saving state to vegas_last_iter83.
Vegas input parameters:
  ndim 11
  ncomp 1
  epsrel 0
  epsabs 0
  flags 291
  seed 1771
  mineval 1
  maxeval 1
  nstart 1000000
  nincrease 500000
  nbatch 1000
  gridno 1
  statefile "vegas_last_iter83"

Restoring state from vegas_last_iter83.

Iteration 20:  115000000 integrand evaluations so far
[1] -4.23077e-08 +- 1.11138e-11  	chisq 29.3635 (19 df)

Saving state to vegas_last_iter83.
Vegas input parameters:
  ndim 11
  ncomp 1
  epsrel 0
  epsabs 0
  flags 291
  seed 1854
  mineval 1
  maxeval 1
  nstart 1000000
  nincrease 500000
  nbatch 1000
  gridno 1
  statefile "vegas_last_iter83"

Restoring state from vegas_last_iter83.

Iteration 21:  126000000 integrand evaluations so far
[1] -4.22956e-08 +- 1.05577e-11  	chisq 41.5892 (20 df)

Saving state to vegas_last_iter83.
Vegas input parameters:
  ndim 11
  ncomp 1
  epsrel 0
  epsabs 0
  flags 291
  seed 1937
  mineval 1
  maxeval 1
  nstart 1000000
  nincrease 500000
  nbatch 1000
  gridno 1
  statefile "vegas_last_iter83"

Restoring state from vegas_last_iter83.

Iteration 22:  137500000 integrand evaluations so far
[1] -4.22969e-08 +- 1.00561e-11  	chisq 41.7646 (21 df)

Saving state to vegas_last_iter83.
Vegas input parameters:
  ndim 11
  ncomp 1
  epsrel 0
  epsabs 0
  flags 291
  seed 2020
  mineval 1
  maxeval 1
  nstart 1000000
  nincrease 500000
  nbatch 1000
  gridno 1
  statefile "vegas_last_iter83"

Restoring state from vegas_last_iter83.

Iteration 23:  149500000 integrand evaluations so far
[1] -4.22956e-08 +- 9.60248e-12  	chisq 41.9555 (22 df)

Saving state to vegas_last_iter83.
Vegas input parameters:
  ndim 11
  ncomp 1
  epsrel 0
  epsabs 0
  flags 291
  seed 2103
  mineval 1
  maxeval 1
  nstart 1000000
  nincrease 500000
  nbatch 1000
  gridno 1
  statefile "vegas_last_iter83"

Restoring state from vegas_last_iter83.

Iteration 24:  162000000 integrand evaluations so far
[1] -4.22943e-08 +- 9.1899e-12  	chisq 42.1735 (23 df)

Saving state to vegas_last_iter83.
Vegas input parameters:
  ndim 11
  ncomp 1
  epsrel 0
  epsabs 0
  flags 291
  seed 2186
  mineval 1
  maxeval 1
  nstart 1000000
  nincrease 500000
  nbatch 1000
  gridno 1
  statefile "vegas_last_iter83"

Restoring state from vegas_last_iter83.

Iteration 25:  175000000 integrand evaluations so far
[1] -4.2297e-08 +- 8.81173e-12  	chisq 43.187 (24 df)

Saving state to vegas_last_iter83.
Vegas input parameters:
  ndim 11
  ncomp 1
  epsrel 0
  epsabs 0
  flags 291
  seed 2269
  mineval 1
  maxeval 1
  nstart 1000000
  nincrease 500000
  nbatch 1000
  gridno 1
  statefile "vegas_last_iter83"

Restoring state from vegas_last_iter83.

Iteration 26:  188500000 integrand evaluations so far
[1] -4.22952e-08 +- 8.46462e-12  	chisq 43.7104 (25 df)

Saving state to vegas_last_iter83.
Vegas input parameters:
  ndim 11
  ncomp 1
  epsrel 0
  epsabs 0
  flags 291
  seed 2352
  mineval 1
  maxeval 1
  nstart 1000000
  nincrease 500000
  nbatch 1000
  gridno 1
  statefile "vegas_last_iter83"

Restoring state from vegas_last_iter83.

Iteration 27:  202500000 integrand evaluations so far
[1] -4.2296e-08 +- 8.14491e-12  	chisq 43.8276 (26 df)

Saving state to vegas_last_iter83.
Thanks for using LHAPDF 6.2.1. Please make sure to cite the paper:
  Eur.Phys.J. C75 (2015) 3, 132  (http://arxiv.org/abs/1412.7420)
 method   =Vegas  
 nregions =           1
 neval    =   202500000
 fail     =           1
 -0.422959843645E-07 +-   0.814491289350E-11   p =    0.978
