LHAPDF 6.2.1 loading /cvmfs/cms.cern.ch/slc6_amd64_gcc630/external/lhapdf/6.2.1-omkpbe3/share/LHAPDF/NNPDF31_nnlo_as_0118_nf_4/NNPDF31_nnlo_as_0118_nf_4_0000.dat
NNPDF31_nnlo_as_0118_nf_4 PDF set, member #0, version 1; LHAPDF ID = 320900
Vegas input parameters:
  ndim 11
  ncomp 1
  epsrel 0
  epsabs 0
  flags 291
  seed 248
  mineval 1
  maxeval 1
  nstart 1000000
  nincrease 500000
  nbatch 1000
  gridno 1
  statefile "vegas_last_iter137"

Iteration 1:  1000000 integrand evaluations so far
[1] -2.04767e-07 +- 9.74811e-08  	chisq 0 (0 df)

Saving state to vegas_last_iter137.
Vegas input parameters:
  ndim 11
  ncomp 1
  epsrel 0
  epsabs 0
  flags 291
  seed 385
  mineval 1
  maxeval 1
  nstart 1000000
  nincrease 500000
  nbatch 1000
  gridno 1
  statefile "vegas_last_iter137"

Restoring state from vegas_last_iter137.

Iteration 2:  2500000 integrand evaluations so far
[1] -3.07031e-07 +- 6.49349e-08  	chisq 1.97843 (1 df)

Saving state to vegas_last_iter137.
Vegas input parameters:
  ndim 11
  ncomp 1
  epsrel 0
  epsabs 0
  flags 291
  seed 522
  mineval 1
  maxeval 1
  nstart 1000000
  nincrease 500000
  nbatch 1000
  gridno 1
  statefile "vegas_last_iter137"

Restoring state from vegas_last_iter137.

Iteration 3:  4500000 integrand evaluations so far
[1] -3.82727e-07 +- 4.36614e-08  	chisq 4.45868 (2 df)

Saving state to vegas_last_iter137.
Vegas input parameters:
  ndim 11
  ncomp 1
  epsrel 0
  epsabs 0
  flags 291
  seed 659
  mineval 1
  maxeval 1
  nstart 1000000
  nincrease 500000
  nbatch 1000
  gridno 1
  statefile "vegas_last_iter137"

Restoring state from vegas_last_iter137.

Iteration 4:  7000000 integrand evaluations so far
[1] -4.19361e-07 +- 1.06299e-08  	chisq 5.20703 (3 df)

Saving state to vegas_last_iter137.
Vegas input parameters:
  ndim 11
  ncomp 1
  epsrel 0
  epsabs 0
  flags 291
  seed 796
  mineval 1
  maxeval 1
  nstart 1000000
  nincrease 500000
  nbatch 1000
  gridno 1
  statefile "vegas_last_iter137"

Restoring state from vegas_last_iter137.

Iteration 5:  10000000 integrand evaluations so far
[1] -4.02278e-07 +- 2.31948e-09  	chisq 7.9189 (4 df)

Saving state to vegas_last_iter137.
Vegas input parameters:
  ndim 11
  ncomp 1
  epsrel 0
  epsabs 0
  flags 291
  seed 933
  mineval 1
  maxeval 1
  nstart 1000000
  nincrease 500000
  nbatch 1000
  gridno 1
  statefile "vegas_last_iter137"

Restoring state from vegas_last_iter137.

Iteration 6:  13500000 integrand evaluations so far
[1] -4.00515e-07 +- 6.62734e-10  	chisq 8.54783 (5 df)

Saving state to vegas_last_iter137.
Vegas input parameters:
  ndim 11
  ncomp 1
  epsrel 0
  epsabs 0
  flags 291
  seed 1070
  mineval 1
  maxeval 1
  nstart 1000000
  nincrease 500000
  nbatch 1000
  gridno 1
  statefile "vegas_last_iter137"

Restoring state from vegas_last_iter137.

Iteration 7:  17500000 integrand evaluations so far
[1] -3.99654e-07 +- 3.19968e-10  	chisq 10.7498 (6 df)

Saving state to vegas_last_iter137.
Vegas input parameters:
  ndim 11
  ncomp 1
  epsrel 0
  epsabs 0
  flags 291
  seed 1207
  mineval 1
  maxeval 1
  nstart 1000000
  nincrease 500000
  nbatch 1000
  gridno 1
  statefile "vegas_last_iter137"

Restoring state from vegas_last_iter137.

Iteration 8:  22000000 integrand evaluations so far
[1] -3.99339e-07 +- 2.12863e-10  	chisq 12.4878 (7 df)

Saving state to vegas_last_iter137.
Vegas input parameters:
  ndim 11
  ncomp 1
  epsrel 0
  epsabs 0
  flags 291
  seed 1344
  mineval 1
  maxeval 1
  nstart 1000000
  nincrease 500000
  nbatch 1000
  gridno 1
  statefile "vegas_last_iter137"

Restoring state from vegas_last_iter137.

Iteration 9:  27000000 integrand evaluations so far
[1] -3.99274e-07 +- 1.6302e-10  	chisq 12.7125 (8 df)

Saving state to vegas_last_iter137.
Vegas input parameters:
  ndim 11
  ncomp 1
  epsrel 0
  epsabs 0
  flags 291
  seed 1481
  mineval 1
  maxeval 1
  nstart 1000000
  nincrease 500000
  nbatch 1000
  gridno 1
  statefile "vegas_last_iter137"

Restoring state from vegas_last_iter137.

Iteration 10:  32500000 integrand evaluations so far
[1] -3.99206e-07 +- 1.34409e-10  	chisq 13.2535 (9 df)

Saving state to vegas_last_iter137.
Vegas input parameters:
  ndim 11
  ncomp 1
  epsrel 0
  epsabs 0
  flags 291
  seed 1618
  mineval 1
  maxeval 1
  nstart 1000000
  nincrease 500000
  nbatch 1000
  gridno 1
  statefile "vegas_last_iter137"

Restoring state from vegas_last_iter137.

Iteration 11:  38500000 integrand evaluations so far
[1] -3.99126e-07 +- 1.15517e-10  	chisq 14.621 (10 df)

Saving state to vegas_last_iter137.
Vegas input parameters:
  ndim 11
  ncomp 1
  epsrel 0
  epsabs 0
  flags 291
  seed 1755
  mineval 1
  maxeval 1
  nstart 1000000
  nincrease 500000
  nbatch 1000
  gridno 1
  statefile "vegas_last_iter137"

Restoring state from vegas_last_iter137.

Iteration 12:  45000000 integrand evaluations so far
[1] -3.99094e-07 +- 1.04565e-10  	chisq 15.0442 (11 df)

Saving state to vegas_last_iter137.
Vegas input parameters:
  ndim 11
  ncomp 1
  epsrel 0
  epsabs 0
  flags 291
  seed 1892
  mineval 1
  maxeval 1
  nstart 1000000
  nincrease 500000
  nbatch 1000
  gridno 1
  statefile "vegas_last_iter137"

Restoring state from vegas_last_iter137.

Iteration 13:  52000000 integrand evaluations so far
[1] -3.99077e-07 +- 9.52917e-11  	chisq 15.2031 (12 df)

Saving state to vegas_last_iter137.
Vegas input parameters:
  ndim 11
  ncomp 1
  epsrel 0
  epsabs 0
  flags 291
  seed 2029
  mineval 1
  maxeval 1
  nstart 1000000
  nincrease 500000
  nbatch 1000
  gridno 1
  statefile "vegas_last_iter137"

Restoring state from vegas_last_iter137.

Iteration 14:  59500000 integrand evaluations so far
[1] -3.99027e-07 +- 8.64869e-11  	chisq 16.7481 (13 df)

Saving state to vegas_last_iter137.
Vegas input parameters:
  ndim 11
  ncomp 1
  epsrel 0
  epsabs 0
  flags 291
  seed 2166
  mineval 1
  maxeval 1
  nstart 1000000
  nincrease 500000
  nbatch 1000
  gridno 1
  statefile "vegas_last_iter137"

Restoring state from vegas_last_iter137.

Iteration 15:  67500000 integrand evaluations so far
[1] -3.9903e-07 +- 7.89569e-11  	chisq 16.7569 (14 df)

Saving state to vegas_last_iter137.
Vegas input parameters:
  ndim 11
  ncomp 1
  epsrel 0
  epsabs 0
  flags 291
  seed 2303
  mineval 1
  maxeval 1
  nstart 1000000
  nincrease 500000
  nbatch 1000
  gridno 1
  statefile "vegas_last_iter137"

Restoring state from vegas_last_iter137.

Iteration 16:  76000000 integrand evaluations so far
[1] -3.9903e-07 +- 7.26798e-11  	chisq 16.7569 (15 df)

Saving state to vegas_last_iter137.
Vegas input parameters:
  ndim 11
  ncomp 1
  epsrel 0
  epsabs 0
  flags 291
  seed 2440
  mineval 1
  maxeval 1
  nstart 1000000
  nincrease 500000
  nbatch 1000
  gridno 1
  statefile "vegas_last_iter137"

Restoring state from vegas_last_iter137.

Iteration 17:  85000000 integrand evaluations so far
[1] -3.99024e-07 +- 6.74335e-11  	chisq 16.8177 (16 df)

Saving state to vegas_last_iter137.
Vegas input parameters:
  ndim 11
  ncomp 1
  epsrel 0
  epsabs 0
  flags 291
  seed 2577
  mineval 1
  maxeval 1
  nstart 1000000
  nincrease 500000
  nbatch 1000
  gridno 1
  statefile "vegas_last_iter137"

Restoring state from vegas_last_iter137.

Iteration 18:  94500000 integrand evaluations so far
[1] -3.99038e-07 +- 6.29515e-11  	chisq 17.1583 (17 df)

Saving state to vegas_last_iter137.
Vegas input parameters:
  ndim 11
  ncomp 1
  epsrel 0
  epsabs 0
  flags 291
  seed 2714
  mineval 1
  maxeval 1
  nstart 1000000
  nincrease 500000
  nbatch 1000
  gridno 1
  statefile "vegas_last_iter137"

Restoring state from vegas_last_iter137.

Iteration 19:  104500000 integrand evaluations so far
[1] -3.9905e-07 +- 5.90578e-11  	chisq 17.4816 (18 df)

Saving state to vegas_last_iter137.
Vegas input parameters:
  ndim 11
  ncomp 1
  epsrel 0
  epsabs 0
  flags 291
  seed 2851
  mineval 1
  maxeval 1
  nstart 1000000
  nincrease 500000
  nbatch 1000
  gridno 1
  statefile "vegas_last_iter137"

Restoring state from vegas_last_iter137.

Iteration 20:  115000000 integrand evaluations so far
[1] -3.99057e-07 +- 5.56575e-11  	chisq 17.5974 (19 df)

Saving state to vegas_last_iter137.
Vegas input parameters:
  ndim 11
  ncomp 1
  epsrel 0
  epsabs 0
  flags 291
  seed 2988
  mineval 1
  maxeval 1
  nstart 1000000
  nincrease 500000
  nbatch 1000
  gridno 1
  statefile "vegas_last_iter137"

Restoring state from vegas_last_iter137.

Iteration 21:  126000000 integrand evaluations so far
[1] -3.99075e-07 +- 5.26593e-11  	chisq 18.5713 (20 df)

Saving state to vegas_last_iter137.
Vegas input parameters:
  ndim 11
  ncomp 1
  epsrel 0
  epsabs 0
  flags 291
  seed 3125
  mineval 1
  maxeval 1
  nstart 1000000
  nincrease 500000
  nbatch 1000
  gridno 1
  statefile "vegas_last_iter137"

Restoring state from vegas_last_iter137.

Iteration 22:  137500000 integrand evaluations so far
[1] -3.99085e-07 +- 4.99906e-11  	chisq 18.971 (21 df)

Saving state to vegas_last_iter137.
Vegas input parameters:
  ndim 11
  ncomp 1
  epsrel 0
  epsabs 0
  flags 291
  seed 3262
  mineval 1
  maxeval 1
  nstart 1000000
  nincrease 500000
  nbatch 1000
  gridno 1
  statefile "vegas_last_iter137"

Restoring state from vegas_last_iter137.

Iteration 23:  149500000 integrand evaluations so far
[1] -3.99091e-07 +- 4.75944e-11  	chisq 19.104 (22 df)

Saving state to vegas_last_iter137.
Vegas input parameters:
  ndim 11
  ncomp 1
  epsrel 0
  epsabs 0
  flags 291
  seed 3399
  mineval 1
  maxeval 1
  nstart 1000000
  nincrease 500000
  nbatch 1000
  gridno 1
  statefile "vegas_last_iter137"

Restoring state from vegas_last_iter137.

Iteration 24:  162000000 integrand evaluations so far
[1] -3.99086e-07 +- 4.5495e-11  	chisq 19.1999 (23 df)

Saving state to vegas_last_iter137.
Vegas input parameters:
  ndim 11
  ncomp 1
  epsrel 0
  epsabs 0
  flags 291
  seed 3536
  mineval 1
  maxeval 1
  nstart 1000000
  nincrease 500000
  nbatch 1000
  gridno 1
  statefile "vegas_last_iter137"

Restoring state from vegas_last_iter137.

Iteration 25:  175000000 integrand evaluations so far
[1] -3.99095e-07 +- 4.35472e-11  	chisq 19.6318 (24 df)

Saving state to vegas_last_iter137.
Vegas input parameters:
  ndim 11
  ncomp 1
  epsrel 0
  epsabs 0
  flags 291
  seed 3673
  mineval 1
  maxeval 1
  nstart 1000000
  nincrease 500000
  nbatch 1000
  gridno 1
  statefile "vegas_last_iter137"

Restoring state from vegas_last_iter137.

Iteration 26:  188500000 integrand evaluations so far
[1] -3.99105e-07 +- 4.17675e-11  	chisq 20.2708 (25 df)

Saving state to vegas_last_iter137.
Vegas input parameters:
  ndim 11
  ncomp 1
  epsrel 0
  epsabs 0
  flags 291
  seed 3810
  mineval 1
  maxeval 1
  nstart 1000000
  nincrease 500000
  nbatch 1000
  gridno 1
  statefile "vegas_last_iter137"

Restoring state from vegas_last_iter137.

Iteration 27:  202500000 integrand evaluations so far
[1] -3.9912e-07 +- 4.01186e-11  	chisq 22.0589 (26 df)

Saving state to vegas_last_iter137.
Thanks for using LHAPDF 6.2.1. Please make sure to cite the paper:
  Eur.Phys.J. C75 (2015) 3, 132  (http://arxiv.org/abs/1412.7420)
 method   =Vegas  
 nregions =           1
 neval    =   202500000
 fail     =           1
 -0.399120388635E-06 +-   0.401185887565E-10   p =    0.266
