LHAPDF 6.2.1 loading /cvmfs/cms.cern.ch/slc6_amd64_gcc630/external/lhapdf/6.2.1-omkpbe3/share/LHAPDF/NNPDF31_nnlo_as_0118_nf_4/NNPDF31_nnlo_as_0118_nf_4_0000.dat
NNPDF31_nnlo_as_0118_nf_4 PDF set, member #0, version 1; LHAPDF ID = 320900
Vegas input parameters:
  ndim 11
  ncomp 1
  epsrel 0
  epsabs 0
  flags 291
  seed 254
  mineval 1
  maxeval 1
  nstart 1000000
  nincrease 500000
  nbatch 1000
  gridno 1
  statefile "vegas_last_iter143"

Iteration 1:  1000000 integrand evaluations so far
[1] 1.7728e-08 +- 2.66497e-08  	chisq 0 (0 df)

Saving state to vegas_last_iter143.
Vegas input parameters:
  ndim 11
  ncomp 1
  epsrel 0
  epsabs 0
  flags 291
  seed 397
  mineval 1
  maxeval 1
  nstart 1000000
  nincrease 500000
  nbatch 1000
  gridno 1
  statefile "vegas_last_iter143"

Restoring state from vegas_last_iter143.

Iteration 2:  2500000 integrand evaluations so far
[1] -9.43247e-09 +- 2.37216e-08  	chisq 5.0016 (1 df)

Saving state to vegas_last_iter143.
Vegas input parameters:
  ndim 11
  ncomp 1
  epsrel 0
  epsabs 0
  flags 291
  seed 540
  mineval 1
  maxeval 1
  nstart 1000000
  nincrease 500000
  nbatch 1000
  gridno 1
  statefile "vegas_last_iter143"

Restoring state from vegas_last_iter143.

Iteration 3:  4500000 integrand evaluations so far
[1] -1.79757e-08 +- 1.00257e-08  	chisq 5.15951 (2 df)

Saving state to vegas_last_iter143.
Vegas input parameters:
  ndim 11
  ncomp 1
  epsrel 0
  epsabs 0
  flags 291
  seed 683
  mineval 1
  maxeval 1
  nstart 1000000
  nincrease 500000
  nbatch 1000
  gridno 1
  statefile "vegas_last_iter143"

Restoring state from vegas_last_iter143.

Iteration 4:  7000000 integrand evaluations so far
[1] -3.42958e-08 +- 2.11308e-09  	chisq 7.93247 (3 df)

Saving state to vegas_last_iter143.
Vegas input parameters:
  ndim 11
  ncomp 1
  epsrel 0
  epsabs 0
  flags 291
  seed 826
  mineval 1
  maxeval 1
  nstart 1000000
  nincrease 500000
  nbatch 1000
  gridno 1
  statefile "vegas_last_iter143"

Restoring state from vegas_last_iter143.

Iteration 5:  10000000 integrand evaluations so far
[1] -3.40574e-08 +- 4.91041e-10  	chisq 7.94592 (4 df)

Saving state to vegas_last_iter143.
Vegas input parameters:
  ndim 11
  ncomp 1
  epsrel 0
  epsabs 0
  flags 291
  seed 969
  mineval 1
  maxeval 1
  nstart 1000000
  nincrease 500000
  nbatch 1000
  gridno 1
  statefile "vegas_last_iter143"

Restoring state from vegas_last_iter143.

Iteration 6:  13500000 integrand evaluations so far
[1] -3.4228e-08 +- 1.73384e-10  	chisq 8.08379 (5 df)

Saving state to vegas_last_iter143.
Vegas input parameters:
  ndim 11
  ncomp 1
  epsrel 0
  epsabs 0
  flags 291
  seed 1112
  mineval 1
  maxeval 1
  nstart 1000000
  nincrease 500000
  nbatch 1000
  gridno 1
  statefile "vegas_last_iter143"

Restoring state from vegas_last_iter143.

Iteration 7:  17500000 integrand evaluations so far
[1] -3.44846e-08 +- 1.02889e-10  	chisq 11.4647 (6 df)

Saving state to vegas_last_iter143.
Vegas input parameters:
  ndim 11
  ncomp 1
  epsrel 0
  epsabs 0
  flags 291
  seed 1255
  mineval 1
  maxeval 1
  nstart 1000000
  nincrease 500000
  nbatch 1000
  gridno 1
  statefile "vegas_last_iter143"

Restoring state from vegas_last_iter143.

Iteration 8:  22000000 integrand evaluations so far
[1] -3.44242e-08 +- 7.48566e-11  	chisq 12.1969 (7 df)

Saving state to vegas_last_iter143.
Vegas input parameters:
  ndim 11
  ncomp 1
  epsrel 0
  epsabs 0
  flags 291
  seed 1398
  mineval 1
  maxeval 1
  nstart 1000000
  nincrease 500000
  nbatch 1000
  gridno 1
  statefile "vegas_last_iter143"

Restoring state from vegas_last_iter143.

Iteration 9:  27000000 integrand evaluations so far
[1] -3.43949e-08 +- 5.99602e-11  	chisq 12.6245 (8 df)

Saving state to vegas_last_iter143.
Vegas input parameters:
  ndim 11
  ncomp 1
  epsrel 0
  epsabs 0
  flags 291
  seed 1541
  mineval 1
  maxeval 1
  nstart 1000000
  nincrease 500000
  nbatch 1000
  gridno 1
  statefile "vegas_last_iter143"

Restoring state from vegas_last_iter143.

Iteration 10:  32500000 integrand evaluations so far
[1] -3.4383e-08 +- 5.06135e-11  	chisq 12.7612 (9 df)

Saving state to vegas_last_iter143.
Vegas input parameters:
  ndim 11
  ncomp 1
  epsrel 0
  epsabs 0
  flags 291
  seed 1684
  mineval 1
  maxeval 1
  nstart 1000000
  nincrease 500000
  nbatch 1000
  gridno 1
  statefile "vegas_last_iter143"

Restoring state from vegas_last_iter143.

Iteration 11:  38500000 integrand evaluations so far
[1] -3.43572e-08 +- 4.41298e-11  	chisq 13.8423 (10 df)

Saving state to vegas_last_iter143.
Vegas input parameters:
  ndim 11
  ncomp 1
  epsrel 0
  epsabs 0
  flags 291
  seed 1827
  mineval 1
  maxeval 1
  nstart 1000000
  nincrease 500000
  nbatch 1000
  gridno 1
  statefile "vegas_last_iter143"

Restoring state from vegas_last_iter143.

Iteration 12:  45000000 integrand evaluations so far
[1] -3.43668e-08 +- 3.92997e-11  	chisq 14.0687 (11 df)

Saving state to vegas_last_iter143.
Vegas input parameters:
  ndim 11
  ncomp 1
  epsrel 0
  epsabs 0
  flags 291
  seed 1970
  mineval 1
  maxeval 1
  nstart 1000000
  nincrease 500000
  nbatch 1000
  gridno 1
  statefile "vegas_last_iter143"

Restoring state from vegas_last_iter143.

Iteration 13:  52000000 integrand evaluations so far
[1] -3.43322e-08 +- 3.55289e-11  	chisq 18.3102 (12 df)

Saving state to vegas_last_iter143.
Vegas input parameters:
  ndim 11
  ncomp 1
  epsrel 0
  epsabs 0
  flags 291
  seed 2113
  mineval 1
  maxeval 1
  nstart 1000000
  nincrease 500000
  nbatch 1000
  gridno 1
  statefile "vegas_last_iter143"

Restoring state from vegas_last_iter143.

Iteration 14:  59500000 integrand evaluations so far
[1] -3.43181e-08 +- 3.24867e-11  	chisq 19.2697 (13 df)

Saving state to vegas_last_iter143.
Vegas input parameters:
  ndim 11
  ncomp 1
  epsrel 0
  epsabs 0
  flags 291
  seed 2256
  mineval 1
  maxeval 1
  nstart 1000000
  nincrease 500000
  nbatch 1000
  gridno 1
  statefile "vegas_last_iter143"

Restoring state from vegas_last_iter143.

Iteration 15:  67500000 integrand evaluations so far
[1] -3.43269e-08 +- 2.99692e-11  	chisq 19.7663 (14 df)

Saving state to vegas_last_iter143.
Vegas input parameters:
  ndim 11
  ncomp 1
  epsrel 0
  epsabs 0
  flags 291
  seed 2399
  mineval 1
  maxeval 1
  nstart 1000000
  nincrease 500000
  nbatch 1000
  gridno 1
  statefile "vegas_last_iter143"

Restoring state from vegas_last_iter143.

Iteration 16:  76000000 integrand evaluations so far
[1] -3.43301e-08 +- 2.78478e-11  	chisq 19.8453 (15 df)

Saving state to vegas_last_iter143.
Vegas input parameters:
  ndim 11
  ncomp 1
  epsrel 0
  epsabs 0
  flags 291
  seed 2542
  mineval 1
  maxeval 1
  nstart 1000000
  nincrease 500000
  nbatch 1000
  gridno 1
  statefile "vegas_last_iter143"

Restoring state from vegas_last_iter143.

Iteration 17:  85000000 integrand evaluations so far
[1] -3.43335e-08 +- 2.60259e-11  	chisq 19.9679 (16 df)

Saving state to vegas_last_iter143.
Vegas input parameters:
  ndim 11
  ncomp 1
  epsrel 0
  epsabs 0
  flags 291
  seed 2685
  mineval 1
  maxeval 1
  nstart 1000000
  nincrease 500000
  nbatch 1000
  gridno 1
  statefile "vegas_last_iter143"

Restoring state from vegas_last_iter143.

Iteration 18:  94500000 integrand evaluations so far
[1] -3.43286e-08 +- 2.44419e-11  	chisq 20.2719 (17 df)

Saving state to vegas_last_iter143.
Vegas input parameters:
  ndim 11
  ncomp 1
  epsrel 0
  epsabs 0
  flags 291
  seed 2828
  mineval 1
  maxeval 1
  nstart 1000000
  nincrease 500000
  nbatch 1000
  gridno 1
  statefile "vegas_last_iter143"

Restoring state from vegas_last_iter143.

Iteration 19:  104500000 integrand evaluations so far
[1] -3.43256e-08 +- 2.30522e-11  	chisq 20.4063 (18 df)

Saving state to vegas_last_iter143.
Vegas input parameters:
  ndim 11
  ncomp 1
  epsrel 0
  epsabs 0
  flags 291
  seed 2971
  mineval 1
  maxeval 1
  nstart 1000000
  nincrease 500000
  nbatch 1000
  gridno 1
  statefile "vegas_last_iter143"

Restoring state from vegas_last_iter143.

Iteration 20:  115000000 integrand evaluations so far
[1] -3.43329e-08 +- 2.18179e-11  	chisq 21.377 (19 df)

Saving state to vegas_last_iter143.
Vegas input parameters:
  ndim 11
  ncomp 1
  epsrel 0
  epsabs 0
  flags 291
  seed 3114
  mineval 1
  maxeval 1
  nstart 1000000
  nincrease 500000
  nbatch 1000
  gridno 1
  statefile "vegas_last_iter143"

Restoring state from vegas_last_iter143.

Iteration 21:  126000000 integrand evaluations so far
[1] -3.43325e-08 +- 2.07159e-11  	chisq 21.3821 (20 df)

Saving state to vegas_last_iter143.
Vegas input parameters:
  ndim 11
  ncomp 1
  epsrel 0
  epsabs 0
  flags 291
  seed 3257
  mineval 1
  maxeval 1
  nstart 1000000
  nincrease 500000
  nbatch 1000
  gridno 1
  statefile "vegas_last_iter143"

Restoring state from vegas_last_iter143.

Iteration 22:  137500000 integrand evaluations so far
[1] -3.43268e-08 +- 1.97272e-11  	chisq 22.185 (21 df)

Saving state to vegas_last_iter143.
Vegas input parameters:
  ndim 11
  ncomp 1
  epsrel 0
  epsabs 0
  flags 291
  seed 3400
  mineval 1
  maxeval 1
  nstart 1000000
  nincrease 500000
  nbatch 1000
  gridno 1
  statefile "vegas_last_iter143"

Restoring state from vegas_last_iter143.

Iteration 23:  149500000 integrand evaluations so far
[1] -3.43292e-08 +- 1.88313e-11  	chisq 22.357 (22 df)

Saving state to vegas_last_iter143.
Vegas input parameters:
  ndim 11
  ncomp 1
  epsrel 0
  epsabs 0
  flags 291
  seed 3543
  mineval 1
  maxeval 1
  nstart 1000000
  nincrease 500000
  nbatch 1000
  gridno 1
  statefile "vegas_last_iter143"

Restoring state from vegas_last_iter143.

Iteration 24:  162000000 integrand evaluations so far
[1] -3.43242e-08 +- 1.80176e-11  	chisq 23.1995 (23 df)

Saving state to vegas_last_iter143.
Vegas input parameters:
  ndim 11
  ncomp 1
  epsrel 0
  epsabs 0
  flags 291
  seed 3686
  mineval 1
  maxeval 1
  nstart 1000000
  nincrease 500000
  nbatch 1000
  gridno 1
  statefile "vegas_last_iter143"

Restoring state from vegas_last_iter143.

Iteration 25:  175000000 integrand evaluations so far
[1] -3.43232e-08 +- 1.72738e-11  	chisq 23.2386 (24 df)

Saving state to vegas_last_iter143.
Vegas input parameters:
  ndim 11
  ncomp 1
  epsrel 0
  epsabs 0
  flags 291
  seed 3829
  mineval 1
  maxeval 1
  nstart 1000000
  nincrease 500000
  nbatch 1000
  gridno 1
  statefile "vegas_last_iter143"

Restoring state from vegas_last_iter143.

Iteration 26:  188500000 integrand evaluations so far
[1] -3.43239e-08 +- 1.65913e-11  	chisq 23.2589 (25 df)

Saving state to vegas_last_iter143.
Vegas input parameters:
  ndim 11
  ncomp 1
  epsrel 0
  epsabs 0
  flags 291
  seed 3972
  mineval 1
  maxeval 1
  nstart 1000000
  nincrease 500000
  nbatch 1000
  gridno 1
  statefile "vegas_last_iter143"

Restoring state from vegas_last_iter143.

Iteration 27:  202500000 integrand evaluations so far
[1] -3.43298e-08 +- 1.59625e-11  	chisq 24.9643 (26 df)

Saving state to vegas_last_iter143.
Thanks for using LHAPDF 6.2.1. Please make sure to cite the paper:
  Eur.Phys.J. C75 (2015) 3, 132  (http://arxiv.org/abs/1412.7420)
 method   =Vegas  
 nregions =           1
 neval    =   202500000
 fail     =           1
 -0.343297829242E-07 +-   0.159625000018E-10   p =    0.424
