LHAPDF 6.2.1 loading /cvmfs/cms.cern.ch/slc6_amd64_gcc630/external/lhapdf/6.2.1-omkpbe3/share/LHAPDF/NNPDF31_nnlo_as_0118_nf_4/NNPDF31_nnlo_as_0118_nf_4_0000.dat
NNPDF31_nnlo_as_0118_nf_4 PDF set, member #0, version 1; LHAPDF ID = 320900
Vegas input parameters:
  ndim 11
  ncomp 1
  epsrel 0
  epsabs 0
  flags 291
  seed 143
  mineval 1
  maxeval 1
  nstart 1000000
  nincrease 500000
  nbatch 1000
  gridno 1
  statefile "vegas_last_iter32"

Iteration 1:  1000000 integrand evaluations so far
[1] 6.21532e-08 +- 2.6876e-08  	chisq 0 (0 df)

Saving state to vegas_last_iter32.
Vegas input parameters:
  ndim 11
  ncomp 1
  epsrel 0
  epsabs 0
  flags 291
  seed 175
  mineval 1
  maxeval 1
  nstart 1000000
  nincrease 500000
  nbatch 1000
  gridno 1
  statefile "vegas_last_iter32"

Restoring state from vegas_last_iter32.

Iteration 2:  2500000 integrand evaluations so far
[1] 3.7374e-08 +- 5.78141e-09  	chisq 0.891293 (1 df)

Saving state to vegas_last_iter32.
Vegas input parameters:
  ndim 11
  ncomp 1
  epsrel 0
  epsabs 0
  flags 291
  seed 207
  mineval 1
  maxeval 1
  nstart 1000000
  nincrease 500000
  nbatch 1000
  gridno 1
  statefile "vegas_last_iter32"

Restoring state from vegas_last_iter32.

Iteration 3:  4500000 integrand evaluations so far
[1] 4.73298e-08 +- 5.03655e-09  	chisq 13.1921 (2 df)

Saving state to vegas_last_iter32.
Vegas input parameters:
  ndim 11
  ncomp 1
  epsrel 0
  epsabs 0
  flags 291
  seed 239
  mineval 1
  maxeval 1
  nstart 1000000
  nincrease 500000
  nbatch 1000
  gridno 1
  statefile "vegas_last_iter32"

Restoring state from vegas_last_iter32.

Iteration 4:  7000000 integrand evaluations so far
[1] 7.2179e-08 +- 1.51304e-09  	chisq 39.9491 (3 df)

Saving state to vegas_last_iter32.
Vegas input parameters:
  ndim 11
  ncomp 1
  epsrel 0
  epsabs 0
  flags 291
  seed 271
  mineval 1
  maxeval 1
  nstart 1000000
  nincrease 500000
  nbatch 1000
  gridno 1
  statefile "vegas_last_iter32"

Restoring state from vegas_last_iter32.

Iteration 5:  10000000 integrand evaluations so far
[1] 7.32747e-08 +- 2.91975e-10  	chisq 40.4937 (4 df)

Saving state to vegas_last_iter32.
Vegas input parameters:
  ndim 11
  ncomp 1
  epsrel 0
  epsabs 0
  flags 291
  seed 303
  mineval 1
  maxeval 1
  nstart 1000000
  nincrease 500000
  nbatch 1000
  gridno 1
  statefile "vegas_last_iter32"

Restoring state from vegas_last_iter32.

Iteration 6:  13500000 integrand evaluations so far
[1] 7.36118e-08 +- 7.66595e-11  	chisq 41.9253 (5 df)

Saving state to vegas_last_iter32.
Vegas input parameters:
  ndim 11
  ncomp 1
  epsrel 0
  epsabs 0
  flags 291
  seed 335
  mineval 1
  maxeval 1
  nstart 1000000
  nincrease 500000
  nbatch 1000
  gridno 1
  statefile "vegas_last_iter32"

Restoring state from vegas_last_iter32.

Iteration 7:  17500000 integrand evaluations so far
[1] 7.35977e-08 +- 3.91586e-11  	chisq 41.9708 (6 df)

Saving state to vegas_last_iter32.
Vegas input parameters:
  ndim 11
  ncomp 1
  epsrel 0
  epsabs 0
  flags 291
  seed 367
  mineval 1
  maxeval 1
  nstart 1000000
  nincrease 500000
  nbatch 1000
  gridno 1
  statefile "vegas_last_iter32"

Restoring state from vegas_last_iter32.

Iteration 8:  22000000 integrand evaluations so far
[1] 7.36136e-08 +- 3.70843e-11  	chisq 43.5665 (7 df)

Saving state to vegas_last_iter32.
Vegas input parameters:
  ndim 11
  ncomp 1
  epsrel 0
  epsabs 0
  flags 291
  seed 399
  mineval 1
  maxeval 1
  nstart 1000000
  nincrease 500000
  nbatch 1000
  gridno 1
  statefile "vegas_last_iter32"

Restoring state from vegas_last_iter32.

Iteration 9:  27000000 integrand evaluations so far
[1] 7.36252e-08 +- 3.41062e-11  	chisq 44.2046 (8 df)

Saving state to vegas_last_iter32.
Vegas input parameters:
  ndim 11
  ncomp 1
  epsrel 0
  epsabs 0
  flags 291
  seed 431
  mineval 1
  maxeval 1
  nstart 1000000
  nincrease 500000
  nbatch 1000
  gridno 1
  statefile "vegas_last_iter32"

Restoring state from vegas_last_iter32.

Iteration 10:  32500000 integrand evaluations so far
[1] 7.3621e-08 +- 2.68976e-11  	chisq 44.2453 (9 df)

Saving state to vegas_last_iter32.
Vegas input parameters:
  ndim 11
  ncomp 1
  epsrel 0
  epsabs 0
  flags 291
  seed 463
  mineval 1
  maxeval 1
  nstart 1000000
  nincrease 500000
  nbatch 1000
  gridno 1
  statefile "vegas_last_iter32"

Restoring state from vegas_last_iter32.

Iteration 11:  38500000 integrand evaluations so far
[1] 7.36473e-08 +- 2.03404e-11  	chisq 46.4804 (10 df)

Saving state to vegas_last_iter32.
Vegas input parameters:
  ndim 11
  ncomp 1
  epsrel 0
  epsabs 0
  flags 291
  seed 495
  mineval 1
  maxeval 1
  nstart 1000000
  nincrease 500000
  nbatch 1000
  gridno 1
  statefile "vegas_last_iter32"

Restoring state from vegas_last_iter32.

Iteration 12:  45000000 integrand evaluations so far
[1] 7.36381e-08 +- 1.63833e-11  	chisq 47.0689 (11 df)

Saving state to vegas_last_iter32.
Vegas input parameters:
  ndim 11
  ncomp 1
  epsrel 0
  epsabs 0
  flags 291
  seed 527
  mineval 1
  maxeval 1
  nstart 1000000
  nincrease 500000
  nbatch 1000
  gridno 1
  statefile "vegas_last_iter32"

Restoring state from vegas_last_iter32.

Iteration 13:  52000000 integrand evaluations so far
[1] 7.36328e-08 +- 1.38103e-11  	chisq 47.431 (12 df)

Saving state to vegas_last_iter32.
Vegas input parameters:
  ndim 11
  ncomp 1
  epsrel 0
  epsabs 0
  flags 291
  seed 559
  mineval 1
  maxeval 1
  nstart 1000000
  nincrease 500000
  nbatch 1000
  gridno 1
  statefile "vegas_last_iter32"

Restoring state from vegas_last_iter32.

Iteration 14:  59500000 integrand evaluations so far
[1] 7.36342e-08 +- 1.20568e-11  	chisq 47.4782 (13 df)

Saving state to vegas_last_iter32.
Vegas input parameters:
  ndim 11
  ncomp 1
  epsrel 0
  epsabs 0
  flags 291
  seed 591
  mineval 1
  maxeval 1
  nstart 1000000
  nincrease 500000
  nbatch 1000
  gridno 1
  statefile "vegas_last_iter32"

Restoring state from vegas_last_iter32.

Iteration 15:  67500000 integrand evaluations so far
[1] 7.3636e-08 +- 1.0763e-11  	chisq 47.5888 (14 df)

Saving state to vegas_last_iter32.
Vegas input parameters:
  ndim 11
  ncomp 1
  epsrel 0
  epsabs 0
  flags 291
  seed 623
  mineval 1
  maxeval 1
  nstart 1000000
  nincrease 500000
  nbatch 1000
  gridno 1
  statefile "vegas_last_iter32"

Restoring state from vegas_last_iter32.

Iteration 16:  76000000 integrand evaluations so far
[1] 7.36449e-08 +- 9.75738e-12  	chisq 51.4445 (15 df)

Saving state to vegas_last_iter32.
Vegas input parameters:
  ndim 11
  ncomp 1
  epsrel 0
  epsabs 0
  flags 291
  seed 655
  mineval 1
  maxeval 1
  nstart 1000000
  nincrease 500000
  nbatch 1000
  gridno 1
  statefile "vegas_last_iter32"

Restoring state from vegas_last_iter32.

Iteration 17:  85000000 integrand evaluations so far
[1] 7.36432e-08 +- 8.9413e-12  	chisq 51.6567 (16 df)

Saving state to vegas_last_iter32.
Vegas input parameters:
  ndim 11
  ncomp 1
  epsrel 0
  epsabs 0
  flags 291
  seed 687
  mineval 1
  maxeval 1
  nstart 1000000
  nincrease 500000
  nbatch 1000
  gridno 1
  statefile "vegas_last_iter32"

Restoring state from vegas_last_iter32.

Iteration 18:  94500000 integrand evaluations so far
[1] 7.364e-08 +- 8.26895e-12  	chisq 52.5172 (17 df)

Saving state to vegas_last_iter32.
Vegas input parameters:
  ndim 11
  ncomp 1
  epsrel 0
  epsabs 0
  flags 291
  seed 719
  mineval 1
  maxeval 1
  nstart 1000000
  nincrease 500000
  nbatch 1000
  gridno 1
  statefile "vegas_last_iter32"

Restoring state from vegas_last_iter32.

Iteration 19:  104500000 integrand evaluations so far
[1] 7.36393e-08 +- 7.6994e-12  	chisq 52.5682 (18 df)

Saving state to vegas_last_iter32.
Vegas input parameters:
  ndim 11
  ncomp 1
  epsrel 0
  epsabs 0
  flags 291
  seed 751
  mineval 1
  maxeval 1
  nstart 1000000
  nincrease 500000
  nbatch 1000
  gridno 1
  statefile "vegas_last_iter32"

Restoring state from vegas_last_iter32.

Iteration 20:  115000000 integrand evaluations so far
[1] 7.3638e-08 +- 7.21234e-12  	chisq 52.8075 (19 df)

Saving state to vegas_last_iter32.
Vegas input parameters:
  ndim 11
  ncomp 1
  epsrel 0
  epsabs 0
  flags 291
  seed 783
  mineval 1
  maxeval 1
  nstart 1000000
  nincrease 500000
  nbatch 1000
  gridno 1
  statefile "vegas_last_iter32"

Restoring state from vegas_last_iter32.

Iteration 21:  126000000 integrand evaluations so far
[1] 7.3643e-08 +- 6.78958e-12  	chisq 57.0206 (20 df)

Saving state to vegas_last_iter32.
Vegas input parameters:
  ndim 11
  ncomp 1
  epsrel 0
  epsabs 0
  flags 291
  seed 815
  mineval 1
  maxeval 1
  nstart 1000000
  nincrease 500000
  nbatch 1000
  gridno 1
  statefile "vegas_last_iter32"

Restoring state from vegas_last_iter32.

Iteration 22:  137500000 integrand evaluations so far
[1] 7.36433e-08 +- 6.41714e-12  	chisq 57.0393 (21 df)

Saving state to vegas_last_iter32.
Vegas input parameters:
  ndim 11
  ncomp 1
  epsrel 0
  epsabs 0
  flags 291
  seed 847
  mineval 1
  maxeval 1
  nstart 1000000
  nincrease 500000
  nbatch 1000
  gridno 1
  statefile "vegas_last_iter32"

Restoring state from vegas_last_iter32.

Iteration 23:  149500000 integrand evaluations so far
[1] 7.36407e-08 +- 6.08756e-12  	chisq 58.655 (22 df)

Saving state to vegas_last_iter32.
Vegas input parameters:
  ndim 11
  ncomp 1
  epsrel 0
  epsabs 0
  flags 291
  seed 879
  mineval 1
  maxeval 1
  nstart 1000000
  nincrease 500000
  nbatch 1000
  gridno 1
  statefile "vegas_last_iter32"

Restoring state from vegas_last_iter32.

Iteration 24:  162000000 integrand evaluations so far
[1] 7.36358e-08 +- 5.79275e-12  	chisq 65.5166 (23 df)

Saving state to vegas_last_iter32.
Vegas input parameters:
  ndim 11
  ncomp 1
  epsrel 0
  epsabs 0
  flags 291
  seed 911
  mineval 1
  maxeval 1
  nstart 1000000
  nincrease 500000
  nbatch 1000
  gridno 1
  statefile "vegas_last_iter32"

Restoring state from vegas_last_iter32.

Iteration 25:  175000000 integrand evaluations so far
[1] 7.36342e-08 +- 5.52754e-12  	chisq 66.3801 (24 df)

Saving state to vegas_last_iter32.
Vegas input parameters:
  ndim 11
  ncomp 1
  epsrel 0
  epsabs 0
  flags 291
  seed 943
  mineval 1
  maxeval 1
  nstart 1000000
  nincrease 500000
  nbatch 1000
  gridno 1
  statefile "vegas_last_iter32"

Restoring state from vegas_last_iter32.

Iteration 26:  188500000 integrand evaluations so far
[1] 7.36334e-08 +- 5.28641e-12  	chisq 66.5981 (25 df)

Saving state to vegas_last_iter32.
Vegas input parameters:
  ndim 11
  ncomp 1
  epsrel 0
  epsabs 0
  flags 291
  seed 975
  mineval 1
  maxeval 1
  nstart 1000000
  nincrease 500000
  nbatch 1000
  gridno 1
  statefile "vegas_last_iter32"

Restoring state from vegas_last_iter32.

Iteration 27:  202500000 integrand evaluations so far
[1] 7.36338e-08 +- 5.06737e-12  	chisq 66.6542 (26 df)

Saving state to vegas_last_iter32.
Thanks for using LHAPDF 6.2.1. Please make sure to cite the paper:
  Eur.Phys.J. C75 (2015) 3, 132  (http://arxiv.org/abs/1412.7420)
 method   =Vegas  
 nregions =           1
 neval    =   202500000
 fail     =           1
  0.736338023189E-07 +-   0.506736905750E-11   p =    1.000
