LHAPDF 6.2.1 loading /cvmfs/cms.cern.ch/slc6_amd64_gcc630/external/lhapdf/6.2.1-omkpbe3/share/LHAPDF/NNPDF31_nnlo_as_0118_nf_4/NNPDF31_nnlo_as_0118_nf_4_0000.dat
NNPDF31_nnlo_as_0118_nf_4 PDF set, member #0, version 1; LHAPDF ID = 320900
Vegas input parameters:
  ndim 11
  ncomp 1
  epsrel 0
  epsabs 0
  flags 291
  seed 147
  mineval 1
  maxeval 1
  nstart 1000000
  nincrease 500000
  nbatch 1000
  gridno 1
  statefile "vegas_last_iter36"

Iteration 1:  1000000 integrand evaluations so far
[1] 3.89925e-08 +- 1.18288e-08  	chisq 0 (0 df)

Saving state to vegas_last_iter36.
Vegas input parameters:
  ndim 11
  ncomp 1
  epsrel 0
  epsabs 0
  flags 291
  seed 183
  mineval 1
  maxeval 1
  nstart 1000000
  nincrease 500000
  nbatch 1000
  gridno 1
  statefile "vegas_last_iter36"

Restoring state from vegas_last_iter36.

Iteration 2:  2500000 integrand evaluations so far
[1] 4.95911e-08 +- 1.05158e-08  	chisq 3.82892 (1 df)

Saving state to vegas_last_iter36.
Vegas input parameters:
  ndim 11
  ncomp 1
  epsrel 0
  epsabs 0
  flags 291
  seed 219
  mineval 1
  maxeval 1
  nstart 1000000
  nincrease 500000
  nbatch 1000
  gridno 1
  statefile "vegas_last_iter36"

Restoring state from vegas_last_iter36.

Iteration 3:  4500000 integrand evaluations so far
[1] 7.68842e-08 +- 6.37193e-09  	chisq 14.4734 (2 df)

Saving state to vegas_last_iter36.
Vegas input parameters:
  ndim 11
  ncomp 1
  epsrel 0
  epsabs 0
  flags 291
  seed 255
  mineval 1
  maxeval 1
  nstart 1000000
  nincrease 500000
  nbatch 1000
  gridno 1
  statefile "vegas_last_iter36"

Restoring state from vegas_last_iter36.

Iteration 4:  7000000 integrand evaluations so far
[1] 8.71427e-08 +- 1.82882e-09  	chisq 17.298 (3 df)

Saving state to vegas_last_iter36.
Vegas input parameters:
  ndim 11
  ncomp 1
  epsrel 0
  epsabs 0
  flags 291
  seed 291
  mineval 1
  maxeval 1
  nstart 1000000
  nincrease 500000
  nbatch 1000
  gridno 1
  statefile "vegas_last_iter36"

Restoring state from vegas_last_iter36.

Iteration 5:  10000000 integrand evaluations so far
[1] 8.96009e-08 +- 3.12207e-10  	chisq 19.1589 (4 df)

Saving state to vegas_last_iter36.
Vegas input parameters:
  ndim 11
  ncomp 1
  epsrel 0
  epsabs 0
  flags 291
  seed 327
  mineval 1
  maxeval 1
  nstart 1000000
  nincrease 500000
  nbatch 1000
  gridno 1
  statefile "vegas_last_iter36"

Restoring state from vegas_last_iter36.

Iteration 6:  13500000 integrand evaluations so far
[1] 9.02317e-08 +- 9.16896e-11  	chisq 23.6264 (5 df)

Saving state to vegas_last_iter36.
Vegas input parameters:
  ndim 11
  ncomp 1
  epsrel 0
  epsabs 0
  flags 291
  seed 363
  mineval 1
  maxeval 1
  nstart 1000000
  nincrease 500000
  nbatch 1000
  gridno 1
  statefile "vegas_last_iter36"

Restoring state from vegas_last_iter36.

Iteration 7:  17500000 integrand evaluations so far
[1] 9.02841e-08 +- 4.84837e-11  	chisq 24.0797 (6 df)

Saving state to vegas_last_iter36.
Vegas input parameters:
  ndim 11
  ncomp 1
  epsrel 0
  epsabs 0
  flags 291
  seed 399
  mineval 1
  maxeval 1
  nstart 1000000
  nincrease 500000
  nbatch 1000
  gridno 1
  statefile "vegas_last_iter36"

Restoring state from vegas_last_iter36.

Iteration 8:  22000000 integrand evaluations so far
[1] 9.03177e-08 +- 3.32065e-11  	chisq 24.9851 (7 df)

Saving state to vegas_last_iter36.
Vegas input parameters:
  ndim 11
  ncomp 1
  epsrel 0
  epsabs 0
  flags 291
  seed 435
  mineval 1
  maxeval 1
  nstart 1000000
  nincrease 500000
  nbatch 1000
  gridno 1
  statefile "vegas_last_iter36"

Restoring state from vegas_last_iter36.

Iteration 9:  27000000 integrand evaluations so far
[1] 9.0332e-08 +- 2.6062e-11  	chisq 25.4718 (8 df)

Saving state to vegas_last_iter36.
Vegas input parameters:
  ndim 11
  ncomp 1
  epsrel 0
  epsabs 0
  flags 291
  seed 471
  mineval 1
  maxeval 1
  nstart 1000000
  nincrease 500000
  nbatch 1000
  gridno 1
  statefile "vegas_last_iter36"

Restoring state from vegas_last_iter36.

Iteration 10:  32500000 integrand evaluations so far
[1] 9.03432e-08 +- 2.16598e-11  	chisq 26.0656 (9 df)

Saving state to vegas_last_iter36.
Vegas input parameters:
  ndim 11
  ncomp 1
  epsrel 0
  epsabs 0
  flags 291
  seed 507
  mineval 1
  maxeval 1
  nstart 1000000
  nincrease 500000
  nbatch 1000
  gridno 1
  statefile "vegas_last_iter36"

Restoring state from vegas_last_iter36.

Iteration 11:  38500000 integrand evaluations so far
[1] 9.03384e-08 +- 1.86757e-11  	chisq 26.253 (10 df)

Saving state to vegas_last_iter36.
Vegas input parameters:
  ndim 11
  ncomp 1
  epsrel 0
  epsabs 0
  flags 291
  seed 543
  mineval 1
  maxeval 1
  nstart 1000000
  nincrease 500000
  nbatch 1000
  gridno 1
  statefile "vegas_last_iter36"

Restoring state from vegas_last_iter36.

Iteration 12:  45000000 integrand evaluations so far
[1] 9.03399e-08 +- 1.64739e-11  	chisq 26.2801 (11 df)

Saving state to vegas_last_iter36.
Vegas input parameters:
  ndim 11
  ncomp 1
  epsrel 0
  epsabs 0
  flags 291
  seed 579
  mineval 1
  maxeval 1
  nstart 1000000
  nincrease 500000
  nbatch 1000
  gridno 1
  statefile "vegas_last_iter36"

Restoring state from vegas_last_iter36.

Iteration 13:  52000000 integrand evaluations so far
[1] 9.0341e-08 +- 1.47664e-11  	chisq 26.3038 (12 df)

Saving state to vegas_last_iter36.
Vegas input parameters:
  ndim 11
  ncomp 1
  epsrel 0
  epsabs 0
  flags 291
  seed 615
  mineval 1
  maxeval 1
  nstart 1000000
  nincrease 500000
  nbatch 1000
  gridno 1
  statefile "vegas_last_iter36"

Restoring state from vegas_last_iter36.

Iteration 14:  59500000 integrand evaluations so far
[1] 9.03388e-08 +- 1.34016e-11  	chisq 26.4324 (13 df)

Saving state to vegas_last_iter36.
Vegas input parameters:
  ndim 11
  ncomp 1
  epsrel 0
  epsabs 0
  flags 291
  seed 651
  mineval 1
  maxeval 1
  nstart 1000000
  nincrease 500000
  nbatch 1000
  gridno 1
  statefile "vegas_last_iter36"

Restoring state from vegas_last_iter36.

Iteration 15:  67500000 integrand evaluations so far
[1] 9.03375e-08 +- 1.22802e-11  	chisq 26.4939 (14 df)

Saving state to vegas_last_iter36.
Vegas input parameters:
  ndim 11
  ncomp 1
  epsrel 0
  epsabs 0
  flags 291
  seed 687
  mineval 1
  maxeval 1
  nstart 1000000
  nincrease 500000
  nbatch 1000
  gridno 1
  statefile "vegas_last_iter36"

Restoring state from vegas_last_iter36.

Iteration 16:  76000000 integrand evaluations so far
[1] 9.03378e-08 +- 1.13491e-11  	chisq 26.4995 (15 df)

Saving state to vegas_last_iter36.
Vegas input parameters:
  ndim 11
  ncomp 1
  epsrel 0
  epsabs 0
  flags 291
  seed 723
  mineval 1
  maxeval 1
  nstart 1000000
  nincrease 500000
  nbatch 1000
  gridno 1
  statefile "vegas_last_iter36"

Restoring state from vegas_last_iter36.

Iteration 17:  85000000 integrand evaluations so far
[1] 9.03314e-08 +- 1.05556e-11  	chisq 28.883 (16 df)

Saving state to vegas_last_iter36.
Vegas input parameters:
  ndim 11
  ncomp 1
  epsrel 0
  epsabs 0
  flags 291
  seed 759
  mineval 1
  maxeval 1
  nstart 1000000
  nincrease 500000
  nbatch 1000
  gridno 1
  statefile "vegas_last_iter36"

Restoring state from vegas_last_iter36.

Iteration 18:  94500000 integrand evaluations so far
[1] 9.03269e-08 +- 9.87442e-12  	chisq 30.2999 (17 df)

Saving state to vegas_last_iter36.
Vegas input parameters:
  ndim 11
  ncomp 1
  epsrel 0
  epsabs 0
  flags 291
  seed 795
  mineval 1
  maxeval 1
  nstart 1000000
  nincrease 500000
  nbatch 1000
  gridno 1
  statefile "vegas_last_iter36"

Restoring state from vegas_last_iter36.

Iteration 19:  104500000 integrand evaluations so far
[1] 9.03318e-08 +- 9.28361e-12  	chisq 32.4093 (18 df)

Saving state to vegas_last_iter36.
Vegas input parameters:
  ndim 11
  ncomp 1
  epsrel 0
  epsabs 0
  flags 291
  seed 831
  mineval 1
  maxeval 1
  nstart 1000000
  nincrease 500000
  nbatch 1000
  gridno 1
  statefile "vegas_last_iter36"

Restoring state from vegas_last_iter36.

Iteration 20:  115000000 integrand evaluations so far
[1] 9.03302e-08 +- 8.76964e-12  	chisq 32.6955 (19 df)

Saving state to vegas_last_iter36.
Vegas input parameters:
  ndim 11
  ncomp 1
  epsrel 0
  epsabs 0
  flags 291
  seed 867
  mineval 1
  maxeval 1
  nstart 1000000
  nincrease 500000
  nbatch 1000
  gridno 1
  statefile "vegas_last_iter36"

Restoring state from vegas_last_iter36.

Iteration 21:  126000000 integrand evaluations so far
[1] 9.03311e-08 +- 8.35767e-12  	chisq 32.8253 (20 df)

Saving state to vegas_last_iter36.
Vegas input parameters:
  ndim 11
  ncomp 1
  epsrel 0
  epsabs 0
  flags 291
  seed 903
  mineval 1
  maxeval 1
  nstart 1000000
  nincrease 500000
  nbatch 1000
  gridno 1
  statefile "vegas_last_iter36"

Restoring state from vegas_last_iter36.

Iteration 22:  137500000 integrand evaluations so far
[1] 9.03313e-08 +- 7.96949e-12  	chisq 32.8313 (21 df)

Saving state to vegas_last_iter36.
Vegas input parameters:
  ndim 11
  ncomp 1
  epsrel 0
  epsabs 0
  flags 291
  seed 939
  mineval 1
  maxeval 1
  nstart 1000000
  nincrease 500000
  nbatch 1000
  gridno 1
  statefile "vegas_last_iter36"

Restoring state from vegas_last_iter36.

Iteration 23:  149500000 integrand evaluations so far
[1] 9.03276e-08 +- 7.59559e-12  	chisq 35.2457 (22 df)

Saving state to vegas_last_iter36.
Vegas input parameters:
  ndim 11
  ncomp 1
  epsrel 0
  epsabs 0
  flags 291
  seed 975
  mineval 1
  maxeval 1
  nstart 1000000
  nincrease 500000
  nbatch 1000
  gridno 1
  statefile "vegas_last_iter36"

Restoring state from vegas_last_iter36.

Iteration 24:  162000000 integrand evaluations so far
[1] 9.03253e-08 +- 7.25339e-12  	chisq 36.2871 (23 df)

Saving state to vegas_last_iter36.
Vegas input parameters:
  ndim 11
  ncomp 1
  epsrel 0
  epsabs 0
  flags 291
  seed 1011
  mineval 1
  maxeval 1
  nstart 1000000
  nincrease 500000
  nbatch 1000
  gridno 1
  statefile "vegas_last_iter36"

Restoring state from vegas_last_iter36.

Iteration 25:  175000000 integrand evaluations so far
[1] 9.03265e-08 +- 6.9391e-12  	chisq 36.6362 (24 df)

Saving state to vegas_last_iter36.
Vegas input parameters:
  ndim 11
  ncomp 1
  epsrel 0
  epsabs 0
  flags 291
  seed 1047
  mineval 1
  maxeval 1
  nstart 1000000
  nincrease 500000
  nbatch 1000
  gridno 1
  statefile "vegas_last_iter36"

Restoring state from vegas_last_iter36.

Iteration 26:  188500000 integrand evaluations so far
[1] 9.03247e-08 +- 6.65615e-12  	chisq 37.5365 (25 df)

Saving state to vegas_last_iter36.
Vegas input parameters:
  ndim 11
  ncomp 1
  epsrel 0
  epsabs 0
  flags 291
  seed 1083
  mineval 1
  maxeval 1
  nstart 1000000
  nincrease 500000
  nbatch 1000
  gridno 1
  statefile "vegas_last_iter36"

Restoring state from vegas_last_iter36.

Iteration 27:  202500000 integrand evaluations so far
[1] 9.03229e-08 +- 6.39132e-12  	chisq 38.4339 (26 df)

Saving state to vegas_last_iter36.
Thanks for using LHAPDF 6.2.1. Please make sure to cite the paper:
  Eur.Phys.J. C75 (2015) 3, 132  (http://arxiv.org/abs/1412.7420)
 method   =Vegas  
 nregions =           1
 neval    =   202500000
 fail     =           1
  0.903229203361E-07 +-   0.639131908691E-11   p =    0.929
