LHAPDF 6.2.1 loading /cvmfs/cms.cern.ch/slc6_amd64_gcc630/external/lhapdf/6.2.1-omkpbe3/share/LHAPDF/NNPDF31_nnlo_as_0118_nf_4/NNPDF31_nnlo_as_0118_nf_4_0000.dat
NNPDF31_nnlo_as_0118_nf_4 PDF set, member #0, version 1; LHAPDF ID = 320900
Vegas input parameters:
  ndim 11
  ncomp 1
  epsrel 0
  epsabs 0
  flags 291
  seed 136
  mineval 1
  maxeval 1
  nstart 1000000
  nincrease 500000
  nbatch 1000
  gridno 1
  statefile "vegas_last_iter25"

Iteration 1:  1000000 integrand evaluations so far
[1] -1.34234e-09 +- 8.42441e-10  	chisq 0 (0 df)

Saving state to vegas_last_iter25.
Vegas input parameters:
  ndim 11
  ncomp 1
  epsrel 0
  epsabs 0
  flags 291
  seed 161
  mineval 1
  maxeval 1
  nstart 1000000
  nincrease 500000
  nbatch 1000
  gridno 1
  statefile "vegas_last_iter25"

Restoring state from vegas_last_iter25.

Iteration 2:  2500000 integrand evaluations so far
[1] -8.71623e-10 +- 1.5135e-10  	chisq 0.322621 (1 df)

Saving state to vegas_last_iter25.
Vegas input parameters:
  ndim 11
  ncomp 1
  epsrel 0
  epsabs 0
  flags 291
  seed 186
  mineval 1
  maxeval 1
  nstart 1000000
  nincrease 500000
  nbatch 1000
  gridno 1
  statefile "vegas_last_iter25"

Restoring state from vegas_last_iter25.

Iteration 3:  4500000 integrand evaluations so far
[1] -9.43864e-10 +- 1.42663e-10  	chisq 2.36591 (2 df)

Saving state to vegas_last_iter25.
Vegas input parameters:
  ndim 11
  ncomp 1
  epsrel 0
  epsabs 0
  flags 291
  seed 211
  mineval 1
  maxeval 1
  nstart 1000000
  nincrease 500000
  nbatch 1000
  gridno 1
  statefile "vegas_last_iter25"

Restoring state from vegas_last_iter25.

Iteration 4:  7000000 integrand evaluations so far
[1] -1.21049e-09 +- 2.1106e-11  	chisq 5.93705 (3 df)

Saving state to vegas_last_iter25.
Vegas input parameters:
  ndim 11
  ncomp 1
  epsrel 0
  epsabs 0
  flags 291
  seed 236
  mineval 1
  maxeval 1
  nstart 1000000
  nincrease 500000
  nbatch 1000
  gridno 1
  statefile "vegas_last_iter25"

Restoring state from vegas_last_iter25.

Iteration 5:  10000000 integrand evaluations so far
[1] -1.23411e-09 +- 4.0557e-12  	chisq 7.23692 (4 df)

Saving state to vegas_last_iter25.
Vegas input parameters:
  ndim 11
  ncomp 1
  epsrel 0
  epsabs 0
  flags 291
  seed 261
  mineval 1
  maxeval 1
  nstart 1000000
  nincrease 500000
  nbatch 1000
  gridno 1
  statefile "vegas_last_iter25"

Restoring state from vegas_last_iter25.

Iteration 6:  13500000 integrand evaluations so far
[1] -1.23065e-09 +- 1.38763e-12  	chisq 8.06096 (5 df)

Saving state to vegas_last_iter25.
Vegas input parameters:
  ndim 11
  ncomp 1
  epsrel 0
  epsabs 0
  flags 291
  seed 286
  mineval 1
  maxeval 1
  nstart 1000000
  nincrease 500000
  nbatch 1000
  gridno 1
  statefile "vegas_last_iter25"

Restoring state from vegas_last_iter25.

Iteration 7:  17500000 integrand evaluations so far
[1] -1.23268e-09 +- 7.87233e-13  	chisq 11.2313 (6 df)

Saving state to vegas_last_iter25.
Vegas input parameters:
  ndim 11
  ncomp 1
  epsrel 0
  epsabs 0
  flags 291
  seed 311
  mineval 1
  maxeval 1
  nstart 1000000
  nincrease 500000
  nbatch 1000
  gridno 1
  statefile "vegas_last_iter25"

Restoring state from vegas_last_iter25.

Iteration 8:  22000000 integrand evaluations so far
[1] -1.23254e-09 +- 5.5939e-13  	chisq 11.2974 (7 df)

Saving state to vegas_last_iter25.
Vegas input parameters:
  ndim 11
  ncomp 1
  epsrel 0
  epsabs 0
  flags 291
  seed 336
  mineval 1
  maxeval 1
  nstart 1000000
  nincrease 500000
  nbatch 1000
  gridno 1
  statefile "vegas_last_iter25"

Restoring state from vegas_last_iter25.

Iteration 9:  27000000 integrand evaluations so far
[1] -1.2317e-09 +- 4.41992e-13  	chisq 17.3378 (8 df)

Saving state to vegas_last_iter25.
Vegas input parameters:
  ndim 11
  ncomp 1
  epsrel 0
  epsabs 0
  flags 291
  seed 361
  mineval 1
  maxeval 1
  nstart 1000000
  nincrease 500000
  nbatch 1000
  gridno 1
  statefile "vegas_last_iter25"

Restoring state from vegas_last_iter25.

Iteration 10:  32500000 integrand evaluations so far
[1] -1.23184e-09 +- 3.70281e-13  	chisq 17.6675 (9 df)

Saving state to vegas_last_iter25.
Vegas input parameters:
  ndim 11
  ncomp 1
  epsrel 0
  epsabs 0
  flags 291
  seed 386
  mineval 1
  maxeval 1
  nstart 1000000
  nincrease 500000
  nbatch 1000
  gridno 1
  statefile "vegas_last_iter25"

Restoring state from vegas_last_iter25.

Iteration 11:  38500000 integrand evaluations so far
[1] -1.23168e-09 +- 3.21132e-13  	chisq 18.3848 (10 df)

Saving state to vegas_last_iter25.
Vegas input parameters:
  ndim 11
  ncomp 1
  epsrel 0
  epsabs 0
  flags 291
  seed 411
  mineval 1
  maxeval 1
  nstart 1000000
  nincrease 500000
  nbatch 1000
  gridno 1
  statefile "vegas_last_iter25"

Restoring state from vegas_last_iter25.

Iteration 12:  45000000 integrand evaluations so far
[1] -1.23163e-09 +- 2.85038e-13  	chisq 18.5209 (11 df)

Saving state to vegas_last_iter25.
Vegas input parameters:
  ndim 11
  ncomp 1
  epsrel 0
  epsabs 0
  flags 291
  seed 436
  mineval 1
  maxeval 1
  nstart 1000000
  nincrease 500000
  nbatch 1000
  gridno 1
  statefile "vegas_last_iter25"

Restoring state from vegas_last_iter25.

Iteration 13:  52000000 integrand evaluations so far
[1] -1.23155e-09 +- 2.57149e-13  	chisq 18.9229 (12 df)

Saving state to vegas_last_iter25.
Vegas input parameters:
  ndim 11
  ncomp 1
  epsrel 0
  epsabs 0
  flags 291
  seed 461
  mineval 1
  maxeval 1
  nstart 1000000
  nincrease 500000
  nbatch 1000
  gridno 1
  statefile "vegas_last_iter25"

Restoring state from vegas_last_iter25.

Iteration 14:  59500000 integrand evaluations so far
[1] -1.23156e-09 +- 2.34738e-13  	chisq 18.9417 (13 df)

Saving state to vegas_last_iter25.
Vegas input parameters:
  ndim 11
  ncomp 1
  epsrel 0
  epsabs 0
  flags 291
  seed 486
  mineval 1
  maxeval 1
  nstart 1000000
  nincrease 500000
  nbatch 1000
  gridno 1
  statefile "vegas_last_iter25"

Restoring state from vegas_last_iter25.

Iteration 15:  67500000 integrand evaluations so far
[1] -1.23151e-09 +- 2.16297e-13  	chisq 19.258 (14 df)

Saving state to vegas_last_iter25.
Vegas input parameters:
  ndim 11
  ncomp 1
  epsrel 0
  epsabs 0
  flags 291
  seed 511
  mineval 1
  maxeval 1
  nstart 1000000
  nincrease 500000
  nbatch 1000
  gridno 1
  statefile "vegas_last_iter25"

Restoring state from vegas_last_iter25.

Iteration 16:  76000000 integrand evaluations so far
[1] -1.23153e-09 +- 2.00822e-13  	chisq 19.3011 (15 df)

Saving state to vegas_last_iter25.
Vegas input parameters:
  ndim 11
  ncomp 1
  epsrel 0
  epsabs 0
  flags 291
  seed 536
  mineval 1
  maxeval 1
  nstart 1000000
  nincrease 500000
  nbatch 1000
  gridno 1
  statefile "vegas_last_iter25"

Restoring state from vegas_last_iter25.

Iteration 17:  85000000 integrand evaluations so far
[1] -1.23147e-09 +- 1.87464e-13  	chisq 19.9655 (16 df)

Saving state to vegas_last_iter25.
Vegas input parameters:
  ndim 11
  ncomp 1
  epsrel 0
  epsabs 0
  flags 291
  seed 561
  mineval 1
  maxeval 1
  nstart 1000000
  nincrease 500000
  nbatch 1000
  gridno 1
  statefile "vegas_last_iter25"

Restoring state from vegas_last_iter25.

Iteration 18:  94500000 integrand evaluations so far
[1] -1.2315e-09 +- 1.75902e-13  	chisq 20.2402 (17 df)

Saving state to vegas_last_iter25.
Vegas input parameters:
  ndim 11
  ncomp 1
  epsrel 0
  epsabs 0
  flags 291
  seed 586
  mineval 1
  maxeval 1
  nstart 1000000
  nincrease 500000
  nbatch 1000
  gridno 1
  statefile "vegas_last_iter25"

Restoring state from vegas_last_iter25.

Iteration 19:  104500000 integrand evaluations so far
[1] -1.2315e-09 +- 1.6577e-13  	chisq 20.2462 (18 df)

Saving state to vegas_last_iter25.
Vegas input parameters:
  ndim 11
  ncomp 1
  epsrel 0
  epsabs 0
  flags 291
  seed 611
  mineval 1
  maxeval 1
  nstart 1000000
  nincrease 500000
  nbatch 1000
  gridno 1
  statefile "vegas_last_iter25"

Restoring state from vegas_last_iter25.

Iteration 20:  115000000 integrand evaluations so far
[1] -1.23147e-09 +- 1.56806e-13  	chisq 20.6161 (19 df)

Saving state to vegas_last_iter25.
Vegas input parameters:
  ndim 11
  ncomp 1
  epsrel 0
  epsabs 0
  flags 291
  seed 636
  mineval 1
  maxeval 1
  nstart 1000000
  nincrease 500000
  nbatch 1000
  gridno 1
  statefile "vegas_last_iter25"

Restoring state from vegas_last_iter25.

Iteration 21:  126000000 integrand evaluations so far
[1] -1.23146e-09 +- 1.48822e-13  	chisq 20.6295 (20 df)

Saving state to vegas_last_iter25.
Vegas input parameters:
  ndim 11
  ncomp 1
  epsrel 0
  epsabs 0
  flags 291
  seed 661
  mineval 1
  maxeval 1
  nstart 1000000
  nincrease 500000
  nbatch 1000
  gridno 1
  statefile "vegas_last_iter25"

Restoring state from vegas_last_iter25.

Iteration 22:  137500000 integrand evaluations so far
[1] -1.23143e-09 +- 1.41664e-13  	chisq 21.1999 (21 df)

Saving state to vegas_last_iter25.
Vegas input parameters:
  ndim 11
  ncomp 1
  epsrel 0
  epsabs 0
  flags 291
  seed 686
  mineval 1
  maxeval 1
  nstart 1000000
  nincrease 500000
  nbatch 1000
  gridno 1
  statefile "vegas_last_iter25"

Restoring state from vegas_last_iter25.

Iteration 23:  149500000 integrand evaluations so far
[1] -1.23135e-09 +- 1.35195e-13  	chisq 24.2236 (22 df)

Saving state to vegas_last_iter25.
Vegas input parameters:
  ndim 11
  ncomp 1
  epsrel 0
  epsabs 0
  flags 291
  seed 711
  mineval 1
  maxeval 1
  nstart 1000000
  nincrease 500000
  nbatch 1000
  gridno 1
  statefile "vegas_last_iter25"

Restoring state from vegas_last_iter25.

Iteration 24:  162000000 integrand evaluations so far
[1] -1.23138e-09 +- 1.29317e-13  	chisq 24.7106 (23 df)

Saving state to vegas_last_iter25.
Vegas input parameters:
  ndim 11
  ncomp 1
  epsrel 0
  epsabs 0
  flags 291
  seed 736
  mineval 1
  maxeval 1
  nstart 1000000
  nincrease 500000
  nbatch 1000
  gridno 1
  statefile "vegas_last_iter25"

Restoring state from vegas_last_iter25.

Iteration 25:  175000000 integrand evaluations so far
[1] -1.23142e-09 +- 1.23941e-13  	chisq 26.1287 (24 df)

Saving state to vegas_last_iter25.
Vegas input parameters:
  ndim 11
  ncomp 1
  epsrel 0
  epsabs 0
  flags 291
  seed 761
  mineval 1
  maxeval 1
  nstart 1000000
  nincrease 500000
  nbatch 1000
  gridno 1
  statefile "vegas_last_iter25"

Restoring state from vegas_last_iter25.

Iteration 26:  188500000 integrand evaluations so far
[1] -1.23145e-09 +- 1.1901e-13  	chisq 26.4796 (25 df)

Saving state to vegas_last_iter25.
Vegas input parameters:
  ndim 11
  ncomp 1
  epsrel 0
  epsabs 0
  flags 291
  seed 786
  mineval 1
  maxeval 1
  nstart 1000000
  nincrease 500000
  nbatch 1000
  gridno 1
  statefile "vegas_last_iter25"

Restoring state from vegas_last_iter25.

Iteration 27:  202500000 integrand evaluations so far
[1] -1.23142e-09 +- 1.14461e-13  	chisq 27.2967 (26 df)

Saving state to vegas_last_iter25.
Thanks for using LHAPDF 6.2.1. Please make sure to cite the paper:
  Eur.Phys.J. C75 (2015) 3, 132  (http://arxiv.org/abs/1412.7420)
 method   =Vegas  
 nregions =           1
 neval    =   202500000
 fail     =           1
 -0.123141569793E-08 +-   0.114460656028E-12   p =    0.552
