LHAPDF 6.2.1 loading /cvmfs/cms.cern.ch/slc6_amd64_gcc630/external/lhapdf/6.2.1-omkpbe3/share/LHAPDF/NNPDF31_nnlo_as_0118_nf_4/NNPDF31_nnlo_as_0118_nf_4_0000.dat
NNPDF31_nnlo_as_0118_nf_4 PDF set, member #0, version 1; LHAPDF ID = 320900
Vegas input parameters:
  ndim 11
  ncomp 1
  epsrel 0
  epsabs 0
  flags 291
  seed 213
  mineval 1
  maxeval 1
  nstart 1000000
  nincrease 500000
  nbatch 1000
  gridno 1
  statefile "vegas_last_iter102"

Iteration 1:  1000000 integrand evaluations so far
[1] 9.17512e-07 +- 2.11708e-07  	chisq 0 (0 df)

Saving state to vegas_last_iter102.
Vegas input parameters:
  ndim 11
  ncomp 1
  epsrel 0
  epsabs 0
  flags 291
  seed 315
  mineval 1
  maxeval 1
  nstart 1000000
  nincrease 500000
  nbatch 1000
  gridno 1
  statefile "vegas_last_iter102"

Restoring state from vegas_last_iter102.

Iteration 2:  2500000 integrand evaluations so far
[1] 9.4165e-07 +- 9.73295e-08  	chisq 0.0164826 (1 df)

Saving state to vegas_last_iter102.
Vegas input parameters:
  ndim 11
  ncomp 1
  epsrel 0
  epsabs 0
  flags 291
  seed 417
  mineval 1
  maxeval 1
  nstart 1000000
  nincrease 500000
  nbatch 1000
  gridno 1
  statefile "vegas_last_iter102"

Restoring state from vegas_last_iter102.

Iteration 3:  4500000 integrand evaluations so far
[1] 7.67303e-07 +- 3.28574e-08  	chisq 3.638 (2 df)

Saving state to vegas_last_iter102.
Vegas input parameters:
  ndim 11
  ncomp 1
  epsrel 0
  epsabs 0
  flags 291
  seed 519
  mineval 1
  maxeval 1
  nstart 1000000
  nincrease 500000
  nbatch 1000
  gridno 1
  statefile "vegas_last_iter102"

Restoring state from vegas_last_iter102.

Iteration 4:  7000000 integrand evaluations so far
[1] 8.15431e-07 +- 9.99463e-09  	chisq 6.00232 (3 df)

Saving state to vegas_last_iter102.
Vegas input parameters:
  ndim 11
  ncomp 1
  epsrel 0
  epsabs 0
  flags 291
  seed 621
  mineval 1
  maxeval 1
  nstart 1000000
  nincrease 500000
  nbatch 1000
  gridno 1
  statefile "vegas_last_iter102"

Restoring state from vegas_last_iter102.

Iteration 5:  10000000 integrand evaluations so far
[1] 8.25095e-07 +- 2.6111e-09  	chisq 7.00575 (4 df)

Saving state to vegas_last_iter102.
Vegas input parameters:
  ndim 11
  ncomp 1
  epsrel 0
  epsabs 0
  flags 291
  seed 723
  mineval 1
  maxeval 1
  nstart 1000000
  nincrease 500000
  nbatch 1000
  gridno 1
  statefile "vegas_last_iter102"

Restoring state from vegas_last_iter102.

Iteration 6:  13500000 integrand evaluations so far
[1] 8.24771e-07 +- 8.66011e-10  	chisq 7.02305 (5 df)

Saving state to vegas_last_iter102.
Vegas input parameters:
  ndim 11
  ncomp 1
  epsrel 0
  epsabs 0
  flags 291
  seed 825
  mineval 1
  maxeval 1
  nstart 1000000
  nincrease 500000
  nbatch 1000
  gridno 1
  statefile "vegas_last_iter102"

Restoring state from vegas_last_iter102.

Iteration 7:  17500000 integrand evaluations so far
[1] 8.24655e-07 +- 4.85192e-10  	chisq 7.04945 (6 df)

Saving state to vegas_last_iter102.
Vegas input parameters:
  ndim 11
  ncomp 1
  epsrel 0
  epsabs 0
  flags 291
  seed 927
  mineval 1
  maxeval 1
  nstart 1000000
  nincrease 500000
  nbatch 1000
  gridno 1
  statefile "vegas_last_iter102"

Restoring state from vegas_last_iter102.

Iteration 8:  22000000 integrand evaluations so far
[1] 8.24855e-07 +- 3.44092e-10  	chisq 7.39373 (7 df)

Saving state to vegas_last_iter102.
Vegas input parameters:
  ndim 11
  ncomp 1
  epsrel 0
  epsabs 0
  flags 291
  seed 1029
  mineval 1
  maxeval 1
  nstart 1000000
  nincrease 500000
  nbatch 1000
  gridno 1
  statefile "vegas_last_iter102"

Restoring state from vegas_last_iter102.

Iteration 9:  27000000 integrand evaluations so far
[1] 8.24603e-07 +- 2.72118e-10  	chisq 8.83081 (8 df)

Saving state to vegas_last_iter102.
Vegas input parameters:
  ndim 11
  ncomp 1
  epsrel 0
  epsabs 0
  flags 291
  seed 1131
  mineval 1
  maxeval 1
  nstart 1000000
  nincrease 500000
  nbatch 1000
  gridno 1
  statefile "vegas_last_iter102"

Restoring state from vegas_last_iter102.

Iteration 10:  32500000 integrand evaluations so far
[1] 8.24478e-07 +- 2.27756e-10  	chisq 9.53295 (9 df)

Saving state to vegas_last_iter102.
Vegas input parameters:
  ndim 11
  ncomp 1
  epsrel 0
  epsabs 0
  flags 291
  seed 1233
  mineval 1
  maxeval 1
  nstart 1000000
  nincrease 500000
  nbatch 1000
  gridno 1
  statefile "vegas_last_iter102"

Restoring state from vegas_last_iter102.

Iteration 11:  38500000 integrand evaluations so far
[1] 8.24639e-07 +- 1.97431e-10  	chisq 11.5288 (10 df)

Saving state to vegas_last_iter102.
Vegas input parameters:
  ndim 11
  ncomp 1
  epsrel 0
  epsabs 0
  flags 291
  seed 1335
  mineval 1
  maxeval 1
  nstart 1000000
  nincrease 500000
  nbatch 1000
  gridno 1
  statefile "vegas_last_iter102"

Restoring state from vegas_last_iter102.

Iteration 12:  45000000 integrand evaluations so far
[1] 8.2457e-07 +- 1.75195e-10  	chisq 12.0936 (11 df)

Saving state to vegas_last_iter102.
Vegas input parameters:
  ndim 11
  ncomp 1
  epsrel 0
  epsabs 0
  flags 291
  seed 1437
  mineval 1
  maxeval 1
  nstart 1000000
  nincrease 500000
  nbatch 1000
  gridno 1
  statefile "vegas_last_iter102"

Restoring state from vegas_last_iter102.

Iteration 13:  52000000 integrand evaluations so far
[1] 8.24677e-07 +- 1.58036e-10  	chisq 14.0798 (12 df)

Saving state to vegas_last_iter102.
Vegas input parameters:
  ndim 11
  ncomp 1
  epsrel 0
  epsabs 0
  flags 291
  seed 1539
  mineval 1
  maxeval 1
  nstart 1000000
  nincrease 500000
  nbatch 1000
  gridno 1
  statefile "vegas_last_iter102"

Restoring state from vegas_last_iter102.

Iteration 14:  59500000 integrand evaluations so far
[1] 8.24729e-07 +- 1.44236e-10  	chisq 14.7344 (13 df)

Saving state to vegas_last_iter102.
Vegas input parameters:
  ndim 11
  ncomp 1
  epsrel 0
  epsabs 0
  flags 291
  seed 1641
  mineval 1
  maxeval 1
  nstart 1000000
  nincrease 500000
  nbatch 1000
  gridno 1
  statefile "vegas_last_iter102"

Restoring state from vegas_last_iter102.

Iteration 15:  67500000 integrand evaluations so far
[1] 8.24753e-07 +- 1.32895e-10  	chisq 14.919 (14 df)

Saving state to vegas_last_iter102.
Vegas input parameters:
  ndim 11
  ncomp 1
  epsrel 0
  epsabs 0
  flags 291
  seed 1743
  mineval 1
  maxeval 1
  nstart 1000000
  nincrease 500000
  nbatch 1000
  gridno 1
  statefile "vegas_last_iter102"

Restoring state from vegas_last_iter102.

Iteration 16:  76000000 integrand evaluations so far
[1] 8.24826e-07 +- 1.23382e-10  	chisq 17.0846 (15 df)

Saving state to vegas_last_iter102.
Vegas input parameters:
  ndim 11
  ncomp 1
  epsrel 0
  epsabs 0
  flags 291
  seed 1845
  mineval 1
  maxeval 1
  nstart 1000000
  nincrease 500000
  nbatch 1000
  gridno 1
  statefile "vegas_last_iter102"

Restoring state from vegas_last_iter102.

Iteration 17:  85000000 integrand evaluations so far
[1] 8.24846e-07 +- 1.15211e-10  	chisq 17.3031 (16 df)

Saving state to vegas_last_iter102.
Vegas input parameters:
  ndim 11
  ncomp 1
  epsrel 0
  epsabs 0
  flags 291
  seed 1947
  mineval 1
  maxeval 1
  nstart 1000000
  nincrease 500000
  nbatch 1000
  gridno 1
  statefile "vegas_last_iter102"

Restoring state from vegas_last_iter102.

Iteration 18:  94500000 integrand evaluations so far
[1] 8.24918e-07 +- 1.08133e-10  	chisq 20.5607 (17 df)

Saving state to vegas_last_iter102.
Vegas input parameters:
  ndim 11
  ncomp 1
  epsrel 0
  epsabs 0
  flags 291
  seed 2049
  mineval 1
  maxeval 1
  nstart 1000000
  nincrease 500000
  nbatch 1000
  gridno 1
  statefile "vegas_last_iter102"

Restoring state from vegas_last_iter102.

Iteration 19:  104500000 integrand evaluations so far
[1] 8.24886e-07 +- 1.0193e-10  	chisq 21.3355 (18 df)

Saving state to vegas_last_iter102.
Vegas input parameters:
  ndim 11
  ncomp 1
  epsrel 0
  epsabs 0
  flags 291
  seed 2151
  mineval 1
  maxeval 1
  nstart 1000000
  nincrease 500000
  nbatch 1000
  gridno 1
  statefile "vegas_last_iter102"

Restoring state from vegas_last_iter102.

Iteration 20:  115000000 integrand evaluations so far
[1] 8.24806e-07 +- 9.64435e-11  	chisq 27.2615 (19 df)

Saving state to vegas_last_iter102.
Vegas input parameters:
  ndim 11
  ncomp 1
  epsrel 0
  epsabs 0
  flags 291
  seed 2253
  mineval 1
  maxeval 1
  nstart 1000000
  nincrease 500000
  nbatch 1000
  gridno 1
  statefile "vegas_last_iter102"

Restoring state from vegas_last_iter102.

Iteration 21:  126000000 integrand evaluations so far
[1] 8.24786e-07 +- 9.15458e-11  	chisq 27.6842 (20 df)

Saving state to vegas_last_iter102.
Vegas input parameters:
  ndim 11
  ncomp 1
  epsrel 0
  epsabs 0
  flags 291
  seed 2355
  mineval 1
  maxeval 1
  nstart 1000000
  nincrease 500000
  nbatch 1000
  gridno 1
  statefile "vegas_last_iter102"

Restoring state from vegas_last_iter102.

Iteration 22:  137500000 integrand evaluations so far
[1] 8.24803e-07 +- 8.71465e-11  	chisq 28.04 (21 df)

Saving state to vegas_last_iter102.
Vegas input parameters:
  ndim 11
  ncomp 1
  epsrel 0
  epsabs 0
  flags 291
  seed 2457
  mineval 1
  maxeval 1
  nstart 1000000
  nincrease 500000
  nbatch 1000
  gridno 1
  statefile "vegas_last_iter102"

Restoring state from vegas_last_iter102.

Iteration 23:  149500000 integrand evaluations so far
[1] 8.24817e-07 +- 8.3163e-11  	chisq 28.3261 (22 df)

Saving state to vegas_last_iter102.
Vegas input parameters:
  ndim 11
  ncomp 1
  epsrel 0
  epsabs 0
  flags 291
  seed 2559
  mineval 1
  maxeval 1
  nstart 1000000
  nincrease 500000
  nbatch 1000
  gridno 1
  statefile "vegas_last_iter102"

Restoring state from vegas_last_iter102.

Iteration 24:  162000000 integrand evaluations so far
[1] 8.24766e-07 +- 7.95391e-11  	chisq 32.7454 (23 df)

Saving state to vegas_last_iter102.
Vegas input parameters:
  ndim 11
  ncomp 1
  epsrel 0
  epsabs 0
  flags 291
  seed 2661
  mineval 1
  maxeval 1
  nstart 1000000
  nincrease 500000
  nbatch 1000
  gridno 1
  statefile "vegas_last_iter102"

Restoring state from vegas_last_iter102.

Iteration 25:  175000000 integrand evaluations so far
[1] 8.24745e-07 +- 7.62297e-11  	chisq 33.6134 (24 df)

Saving state to vegas_last_iter102.
Vegas input parameters:
  ndim 11
  ncomp 1
  epsrel 0
  epsabs 0
  flags 291
  seed 2763
  mineval 1
  maxeval 1
  nstart 1000000
  nincrease 500000
  nbatch 1000
  gridno 1
  statefile "vegas_last_iter102"

Restoring state from vegas_last_iter102.

Iteration 26:  188500000 integrand evaluations so far
[1] 8.24736e-07 +- 7.3204e-11  	chisq 33.789 (25 df)

Saving state to vegas_last_iter102.
Vegas input parameters:
  ndim 11
  ncomp 1
  epsrel 0
  epsabs 0
  flags 291
  seed 2865
  mineval 1
  maxeval 1
  nstart 1000000
  nincrease 500000
  nbatch 1000
  gridno 1
  statefile "vegas_last_iter102"

Restoring state from vegas_last_iter102.

Iteration 27:  202500000 integrand evaluations so far
[1] 8.24724e-07 +- 7.04005e-11  	chisq 34.1658 (26 df)

Saving state to vegas_last_iter102.
Thanks for using LHAPDF 6.2.1. Please make sure to cite the paper:
  Eur.Phys.J. C75 (2015) 3, 132  (http://arxiv.org/abs/1412.7420)
 method   =Vegas  
 nregions =           1
 neval    =   202500000
 fail     =           1
  0.824723597789E-06 +-   0.704004530492E-10   p =    0.839
