LHAPDF 6.2.1 loading /cvmfs/cms.cern.ch/slc6_amd64_gcc630/external/lhapdf/6.2.1-omkpbe3/share/LHAPDF/NNPDF31_nnlo_as_0118_nf_4/NNPDF31_nnlo_as_0118_nf_4_0000.dat
NNPDF31_nnlo_as_0118_nf_4 PDF set, member #0, version 1; LHAPDF ID = 320900
Vegas input parameters:
  ndim 11
  ncomp 1
  epsrel 0
  epsabs 0
  flags 291
  seed 129
  mineval 1
  maxeval 1
  nstart 1000000
  nincrease 500000
  nbatch 1000
  gridno 1
  statefile "vegas_last_iter18"

Iteration 1:  1000000 integrand evaluations so far
[1] -3.27111e-09 +- 1.63532e-09  	chisq 0 (0 df)

Saving state to vegas_last_iter18.
Vegas input parameters:
  ndim 11
  ncomp 1
  epsrel 0
  epsabs 0
  flags 291
  seed 147
  mineval 1
  maxeval 1
  nstart 1000000
  nincrease 500000
  nbatch 1000
  gridno 1
  statefile "vegas_last_iter18"

Restoring state from vegas_last_iter18.

Iteration 2:  2500000 integrand evaluations so far
[1] -1.43262e-09 +- 4.53564e-10  	chisq 1.36925 (1 df)

Saving state to vegas_last_iter18.
Vegas input parameters:
  ndim 11
  ncomp 1
  epsrel 0
  epsabs 0
  flags 291
  seed 165
  mineval 1
  maxeval 1
  nstart 1000000
  nincrease 500000
  nbatch 1000
  gridno 1
  statefile "vegas_last_iter18"

Restoring state from vegas_last_iter18.

Iteration 3:  4500000 integrand evaluations so far
[1] -1.37136e-09 +- 1.21093e-10  	chisq 1.38889 (2 df)

Saving state to vegas_last_iter18.
Vegas input parameters:
  ndim 11
  ncomp 1
  epsrel 0
  epsabs 0
  flags 291
  seed 183
  mineval 1
  maxeval 1
  nstart 1000000
  nincrease 500000
  nbatch 1000
  gridno 1
  statefile "vegas_last_iter18"

Restoring state from vegas_last_iter18.

Iteration 4:  7000000 integrand evaluations so far
[1] -1.2118e-09 +- 1.94637e-11  	chisq 3.17104 (3 df)

Saving state to vegas_last_iter18.
Vegas input parameters:
  ndim 11
  ncomp 1
  epsrel 0
  epsabs 0
  flags 291
  seed 201
  mineval 1
  maxeval 1
  nstart 1000000
  nincrease 500000
  nbatch 1000
  gridno 1
  statefile "vegas_last_iter18"

Restoring state from vegas_last_iter18.

Iteration 5:  10000000 integrand evaluations so far
[1] -1.20505e-09 +- 3.73425e-12  	chisq 3.29617 (4 df)

Saving state to vegas_last_iter18.
Vegas input parameters:
  ndim 11
  ncomp 1
  epsrel 0
  epsabs 0
  flags 291
  seed 219
  mineval 1
  maxeval 1
  nstart 1000000
  nincrease 500000
  nbatch 1000
  gridno 1
  statefile "vegas_last_iter18"

Restoring state from vegas_last_iter18.

Iteration 6:  13500000 integrand evaluations so far
[1] -1.19919e-09 +- 1.35745e-12  	chisq 6.12713 (5 df)

Saving state to vegas_last_iter18.
Vegas input parameters:
  ndim 11
  ncomp 1
  epsrel 0
  epsabs 0
  flags 291
  seed 237
  mineval 1
  maxeval 1
  nstart 1000000
  nincrease 500000
  nbatch 1000
  gridno 1
  statefile "vegas_last_iter18"

Restoring state from vegas_last_iter18.

Iteration 7:  17500000 integrand evaluations so far
[1] -1.19737e-09 +- 7.76584e-13  	chisq 8.79644 (6 df)

Saving state to vegas_last_iter18.
Vegas input parameters:
  ndim 11
  ncomp 1
  epsrel 0
  epsabs 0
  flags 291
  seed 255
  mineval 1
  maxeval 1
  nstart 1000000
  nincrease 500000
  nbatch 1000
  gridno 1
  statefile "vegas_last_iter18"

Restoring state from vegas_last_iter18.

Iteration 8:  22000000 integrand evaluations so far
[1] -1.19826e-09 +- 5.53118e-13  	chisq 11.4489 (7 df)

Saving state to vegas_last_iter18.
Vegas input parameters:
  ndim 11
  ncomp 1
  epsrel 0
  epsabs 0
  flags 291
  seed 273
  mineval 1
  maxeval 1
  nstart 1000000
  nincrease 500000
  nbatch 1000
  gridno 1
  statefile "vegas_last_iter18"

Restoring state from vegas_last_iter18.

Iteration 9:  27000000 integrand evaluations so far
[1] -1.19868e-09 +- 4.37679e-13  	chisq 12.9509 (8 df)

Saving state to vegas_last_iter18.
Vegas input parameters:
  ndim 11
  ncomp 1
  epsrel 0
  epsabs 0
  flags 291
  seed 291
  mineval 1
  maxeval 1
  nstart 1000000
  nincrease 500000
  nbatch 1000
  gridno 1
  statefile "vegas_last_iter18"

Restoring state from vegas_last_iter18.

Iteration 10:  32500000 integrand evaluations so far
[1] -1.1991e-09 +- 3.66554e-13  	chisq 16.1027 (9 df)

Saving state to vegas_last_iter18.
Vegas input parameters:
  ndim 11
  ncomp 1
  epsrel 0
  epsabs 0
  flags 291
  seed 309
  mineval 1
  maxeval 1
  nstart 1000000
  nincrease 500000
  nbatch 1000
  gridno 1
  statefile "vegas_last_iter18"

Restoring state from vegas_last_iter18.

Iteration 11:  38500000 integrand evaluations so far
[1] -1.19946e-09 +- 3.17908e-13  	chisq 19.8889 (10 df)

Saving state to vegas_last_iter18.
Vegas input parameters:
  ndim 11
  ncomp 1
  epsrel 0
  epsabs 0
  flags 291
  seed 327
  mineval 1
  maxeval 1
  nstart 1000000
  nincrease 500000
  nbatch 1000
  gridno 1
  statefile "vegas_last_iter18"

Restoring state from vegas_last_iter18.

Iteration 12:  45000000 integrand evaluations so far
[1] -1.19932e-09 +- 2.82113e-13  	chisq 20.7635 (11 df)

Saving state to vegas_last_iter18.
Vegas input parameters:
  ndim 11
  ncomp 1
  epsrel 0
  epsabs 0
  flags 291
  seed 345
  mineval 1
  maxeval 1
  nstart 1000000
  nincrease 500000
  nbatch 1000
  gridno 1
  statefile "vegas_last_iter18"

Restoring state from vegas_last_iter18.

Iteration 13:  52000000 integrand evaluations so far
[1] -1.19933e-09 +- 2.54329e-13  	chisq 20.767 (12 df)

Saving state to vegas_last_iter18.
Vegas input parameters:
  ndim 11
  ncomp 1
  epsrel 0
  epsabs 0
  flags 291
  seed 363
  mineval 1
  maxeval 1
  nstart 1000000
  nincrease 500000
  nbatch 1000
  gridno 1
  statefile "vegas_last_iter18"

Restoring state from vegas_last_iter18.

Iteration 14:  59500000 integrand evaluations so far
[1] -1.19933e-09 +- 2.3211e-13  	chisq 20.7754 (13 df)

Saving state to vegas_last_iter18.
Vegas input parameters:
  ndim 11
  ncomp 1
  epsrel 0
  epsabs 0
  flags 291
  seed 381
  mineval 1
  maxeval 1
  nstart 1000000
  nincrease 500000
  nbatch 1000
  gridno 1
  statefile "vegas_last_iter18"

Restoring state from vegas_last_iter18.

Iteration 15:  67500000 integrand evaluations so far
[1] -1.19929e-09 +- 2.13745e-13  	chisq 20.9874 (14 df)

Saving state to vegas_last_iter18.
Vegas input parameters:
  ndim 11
  ncomp 1
  epsrel 0
  epsabs 0
  flags 291
  seed 399
  mineval 1
  maxeval 1
  nstart 1000000
  nincrease 500000
  nbatch 1000
  gridno 1
  statefile "vegas_last_iter18"

Restoring state from vegas_last_iter18.

Iteration 16:  76000000 integrand evaluations so far
[1] -1.1993e-09 +- 1.98363e-13  	chisq 21.0069 (15 df)

Saving state to vegas_last_iter18.
Vegas input parameters:
  ndim 11
  ncomp 1
  epsrel 0
  epsabs 0
  flags 291
  seed 417
  mineval 1
  maxeval 1
  nstart 1000000
  nincrease 500000
  nbatch 1000
  gridno 1
  statefile "vegas_last_iter18"

Restoring state from vegas_last_iter18.

Iteration 17:  85000000 integrand evaluations so far
[1] -1.19931e-09 +- 1.85153e-13  	chisq 21.0241 (16 df)

Saving state to vegas_last_iter18.
Vegas input parameters:
  ndim 11
  ncomp 1
  epsrel 0
  epsabs 0
  flags 291
  seed 435
  mineval 1
  maxeval 1
  nstart 1000000
  nincrease 500000
  nbatch 1000
  gridno 1
  statefile "vegas_last_iter18"

Restoring state from vegas_last_iter18.

Iteration 18:  94500000 integrand evaluations so far
[1] -1.19934e-09 +- 1.73728e-13  	chisq 21.1741 (17 df)

Saving state to vegas_last_iter18.
Vegas input parameters:
  ndim 11
  ncomp 1
  epsrel 0
  epsabs 0
  flags 291
  seed 453
  mineval 1
  maxeval 1
  nstart 1000000
  nincrease 500000
  nbatch 1000
  gridno 1
  statefile "vegas_last_iter18"

Restoring state from vegas_last_iter18.

Iteration 19:  104500000 integrand evaluations so far
[1] -1.19939e-09 +- 1.63708e-13  	chisq 21.8606 (18 df)

Saving state to vegas_last_iter18.
Vegas input parameters:
  ndim 11
  ncomp 1
  epsrel 0
  epsabs 0
  flags 291
  seed 471
  mineval 1
  maxeval 1
  nstart 1000000
  nincrease 500000
  nbatch 1000
  gridno 1
  statefile "vegas_last_iter18"

Restoring state from vegas_last_iter18.

Iteration 20:  115000000 integrand evaluations so far
[1] -1.19944e-09 +- 1.54852e-13  	chisq 22.7474 (19 df)

Saving state to vegas_last_iter18.
Vegas input parameters:
  ndim 11
  ncomp 1
  epsrel 0
  epsabs 0
  flags 291
  seed 489
  mineval 1
  maxeval 1
  nstart 1000000
  nincrease 500000
  nbatch 1000
  gridno 1
  statefile "vegas_last_iter18"

Restoring state from vegas_last_iter18.

Iteration 21:  126000000 integrand evaluations so far
[1] -1.19951e-09 +- 1.46978e-13  	chisq 24.9828 (20 df)

Saving state to vegas_last_iter18.
Vegas input parameters:
  ndim 11
  ncomp 1
  epsrel 0
  epsabs 0
  flags 291
  seed 507
  mineval 1
  maxeval 1
  nstart 1000000
  nincrease 500000
  nbatch 1000
  gridno 1
  statefile "vegas_last_iter18"

Restoring state from vegas_last_iter18.

Iteration 22:  137500000 integrand evaluations so far
[1] -1.19948e-09 +- 1.39847e-13  	chisq 25.405 (21 df)

Saving state to vegas_last_iter18.
Vegas input parameters:
  ndim 11
  ncomp 1
  epsrel 0
  epsabs 0
  flags 291
  seed 525
  mineval 1
  maxeval 1
  nstart 1000000
  nincrease 500000
  nbatch 1000
  gridno 1
  statefile "vegas_last_iter18"

Restoring state from vegas_last_iter18.

Iteration 23:  149500000 integrand evaluations so far
[1] -1.19938e-09 +- 1.33425e-13  	chisq 30.574 (22 df)

Saving state to vegas_last_iter18.
Vegas input parameters:
  ndim 11
  ncomp 1
  epsrel 0
  epsabs 0
  flags 291
  seed 543
  mineval 1
  maxeval 1
  nstart 1000000
  nincrease 500000
  nbatch 1000
  gridno 1
  statefile "vegas_last_iter18"

Restoring state from vegas_last_iter18.

Iteration 24:  162000000 integrand evaluations so far
[1] -1.19937e-09 +- 1.2759e-13  	chisq 30.6361 (23 df)

Saving state to vegas_last_iter18.
Vegas input parameters:
  ndim 11
  ncomp 1
  epsrel 0
  epsabs 0
  flags 291
  seed 561
  mineval 1
  maxeval 1
  nstart 1000000
  nincrease 500000
  nbatch 1000
  gridno 1
  statefile "vegas_last_iter18"

Restoring state from vegas_last_iter18.

Iteration 25:  175000000 integrand evaluations so far
[1] -1.19937e-09 +- 1.22261e-13  	chisq 30.6401 (24 df)

Saving state to vegas_last_iter18.
Vegas input parameters:
  ndim 11
  ncomp 1
  epsrel 0
  epsabs 0
  flags 291
  seed 579
  mineval 1
  maxeval 1
  nstart 1000000
  nincrease 500000
  nbatch 1000
  gridno 1
  statefile "vegas_last_iter18"

Restoring state from vegas_last_iter18.

Iteration 26:  188500000 integrand evaluations so far
[1] -1.1994e-09 +- 1.17382e-13  	chisq 31.154 (25 df)

Saving state to vegas_last_iter18.
Vegas input parameters:
  ndim 11
  ncomp 1
  epsrel 0
  epsabs 0
  flags 291
  seed 597
  mineval 1
  maxeval 1
  nstart 1000000
  nincrease 500000
  nbatch 1000
  gridno 1
  statefile "vegas_last_iter18"

Restoring state from vegas_last_iter18.

Iteration 27:  202500000 integrand evaluations so far
[1] -1.19937e-09 +- 1.1288e-13  	chisq 31.8955 (26 df)

Saving state to vegas_last_iter18.
Thanks for using LHAPDF 6.2.1. Please make sure to cite the paper:
  Eur.Phys.J. C75 (2015) 3, 132  (http://arxiv.org/abs/1412.7420)
 method   =Vegas  
 nregions =           1
 neval    =   202500000
 fail     =           1
 -0.119936947613E-08 +-   0.112879808211E-12   p =    0.764
