LHAPDF 6.2.1 loading /cvmfs/cms.cern.ch/slc6_amd64_gcc630/external/lhapdf/6.2.1-omkpbe3/share/LHAPDF/NNPDF31_nnlo_as_0118_nf_4/NNPDF31_nnlo_as_0118_nf_4_0000.dat
NNPDF31_nnlo_as_0118_nf_4 PDF set, member #0, version 1; LHAPDF ID = 320900
Vegas input parameters:
  ndim 11
  ncomp 1
  epsrel 0
  epsabs 0
  flags 291
  seed 165
  mineval 1
  maxeval 1
  nstart 1000000
  nincrease 500000
  nbatch 1000
  gridno 1
  statefile "vegas_last_iter54"

Iteration 1:  1000000 integrand evaluations so far
[1] -1.54374e-06 +- 3.24655e-07  	chisq 0 (0 df)

Saving state to vegas_last_iter54.
Vegas input parameters:
  ndim 11
  ncomp 1
  epsrel 0
  epsabs 0
  flags 291
  seed 219
  mineval 1
  maxeval 1
  nstart 1000000
  nincrease 500000
  nbatch 1000
  gridno 1
  statefile "vegas_last_iter54"

Restoring state from vegas_last_iter54.

Iteration 2:  2500000 integrand evaluations so far
[1] -1.41301e-06 +- 1.20839e-07  	chisq 0.188216 (1 df)

Saving state to vegas_last_iter54.
Vegas input parameters:
  ndim 11
  ncomp 1
  epsrel 0
  epsabs 0
  flags 291
  seed 273
  mineval 1
  maxeval 1
  nstart 1000000
  nincrease 500000
  nbatch 1000
  gridno 1
  statefile "vegas_last_iter54"

Restoring state from vegas_last_iter54.

Iteration 3:  4500000 integrand evaluations so far
[1] -1.3578e-06 +- 7.01014e-08  	chisq 0.502874 (2 df)

Saving state to vegas_last_iter54.
Vegas input parameters:
  ndim 11
  ncomp 1
  epsrel 0
  epsabs 0
  flags 291
  seed 327
  mineval 1
  maxeval 1
  nstart 1000000
  nincrease 500000
  nbatch 1000
  gridno 1
  statefile "vegas_last_iter54"

Restoring state from vegas_last_iter54.

Iteration 4:  7000000 integrand evaluations so far
[1] -1.34754e-06 +- 1.97008e-08  	chisq 0.526114 (3 df)

Saving state to vegas_last_iter54.
Vegas input parameters:
  ndim 11
  ncomp 1
  epsrel 0
  epsabs 0
  flags 291
  seed 381
  mineval 1
  maxeval 1
  nstart 1000000
  nincrease 500000
  nbatch 1000
  gridno 1
  statefile "vegas_last_iter54"

Restoring state from vegas_last_iter54.

Iteration 5:  10000000 integrand evaluations so far
[1] -1.36046e-06 +- 8.0507e-09  	chisq 1.0422 (4 df)

Saving state to vegas_last_iter54.
Vegas input parameters:
  ndim 11
  ncomp 1
  epsrel 0
  epsabs 0
  flags 291
  seed 435
  mineval 1
  maxeval 1
  nstart 1000000
  nincrease 500000
  nbatch 1000
  gridno 1
  statefile "vegas_last_iter54"

Restoring state from vegas_last_iter54.

Iteration 6:  13500000 integrand evaluations so far
[1] -1.374e-06 +- 4.36313e-09  	chisq 5.05009 (5 df)

Saving state to vegas_last_iter54.
Vegas input parameters:
  ndim 11
  ncomp 1
  epsrel 0
  epsabs 0
  flags 291
  seed 489
  mineval 1
  maxeval 1
  nstart 1000000
  nincrease 500000
  nbatch 1000
  gridno 1
  statefile "vegas_last_iter54"

Restoring state from vegas_last_iter54.

Iteration 7:  17500000 integrand evaluations so far
[1] -1.37335e-06 +- 2.98516e-09  	chisq 5.09222 (6 df)

Saving state to vegas_last_iter54.
Vegas input parameters:
  ndim 11
  ncomp 1
  epsrel 0
  epsabs 0
  flags 291
  seed 543
  mineval 1
  maxeval 1
  nstart 1000000
  nincrease 500000
  nbatch 1000
  gridno 1
  statefile "vegas_last_iter54"

Restoring state from vegas_last_iter54.

Iteration 8:  22000000 integrand evaluations so far
[1] -1.37415e-06 +- 2.31298e-09  	chisq 5.27052 (7 df)

Saving state to vegas_last_iter54.
Vegas input parameters:
  ndim 11
  ncomp 1
  epsrel 0
  epsabs 0
  flags 291
  seed 597
  mineval 1
  maxeval 1
  nstart 1000000
  nincrease 500000
  nbatch 1000
  gridno 1
  statefile "vegas_last_iter54"

Restoring state from vegas_last_iter54.

Iteration 9:  27000000 integrand evaluations so far
[1] -1.37113e-06 +- 1.91528e-09  	chisq 10.6943 (8 df)

Saving state to vegas_last_iter54.
Vegas input parameters:
  ndim 11
  ncomp 1
  epsrel 0
  epsabs 0
  flags 291
  seed 651
  mineval 1
  maxeval 1
  nstart 1000000
  nincrease 500000
  nbatch 1000
  gridno 1
  statefile "vegas_last_iter54"

Restoring state from vegas_last_iter54.

Iteration 10:  32500000 integrand evaluations so far
[1] -1.37304e-06 +- 1.64824e-09  	chisq 14.5364 (9 df)

Saving state to vegas_last_iter54.
Vegas input parameters:
  ndim 11
  ncomp 1
  epsrel 0
  epsabs 0
  flags 291
  seed 705
  mineval 1
  maxeval 1
  nstart 1000000
  nincrease 500000
  nbatch 1000
  gridno 1
  statefile "vegas_last_iter54"

Restoring state from vegas_last_iter54.

Iteration 11:  38500000 integrand evaluations so far
[1] -1.37256e-06 +- 1.45446e-09  	chisq 14.9146 (10 df)

Saving state to vegas_last_iter54.
Vegas input parameters:
  ndim 11
  ncomp 1
  epsrel 0
  epsabs 0
  flags 291
  seed 759
  mineval 1
  maxeval 1
  nstart 1000000
  nincrease 500000
  nbatch 1000
  gridno 1
  statefile "vegas_last_iter54"

Restoring state from vegas_last_iter54.

Iteration 12:  45000000 integrand evaluations so far
[1] -1.37322e-06 +- 1.30627e-09  	chisq 15.978 (11 df)

Saving state to vegas_last_iter54.
Vegas input parameters:
  ndim 11
  ncomp 1
  epsrel 0
  epsabs 0
  flags 291
  seed 813
  mineval 1
  maxeval 1
  nstart 1000000
  nincrease 500000
  nbatch 1000
  gridno 1
  statefile "vegas_last_iter54"

Restoring state from vegas_last_iter54.

Iteration 13:  52000000 integrand evaluations so far
[1] -1.37316e-06 +- 1.18813e-09  	chisq 15.99 (12 df)

Saving state to vegas_last_iter54.
Vegas input parameters:
  ndim 11
  ncomp 1
  epsrel 0
  epsabs 0
  flags 291
  seed 867
  mineval 1
  maxeval 1
  nstart 1000000
  nincrease 500000
  nbatch 1000
  gridno 1
  statefile "vegas_last_iter54"

Restoring state from vegas_last_iter54.

Iteration 14:  59500000 integrand evaluations so far
[1] -1.37373e-06 +- 1.0912e-09  	chisq 17.4391 (13 df)

Saving state to vegas_last_iter54.
Vegas input parameters:
  ndim 11
  ncomp 1
  epsrel 0
  epsabs 0
  flags 291
  seed 921
  mineval 1
  maxeval 1
  nstart 1000000
  nincrease 500000
  nbatch 1000
  gridno 1
  statefile "vegas_last_iter54"

Restoring state from vegas_last_iter54.

Iteration 15:  67500000 integrand evaluations so far
[1] -1.37296e-06 +- 1.01005e-09  	chisq 20.9284 (14 df)

Saving state to vegas_last_iter54.
Vegas input parameters:
  ndim 11
  ncomp 1
  epsrel 0
  epsabs 0
  flags 291
  seed 975
  mineval 1
  maxeval 1
  nstart 1000000
  nincrease 500000
  nbatch 1000
  gridno 1
  statefile "vegas_last_iter54"

Restoring state from vegas_last_iter54.

Iteration 16:  76000000 integrand evaluations so far
[1] -1.37258e-06 +- 9.40971e-10  	chisq 21.9738 (15 df)

Saving state to vegas_last_iter54.
Vegas input parameters:
  ndim 11
  ncomp 1
  epsrel 0
  epsabs 0
  flags 291
  seed 1029
  mineval 1
  maxeval 1
  nstart 1000000
  nincrease 500000
  nbatch 1000
  gridno 1
  statefile "vegas_last_iter54"

Restoring state from vegas_last_iter54.

Iteration 17:  85000000 integrand evaluations so far
[1] -1.3724e-06 +- 8.81345e-10  	chisq 22.2976 (16 df)

Saving state to vegas_last_iter54.
Vegas input parameters:
  ndim 11
  ncomp 1
  epsrel 0
  epsabs 0
  flags 291
  seed 1083
  mineval 1
  maxeval 1
  nstart 1000000
  nincrease 500000
  nbatch 1000
  gridno 1
  statefile "vegas_last_iter54"

Restoring state from vegas_last_iter54.

Iteration 18:  94500000 integrand evaluations so far
[1] -1.37247e-06 +- 8.29262e-10  	chisq 22.3601 (17 df)

Saving state to vegas_last_iter54.
Vegas input parameters:
  ndim 11
  ncomp 1
  epsrel 0
  epsabs 0
  flags 291
  seed 1137
  mineval 1
  maxeval 1
  nstart 1000000
  nincrease 500000
  nbatch 1000
  gridno 1
  statefile "vegas_last_iter54"

Restoring state from vegas_last_iter54.

Iteration 19:  104500000 integrand evaluations so far
[1] -1.37295e-06 +- 7.83272e-10  	chisq 25.5145 (18 df)

Saving state to vegas_last_iter54.
Vegas input parameters:
  ndim 11
  ncomp 1
  epsrel 0
  epsabs 0
  flags 291
  seed 1191
  mineval 1
  maxeval 1
  nstart 1000000
  nincrease 500000
  nbatch 1000
  gridno 1
  statefile "vegas_last_iter54"

Restoring state from vegas_last_iter54.

Iteration 20:  115000000 integrand evaluations so far
[1] -1.37276e-06 +- 7.42395e-10  	chisq 26.1166 (19 df)

Saving state to vegas_last_iter54.
Vegas input parameters:
  ndim 11
  ncomp 1
  epsrel 0
  epsabs 0
  flags 291
  seed 1245
  mineval 1
  maxeval 1
  nstart 1000000
  nincrease 500000
  nbatch 1000
  gridno 1
  statefile "vegas_last_iter54"

Restoring state from vegas_last_iter54.

Iteration 21:  126000000 integrand evaluations so far
[1] -1.37267e-06 +- 7.05782e-10  	chisq 26.265 (20 df)

Saving state to vegas_last_iter54.
Vegas input parameters:
  ndim 11
  ncomp 1
  epsrel 0
  epsabs 0
  flags 291
  seed 1299
  mineval 1
  maxeval 1
  nstart 1000000
  nincrease 500000
  nbatch 1000
  gridno 1
  statefile "vegas_last_iter54"

Restoring state from vegas_last_iter54.

Iteration 22:  137500000 integrand evaluations so far
[1] -1.37266e-06 +- 6.72679e-10  	chisq 26.2705 (21 df)

Saving state to vegas_last_iter54.
Vegas input parameters:
  ndim 11
  ncomp 1
  epsrel 0
  epsabs 0
  flags 291
  seed 1353
  mineval 1
  maxeval 1
  nstart 1000000
  nincrease 500000
  nbatch 1000
  gridno 1
  statefile "vegas_last_iter54"

Restoring state from vegas_last_iter54.

Iteration 23:  149500000 integrand evaluations so far
[1] -1.37256e-06 +- 6.42725e-10  	chisq 26.4913 (22 df)

Saving state to vegas_last_iter54.
Vegas input parameters:
  ndim 11
  ncomp 1
  epsrel 0
  epsabs 0
  flags 291
  seed 1407
  mineval 1
  maxeval 1
  nstart 1000000
  nincrease 500000
  nbatch 1000
  gridno 1
  statefile "vegas_last_iter54"

Restoring state from vegas_last_iter54.

Iteration 24:  162000000 integrand evaluations so far
[1] -1.37254e-06 +- 6.1541e-10  	chisq 26.509 (23 df)

Saving state to vegas_last_iter54.
Vegas input parameters:
  ndim 11
  ncomp 1
  epsrel 0
  epsabs 0
  flags 291
  seed 1461
  mineval 1
  maxeval 1
  nstart 1000000
  nincrease 500000
  nbatch 1000
  gridno 1
  statefile "vegas_last_iter54"

Restoring state from vegas_last_iter54.

Iteration 25:  175000000 integrand evaluations so far
[1] -1.37267e-06 +- 5.90363e-10  	chisq 27.1195 (24 df)

Saving state to vegas_last_iter54.
Vegas input parameters:
  ndim 11
  ncomp 1
  epsrel 0
  epsabs 0
  flags 291
  seed 1515
  mineval 1
  maxeval 1
  nstart 1000000
  nincrease 500000
  nbatch 1000
  gridno 1
  statefile "vegas_last_iter54"

Restoring state from vegas_last_iter54.

Iteration 26:  188500000 integrand evaluations so far
[1] -1.37239e-06 +- 5.67333e-10  	chisq 30.1415 (25 df)

Saving state to vegas_last_iter54.
Vegas input parameters:
  ndim 11
  ncomp 1
  epsrel 0
  epsabs 0
  flags 291
  seed 1569
  mineval 1
  maxeval 1
  nstart 1000000
  nincrease 500000
  nbatch 1000
  gridno 1
  statefile "vegas_last_iter54"

Restoring state from vegas_last_iter54.

Iteration 27:  202500000 integrand evaluations so far
[1] -1.37238e-06 +- 5.46094e-10  	chisq 30.1462 (26 df)

Saving state to vegas_last_iter54.
Thanks for using LHAPDF 6.2.1. Please make sure to cite the paper:
  Eur.Phys.J. C75 (2015) 3, 132  (http://arxiv.org/abs/1412.7420)
 method   =Vegas  
 nregions =           1
 neval    =   202500000
 fail     =           1
 -0.137237915811E-05 +-   0.546094050746E-09   p =    0.692
