LHAPDF 6.2.1 loading /cvmfs/cms.cern.ch/slc6_amd64_gcc630/external/lhapdf/6.2.1-omkpbe3/share/LHAPDF/NNPDF31_nnlo_as_0118_nf_4/NNPDF31_nnlo_as_0118_nf_4_0000.dat
NNPDF31_nnlo_as_0118_nf_4 PDF set, member #0, version 1; LHAPDF ID = 320900
Vegas input parameters:
  ndim 11
  ncomp 1
  epsrel 0
  epsabs 0
  flags 291
  seed 257
  mineval 1
  maxeval 1
  nstart 1000000
  nincrease 500000
  nbatch 1000
  gridno 1
  statefile "vegas_last_iter146"

Iteration 1:  1000000 integrand evaluations so far
[1] -7.5146e-08 +- 5.50971e-08  	chisq 0 (0 df)

Saving state to vegas_last_iter146.
Vegas input parameters:
  ndim 11
  ncomp 1
  epsrel 0
  epsabs 0
  flags 291
  seed 403
  mineval 1
  maxeval 1
  nstart 1000000
  nincrease 500000
  nbatch 1000
  gridno 1
  statefile "vegas_last_iter146"

Restoring state from vegas_last_iter146.

Iteration 2:  2500000 integrand evaluations so far
[1] -7.31971e-08 +- 3.6881e-08  	chisq 0.0022667 (1 df)

Saving state to vegas_last_iter146.
Vegas input parameters:
  ndim 11
  ncomp 1
  epsrel 0
  epsabs 0
  flags 291
  seed 549
  mineval 1
  maxeval 1
  nstart 1000000
  nincrease 500000
  nbatch 1000
  gridno 1
  statefile "vegas_last_iter146"

Restoring state from vegas_last_iter146.

Iteration 3:  4500000 integrand evaluations so far
[1] -5.06418e-08 +- 2.15336e-08  	chisq 0.569738 (2 df)

Saving state to vegas_last_iter146.
Vegas input parameters:
  ndim 11
  ncomp 1
  epsrel 0
  epsabs 0
  flags 291
  seed 695
  mineval 1
  maxeval 1
  nstart 1000000
  nincrease 500000
  nbatch 1000
  gridno 1
  statefile "vegas_last_iter146"

Restoring state from vegas_last_iter146.

Iteration 4:  7000000 integrand evaluations so far
[1] -4.20466e-08 +- 1.79072e-08  	chisq 1.08626 (3 df)

Saving state to vegas_last_iter146.
Vegas input parameters:
  ndim 11
  ncomp 1
  epsrel 0
  epsabs 0
  flags 291
  seed 841
  mineval 1
  maxeval 1
  nstart 1000000
  nincrease 500000
  nbatch 1000
  gridno 1
  statefile "vegas_last_iter146"

Restoring state from vegas_last_iter146.

Iteration 5:  10000000 integrand evaluations so far
[1] 1.2048e-08 +- 3.87748e-09  	chisq 10.6605 (4 df)

Saving state to vegas_last_iter146.
Vegas input parameters:
  ndim 11
  ncomp 1
  epsrel 0
  epsabs 0
  flags 291
  seed 987
  mineval 1
  maxeval 1
  nstart 1000000
  nincrease 500000
  nbatch 1000
  gridno 1
  statefile "vegas_last_iter146"

Restoring state from vegas_last_iter146.

Iteration 6:  13500000 integrand evaluations so far
[1] 1.32986e-08 +- 8.03197e-10  	chisq 10.7692 (5 df)

Saving state to vegas_last_iter146.
Vegas input parameters:
  ndim 11
  ncomp 1
  epsrel 0
  epsabs 0
  flags 291
  seed 1133
  mineval 1
  maxeval 1
  nstart 1000000
  nincrease 500000
  nbatch 1000
  gridno 1
  statefile "vegas_last_iter146"

Restoring state from vegas_last_iter146.

Iteration 7:  17500000 integrand evaluations so far
[1] 1.37079e-08 +- 3.90334e-10  	chisq 11.1092 (6 df)

Saving state to vegas_last_iter146.
Vegas input parameters:
  ndim 11
  ncomp 1
  epsrel 0
  epsabs 0
  flags 291
  seed 1279
  mineval 1
  maxeval 1
  nstart 1000000
  nincrease 500000
  nbatch 1000
  gridno 1
  statefile "vegas_last_iter146"

Restoring state from vegas_last_iter146.

Iteration 8:  22000000 integrand evaluations so far
[1] 1.4511e-08 +- 2.62677e-10  	chisq 18.846 (7 df)

Saving state to vegas_last_iter146.
Vegas input parameters:
  ndim 11
  ncomp 1
  epsrel 0
  epsabs 0
  flags 291
  seed 1425
  mineval 1
  maxeval 1
  nstart 1000000
  nincrease 500000
  nbatch 1000
  gridno 1
  statefile "vegas_last_iter146"

Restoring state from vegas_last_iter146.

Iteration 9:  27000000 integrand evaluations so far
[1] 1.4205e-08 +- 2.03027e-10  	chisq 22.2181 (8 df)

Saving state to vegas_last_iter146.
Vegas input parameters:
  ndim 11
  ncomp 1
  epsrel 0
  epsabs 0
  flags 291
  seed 1571
  mineval 1
  maxeval 1
  nstart 1000000
  nincrease 500000
  nbatch 1000
  gridno 1
  statefile "vegas_last_iter146"

Restoring state from vegas_last_iter146.

Iteration 10:  32500000 integrand evaluations so far
[1] 1.42347e-08 +- 1.68095e-10  	chisq 22.2861 (9 df)

Saving state to vegas_last_iter146.
Vegas input parameters:
  ndim 11
  ncomp 1
  epsrel 0
  epsabs 0
  flags 291
  seed 1717
  mineval 1
  maxeval 1
  nstart 1000000
  nincrease 500000
  nbatch 1000
  gridno 1
  statefile "vegas_last_iter146"

Restoring state from vegas_last_iter146.

Iteration 11:  38500000 integrand evaluations so far
[1] 1.39893e-08 +- 1.44827e-10  	chisq 30.5526 (10 df)

Saving state to vegas_last_iter146.
Vegas input parameters:
  ndim 11
  ncomp 1
  epsrel 0
  epsabs 0
  flags 291
  seed 1863
  mineval 1
  maxeval 1
  nstart 1000000
  nincrease 500000
  nbatch 1000
  gridno 1
  statefile "vegas_last_iter146"

Restoring state from vegas_last_iter146.

Iteration 12:  45000000 integrand evaluations so far
[1] 1.39834e-08 +- 1.28043e-10  	chisq 30.5603 (11 df)

Saving state to vegas_last_iter146.
Vegas input parameters:
  ndim 11
  ncomp 1
  epsrel 0
  epsabs 0
  flags 291
  seed 2009
  mineval 1
  maxeval 1
  nstart 1000000
  nincrease 500000
  nbatch 1000
  gridno 1
  statefile "vegas_last_iter146"

Restoring state from vegas_last_iter146.

Iteration 13:  52000000 integrand evaluations so far
[1] 1.4095e-08 +- 1.15316e-10  	chisq 34.5825 (12 df)

Saving state to vegas_last_iter146.
Vegas input parameters:
  ndim 11
  ncomp 1
  epsrel 0
  epsabs 0
  flags 291
  seed 2155
  mineval 1
  maxeval 1
  nstart 1000000
  nincrease 500000
  nbatch 1000
  gridno 1
  statefile "vegas_last_iter146"

Restoring state from vegas_last_iter146.

Iteration 14:  59500000 integrand evaluations so far
[1] 1.40879e-08 +- 1.05163e-10  	chisq 34.6052 (13 df)

Saving state to vegas_last_iter146.
Vegas input parameters:
  ndim 11
  ncomp 1
  epsrel 0
  epsabs 0
  flags 291
  seed 2301
  mineval 1
  maxeval 1
  nstart 1000000
  nincrease 500000
  nbatch 1000
  gridno 1
  statefile "vegas_last_iter146"

Restoring state from vegas_last_iter146.

Iteration 15:  67500000 integrand evaluations so far
[1] 1.40199e-08 +- 9.67802e-11  	chisq 37.3366 (14 df)

Saving state to vegas_last_iter146.
Vegas input parameters:
  ndim 11
  ncomp 1
  epsrel 0
  epsabs 0
  flags 291
  seed 2447
  mineval 1
  maxeval 1
  nstart 1000000
  nincrease 500000
  nbatch 1000
  gridno 1
  statefile "vegas_last_iter146"

Restoring state from vegas_last_iter146.

Iteration 16:  76000000 integrand evaluations so far
[1] 1.40062e-08 +- 8.97276e-11  	chisq 37.4797 (15 df)

Saving state to vegas_last_iter146.
Vegas input parameters:
  ndim 11
  ncomp 1
  epsrel 0
  epsabs 0
  flags 291
  seed 2593
  mineval 1
  maxeval 1
  nstart 1000000
  nincrease 500000
  nbatch 1000
  gridno 1
  statefile "vegas_last_iter146"

Restoring state from vegas_last_iter146.

Iteration 17:  85000000 integrand evaluations so far
[1] 1.4064e-08 +- 8.36911e-11  	chisq 40.68 (16 df)

Saving state to vegas_last_iter146.
Vegas input parameters:
  ndim 11
  ncomp 1
  epsrel 0
  epsabs 0
  flags 291
  seed 2739
  mineval 1
  maxeval 1
  nstart 1000000
  nincrease 500000
  nbatch 1000
  gridno 1
  statefile "vegas_last_iter146"

Restoring state from vegas_last_iter146.

Iteration 18:  94500000 integrand evaluations so far
[1] 1.40232e-08 +- 7.84571e-11  	chisq 42.6442 (17 df)

Saving state to vegas_last_iter146.
Vegas input parameters:
  ndim 11
  ncomp 1
  epsrel 0
  epsabs 0
  flags 291
  seed 2885
  mineval 1
  maxeval 1
  nstart 1000000
  nincrease 500000
  nbatch 1000
  gridno 1
  statefile "vegas_last_iter146"

Restoring state from vegas_last_iter146.

Iteration 19:  104500000 integrand evaluations so far
[1] 1.40643e-08 +- 7.38873e-11  	chisq 45.0735 (18 df)

Saving state to vegas_last_iter146.
Vegas input parameters:
  ndim 11
  ncomp 1
  epsrel 0
  epsabs 0
  flags 291
  seed 3031
  mineval 1
  maxeval 1
  nstart 1000000
  nincrease 500000
  nbatch 1000
  gridno 1
  statefile "vegas_last_iter146"

Restoring state from vegas_last_iter146.

Iteration 20:  115000000 integrand evaluations so far
[1] 1.40355e-08 +- 6.98483e-11  	chisq 46.5045 (19 df)

Saving state to vegas_last_iter146.
Vegas input parameters:
  ndim 11
  ncomp 1
  epsrel 0
  epsabs 0
  flags 291
  seed 3177
  mineval 1
  maxeval 1
  nstart 1000000
  nincrease 500000
  nbatch 1000
  gridno 1
  statefile "vegas_last_iter146"

Restoring state from vegas_last_iter146.

Iteration 21:  126000000 integrand evaluations so far
[1] 1.40613e-08 +- 6.62594e-11  	chisq 47.8675 (20 df)

Saving state to vegas_last_iter146.
Vegas input parameters:
  ndim 11
  ncomp 1
  epsrel 0
  epsabs 0
  flags 291
  seed 3323
  mineval 1
  maxeval 1
  nstart 1000000
  nincrease 500000
  nbatch 1000
  gridno 1
  statefile "vegas_last_iter146"

Restoring state from vegas_last_iter146.

Iteration 22:  137500000 integrand evaluations so far
[1] 1.40582e-08 +- 6.30383e-11  	chisq 47.89 (21 df)

Saving state to vegas_last_iter146.
Vegas input parameters:
  ndim 11
  ncomp 1
  epsrel 0
  epsabs 0
  flags 291
  seed 3469
  mineval 1
  maxeval 1
  nstart 1000000
  nincrease 500000
  nbatch 1000
  gridno 1
  statefile "vegas_last_iter146"

Restoring state from vegas_last_iter146.

Iteration 23:  149500000 integrand evaluations so far
[1] 1.40383e-08 +- 6.01239e-11  	chisq 48.9946 (22 df)

Saving state to vegas_last_iter146.
Vegas input parameters:
  ndim 11
  ncomp 1
  epsrel 0
  epsabs 0
  flags 291
  seed 3615
  mineval 1
  maxeval 1
  nstart 1000000
  nincrease 500000
  nbatch 1000
  gridno 1
  statefile "vegas_last_iter146"

Restoring state from vegas_last_iter146.

Iteration 24:  162000000 integrand evaluations so far
[1] 1.40074e-08 +- 5.74765e-11  	chisq 52.0766 (23 df)

Saving state to vegas_last_iter146.
Vegas input parameters:
  ndim 11
  ncomp 1
  epsrel 0
  epsabs 0
  flags 291
  seed 3761
  mineval 1
  maxeval 1
  nstart 1000000
  nincrease 500000
  nbatch 1000
  gridno 1
  statefile "vegas_last_iter146"

Restoring state from vegas_last_iter146.

Iteration 25:  175000000 integrand evaluations so far
[1] 1.39973e-08 +- 5.50645e-11  	chisq 52.4504 (24 df)

Saving state to vegas_last_iter146.
Vegas input parameters:
  ndim 11
  ncomp 1
  epsrel 0
  epsabs 0
  flags 291
  seed 3907
  mineval 1
  maxeval 1
  nstart 1000000
  nincrease 500000
  nbatch 1000
  gridno 1
  statefile "vegas_last_iter146"

Restoring state from vegas_last_iter146.

Iteration 26:  188500000 integrand evaluations so far
[1] 1.3999e-08 +- 5.28583e-11  	chisq 52.4628 (25 df)

Saving state to vegas_last_iter146.
Vegas input parameters:
  ndim 11
  ncomp 1
  epsrel 0
  epsabs 0
  flags 291
  seed 4053
  mineval 1
  maxeval 1
  nstart 1000000
  nincrease 500000
  nbatch 1000
  gridno 1
  statefile "vegas_last_iter146"

Restoring state from vegas_last_iter146.

Iteration 27:  202500000 integrand evaluations so far
[1] 1.40113e-08 +- 5.08302e-11  	chisq 53.1869 (26 df)

Saving state to vegas_last_iter146.
Thanks for using LHAPDF 6.2.1. Please make sure to cite the paper:
  Eur.Phys.J. C75 (2015) 3, 132  (http://arxiv.org/abs/1412.7420)
 method   =Vegas  
 nregions =           1
 neval    =   202500000
 fail     =           1
  0.140113428481E-07 +-   0.508302116788E-10   p =    0.998
