LHAPDF 6.2.1 loading /cvmfs/cms.cern.ch/slc6_amd64_gcc630/external/lhapdf/6.2.1-omkpbe3/share/LHAPDF/NNPDF31_nnlo_as_0118_nf_4/NNPDF31_nnlo_as_0118_nf_4_0000.dat
NNPDF31_nnlo_as_0118_nf_4 PDF set, member #0, version 1; LHAPDF ID = 320900
Vegas input parameters:
  ndim 11
  ncomp 1
  epsrel 0
  epsabs 0
  flags 291
  seed 264
  mineval 1
  maxeval 1
  nstart 1000000
  nincrease 500000
  nbatch 1000
  gridno 1
  statefile "vegas_last_iter153"

Iteration 1:  1000000 integrand evaluations so far
[1] -1.22542e-09 +- 7.2947e-10  	chisq 0 (0 df)

Saving state to vegas_last_iter153.
Vegas input parameters:
  ndim 11
  ncomp 1
  epsrel 0
  epsabs 0
  flags 291
  seed 417
  mineval 1
  maxeval 1
  nstart 1000000
  nincrease 500000
  nbatch 1000
  gridno 1
  statefile "vegas_last_iter153"

Restoring state from vegas_last_iter153.

Iteration 2:  2500000 integrand evaluations so far
[1] -2.18628e-09 +- 5.90154e-10  	chisq 5.02185 (1 df)

Saving state to vegas_last_iter153.
Vegas input parameters:
  ndim 11
  ncomp 1
  epsrel 0
  epsabs 0
  flags 291
  seed 570
  mineval 1
  maxeval 1
  nstart 1000000
  nincrease 500000
  nbatch 1000
  gridno 1
  statefile "vegas_last_iter153"

Restoring state from vegas_last_iter153.

Iteration 3:  4500000 integrand evaluations so far
[1] -3.61984e-09 +- 4.28368e-10  	chisq 17.4934 (2 df)

Saving state to vegas_last_iter153.
Vegas input parameters:
  ndim 11
  ncomp 1
  epsrel 0
  epsabs 0
  flags 291
  seed 723
  mineval 1
  maxeval 1
  nstart 1000000
  nincrease 500000
  nbatch 1000
  gridno 1
  statefile "vegas_last_iter153"

Restoring state from vegas_last_iter153.

Iteration 4:  7000000 integrand evaluations so far
[1] -4.96758e-09 +- 1.69062e-10  	chisq 29.2185 (3 df)

Saving state to vegas_last_iter153.
Vegas input parameters:
  ndim 11
  ncomp 1
  epsrel 0
  epsabs 0
  flags 291
  seed 876
  mineval 1
  maxeval 1
  nstart 1000000
  nincrease 500000
  nbatch 1000
  gridno 1
  statefile "vegas_last_iter153"

Restoring state from vegas_last_iter153.

Iteration 5:  10000000 integrand evaluations so far
[1] -5.23736e-09 +- 2.44138e-11  	chisq 31.8191 (4 df)

Saving state to vegas_last_iter153.
Vegas input parameters:
  ndim 11
  ncomp 1
  epsrel 0
  epsabs 0
  flags 291
  seed 1029
  mineval 1
  maxeval 1
  nstart 1000000
  nincrease 500000
  nbatch 1000
  gridno 1
  statefile "vegas_last_iter153"

Restoring state from vegas_last_iter153.

Iteration 6:  13500000 integrand evaluations so far
[1] -5.27757e-09 +- 6.64625e-12  	chisq 34.7489 (5 df)

Saving state to vegas_last_iter153.
Vegas input parameters:
  ndim 11
  ncomp 1
  epsrel 0
  epsabs 0
  flags 291
  seed 1182
  mineval 1
  maxeval 1
  nstart 1000000
  nincrease 500000
  nbatch 1000
  gridno 1
  statefile "vegas_last_iter153"

Restoring state from vegas_last_iter153.

Iteration 7:  17500000 integrand evaluations so far
[1] -5.28689e-09 +- 3.27413e-12  	chisq 37.3447 (6 df)

Saving state to vegas_last_iter153.
Vegas input parameters:
  ndim 11
  ncomp 1
  epsrel 0
  epsabs 0
  flags 291
  seed 1335
  mineval 1
  maxeval 1
  nstart 1000000
  nincrease 500000
  nbatch 1000
  gridno 1
  statefile "vegas_last_iter153"

Restoring state from vegas_last_iter153.

Iteration 8:  22000000 integrand evaluations so far
[1] -5.28429e-09 +- 2.39503e-12  	chisq 38.699 (7 df)

Saving state to vegas_last_iter153.
Vegas input parameters:
  ndim 11
  ncomp 1
  epsrel 0
  epsabs 0
  flags 291
  seed 1488
  mineval 1
  maxeval 1
  nstart 1000000
  nincrease 500000
  nbatch 1000
  gridno 1
  statefile "vegas_last_iter153"

Restoring state from vegas_last_iter153.

Iteration 9:  27000000 integrand evaluations so far
[1] -5.28405e-09 +- 1.89832e-12  	chisq 38.7262 (8 df)

Saving state to vegas_last_iter153.
Vegas input parameters:
  ndim 11
  ncomp 1
  epsrel 0
  epsabs 0
  flags 291
  seed 1641
  mineval 1
  maxeval 1
  nstart 1000000
  nincrease 500000
  nbatch 1000
  gridno 1
  statefile "vegas_last_iter153"

Restoring state from vegas_last_iter153.

Iteration 10:  32500000 integrand evaluations so far
[1] -5.28245e-09 +- 1.52614e-12  	chisq 40.731 (9 df)

Saving state to vegas_last_iter153.
Vegas input parameters:
  ndim 11
  ncomp 1
  epsrel 0
  epsabs 0
  flags 291
  seed 1794
  mineval 1
  maxeval 1
  nstart 1000000
  nincrease 500000
  nbatch 1000
  gridno 1
  statefile "vegas_last_iter153"

Restoring state from vegas_last_iter153.

Iteration 11:  38500000 integrand evaluations so far
[1] -5.28175e-09 +- 1.27659e-12  	chisq 41.4393 (10 df)

Saving state to vegas_last_iter153.
Vegas input parameters:
  ndim 11
  ncomp 1
  epsrel 0
  epsabs 0
  flags 291
  seed 1947
  mineval 1
  maxeval 1
  nstart 1000000
  nincrease 500000
  nbatch 1000
  gridno 1
  statefile "vegas_last_iter153"

Restoring state from vegas_last_iter153.

Iteration 12:  45000000 integrand evaluations so far
[1] -5.28069e-09 +- 1.10056e-12  	chisq 44.0961 (11 df)

Saving state to vegas_last_iter153.
Vegas input parameters:
  ndim 11
  ncomp 1
  epsrel 0
  epsabs 0
  flags 291
  seed 2100
  mineval 1
  maxeval 1
  nstart 1000000
  nincrease 500000
  nbatch 1000
  gridno 1
  statefile "vegas_last_iter153"

Restoring state from vegas_last_iter153.

Iteration 13:  52000000 integrand evaluations so far
[1] -5.28126e-09 +- 9.71064e-13  	chisq 45.2748 (12 df)

Saving state to vegas_last_iter153.
Vegas input parameters:
  ndim 11
  ncomp 1
  epsrel 0
  epsabs 0
  flags 291
  seed 2253
  mineval 1
  maxeval 1
  nstart 1000000
  nincrease 500000
  nbatch 1000
  gridno 1
  statefile "vegas_last_iter153"

Restoring state from vegas_last_iter153.

Iteration 14:  59500000 integrand evaluations so far
[1] -5.28152e-09 +- 8.73074e-13  	chisq 45.6575 (13 df)

Saving state to vegas_last_iter153.
Vegas input parameters:
  ndim 11
  ncomp 1
  epsrel 0
  epsabs 0
  flags 291
  seed 2406
  mineval 1
  maxeval 1
  nstart 1000000
  nincrease 500000
  nbatch 1000
  gridno 1
  statefile "vegas_last_iter153"

Restoring state from vegas_last_iter153.

Iteration 15:  67500000 integrand evaluations so far
[1] -5.28158e-09 +- 7.95864e-13  	chisq 45.6839 (14 df)

Saving state to vegas_last_iter153.
Vegas input parameters:
  ndim 11
  ncomp 1
  epsrel 0
  epsabs 0
  flags 291
  seed 2559
  mineval 1
  maxeval 1
  nstart 1000000
  nincrease 500000
  nbatch 1000
  gridno 1
  statefile "vegas_last_iter153"

Restoring state from vegas_last_iter153.

Iteration 16:  76000000 integrand evaluations so far
[1] -5.28162e-09 +- 7.42807e-13  	chisq 45.705 (15 df)

Saving state to vegas_last_iter153.
Vegas input parameters:
  ndim 11
  ncomp 1
  epsrel 0
  epsabs 0
  flags 291
  seed 2712
  mineval 1
  maxeval 1
  nstart 1000000
  nincrease 500000
  nbatch 1000
  gridno 1
  statefile "vegas_last_iter153"

Restoring state from vegas_last_iter153.

Iteration 17:  85000000 integrand evaluations so far
[1] -5.28141e-09 +- 6.9393e-13  	chisq 46.344 (16 df)

Saving state to vegas_last_iter153.
Vegas input parameters:
  ndim 11
  ncomp 1
  epsrel 0
  epsabs 0
  flags 291
  seed 2865
  mineval 1
  maxeval 1
  nstart 1000000
  nincrease 500000
  nbatch 1000
  gridno 1
  statefile "vegas_last_iter153"

Restoring state from vegas_last_iter153.

Iteration 18:  94500000 integrand evaluations so far
[1] -5.28118e-09 +- 6.5029e-13  	chisq 47.2282 (17 df)

Saving state to vegas_last_iter153.
Vegas input parameters:
  ndim 11
  ncomp 1
  epsrel 0
  epsabs 0
  flags 291
  seed 3018
  mineval 1
  maxeval 1
  nstart 1000000
  nincrease 500000
  nbatch 1000
  gridno 1
  statefile "vegas_last_iter153"

Restoring state from vegas_last_iter153.

Iteration 19:  104500000 integrand evaluations so far
[1] -5.28091e-09 +- 6.11495e-13  	chisq 48.6496 (18 df)

Saving state to vegas_last_iter153.
Vegas input parameters:
  ndim 11
  ncomp 1
  epsrel 0
  epsabs 0
  flags 291
  seed 3171
  mineval 1
  maxeval 1
  nstart 1000000
  nincrease 500000
  nbatch 1000
  gridno 1
  statefile "vegas_last_iter153"

Restoring state from vegas_last_iter153.

Iteration 20:  115000000 integrand evaluations so far
[1] -5.28062e-09 +- 5.76151e-13  	chisq 50.6973 (19 df)

Saving state to vegas_last_iter153.
Vegas input parameters:
  ndim 11
  ncomp 1
  epsrel 0
  epsabs 0
  flags 291
  seed 3324
  mineval 1
  maxeval 1
  nstart 1000000
  nincrease 500000
  nbatch 1000
  gridno 1
  statefile "vegas_last_iter153"

Restoring state from vegas_last_iter153.

Iteration 21:  126000000 integrand evaluations so far
[1] -5.28016e-09 +- 5.44337e-13  	chisq 56.7505 (20 df)

Saving state to vegas_last_iter153.
Vegas input parameters:
  ndim 11
  ncomp 1
  epsrel 0
  epsabs 0
  flags 291
  seed 3477
  mineval 1
  maxeval 1
  nstart 1000000
  nincrease 500000
  nbatch 1000
  gridno 1
  statefile "vegas_last_iter153"

Restoring state from vegas_last_iter153.

Iteration 22:  137500000 integrand evaluations so far
[1] -5.28007e-09 +- 5.15473e-13  	chisq 56.9923 (21 df)

Saving state to vegas_last_iter153.
Vegas input parameters:
  ndim 11
  ncomp 1
  epsrel 0
  epsabs 0
  flags 291
  seed 3630
  mineval 1
  maxeval 1
  nstart 1000000
  nincrease 500000
  nbatch 1000
  gridno 1
  statefile "vegas_last_iter153"

Restoring state from vegas_last_iter153.

Iteration 23:  149500000 integrand evaluations so far
[1] -5.27989e-09 +- 4.9014e-13  	chisq 58.2677 (22 df)

Saving state to vegas_last_iter153.
Vegas input parameters:
  ndim 11
  ncomp 1
  epsrel 0
  epsabs 0
  flags 291
  seed 3783
  mineval 1
  maxeval 1
  nstart 1000000
  nincrease 500000
  nbatch 1000
  gridno 1
  statefile "vegas_last_iter153"

Restoring state from vegas_last_iter153.

Iteration 24:  162000000 integrand evaluations so far
[1] -5.27981e-09 +- 4.6683e-13  	chisq 58.5705 (23 df)

Saving state to vegas_last_iter153.
Vegas input parameters:
  ndim 11
  ncomp 1
  epsrel 0
  epsabs 0
  flags 291
  seed 3936
  mineval 1
  maxeval 1
  nstart 1000000
  nincrease 500000
  nbatch 1000
  gridno 1
  statefile "vegas_last_iter153"

Restoring state from vegas_last_iter153.

Iteration 25:  175000000 integrand evaluations so far
[1] -5.27967e-09 +- 4.45758e-13  	chisq 59.5264 (24 df)

Saving state to vegas_last_iter153.
Vegas input parameters:
  ndim 11
  ncomp 1
  epsrel 0
  epsabs 0
  flags 291
  seed 4089
  mineval 1
  maxeval 1
  nstart 1000000
  nincrease 500000
  nbatch 1000
  gridno 1
  statefile "vegas_last_iter153"

Restoring state from vegas_last_iter153.

Iteration 26:  188500000 integrand evaluations so far
[1] -5.27947e-09 +- 4.27318e-13  	chisq 62.0691 (25 df)

Saving state to vegas_last_iter153.
Vegas input parameters:
  ndim 11
  ncomp 1
  epsrel 0
  epsabs 0
  flags 291
  seed 4242
  mineval 1
  maxeval 1
  nstart 1000000
  nincrease 500000
  nbatch 1000
  gridno 1
  statefile "vegas_last_iter153"

Restoring state from vegas_last_iter153.

Iteration 27:  202500000 integrand evaluations so far
[1] -5.2796e-09 +- 4.12997e-13  	chisq 63.4795 (26 df)

Saving state to vegas_last_iter153.
Thanks for using LHAPDF 6.2.1. Please make sure to cite the paper:
  Eur.Phys.J. C75 (2015) 3, 132  (http://arxiv.org/abs/1412.7420)
 method   =Vegas  
 nregions =           1
 neval    =   202500000
 fail     =           1
 -0.527960076924E-08 +-   0.412996852737E-12   p =    1.000
