LHAPDF 6.2.1 loading /cvmfs/cms.cern.ch/slc6_amd64_gcc630/external/lhapdf/6.2.1-omkpbe3/share/LHAPDF/NNPDF31_nnlo_as_0118_nf_4/NNPDF31_nnlo_as_0118_nf_4_0000.dat
NNPDF31_nnlo_as_0118_nf_4 PDF set, member #0, version 1; LHAPDF ID = 320900
Vegas input parameters:
  ndim 11
  ncomp 1
  epsrel 0
  epsabs 0
  flags 291
  seed 125
  mineval 1
  maxeval 1
  nstart 1000000
  nincrease 500000
  nbatch 1000
  gridno 1
  statefile "vegas_last_iter14"

Iteration 1:  1000000 integrand evaluations so far
[1] -1.87726e-09 +- 3.12712e-10  	chisq 0 (0 df)

Saving state to vegas_last_iter14.
Vegas input parameters:
  ndim 11
  ncomp 1
  epsrel 0
  epsabs 0
  flags 291
  seed 139
  mineval 1
  maxeval 1
  nstart 1000000
  nincrease 500000
  nbatch 1000
  gridno 1
  statefile "vegas_last_iter14"

Restoring state from vegas_last_iter14.

Iteration 2:  2500000 integrand evaluations so far
[1] -2.97979e-09 +- 1.82765e-10  	chisq 18.8796 (1 df)

Saving state to vegas_last_iter14.
Vegas input parameters:
  ndim 11
  ncomp 1
  epsrel 0
  epsabs 0
  flags 291
  seed 153
  mineval 1
  maxeval 1
  nstart 1000000
  nincrease 500000
  nbatch 1000
  gridno 1
  statefile "vegas_last_iter14"

Restoring state from vegas_last_iter14.

Iteration 3:  4500000 integrand evaluations so far
[1] -3.97837e-09 +- 7.67335e-11  	chisq 55.1202 (2 df)

Saving state to vegas_last_iter14.
Vegas input parameters:
  ndim 11
  ncomp 1
  epsrel 0
  epsabs 0
  flags 291
  seed 167
  mineval 1
  maxeval 1
  nstart 1000000
  nincrease 500000
  nbatch 1000
  gridno 1
  statefile "vegas_last_iter14"

Restoring state from vegas_last_iter14.

Iteration 4:  7000000 integrand evaluations so far
[1] -4.25081e-09 +- 5.67792e-11  	chisq 82.9784 (3 df)

Saving state to vegas_last_iter14.
Vegas input parameters:
  ndim 11
  ncomp 1
  epsrel 0
  epsabs 0
  flags 291
  seed 181
  mineval 1
  maxeval 1
  nstart 1000000
  nincrease 500000
  nbatch 1000
  gridno 1
  statefile "vegas_last_iter14"

Restoring state from vegas_last_iter14.

Iteration 5:  10000000 integrand evaluations so far
[1] -4.47778e-09 +- 1.63484e-11  	chisq 100.403 (4 df)

Saving state to vegas_last_iter14.
Vegas input parameters:
  ndim 11
  ncomp 1
  epsrel 0
  epsabs 0
  flags 291
  seed 195
  mineval 1
  maxeval 1
  nstart 1000000
  nincrease 500000
  nbatch 1000
  gridno 1
  statefile "vegas_last_iter14"

Restoring state from vegas_last_iter14.

Iteration 6:  13500000 integrand evaluations so far
[1] -4.50254e-09 +- 5.33937e-12  	chisq 102.97 (5 df)

Saving state to vegas_last_iter14.
Vegas input parameters:
  ndim 11
  ncomp 1
  epsrel 0
  epsabs 0
  flags 291
  seed 209
  mineval 1
  maxeval 1
  nstart 1000000
  nincrease 500000
  nbatch 1000
  gridno 1
  statefile "vegas_last_iter14"

Restoring state from vegas_last_iter14.

Iteration 7:  17500000 integrand evaluations so far
[1] -4.50345e-09 +- 3.00891e-12  	chisq 103.013 (6 df)

Saving state to vegas_last_iter14.
Vegas input parameters:
  ndim 11
  ncomp 1
  epsrel 0
  epsabs 0
  flags 291
  seed 223
  mineval 1
  maxeval 1
  nstart 1000000
  nincrease 500000
  nbatch 1000
  gridno 1
  statefile "vegas_last_iter14"

Restoring state from vegas_last_iter14.

Iteration 8:  22000000 integrand evaluations so far
[1] -4.50187e-09 +- 2.13175e-12  	chisq 103.565 (7 df)

Saving state to vegas_last_iter14.
Vegas input parameters:
  ndim 11
  ncomp 1
  epsrel 0
  epsabs 0
  flags 291
  seed 237
  mineval 1
  maxeval 1
  nstart 1000000
  nincrease 500000
  nbatch 1000
  gridno 1
  statefile "vegas_last_iter14"

Restoring state from vegas_last_iter14.

Iteration 9:  27000000 integrand evaluations so far
[1] -4.50188e-09 +- 1.68239e-12  	chisq 103.565 (8 df)

Saving state to vegas_last_iter14.
Vegas input parameters:
  ndim 11
  ncomp 1
  epsrel 0
  epsabs 0
  flags 291
  seed 251
  mineval 1
  maxeval 1
  nstart 1000000
  nincrease 500000
  nbatch 1000
  gridno 1
  statefile "vegas_last_iter14"

Restoring state from vegas_last_iter14.

Iteration 10:  32500000 integrand evaluations so far
[1] -4.50269e-09 +- 1.40812e-12  	chisq 104.338 (9 df)

Saving state to vegas_last_iter14.
Vegas input parameters:
  ndim 11
  ncomp 1
  epsrel 0
  epsabs 0
  flags 291
  seed 265
  mineval 1
  maxeval 1
  nstart 1000000
  nincrease 500000
  nbatch 1000
  gridno 1
  statefile "vegas_last_iter14"

Restoring state from vegas_last_iter14.

Iteration 11:  38500000 integrand evaluations so far
[1] -4.50309e-09 +- 1.22119e-12  	chisq 104.664 (10 df)

Saving state to vegas_last_iter14.
Vegas input parameters:
  ndim 11
  ncomp 1
  epsrel 0
  epsabs 0
  flags 291
  seed 279
  mineval 1
  maxeval 1
  nstart 1000000
  nincrease 500000
  nbatch 1000
  gridno 1
  statefile "vegas_last_iter14"

Restoring state from vegas_last_iter14.

Iteration 12:  45000000 integrand evaluations so far
[1] -4.50354e-09 +- 1.08342e-12  	chisq 105.312 (11 df)

Saving state to vegas_last_iter14.
Vegas input parameters:
  ndim 11
  ncomp 1
  epsrel 0
  epsabs 0
  flags 291
  seed 293
  mineval 1
  maxeval 1
  nstart 1000000
  nincrease 500000
  nbatch 1000
  gridno 1
  statefile "vegas_last_iter14"

Restoring state from vegas_last_iter14.

Iteration 13:  52000000 integrand evaluations so far
[1] -4.50351e-09 +- 9.76898e-13  	chisq 105.317 (12 df)

Saving state to vegas_last_iter14.
Vegas input parameters:
  ndim 11
  ncomp 1
  epsrel 0
  epsabs 0
  flags 291
  seed 307
  mineval 1
  maxeval 1
  nstart 1000000
  nincrease 500000
  nbatch 1000
  gridno 1
  statefile "vegas_last_iter14"

Restoring state from vegas_last_iter14.

Iteration 14:  59500000 integrand evaluations so far
[1] -4.5034e-09 +- 8.91558e-13  	chisq 105.397 (13 df)

Saving state to vegas_last_iter14.
Vegas input parameters:
  ndim 11
  ncomp 1
  epsrel 0
  epsabs 0
  flags 291
  seed 321
  mineval 1
  maxeval 1
  nstart 1000000
  nincrease 500000
  nbatch 1000
  gridno 1
  statefile "vegas_last_iter14"

Restoring state from vegas_last_iter14.

Iteration 15:  67500000 integrand evaluations so far
[1] -4.50347e-09 +- 8.21335e-13  	chisq 105.438 (14 df)

Saving state to vegas_last_iter14.
Vegas input parameters:
  ndim 11
  ncomp 1
  epsrel 0
  epsabs 0
  flags 291
  seed 335
  mineval 1
  maxeval 1
  nstart 1000000
  nincrease 500000
  nbatch 1000
  gridno 1
  statefile "vegas_last_iter14"

Restoring state from vegas_last_iter14.

Iteration 16:  76000000 integrand evaluations so far
[1] -4.503e-09 +- 7.62289e-13  	chisq 107.846 (15 df)

Saving state to vegas_last_iter14.
Vegas input parameters:
  ndim 11
  ncomp 1
  epsrel 0
  epsabs 0
  flags 291
  seed 349
  mineval 1
  maxeval 1
  nstart 1000000
  nincrease 500000
  nbatch 1000
  gridno 1
  statefile "vegas_last_iter14"

Restoring state from vegas_last_iter14.

Iteration 17:  85000000 integrand evaluations so far
[1] -4.50316e-09 +- 7.11703e-13  	chisq 108.189 (16 df)

Saving state to vegas_last_iter14.
Vegas input parameters:
  ndim 11
  ncomp 1
  epsrel 0
  epsabs 0
  flags 291
  seed 363
  mineval 1
  maxeval 1
  nstart 1000000
  nincrease 500000
  nbatch 1000
  gridno 1
  statefile "vegas_last_iter14"

Restoring state from vegas_last_iter14.

Iteration 18:  94500000 integrand evaluations so far
[1] -4.50306e-09 +- 6.6788e-13  	chisq 108.328 (17 df)

Saving state to vegas_last_iter14.
Vegas input parameters:
  ndim 11
  ncomp 1
  epsrel 0
  epsabs 0
  flags 291
  seed 377
  mineval 1
  maxeval 1
  nstart 1000000
  nincrease 500000
  nbatch 1000
  gridno 1
  statefile "vegas_last_iter14"

Restoring state from vegas_last_iter14.

Iteration 19:  104500000 integrand evaluations so far
[1] -4.50304e-09 +- 6.29548e-13  	chisq 108.34 (18 df)

Saving state to vegas_last_iter14.
Vegas input parameters:
  ndim 11
  ncomp 1
  epsrel 0
  epsabs 0
  flags 291
  seed 391
  mineval 1
  maxeval 1
  nstart 1000000
  nincrease 500000
  nbatch 1000
  gridno 1
  statefile "vegas_last_iter14"

Restoring state from vegas_last_iter14.

Iteration 20:  115000000 integrand evaluations so far
[1] -4.50312e-09 +- 5.95644e-13  	chisq 108.51 (19 df)

Saving state to vegas_last_iter14.
Vegas input parameters:
  ndim 11
  ncomp 1
  epsrel 0
  epsabs 0
  flags 291
  seed 405
  mineval 1
  maxeval 1
  nstart 1000000
  nincrease 500000
  nbatch 1000
  gridno 1
  statefile "vegas_last_iter14"

Restoring state from vegas_last_iter14.

Iteration 21:  126000000 integrand evaluations so far
[1] -4.50302e-09 +- 5.65423e-13  	chisq 108.818 (20 df)

Saving state to vegas_last_iter14.
Vegas input parameters:
  ndim 11
  ncomp 1
  epsrel 0
  epsabs 0
  flags 291
  seed 419
  mineval 1
  maxeval 1
  nstart 1000000
  nincrease 500000
  nbatch 1000
  gridno 1
  statefile "vegas_last_iter14"

Restoring state from vegas_last_iter14.

Iteration 22:  137500000 integrand evaluations so far
[1] -4.5032e-09 +- 5.3824e-13  	chisq 109.863 (21 df)

Saving state to vegas_last_iter14.
Vegas input parameters:
  ndim 11
  ncomp 1
  epsrel 0
  epsabs 0
  flags 291
  seed 433
  mineval 1
  maxeval 1
  nstart 1000000
  nincrease 500000
  nbatch 1000
  gridno 1
  statefile "vegas_last_iter14"

Restoring state from vegas_last_iter14.

Iteration 23:  149500000 integrand evaluations so far
[1] -4.50319e-09 +- 5.13656e-13  	chisq 109.863 (22 df)

Saving state to vegas_last_iter14.
Vegas input parameters:
  ndim 11
  ncomp 1
  epsrel 0
  epsabs 0
  flags 291
  seed 447
  mineval 1
  maxeval 1
  nstart 1000000
  nincrease 500000
  nbatch 1000
  gridno 1
  statefile "vegas_last_iter14"

Restoring state from vegas_last_iter14.

Iteration 24:  162000000 integrand evaluations so far
[1] -4.50315e-09 +- 4.91274e-13  	chisq 109.951 (23 df)

Saving state to vegas_last_iter14.
Vegas input parameters:
  ndim 11
  ncomp 1
  epsrel 0
  epsabs 0
  flags 291
  seed 461
  mineval 1
  maxeval 1
  nstart 1000000
  nincrease 500000
  nbatch 1000
  gridno 1
  statefile "vegas_last_iter14"

Restoring state from vegas_last_iter14.

Iteration 25:  175000000 integrand evaluations so far
[1] -4.50308e-09 +- 4.70878e-13  	chisq 110.192 (24 df)

Saving state to vegas_last_iter14.
Vegas input parameters:
  ndim 11
  ncomp 1
  epsrel 0
  epsabs 0
  flags 291
  seed 475
  mineval 1
  maxeval 1
  nstart 1000000
  nincrease 500000
  nbatch 1000
  gridno 1
  statefile "vegas_last_iter14"

Restoring state from vegas_last_iter14.

Iteration 26:  188500000 integrand evaluations so far
[1] -4.50332e-09 +- 4.52157e-13  	chisq 113.535 (25 df)

Saving state to vegas_last_iter14.
Vegas input parameters:
  ndim 11
  ncomp 1
  epsrel 0
  epsabs 0
  flags 291
  seed 489
  mineval 1
  maxeval 1
  nstart 1000000
  nincrease 500000
  nbatch 1000
  gridno 1
  statefile "vegas_last_iter14"

Restoring state from vegas_last_iter14.

Iteration 27:  202500000 integrand evaluations so far
[1] -4.50324e-09 +- 4.34948e-13  	chisq 113.917 (26 df)

Saving state to vegas_last_iter14.
Thanks for using LHAPDF 6.2.1. Please make sure to cite the paper:
  Eur.Phys.J. C75 (2015) 3, 132  (http://arxiv.org/abs/1412.7420)
 method   =Vegas  
 nregions =           1
 neval    =   202500000
 fail     =           1
 -0.450324356834E-08 +-   0.434947904697E-12   p =    1.000
