LHAPDF 6.2.1 loading /cvmfs/cms.cern.ch/slc6_amd64_gcc630/external/lhapdf/6.2.1-omkpbe3/share/LHAPDF/NNPDF31_nnlo_as_0118_nf_4/NNPDF31_nnlo_as_0118_nf_4_0000.dat
NNPDF31_nnlo_as_0118_nf_4 PDF set, member #0, version 1; LHAPDF ID = 320900
Vegas input parameters:
  ndim 11
  ncomp 1
  epsrel 0
  epsabs 0
  flags 291
  seed 138
  mineval 1
  maxeval 1
  nstart 1000000
  nincrease 500000
  nbatch 1000
  gridno 1
  statefile "vegas_last_iter27"

Iteration 1:  1000000 integrand evaluations so far
[1] 2.0521e-10 +- 5.44197e-09  	chisq 0 (0 df)

Saving state to vegas_last_iter27.
Vegas input parameters:
  ndim 11
  ncomp 1
  epsrel 0
  epsabs 0
  flags 291
  seed 165
  mineval 1
  maxeval 1
  nstart 1000000
  nincrease 500000
  nbatch 1000
  gridno 1
  statefile "vegas_last_iter27"

Restoring state from vegas_last_iter27.

Iteration 2:  2500000 integrand evaluations so far
[1] 4.69285e-09 +- 2.21146e-09  	chisq 0.814534 (1 df)

Saving state to vegas_last_iter27.
Vegas input parameters:
  ndim 11
  ncomp 1
  epsrel 0
  epsabs 0
  flags 291
  seed 192
  mineval 1
  maxeval 1
  nstart 1000000
  nincrease 500000
  nbatch 1000
  gridno 1
  statefile "vegas_last_iter27"

Restoring state from vegas_last_iter27.

Iteration 3:  4500000 integrand evaluations so far
[1] 4.1309e-09 +- 1.65621e-09  	chisq 0.961582 (2 df)

Saving state to vegas_last_iter27.
Vegas input parameters:
  ndim 11
  ncomp 1
  epsrel 0
  epsabs 0
  flags 291
  seed 219
  mineval 1
  maxeval 1
  nstart 1000000
  nincrease 500000
  nbatch 1000
  gridno 1
  statefile "vegas_last_iter27"

Restoring state from vegas_last_iter27.

Iteration 4:  7000000 integrand evaluations so far
[1] 6.0253e-09 +- 3.03712e-10  	chisq 2.31543 (3 df)

Saving state to vegas_last_iter27.
Vegas input parameters:
  ndim 11
  ncomp 1
  epsrel 0
  epsabs 0
  flags 291
  seed 246
  mineval 1
  maxeval 1
  nstart 1000000
  nincrease 500000
  nbatch 1000
  gridno 1
  statefile "vegas_last_iter27"

Restoring state from vegas_last_iter27.

Iteration 5:  10000000 integrand evaluations so far
[1] 6.05435e-09 +- 8.06381e-11  	chisq 2.32528 (4 df)

Saving state to vegas_last_iter27.
Vegas input parameters:
  ndim 11
  ncomp 1
  epsrel 0
  epsabs 0
  flags 291
  seed 273
  mineval 1
  maxeval 1
  nstart 1000000
  nincrease 500000
  nbatch 1000
  gridno 1
  statefile "vegas_last_iter27"

Restoring state from vegas_last_iter27.

Iteration 6:  13500000 integrand evaluations so far
[1] 6.13985e-09 +- 3.43415e-11  	chisq 3.69841 (5 df)

Saving state to vegas_last_iter27.
Vegas input parameters:
  ndim 11
  ncomp 1
  epsrel 0
  epsabs 0
  flags 291
  seed 300
  mineval 1
  maxeval 1
  nstart 1000000
  nincrease 500000
  nbatch 1000
  gridno 1
  statefile "vegas_last_iter27"

Restoring state from vegas_last_iter27.

Iteration 7:  17500000 integrand evaluations so far
[1] 6.16269e-09 +- 2.14905e-11  	chisq 4.42544 (6 df)

Saving state to vegas_last_iter27.
Vegas input parameters:
  ndim 11
  ncomp 1
  epsrel 0
  epsabs 0
  flags 291
  seed 327
  mineval 1
  maxeval 1
  nstart 1000000
  nincrease 500000
  nbatch 1000
  gridno 1
  statefile "vegas_last_iter27"

Restoring state from vegas_last_iter27.

Iteration 8:  22000000 integrand evaluations so far
[1] 6.16352e-09 +- 1.60209e-11  	chisq 4.42881 (7 df)

Saving state to vegas_last_iter27.
Vegas input parameters:
  ndim 11
  ncomp 1
  epsrel 0
  epsabs 0
  flags 291
  seed 354
  mineval 1
  maxeval 1
  nstart 1000000
  nincrease 500000
  nbatch 1000
  gridno 1
  statefile "vegas_last_iter27"

Restoring state from vegas_last_iter27.

Iteration 9:  27000000 integrand evaluations so far
[1] 6.16054e-09 +- 1.29858e-11  	chisq 4.52979 (8 df)

Saving state to vegas_last_iter27.
Vegas input parameters:
  ndim 11
  ncomp 1
  epsrel 0
  epsabs 0
  flags 291
  seed 381
  mineval 1
  maxeval 1
  nstart 1000000
  nincrease 500000
  nbatch 1000
  gridno 1
  statefile "vegas_last_iter27"

Restoring state from vegas_last_iter27.

Iteration 10:  32500000 integrand evaluations so far
[1] 6.17051e-09 +- 1.10311e-11  	chisq 6.6491 (9 df)

Saving state to vegas_last_iter27.
Vegas input parameters:
  ndim 11
  ncomp 1
  epsrel 0
  epsabs 0
  flags 291
  seed 408
  mineval 1
  maxeval 1
  nstart 1000000
  nincrease 500000
  nbatch 1000
  gridno 1
  statefile "vegas_last_iter27"

Restoring state from vegas_last_iter27.

Iteration 11:  38500000 integrand evaluations so far
[1] 6.17562e-09 +- 9.65581e-12  	chisq 7.56465 (10 df)

Saving state to vegas_last_iter27.
Vegas input parameters:
  ndim 11
  ncomp 1
  epsrel 0
  epsabs 0
  flags 291
  seed 435
  mineval 1
  maxeval 1
  nstart 1000000
  nincrease 500000
  nbatch 1000
  gridno 1
  statefile "vegas_last_iter27"

Restoring state from vegas_last_iter27.

Iteration 12:  45000000 integrand evaluations so far
[1] 6.1712e-09 +- 8.62285e-12  	chisq 8.59571 (11 df)

Saving state to vegas_last_iter27.
Vegas input parameters:
  ndim 11
  ncomp 1
  epsrel 0
  epsabs 0
  flags 291
  seed 462
  mineval 1
  maxeval 1
  nstart 1000000
  nincrease 500000
  nbatch 1000
  gridno 1
  statefile "vegas_last_iter27"

Restoring state from vegas_last_iter27.

Iteration 13:  52000000 integrand evaluations so far
[1] 6.16924e-09 +- 7.81069e-12  	chisq 8.88396 (12 df)

Saving state to vegas_last_iter27.
Vegas input parameters:
  ndim 11
  ncomp 1
  epsrel 0
  epsabs 0
  flags 291
  seed 489
  mineval 1
  maxeval 1
  nstart 1000000
  nincrease 500000
  nbatch 1000
  gridno 1
  statefile "vegas_last_iter27"

Restoring state from vegas_last_iter27.

Iteration 14:  59500000 integrand evaluations so far
[1] 6.16664e-09 +- 7.15206e-12  	chisq 9.57205 (13 df)

Saving state to vegas_last_iter27.
Vegas input parameters:
  ndim 11
  ncomp 1
  epsrel 0
  epsabs 0
  flags 291
  seed 516
  mineval 1
  maxeval 1
  nstart 1000000
  nincrease 500000
  nbatch 1000
  gridno 1
  statefile "vegas_last_iter27"

Restoring state from vegas_last_iter27.

Iteration 15:  67500000 integrand evaluations so far
[1] 6.1668e-09 +- 6.60528e-12  	chisq 9.57546 (14 df)

Saving state to vegas_last_iter27.
Vegas input parameters:
  ndim 11
  ncomp 1
  epsrel 0
  epsabs 0
  flags 291
  seed 543
  mineval 1
  maxeval 1
  nstart 1000000
  nincrease 500000
  nbatch 1000
  gridno 1
  statefile "vegas_last_iter27"

Restoring state from vegas_last_iter27.

Iteration 16:  76000000 integrand evaluations so far
[1] 6.16537e-09 +- 6.1423e-12  	chisq 9.92169 (15 df)

Saving state to vegas_last_iter27.
Vegas input parameters:
  ndim 11
  ncomp 1
  epsrel 0
  epsabs 0
  flags 291
  seed 570
  mineval 1
  maxeval 1
  nstart 1000000
  nincrease 500000
  nbatch 1000
  gridno 1
  statefile "vegas_last_iter27"

Restoring state from vegas_last_iter27.

Iteration 17:  85000000 integrand evaluations so far
[1] 6.16413e-09 +- 5.74592e-12  	chisq 10.2454 (16 df)

Saving state to vegas_last_iter27.
Vegas input parameters:
  ndim 11
  ncomp 1
  epsrel 0
  epsabs 0
  flags 291
  seed 597
  mineval 1
  maxeval 1
  nstart 1000000
  nincrease 500000
  nbatch 1000
  gridno 1
  statefile "vegas_last_iter27"

Restoring state from vegas_last_iter27.

Iteration 18:  94500000 integrand evaluations so far
[1] 6.16747e-09 +- 5.39982e-12  	chisq 13.13 (17 df)

Saving state to vegas_last_iter27.
Vegas input parameters:
  ndim 11
  ncomp 1
  epsrel 0
  epsabs 0
  flags 291
  seed 624
  mineval 1
  maxeval 1
  nstart 1000000
  nincrease 500000
  nbatch 1000
  gridno 1
  statefile "vegas_last_iter27"

Restoring state from vegas_last_iter27.

Iteration 19:  104500000 integrand evaluations so far
[1] 6.16853e-09 +- 5.09881e-12  	chisq 13.4885 (18 df)

Saving state to vegas_last_iter27.
Vegas input parameters:
  ndim 11
  ncomp 1
  epsrel 0
  epsabs 0
  flags 291
  seed 651
  mineval 1
  maxeval 1
  nstart 1000000
  nincrease 500000
  nbatch 1000
  gridno 1
  statefile "vegas_last_iter27"

Restoring state from vegas_last_iter27.

Iteration 20:  115000000 integrand evaluations so far
[1] 6.16924e-09 +- 4.82866e-12  	chisq 13.6747 (19 df)

Saving state to vegas_last_iter27.
Vegas input parameters:
  ndim 11
  ncomp 1
  epsrel 0
  epsabs 0
  flags 291
  seed 678
  mineval 1
  maxeval 1
  nstart 1000000
  nincrease 500000
  nbatch 1000
  gridno 1
  statefile "vegas_last_iter27"

Restoring state from vegas_last_iter27.

Iteration 21:  126000000 integrand evaluations so far
[1] 6.16816e-09 +- 4.58647e-12  	chisq 14.1871 (20 df)

Saving state to vegas_last_iter27.
Vegas input parameters:
  ndim 11
  ncomp 1
  epsrel 0
  epsabs 0
  flags 291
  seed 705
  mineval 1
  maxeval 1
  nstart 1000000
  nincrease 500000
  nbatch 1000
  gridno 1
  statefile "vegas_last_iter27"

Restoring state from vegas_last_iter27.

Iteration 22:  137500000 integrand evaluations so far
[1] 6.16635e-09 +- 4.36839e-12  	chisq 15.8671 (21 df)

Saving state to vegas_last_iter27.
Vegas input parameters:
  ndim 11
  ncomp 1
  epsrel 0
  epsabs 0
  flags 291
  seed 732
  mineval 1
  maxeval 1
  nstart 1000000
  nincrease 500000
  nbatch 1000
  gridno 1
  statefile "vegas_last_iter27"

Restoring state from vegas_last_iter27.

Iteration 23:  149500000 integrand evaluations so far
[1] 6.16674e-09 +- 4.17041e-12  	chisq 15.9563 (22 df)

Saving state to vegas_last_iter27.
Vegas input parameters:
  ndim 11
  ncomp 1
  epsrel 0
  epsabs 0
  flags 291
  seed 759
  mineval 1
  maxeval 1
  nstart 1000000
  nincrease 500000
  nbatch 1000
  gridno 1
  statefile "vegas_last_iter27"

Restoring state from vegas_last_iter27.

Iteration 24:  162000000 integrand evaluations so far
[1] 6.16769e-09 +- 3.99259e-12  	chisq 16.5766 (23 df)

Saving state to vegas_last_iter27.
Vegas input parameters:
  ndim 11
  ncomp 1
  epsrel 0
  epsabs 0
  flags 291
  seed 786
  mineval 1
  maxeval 1
  nstart 1000000
  nincrease 500000
  nbatch 1000
  gridno 1
  statefile "vegas_last_iter27"

Restoring state from vegas_last_iter27.

Iteration 25:  175000000 integrand evaluations so far
[1] 6.16431e-09 +- 3.82826e-12  	chisq 25.4395 (24 df)

Saving state to vegas_last_iter27.
Vegas input parameters:
  ndim 11
  ncomp 1
  epsrel 0
  epsabs 0
  flags 291
  seed 813
  mineval 1
  maxeval 1
  nstart 1000000
  nincrease 500000
  nbatch 1000
  gridno 1
  statefile "vegas_last_iter27"

Restoring state from vegas_last_iter27.

Iteration 26:  188500000 integrand evaluations so far
[1] 6.1649e-09 +- 3.6777e-12  	chisq 25.743 (25 df)

Saving state to vegas_last_iter27.
Vegas input parameters:
  ndim 11
  ncomp 1
  epsrel 0
  epsabs 0
  flags 291
  seed 840
  mineval 1
  maxeval 1
  nstart 1000000
  nincrease 500000
  nbatch 1000
  gridno 1
  statefile "vegas_last_iter27"

Restoring state from vegas_last_iter27.

Iteration 27:  202500000 integrand evaluations so far
[1] 6.16595e-09 +- 3.53857e-12  	chisq 26.8412 (26 df)

Saving state to vegas_last_iter27.
Thanks for using LHAPDF 6.2.1. Please make sure to cite the paper:
  Eur.Phys.J. C75 (2015) 3, 132  (http://arxiv.org/abs/1412.7420)
 method   =Vegas  
 nregions =           1
 neval    =   202500000
 fail     =           1
  0.616594657825E-08 +-   0.353857073019E-11   p =    0.528
