LHAPDF 6.2.1 loading /cvmfs/cms.cern.ch/slc6_amd64_gcc630/external/lhapdf/6.2.1-omkpbe3/share/LHAPDF/NNPDF31_nnlo_as_0118_nf_4/NNPDF31_nnlo_as_0118_nf_4_0000.dat
NNPDF31_nnlo_as_0118_nf_4 PDF set, member #0, version 1; LHAPDF ID = 320900
Vegas input parameters:
  ndim 11
  ncomp 1
  epsrel 0
  epsabs 0
  flags 291
  seed 200
  mineval 1
  maxeval 1
  nstart 1000000
  nincrease 500000
  nbatch 1000
  gridno 1
  statefile "vegas_last_iter89"

Iteration 1:  1000000 integrand evaluations so far
[1] -6.8705e-09 +- 6.91386e-09  	chisq 0 (0 df)

Saving state to vegas_last_iter89.
Vegas input parameters:
  ndim 11
  ncomp 1
  epsrel 0
  epsabs 0
  flags 291
  seed 289
  mineval 1
  maxeval 1
  nstart 1000000
  nincrease 500000
  nbatch 1000
  gridno 1
  statefile "vegas_last_iter89"

Restoring state from vegas_last_iter89.

Iteration 2:  2500000 integrand evaluations so far
[1] 2.69783e-10 +- 1.78704e-09  	chisq 1.14293 (1 df)

Saving state to vegas_last_iter89.
Vegas input parameters:
  ndim 11
  ncomp 1
  epsrel 0
  epsabs 0
  flags 291
  seed 378
  mineval 1
  maxeval 1
  nstart 1000000
  nincrease 500000
  nbatch 1000
  gridno 1
  statefile "vegas_last_iter89"

Restoring state from vegas_last_iter89.

Iteration 3:  4500000 integrand evaluations so far
[1] 9.19535e-10 +- 6.80774e-10  	chisq 1.29757 (2 df)

Saving state to vegas_last_iter89.
Vegas input parameters:
  ndim 11
  ncomp 1
  epsrel 0
  epsabs 0
  flags 291
  seed 467
  mineval 1
  maxeval 1
  nstart 1000000
  nincrease 500000
  nbatch 1000
  gridno 1
  statefile "vegas_last_iter89"

Restoring state from vegas_last_iter89.

Iteration 4:  7000000 integrand evaluations so far
[1] 3.57077e-11 +- 2.99892e-10  	chisq 3.38891 (3 df)

Saving state to vegas_last_iter89.
Vegas input parameters:
  ndim 11
  ncomp 1
  epsrel 0
  epsabs 0
  flags 291
  seed 556
  mineval 1
  maxeval 1
  nstart 1000000
  nincrease 500000
  nbatch 1000
  gridno 1
  statefile "vegas_last_iter89"

Restoring state from vegas_last_iter89.

Iteration 5:  10000000 integrand evaluations so far
[1] -3.39474e-11 +- 1.33774e-10  	chisq 3.45626 (4 df)

Saving state to vegas_last_iter89.
Vegas input parameters:
  ndim 11
  ncomp 1
  epsrel 0
  epsabs 0
  flags 291
  seed 645
  mineval 1
  maxeval 1
  nstart 1000000
  nincrease 500000
  nbatch 1000
  gridno 1
  statefile "vegas_last_iter89"

Restoring state from vegas_last_iter89.

Iteration 6:  13500000 integrand evaluations so far
[1] 7.09108e-11 +- 6.11894e-11  	chisq 4.23323 (5 df)

Saving state to vegas_last_iter89.
Vegas input parameters:
  ndim 11
  ncomp 1
  epsrel 0
  epsabs 0
  flags 291
  seed 734
  mineval 1
  maxeval 1
  nstart 1000000
  nincrease 500000
  nbatch 1000
  gridno 1
  statefile "vegas_last_iter89"

Restoring state from vegas_last_iter89.

Iteration 7:  17500000 integrand evaluations so far
[1] 5.33135e-11 +- 3.88341e-11  	chisq 4.37171 (6 df)

Saving state to vegas_last_iter89.
Vegas input parameters:
  ndim 11
  ncomp 1
  epsrel 0
  epsabs 0
  flags 291
  seed 823
  mineval 1
  maxeval 1
  nstart 1000000
  nincrease 500000
  nbatch 1000
  gridno 1
  statefile "vegas_last_iter89"

Restoring state from vegas_last_iter89.

Iteration 8:  22000000 integrand evaluations so far
[1] 4.59253e-11 +- 2.90637e-11  	chisq 4.454 (7 df)

Saving state to vegas_last_iter89.
Vegas input parameters:
  ndim 11
  ncomp 1
  epsrel 0
  epsabs 0
  flags 291
  seed 912
  mineval 1
  maxeval 1
  nstart 1000000
  nincrease 500000
  nbatch 1000
  gridno 1
  statefile "vegas_last_iter89"

Restoring state from vegas_last_iter89.

Iteration 9:  27000000 integrand evaluations so far
[1] 2.07165e-11 +- 2.3645e-11  	chisq 6.67898 (8 df)

Saving state to vegas_last_iter89.
Vegas input parameters:
  ndim 11
  ncomp 1
  epsrel 0
  epsabs 0
  flags 291
  seed 1001
  mineval 1
  maxeval 1
  nstart 1000000
  nincrease 500000
  nbatch 1000
  gridno 1
  statefile "vegas_last_iter89"

Restoring state from vegas_last_iter89.

Iteration 10:  32500000 integrand evaluations so far
[1] 3.30928e-11 +- 2.01553e-11  	chisq 7.68109 (9 df)

Saving state to vegas_last_iter89.
Vegas input parameters:
  ndim 11
  ncomp 1
  epsrel 0
  epsabs 0
  flags 291
  seed 1090
  mineval 1
  maxeval 1
  nstart 1000000
  nincrease 500000
  nbatch 1000
  gridno 1
  statefile "vegas_last_iter89"

Restoring state from vegas_last_iter89.

Iteration 11:  38500000 integrand evaluations so far
[1] 1.64404e-11 +- 1.7679e-11  	chisq 10.6409 (10 df)

Saving state to vegas_last_iter89.
Vegas input parameters:
  ndim 11
  ncomp 1
  epsrel 0
  epsabs 0
  flags 291
  seed 1179
  mineval 1
  maxeval 1
  nstart 1000000
  nincrease 500000
  nbatch 1000
  gridno 1
  statefile "vegas_last_iter89"

Restoring state from vegas_last_iter89.

Iteration 12:  45000000 integrand evaluations so far
[1] 4.79055e-12 +- 1.58123e-11  	chisq 12.8118 (11 df)

Saving state to vegas_last_iter89.
Vegas input parameters:
  ndim 11
  ncomp 1
  epsrel 0
  epsabs 0
  flags 291
  seed 1268
  mineval 1
  maxeval 1
  nstart 1000000
  nincrease 500000
  nbatch 1000
  gridno 1
  statefile "vegas_last_iter89"

Restoring state from vegas_last_iter89.

Iteration 13:  52000000 integrand evaluations so far
[1] 4.55023e-12 +- 1.43369e-11  	chisq 12.8131 (12 df)

Saving state to vegas_last_iter89.
Vegas input parameters:
  ndim 11
  ncomp 1
  epsrel 0
  epsabs 0
  flags 291
  seed 1357
  mineval 1
  maxeval 1
  nstart 1000000
  nincrease 500000
  nbatch 1000
  gridno 1
  statefile "vegas_last_iter89"

Restoring state from vegas_last_iter89.

Iteration 14:  59500000 integrand evaluations so far
[1] -1.90359e-13 +- 1.31408e-11  	chisq 13.4969 (13 df)

Saving state to vegas_last_iter89.
Vegas input parameters:
  ndim 11
  ncomp 1
  epsrel 0
  epsabs 0
  flags 291
  seed 1446
  mineval 1
  maxeval 1
  nstart 1000000
  nincrease 500000
  nbatch 1000
  gridno 1
  statefile "vegas_last_iter89"

Restoring state from vegas_last_iter89.

Iteration 15:  67500000 integrand evaluations so far
[1] -1.21158e-12 +- 1.21456e-11  	chisq 13.5383 (14 df)

Saving state to vegas_last_iter89.
Vegas input parameters:
  ndim 11
  ncomp 1
  epsrel 0
  epsabs 0
  flags 291
  seed 1535
  mineval 1
  maxeval 1
  nstart 1000000
  nincrease 500000
  nbatch 1000
  gridno 1
  statefile "vegas_last_iter89"

Restoring state from vegas_last_iter89.

Iteration 16:  76000000 integrand evaluations so far
[1] 4.09197e-12 +- 1.13003e-11  	chisq 14.9576 (15 df)

Saving state to vegas_last_iter89.
Vegas input parameters:
  ndim 11
  ncomp 1
  epsrel 0
  epsabs 0
  flags 291
  seed 1624
  mineval 1
  maxeval 1
  nstart 1000000
  nincrease 500000
  nbatch 1000
  gridno 1
  statefile "vegas_last_iter89"

Restoring state from vegas_last_iter89.

Iteration 17:  85000000 integrand evaluations so far
[1] 4.18076e-12 +- 1.05731e-11  	chisq 14.9581 (16 df)

Saving state to vegas_last_iter89.
Vegas input parameters:
  ndim 11
  ncomp 1
  epsrel 0
  epsabs 0
  flags 291
  seed 1713
  mineval 1
  maxeval 1
  nstart 1000000
  nincrease 500000
  nbatch 1000
  gridno 1
  statefile "vegas_last_iter89"

Restoring state from vegas_last_iter89.

Iteration 18:  94500000 integrand evaluations so far
[1] 6.61561e-13 +- 9.93958e-12  	chisq 15.911 (17 df)

Saving state to vegas_last_iter89.
Vegas input parameters:
  ndim 11
  ncomp 1
  epsrel 0
  epsabs 0
  flags 291
  seed 1802
  mineval 1
  maxeval 1
  nstart 1000000
  nincrease 500000
  nbatch 1000
  gridno 1
  statefile "vegas_last_iter89"

Restoring state from vegas_last_iter89.

Iteration 19:  104500000 integrand evaluations so far
[1] 5.83311e-14 +- 9.38199e-12  	chisq 15.9448 (18 df)

Saving state to vegas_last_iter89.
Vegas input parameters:
  ndim 11
  ncomp 1
  epsrel 0
  epsabs 0
  flags 291
  seed 1891
  mineval 1
  maxeval 1
  nstart 1000000
  nincrease 500000
  nbatch 1000
  gridno 1
  statefile "vegas_last_iter89"

Restoring state from vegas_last_iter89.

Iteration 20:  115000000 integrand evaluations so far
[1] 4.13715e-12 +- 8.88665e-12  	chisq 17.7833 (19 df)

Saving state to vegas_last_iter89.
Vegas input parameters:
  ndim 11
  ncomp 1
  epsrel 0
  epsabs 0
  flags 291
  seed 1980
  mineval 1
  maxeval 1
  nstart 1000000
  nincrease 500000
  nbatch 1000
  gridno 1
  statefile "vegas_last_iter89"

Restoring state from vegas_last_iter89.

Iteration 21:  126000000 integrand evaluations so far
[1] -1.70749e-12 +- 8.44287e-12  	chisq 22.2251 (20 df)

Saving state to vegas_last_iter89.
Vegas input parameters:
  ndim 11
  ncomp 1
  epsrel 0
  epsabs 0
  flags 291
  seed 2069
  mineval 1
  maxeval 1
  nstart 1000000
  nincrease 500000
  nbatch 1000
  gridno 1
  statefile "vegas_last_iter89"

Restoring state from vegas_last_iter89.

Iteration 22:  137500000 integrand evaluations so far
[1] -1.69944e-12 +- 8.04374e-12  	chisq 22.2251 (21 df)

Saving state to vegas_last_iter89.
Vegas input parameters:
  ndim 11
  ncomp 1
  epsrel 0
  epsabs 0
  flags 291
  seed 2158
  mineval 1
  maxeval 1
  nstart 1000000
  nincrease 500000
  nbatch 1000
  gridno 1
  statefile "vegas_last_iter89"

Restoring state from vegas_last_iter89.

Iteration 23:  149500000 integrand evaluations so far
[1] 2.33595e-12 +- 7.68178e-12  	chisq 25.086 (22 df)

Saving state to vegas_last_iter89.
Vegas input parameters:
  ndim 11
  ncomp 1
  epsrel 0
  epsabs 0
  flags 291
  seed 2247
  mineval 1
  maxeval 1
  nstart 1000000
  nincrease 500000
  nbatch 1000
  gridno 1
  statefile "vegas_last_iter89"

Restoring state from vegas_last_iter89.

Iteration 24:  162000000 integrand evaluations so far
[1] 1.35308e-12 +- 7.35198e-12  	chisq 25.2808 (23 df)

Saving state to vegas_last_iter89.
Vegas input parameters:
  ndim 11
  ncomp 1
  epsrel 0
  epsabs 0
  flags 291
  seed 2336
  mineval 1
  maxeval 1
  nstart 1000000
  nincrease 500000
  nbatch 1000
  gridno 1
  statefile "vegas_last_iter89"

Restoring state from vegas_last_iter89.

Iteration 25:  175000000 integrand evaluations so far
[1] 5.42654e-13 +- 7.05048e-12  	chisq 25.4321 (24 df)

Saving state to vegas_last_iter89.
Vegas input parameters:
  ndim 11
  ncomp 1
  epsrel 0
  epsabs 0
  flags 291
  seed 2425
  mineval 1
  maxeval 1
  nstart 1000000
  nincrease 500000
  nbatch 1000
  gridno 1
  statefile "vegas_last_iter89"

Restoring state from vegas_last_iter89.

Iteration 26:  188500000 integrand evaluations so far
[1] -1.87167e-13 +- 6.77333e-12  	chisq 25.5711 (25 df)

Saving state to vegas_last_iter89.
Vegas input parameters:
  ndim 11
  ncomp 1
  epsrel 0
  epsabs 0
  flags 291
  seed 2514
  mineval 1
  maxeval 1
  nstart 1000000
  nincrease 500000
  nbatch 1000
  gridno 1
  statefile "vegas_last_iter89"

Restoring state from vegas_last_iter89.

Iteration 27:  202500000 integrand evaluations so far
[1] -2.7056e-12 +- 6.51766e-12  	chisq 27.4377 (26 df)

Saving state to vegas_last_iter89.
Thanks for using LHAPDF 6.2.1. Please make sure to cite the paper:
  Eur.Phys.J. C75 (2015) 3, 132  (http://arxiv.org/abs/1412.7420)
 method   =Vegas  
 nregions =           1
 neval    =   202500000
 fail     =           1
 -0.270559623065E-11 +-   0.651766482925E-11   p =    0.560
