LHAPDF 6.2.1 loading /cvmfs/cms.cern.ch/slc6_amd64_gcc630/external/lhapdf/6.2.1-omkpbe3/share/LHAPDF/NNPDF31_nnlo_as_0118_nf_4/NNPDF31_nnlo_as_0118_nf_4_0000.dat
NNPDF31_nnlo_as_0118_nf_4 PDF set, member #0, version 1; LHAPDF ID = 320900
Vegas input parameters:
  ndim 11
  ncomp 1
  epsrel 0
  epsabs 0
  flags 291
  seed 223
  mineval 1
  maxeval 1
  nstart 1000000
  nincrease 500000
  nbatch 1000
  gridno 1
  statefile "vegas_last_iter112"

Iteration 1:  1000000 integrand evaluations so far
[1] 3.56381e-07 +- 2.16003e-07  	chisq 0 (0 df)

Saving state to vegas_last_iter112.
Vegas input parameters:
  ndim 11
  ncomp 1
  epsrel 0
  epsabs 0
  flags 291
  seed 335
  mineval 1
  maxeval 1
  nstart 1000000
  nincrease 500000
  nbatch 1000
  gridno 1
  statefile "vegas_last_iter112"

Restoring state from vegas_last_iter112.

Iteration 2:  2500000 integrand evaluations so far
[1] 2.94135e-08 +- 5.13228e-08  	chisq 2.42843 (1 df)

Saving state to vegas_last_iter112.
Vegas input parameters:
  ndim 11
  ncomp 1
  epsrel 0
  epsabs 0
  flags 291
  seed 447
  mineval 1
  maxeval 1
  nstart 1000000
  nincrease 500000
  nbatch 1000
  gridno 1
  statefile "vegas_last_iter112"

Restoring state from vegas_last_iter112.

Iteration 3:  4500000 integrand evaluations so far
[1] 2.98919e-08 +- 2.74415e-08  	chisq 2.42856 (2 df)

Saving state to vegas_last_iter112.
Vegas input parameters:
  ndim 11
  ncomp 1
  epsrel 0
  epsabs 0
  flags 291
  seed 559
  mineval 1
  maxeval 1
  nstart 1000000
  nincrease 500000
  nbatch 1000
  gridno 1
  statefile "vegas_last_iter112"

Restoring state from vegas_last_iter112.

Iteration 4:  7000000 integrand evaluations so far
[1] 4.53559e-08 +- 6.01688e-09  	chisq 2.76216 (3 df)

Saving state to vegas_last_iter112.
Vegas input parameters:
  ndim 11
  ncomp 1
  epsrel 0
  epsabs 0
  flags 291
  seed 671
  mineval 1
  maxeval 1
  nstart 1000000
  nincrease 500000
  nbatch 1000
  gridno 1
  statefile "vegas_last_iter112"

Restoring state from vegas_last_iter112.

Iteration 5:  10000000 integrand evaluations so far
[1] 5.21087e-08 +- 1.58162e-09  	chisq 4.11521 (4 df)

Saving state to vegas_last_iter112.
Vegas input parameters:
  ndim 11
  ncomp 1
  epsrel 0
  epsabs 0
  flags 291
  seed 783
  mineval 1
  maxeval 1
  nstart 1000000
  nincrease 500000
  nbatch 1000
  gridno 1
  statefile "vegas_last_iter112"

Restoring state from vegas_last_iter112.

Iteration 6:  13500000 integrand evaluations so far
[1] 5.29848e-08 +- 6.63232e-10  	chisq 4.48755 (5 df)

Saving state to vegas_last_iter112.
Vegas input parameters:
  ndim 11
  ncomp 1
  epsrel 0
  epsabs 0
  flags 291
  seed 895
  mineval 1
  maxeval 1
  nstart 1000000
  nincrease 500000
  nbatch 1000
  gridno 1
  statefile "vegas_last_iter112"

Restoring state from vegas_last_iter112.

Iteration 7:  17500000 integrand evaluations so far
[1] 5.32908e-08 +- 4.08475e-10  	chisq 4.83036 (6 df)

Saving state to vegas_last_iter112.
Vegas input parameters:
  ndim 11
  ncomp 1
  epsrel 0
  epsabs 0
  flags 291
  seed 1007
  mineval 1
  maxeval 1
  nstart 1000000
  nincrease 500000
  nbatch 1000
  gridno 1
  statefile "vegas_last_iter112"

Restoring state from vegas_last_iter112.

Iteration 8:  22000000 integrand evaluations so far
[1] 5.36163e-08 +- 3.02244e-10  	chisq 6.23376 (7 df)

Saving state to vegas_last_iter112.
Vegas input parameters:
  ndim 11
  ncomp 1
  epsrel 0
  epsabs 0
  flags 291
  seed 1119
  mineval 1
  maxeval 1
  nstart 1000000
  nincrease 500000
  nbatch 1000
  gridno 1
  statefile "vegas_last_iter112"

Restoring state from vegas_last_iter112.

Iteration 9:  27000000 integrand evaluations so far
[1] 5.35795e-08 +- 2.441e-10  	chisq 6.27625 (8 df)

Saving state to vegas_last_iter112.
Vegas input parameters:
  ndim 11
  ncomp 1
  epsrel 0
  epsabs 0
  flags 291
  seed 1231
  mineval 1
  maxeval 1
  nstart 1000000
  nincrease 500000
  nbatch 1000
  gridno 1
  statefile "vegas_last_iter112"

Restoring state from vegas_last_iter112.

Iteration 10:  32500000 integrand evaluations so far
[1] 5.34078e-08 +- 2.07066e-10  	chisq 8.04217 (9 df)

Saving state to vegas_last_iter112.
Vegas input parameters:
  ndim 11
  ncomp 1
  epsrel 0
  epsabs 0
  flags 291
  seed 1343
  mineval 1
  maxeval 1
  nstart 1000000
  nincrease 500000
  nbatch 1000
  gridno 1
  statefile "vegas_last_iter112"

Restoring state from vegas_last_iter112.

Iteration 11:  38500000 integrand evaluations so far
[1] 5.35085e-08 +- 1.8101e-10  	chisq 9.04502 (10 df)

Saving state to vegas_last_iter112.
Vegas input parameters:
  ndim 11
  ncomp 1
  epsrel 0
  epsabs 0
  flags 291
  seed 1455
  mineval 1
  maxeval 1
  nstart 1000000
  nincrease 500000
  nbatch 1000
  gridno 1
  statefile "vegas_last_iter112"

Restoring state from vegas_last_iter112.

Iteration 12:  45000000 integrand evaluations so far
[1] 5.36125e-08 +- 1.61439e-10  	chisq 10.6617 (11 df)

Saving state to vegas_last_iter112.
Vegas input parameters:
  ndim 11
  ncomp 1
  epsrel 0
  epsabs 0
  flags 291
  seed 1567
  mineval 1
  maxeval 1
  nstart 1000000
  nincrease 500000
  nbatch 1000
  gridno 1
  statefile "vegas_last_iter112"

Restoring state from vegas_last_iter112.

Iteration 13:  52000000 integrand evaluations so far
[1] 5.367e-08 +- 1.46147e-10  	chisq 11.3642 (12 df)

Saving state to vegas_last_iter112.
Vegas input parameters:
  ndim 11
  ncomp 1
  epsrel 0
  epsabs 0
  flags 291
  seed 1679
  mineval 1
  maxeval 1
  nstart 1000000
  nincrease 500000
  nbatch 1000
  gridno 1
  statefile "vegas_last_iter112"

Restoring state from vegas_last_iter112.

Iteration 14:  59500000 integrand evaluations so far
[1] 5.36843e-08 +- 1.33755e-10  	chisq 11.4226 (13 df)

Saving state to vegas_last_iter112.
Vegas input parameters:
  ndim 11
  ncomp 1
  epsrel 0
  epsabs 0
  flags 291
  seed 1791
  mineval 1
  maxeval 1
  nstart 1000000
  nincrease 500000
  nbatch 1000
  gridno 1
  statefile "vegas_last_iter112"

Restoring state from vegas_last_iter112.

Iteration 15:  67500000 integrand evaluations so far
[1] 5.37071e-08 +- 1.23463e-10  	chisq 11.6196 (14 df)

Saving state to vegas_last_iter112.
Vegas input parameters:
  ndim 11
  ncomp 1
  epsrel 0
  epsabs 0
  flags 291
  seed 1903
  mineval 1
  maxeval 1
  nstart 1000000
  nincrease 500000
  nbatch 1000
  gridno 1
  statefile "vegas_last_iter112"

Restoring state from vegas_last_iter112.

Iteration 16:  76000000 integrand evaluations so far
[1] 5.3769e-08 +- 1.14752e-10  	chisq 13.4674 (15 df)

Saving state to vegas_last_iter112.
Vegas input parameters:
  ndim 11
  ncomp 1
  epsrel 0
  epsabs 0
  flags 291
  seed 2015
  mineval 1
  maxeval 1
  nstart 1000000
  nincrease 500000
  nbatch 1000
  gridno 1
  statefile "vegas_last_iter112"

Restoring state from vegas_last_iter112.

Iteration 17:  85000000 integrand evaluations so far
[1] 5.37537e-08 +- 1.07299e-10  	chisq 13.6096 (16 df)

Saving state to vegas_last_iter112.
Vegas input parameters:
  ndim 11
  ncomp 1
  epsrel 0
  epsabs 0
  flags 291
  seed 2127
  mineval 1
  maxeval 1
  nstart 1000000
  nincrease 500000
  nbatch 1000
  gridno 1
  statefile "vegas_last_iter112"

Restoring state from vegas_last_iter112.

Iteration 18:  94500000 integrand evaluations so far
[1] 5.3761e-08 +- 1.00799e-10  	chisq 13.6491 (17 df)

Saving state to vegas_last_iter112.
Vegas input parameters:
  ndim 11
  ncomp 1
  epsrel 0
  epsabs 0
  flags 291
  seed 2239
  mineval 1
  maxeval 1
  nstart 1000000
  nincrease 500000
  nbatch 1000
  gridno 1
  statefile "vegas_last_iter112"

Restoring state from vegas_last_iter112.

Iteration 19:  104500000 integrand evaluations so far
[1] 5.38003e-08 +- 9.50848e-11  	chisq 15.0291 (18 df)

Saving state to vegas_last_iter112.
Vegas input parameters:
  ndim 11
  ncomp 1
  epsrel 0
  epsabs 0
  flags 291
  seed 2351
  mineval 1
  maxeval 1
  nstart 1000000
  nincrease 500000
  nbatch 1000
  gridno 1
  statefile "vegas_last_iter112"

Restoring state from vegas_last_iter112.

Iteration 20:  115000000 integrand evaluations so far
[1] 5.37898e-08 +- 9.00143e-11  	chisq 15.1466 (19 df)

Saving state to vegas_last_iter112.
Vegas input parameters:
  ndim 11
  ncomp 1
  epsrel 0
  epsabs 0
  flags 291
  seed 2463
  mineval 1
  maxeval 1
  nstart 1000000
  nincrease 500000
  nbatch 1000
  gridno 1
  statefile "vegas_last_iter112"

Restoring state from vegas_last_iter112.

Iteration 21:  126000000 integrand evaluations so far
[1] 5.37903e-08 +- 8.54893e-11  	chisq 15.1469 (20 df)

Saving state to vegas_last_iter112.
Vegas input parameters:
  ndim 11
  ncomp 1
  epsrel 0
  epsabs 0
  flags 291
  seed 2575
  mineval 1
  maxeval 1
  nstart 1000000
  nincrease 500000
  nbatch 1000
  gridno 1
  statefile "vegas_last_iter112"

Restoring state from vegas_last_iter112.

Iteration 22:  137500000 integrand evaluations so far
[1] 5.37848e-08 +- 8.14069e-11  	chisq 15.1916 (21 df)

Saving state to vegas_last_iter112.
Vegas input parameters:
  ndim 11
  ncomp 1
  epsrel 0
  epsabs 0
  flags 291
  seed 2687
  mineval 1
  maxeval 1
  nstart 1000000
  nincrease 500000
  nbatch 1000
  gridno 1
  statefile "vegas_last_iter112"

Restoring state from vegas_last_iter112.

Iteration 23:  149500000 integrand evaluations so far
[1] 5.37907e-08 +- 7.77158e-11  	chisq 15.2518 (22 df)

Saving state to vegas_last_iter112.
Vegas input parameters:
  ndim 11
  ncomp 1
  epsrel 0
  epsabs 0
  flags 291
  seed 2799
  mineval 1
  maxeval 1
  nstart 1000000
  nincrease 500000
  nbatch 1000
  gridno 1
  statefile "vegas_last_iter112"

Restoring state from vegas_last_iter112.

Iteration 24:  162000000 integrand evaluations so far
[1] 5.38132e-08 +- 7.43581e-11  	chisq 16.2422 (23 df)

Saving state to vegas_last_iter112.
Vegas input parameters:
  ndim 11
  ncomp 1
  epsrel 0
  epsabs 0
  flags 291
  seed 2911
  mineval 1
  maxeval 1
  nstart 1000000
  nincrease 500000
  nbatch 1000
  gridno 1
  statefile "vegas_last_iter112"

Restoring state from vegas_last_iter112.

Iteration 25:  175000000 integrand evaluations so far
[1] 5.37892e-08 +- 7.12917e-11  	chisq 17.5276 (24 df)

Saving state to vegas_last_iter112.
Vegas input parameters:
  ndim 11
  ncomp 1
  epsrel 0
  epsabs 0
  flags 291
  seed 3023
  mineval 1
  maxeval 1
  nstart 1000000
  nincrease 500000
  nbatch 1000
  gridno 1
  statefile "vegas_last_iter112"

Restoring state from vegas_last_iter112.

Iteration 26:  188500000 integrand evaluations so far
[1] 5.38074e-08 +- 6.84753e-11  	chisq 18.3649 (25 df)

Saving state to vegas_last_iter112.
Vegas input parameters:
  ndim 11
  ncomp 1
  epsrel 0
  epsabs 0
  flags 291
  seed 3135
  mineval 1
  maxeval 1
  nstart 1000000
  nincrease 500000
  nbatch 1000
  gridno 1
  statefile "vegas_last_iter112"

Restoring state from vegas_last_iter112.

Iteration 27:  202500000 integrand evaluations so far
[1] 5.3821e-08 +- 6.58814e-11  	chisq 18.8994 (26 df)

Saving state to vegas_last_iter112.
Thanks for using LHAPDF 6.2.1. Please make sure to cite the paper:
  Eur.Phys.J. C75 (2015) 3, 132  (http://arxiv.org/abs/1412.7420)
 method   =Vegas  
 nregions =           1
 neval    =   202500000
 fail     =           1
  0.538210463719E-07 +-   0.658814486625E-10   p =    0.126
