LHAPDF 6.2.1 loading /cvmfs/cms.cern.ch/slc6_amd64_gcc630/external/lhapdf/6.2.1-omkpbe3/share/LHAPDF/NNPDF31_nnlo_as_0118_nf_4/NNPDF31_nnlo_as_0118_nf_4_0000.dat
NNPDF31_nnlo_as_0118_nf_4 PDF set, member #0, version 1; LHAPDF ID = 320900
Vegas input parameters:
  ndim 11
  ncomp 1
  epsrel 0
  epsabs 0
  flags 291
  seed 164
  mineval 1
  maxeval 1
  nstart 1000000
  nincrease 500000
  nbatch 1000
  gridno 1
  statefile "vegas_last_iter53"

Iteration 1:  1000000 integrand evaluations so far
[1] 4.01697e-08 +- 2.07908e-08  	chisq 0 (0 df)

Saving state to vegas_last_iter53.
Vegas input parameters:
  ndim 11
  ncomp 1
  epsrel 0
  epsabs 0
  flags 291
  seed 217
  mineval 1
  maxeval 1
  nstart 1000000
  nincrease 500000
  nbatch 1000
  gridno 1
  statefile "vegas_last_iter53"

Restoring state from vegas_last_iter53.

Iteration 2:  2500000 integrand evaluations so far
[1] 3.16079e-08 +- 5.26746e-09  	chisq 0.181216 (1 df)

Saving state to vegas_last_iter53.
Vegas input parameters:
  ndim 11
  ncomp 1
  epsrel 0
  epsabs 0
  flags 291
  seed 270
  mineval 1
  maxeval 1
  nstart 1000000
  nincrease 500000
  nbatch 1000
  gridno 1
  statefile "vegas_last_iter53"

Restoring state from vegas_last_iter53.

Iteration 3:  4500000 integrand evaluations so far
[1] 4.60623e-08 +- 2.86842e-09  	chisq 10.8856 (2 df)

Saving state to vegas_last_iter53.
Vegas input parameters:
  ndim 11
  ncomp 1
  epsrel 0
  epsabs 0
  flags 291
  seed 323
  mineval 1
  maxeval 1
  nstart 1000000
  nincrease 500000
  nbatch 1000
  gridno 1
  statefile "vegas_last_iter53"

Restoring state from vegas_last_iter53.

Iteration 4:  7000000 integrand evaluations so far
[1] 4.88855e-08 +- 1.09096e-09  	chisq 12.0181 (3 df)

Saving state to vegas_last_iter53.
Vegas input parameters:
  ndim 11
  ncomp 1
  epsrel 0
  epsabs 0
  flags 291
  seed 376
  mineval 1
  maxeval 1
  nstart 1000000
  nincrease 500000
  nbatch 1000
  gridno 1
  statefile "vegas_last_iter53"

Restoring state from vegas_last_iter53.

Iteration 5:  10000000 integrand evaluations so far
[1] 4.79422e-08 +- 3.31338e-10  	chisq 12.8418 (4 df)

Saving state to vegas_last_iter53.
Vegas input parameters:
  ndim 11
  ncomp 1
  epsrel 0
  epsabs 0
  flags 291
  seed 429
  mineval 1
  maxeval 1
  nstart 1000000
  nincrease 500000
  nbatch 1000
  gridno 1
  statefile "vegas_last_iter53"

Restoring state from vegas_last_iter53.

Iteration 6:  13500000 integrand evaluations so far
[1] 4.79078e-08 +- 1.38108e-10  	chisq 12.8548 (5 df)

Saving state to vegas_last_iter53.
Vegas input parameters:
  ndim 11
  ncomp 1
  epsrel 0
  epsabs 0
  flags 291
  seed 482
  mineval 1
  maxeval 1
  nstart 1000000
  nincrease 500000
  nbatch 1000
  gridno 1
  statefile "vegas_last_iter53"

Restoring state from vegas_last_iter53.

Iteration 7:  17500000 integrand evaluations so far
[1] 4.7822e-08 +- 8.58168e-11  	chisq 13.4825 (6 df)

Saving state to vegas_last_iter53.
Vegas input parameters:
  ndim 11
  ncomp 1
  epsrel 0
  epsabs 0
  flags 291
  seed 535
  mineval 1
  maxeval 1
  nstart 1000000
  nincrease 500000
  nbatch 1000
  gridno 1
  statefile "vegas_last_iter53"

Restoring state from vegas_last_iter53.

Iteration 8:  22000000 integrand evaluations so far
[1] 4.78722e-08 +- 6.3769e-11  	chisq 14.2465 (7 df)

Saving state to vegas_last_iter53.
Vegas input parameters:
  ndim 11
  ncomp 1
  epsrel 0
  epsabs 0
  flags 291
  seed 588
  mineval 1
  maxeval 1
  nstart 1000000
  nincrease 500000
  nbatch 1000
  gridno 1
  statefile "vegas_last_iter53"

Restoring state from vegas_last_iter53.

Iteration 9:  27000000 integrand evaluations so far
[1] 4.78958e-08 +- 5.16548e-11  	chisq 14.6424 (8 df)

Saving state to vegas_last_iter53.
Vegas input parameters:
  ndim 11
  ncomp 1
  epsrel 0
  epsabs 0
  flags 291
  seed 641
  mineval 1
  maxeval 1
  nstart 1000000
  nincrease 500000
  nbatch 1000
  gridno 1
  statefile "vegas_last_iter53"

Restoring state from vegas_last_iter53.

Iteration 10:  32500000 integrand evaluations so far
[1] 4.79415e-08 +- 4.39107e-11  	chisq 17.4712 (9 df)

Saving state to vegas_last_iter53.
Vegas input parameters:
  ndim 11
  ncomp 1
  epsrel 0
  epsabs 0
  flags 291
  seed 694
  mineval 1
  maxeval 1
  nstart 1000000
  nincrease 500000
  nbatch 1000
  gridno 1
  statefile "vegas_last_iter53"

Restoring state from vegas_last_iter53.

Iteration 11:  38500000 integrand evaluations so far
[1] 4.79137e-08 +- 3.8459e-11  	chisq 19.1974 (10 df)

Saving state to vegas_last_iter53.
Vegas input parameters:
  ndim 11
  ncomp 1
  epsrel 0
  epsabs 0
  flags 291
  seed 747
  mineval 1
  maxeval 1
  nstart 1000000
  nincrease 500000
  nbatch 1000
  gridno 1
  statefile "vegas_last_iter53"

Restoring state from vegas_last_iter53.

Iteration 12:  45000000 integrand evaluations so far
[1] 4.79181e-08 +- 3.43533e-11  	chisq 19.2634 (11 df)

Saving state to vegas_last_iter53.
Vegas input parameters:
  ndim 11
  ncomp 1
  epsrel 0
  epsabs 0
  flags 291
  seed 800
  mineval 1
  maxeval 1
  nstart 1000000
  nincrease 500000
  nbatch 1000
  gridno 1
  statefile "vegas_last_iter53"

Restoring state from vegas_last_iter53.

Iteration 13:  52000000 integrand evaluations so far
[1] 4.79116e-08 +- 3.11291e-11  	chisq 19.4634 (12 df)

Saving state to vegas_last_iter53.
Vegas input parameters:
  ndim 11
  ncomp 1
  epsrel 0
  epsabs 0
  flags 291
  seed 853
  mineval 1
  maxeval 1
  nstart 1000000
  nincrease 500000
  nbatch 1000
  gridno 1
  statefile "vegas_last_iter53"

Restoring state from vegas_last_iter53.

Iteration 14:  59500000 integrand evaluations so far
[1] 4.79137e-08 +- 2.8512e-11  	chisq 19.4914 (13 df)

Saving state to vegas_last_iter53.
Vegas input parameters:
  ndim 11
  ncomp 1
  epsrel 0
  epsabs 0
  flags 291
  seed 906
  mineval 1
  maxeval 1
  nstart 1000000
  nincrease 500000
  nbatch 1000
  gridno 1
  statefile "vegas_last_iter53"

Restoring state from vegas_last_iter53.

Iteration 15:  67500000 integrand evaluations so far
[1] 4.7917e-08 +- 2.63371e-11  	chisq 19.5833 (14 df)

Saving state to vegas_last_iter53.
Vegas input parameters:
  ndim 11
  ncomp 1
  epsrel 0
  epsabs 0
  flags 291
  seed 959
  mineval 1
  maxeval 1
  nstart 1000000
  nincrease 500000
  nbatch 1000
  gridno 1
  statefile "vegas_last_iter53"

Restoring state from vegas_last_iter53.

Iteration 16:  76000000 integrand evaluations so far
[1] 4.79342e-08 +- 2.44951e-11  	chisq 22.723 (15 df)

Saving state to vegas_last_iter53.
Vegas input parameters:
  ndim 11
  ncomp 1
  epsrel 0
  epsabs 0
  flags 291
  seed 1012
  mineval 1
  maxeval 1
  nstart 1000000
  nincrease 500000
  nbatch 1000
  gridno 1
  statefile "vegas_last_iter53"

Restoring state from vegas_last_iter53.

Iteration 17:  85000000 integrand evaluations so far
[1] 4.79259e-08 +- 2.29129e-11  	chisq 23.6326 (16 df)

Saving state to vegas_last_iter53.
Vegas input parameters:
  ndim 11
  ncomp 1
  epsrel 0
  epsabs 0
  flags 291
  seed 1065
  mineval 1
  maxeval 1
  nstart 1000000
  nincrease 500000
  nbatch 1000
  gridno 1
  statefile "vegas_last_iter53"

Restoring state from vegas_last_iter53.

Iteration 18:  94500000 integrand evaluations so far
[1] 4.79252e-08 +- 2.15348e-11  	chisq 23.6422 (17 df)

Saving state to vegas_last_iter53.
Vegas input parameters:
  ndim 11
  ncomp 1
  epsrel 0
  epsabs 0
  flags 291
  seed 1118
  mineval 1
  maxeval 1
  nstart 1000000
  nincrease 500000
  nbatch 1000
  gridno 1
  statefile "vegas_last_iter53"

Restoring state from vegas_last_iter53.

Iteration 19:  104500000 integrand evaluations so far
[1] 4.79281e-08 +- 2.03198e-11  	chisq 23.8179 (18 df)

Saving state to vegas_last_iter53.
Vegas input parameters:
  ndim 11
  ncomp 1
  epsrel 0
  epsabs 0
  flags 291
  seed 1171
  mineval 1
  maxeval 1
  nstart 1000000
  nincrease 500000
  nbatch 1000
  gridno 1
  statefile "vegas_last_iter53"

Restoring state from vegas_last_iter53.

Iteration 20:  115000000 integrand evaluations so far
[1] 4.79243e-08 +- 1.92427e-11  	chisq 24.1578 (19 df)

Saving state to vegas_last_iter53.
Vegas input parameters:
  ndim 11
  ncomp 1
  epsrel 0
  epsabs 0
  flags 291
  seed 1224
  mineval 1
  maxeval 1
  nstart 1000000
  nincrease 500000
  nbatch 1000
  gridno 1
  statefile "vegas_last_iter53"

Restoring state from vegas_last_iter53.

Iteration 21:  126000000 integrand evaluations so far
[1] 4.79246e-08 +- 1.82779e-11  	chisq 24.1599 (20 df)

Saving state to vegas_last_iter53.
Vegas input parameters:
  ndim 11
  ncomp 1
  epsrel 0
  epsabs 0
  flags 291
  seed 1277
  mineval 1
  maxeval 1
  nstart 1000000
  nincrease 500000
  nbatch 1000
  gridno 1
  statefile "vegas_last_iter53"

Restoring state from vegas_last_iter53.

Iteration 22:  137500000 integrand evaluations so far
[1] 4.79206e-08 +- 1.74108e-11  	chisq 24.6698 (21 df)

Saving state to vegas_last_iter53.
Vegas input parameters:
  ndim 11
  ncomp 1
  epsrel 0
  epsabs 0
  flags 291
  seed 1330
  mineval 1
  maxeval 1
  nstart 1000000
  nincrease 500000
  nbatch 1000
  gridno 1
  statefile "vegas_last_iter53"

Restoring state from vegas_last_iter53.

Iteration 23:  149500000 integrand evaluations so far
[1] 4.79186e-08 +- 1.66256e-11  	chisq 24.8199 (22 df)

Saving state to vegas_last_iter53.
Vegas input parameters:
  ndim 11
  ncomp 1
  epsrel 0
  epsabs 0
  flags 291
  seed 1383
  mineval 1
  maxeval 1
  nstart 1000000
  nincrease 500000
  nbatch 1000
  gridno 1
  statefile "vegas_last_iter53"

Restoring state from vegas_last_iter53.

Iteration 24:  162000000 integrand evaluations so far
[1] 4.79238e-08 +- 1.59107e-11  	chisq 25.9684 (23 df)

Saving state to vegas_last_iter53.
Vegas input parameters:
  ndim 11
  ncomp 1
  epsrel 0
  epsabs 0
  flags 291
  seed 1436
  mineval 1
  maxeval 1
  nstart 1000000
  nincrease 500000
  nbatch 1000
  gridno 1
  statefile "vegas_last_iter53"

Restoring state from vegas_last_iter53.

Iteration 25:  175000000 integrand evaluations so far
[1] 4.7918e-08 +- 1.52562e-11  	chisq 27.6464 (24 df)

Saving state to vegas_last_iter53.
Vegas input parameters:
  ndim 11
  ncomp 1
  epsrel 0
  epsabs 0
  flags 291
  seed 1489
  mineval 1
  maxeval 1
  nstart 1000000
  nincrease 500000
  nbatch 1000
  gridno 1
  statefile "vegas_last_iter53"

Restoring state from vegas_last_iter53.

Iteration 26:  188500000 integrand evaluations so far
[1] 4.79212e-08 +- 1.46552e-11  	chisq 28.23 (25 df)

Saving state to vegas_last_iter53.
Vegas input parameters:
  ndim 11
  ncomp 1
  epsrel 0
  epsabs 0
  flags 291
  seed 1542
  mineval 1
  maxeval 1
  nstart 1000000
  nincrease 500000
  nbatch 1000
  gridno 1
  statefile "vegas_last_iter53"

Restoring state from vegas_last_iter53.

Iteration 27:  202500000 integrand evaluations so far
[1] 4.79244e-08 +- 1.41005e-11  	chisq 28.8847 (26 df)

Saving state to vegas_last_iter53.
Thanks for using LHAPDF 6.2.1. Please make sure to cite the paper:
  Eur.Phys.J. C75 (2015) 3, 132  (http://arxiv.org/abs/1412.7420)
 method   =Vegas  
 nregions =           1
 neval    =   202500000
 fail     =           1
  0.479244246990E-07 +-   0.141004671067E-10   p =    0.633
