LHAPDF 6.2.1 loading /cvmfs/cms.cern.ch/slc6_amd64_gcc630/external/lhapdf/6.2.1-omkpbe3/share/LHAPDF/NNPDF31_nnlo_as_0118_nf_4/NNPDF31_nnlo_as_0118_nf_4_0000.dat
NNPDF31_nnlo_as_0118_nf_4 PDF set, member #0, version 1; LHAPDF ID = 320900
Vegas input parameters:
  ndim 11
  ncomp 1
  epsrel 0
  epsabs 0
  flags 291
  seed 113
  mineval 1
  maxeval 1
  nstart 1000000
  nincrease 500000
  nbatch 1000
  gridno 1
  statefile "vegas_last_iter2"

Iteration 1:  1000000 integrand evaluations so far
[1] -7.31663e-08 +- 2.93412e-07  	chisq 0 (0 df)

Saving state to vegas_last_iter2.
Vegas input parameters:
  ndim 11
  ncomp 1
  epsrel 0
  epsabs 0
  flags 291
  seed 115
  mineval 1
  maxeval 1
  nstart 1000000
  nincrease 500000
  nbatch 1000
  gridno 1
  statefile "vegas_last_iter2"

Restoring state from vegas_last_iter2.

Iteration 2:  2500000 integrand evaluations so far
[1] 3.88865e-07 +- 1.40435e-07  	chisq 3.21648 (1 df)

Saving state to vegas_last_iter2.
Vegas input parameters:
  ndim 11
  ncomp 1
  epsrel 0
  epsabs 0
  flags 291
  seed 117
  mineval 1
  maxeval 1
  nstart 1000000
  nincrease 500000
  nbatch 1000
  gridno 1
  statefile "vegas_last_iter2"

Restoring state from vegas_last_iter2.

Iteration 3:  4500000 integrand evaluations so far
[1] 4.49025e-07 +- 5.27985e-08  	chisq 3.4302 (2 df)

Saving state to vegas_last_iter2.
Vegas input parameters:
  ndim 11
  ncomp 1
  epsrel 0
  epsabs 0
  flags 291
  seed 119
  mineval 1
  maxeval 1
  nstart 1000000
  nincrease 500000
  nbatch 1000
  gridno 1
  statefile "vegas_last_iter2"

Restoring state from vegas_last_iter2.

Iteration 4:  7000000 integrand evaluations so far
[1] 4.42828e-07 +- 2.08636e-08  	chisq 3.44653 (3 df)

Saving state to vegas_last_iter2.
Vegas input parameters:
  ndim 11
  ncomp 1
  epsrel 0
  epsabs 0
  flags 291
  seed 121
  mineval 1
  maxeval 1
  nstart 1000000
  nincrease 500000
  nbatch 1000
  gridno 1
  statefile "vegas_last_iter2"

Restoring state from vegas_last_iter2.

Iteration 5:  10000000 integrand evaluations so far
[1] 4.34379e-07 +- 7.60139e-09  	chisq 3.6356 (4 df)

Saving state to vegas_last_iter2.
Vegas input parameters:
  ndim 11
  ncomp 1
  epsrel 0
  epsabs 0
  flags 291
  seed 123
  mineval 1
  maxeval 1
  nstart 1000000
  nincrease 500000
  nbatch 1000
  gridno 1
  statefile "vegas_last_iter2"

Restoring state from vegas_last_iter2.

Iteration 6:  13500000 integrand evaluations so far
[1] 4.30635e-07 +- 3.59398e-09  	chisq 3.94815 (5 df)

Saving state to vegas_last_iter2.
Vegas input parameters:
  ndim 11
  ncomp 1
  epsrel 0
  epsabs 0
  flags 291
  seed 125
  mineval 1
  maxeval 1
  nstart 1000000
  nincrease 500000
  nbatch 1000
  gridno 1
  statefile "vegas_last_iter2"

Restoring state from vegas_last_iter2.

Iteration 7:  17500000 integrand evaluations so far
[1] 4.32796e-07 +- 2.34299e-09  	chisq 4.57726 (6 df)

Saving state to vegas_last_iter2.
Vegas input parameters:
  ndim 11
  ncomp 1
  epsrel 0
  epsabs 0
  flags 291
  seed 127
  mineval 1
  maxeval 1
  nstart 1000000
  nincrease 500000
  nbatch 1000
  gridno 1
  statefile "vegas_last_iter2"

Restoring state from vegas_last_iter2.

Iteration 8:  22000000 integrand evaluations so far
[1] 4.34686e-07 +- 1.77422e-09  	chisq 6.10249 (7 df)

Saving state to vegas_last_iter2.
Vegas input parameters:
  ndim 11
  ncomp 1
  epsrel 0
  epsabs 0
  flags 291
  seed 129
  mineval 1
  maxeval 1
  nstart 1000000
  nincrease 500000
  nbatch 1000
  gridno 1
  statefile "vegas_last_iter2"

Restoring state from vegas_last_iter2.

Iteration 9:  27000000 integrand evaluations so far
[1] 4.35097e-07 +- 1.4594e-09  	chisq 6.26833 (8 df)

Saving state to vegas_last_iter2.
Vegas input parameters:
  ndim 11
  ncomp 1
  epsrel 0
  epsabs 0
  flags 291
  seed 131
  mineval 1
  maxeval 1
  nstart 1000000
  nincrease 500000
  nbatch 1000
  gridno 1
  statefile "vegas_last_iter2"

Restoring state from vegas_last_iter2.

Iteration 10:  32500000 integrand evaluations so far
[1] 4.35127e-07 +- 1.24796e-09  	chisq 6.26989 (9 df)

Saving state to vegas_last_iter2.
Vegas input parameters:
  ndim 11
  ncomp 1
  epsrel 0
  epsabs 0
  flags 291
  seed 133
  mineval 1
  maxeval 1
  nstart 1000000
  nincrease 500000
  nbatch 1000
  gridno 1
  statefile "vegas_last_iter2"

Restoring state from vegas_last_iter2.

Iteration 11:  38500000 integrand evaluations so far
[1] 4.35743e-07 +- 1.09481e-09  	chisq 7.32671 (10 df)

Saving state to vegas_last_iter2.
Vegas input parameters:
  ndim 11
  ncomp 1
  epsrel 0
  epsabs 0
  flags 291
  seed 135
  mineval 1
  maxeval 1
  nstart 1000000
  nincrease 500000
  nbatch 1000
  gridno 1
  statefile "vegas_last_iter2"

Restoring state from vegas_last_iter2.

Iteration 12:  45000000 integrand evaluations so far
[1] 4.36129e-07 +- 9.79521e-10  	chisq 7.94985 (11 df)

Saving state to vegas_last_iter2.
Vegas input parameters:
  ndim 11
  ncomp 1
  epsrel 0
  epsabs 0
  flags 291
  seed 137
  mineval 1
  maxeval 1
  nstart 1000000
  nincrease 500000
  nbatch 1000
  gridno 1
  statefile "vegas_last_iter2"

Restoring state from vegas_last_iter2.

Iteration 13:  52000000 integrand evaluations so far
[1] 4.35872e-07 +- 8.88234e-10  	chisq 8.33666 (12 df)

Saving state to vegas_last_iter2.
Vegas input parameters:
  ndim 11
  ncomp 1
  epsrel 0
  epsabs 0
  flags 291
  seed 139
  mineval 1
  maxeval 1
  nstart 1000000
  nincrease 500000
  nbatch 1000
  gridno 1
  statefile "vegas_last_iter2"

Restoring state from vegas_last_iter2.

Iteration 14:  59500000 integrand evaluations so far
[1] 4.35114e-07 +- 8.1411e-10  	chisq 12.8835 (13 df)

Saving state to vegas_last_iter2.
Vegas input parameters:
  ndim 11
  ncomp 1
  epsrel 0
  epsabs 0
  flags 291
  seed 141
  mineval 1
  maxeval 1
  nstart 1000000
  nincrease 500000
  nbatch 1000
  gridno 1
  statefile "vegas_last_iter2"

Restoring state from vegas_last_iter2.

Iteration 15:  67500000 integrand evaluations so far
[1] 4.34938e-07 +- 7.529e-10  	chisq 13.2074 (14 df)

Saving state to vegas_last_iter2.
Vegas input parameters:
  ndim 11
  ncomp 1
  epsrel 0
  epsabs 0
  flags 291
  seed 143
  mineval 1
  maxeval 1
  nstart 1000000
  nincrease 500000
  nbatch 1000
  gridno 1
  statefile "vegas_last_iter2"

Restoring state from vegas_last_iter2.

Iteration 16:  76000000 integrand evaluations so far
[1] 4.3493e-07 +- 7.0052e-10  	chisq 13.2082 (15 df)

Saving state to vegas_last_iter2.
Vegas input parameters:
  ndim 11
  ncomp 1
  epsrel 0
  epsabs 0
  flags 291
  seed 145
  mineval 1
  maxeval 1
  nstart 1000000
  nincrease 500000
  nbatch 1000
  gridno 1
  statefile "vegas_last_iter2"

Restoring state from vegas_last_iter2.

Iteration 17:  85000000 integrand evaluations so far
[1] 4.34694e-07 +- 6.5538e-10  	chisq 14.1173 (16 df)

Saving state to vegas_last_iter2.
Vegas input parameters:
  ndim 11
  ncomp 1
  epsrel 0
  epsabs 0
  flags 291
  seed 147
  mineval 1
  maxeval 1
  nstart 1000000
  nincrease 500000
  nbatch 1000
  gridno 1
  statefile "vegas_last_iter2"

Restoring state from vegas_last_iter2.

Iteration 18:  94500000 integrand evaluations so far
[1] 4.34923e-07 +- 6.16173e-10  	chisq 15.1691 (17 df)

Saving state to vegas_last_iter2.
Vegas input parameters:
  ndim 11
  ncomp 1
  epsrel 0
  epsabs 0
  flags 291
  seed 149
  mineval 1
  maxeval 1
  nstart 1000000
  nincrease 500000
  nbatch 1000
  gridno 1
  statefile "vegas_last_iter2"

Restoring state from vegas_last_iter2.

Iteration 19:  104500000 integrand evaluations so far
[1] 4.3511e-07 +- 5.81528e-10  	chisq 16.0046 (18 df)

Saving state to vegas_last_iter2.
Vegas input parameters:
  ndim 11
  ncomp 1
  epsrel 0
  epsabs 0
  flags 291
  seed 151
  mineval 1
  maxeval 1
  nstart 1000000
  nincrease 500000
  nbatch 1000
  gridno 1
  statefile "vegas_last_iter2"

Restoring state from vegas_last_iter2.

Iteration 20:  115000000 integrand evaluations so far
[1] 4.34734e-07 +- 5.51077e-10  	chisq 20.1016 (19 df)

Saving state to vegas_last_iter2.
Vegas input parameters:
  ndim 11
  ncomp 1
  epsrel 0
  epsabs 0
  flags 291
  seed 153
  mineval 1
  maxeval 1
  nstart 1000000
  nincrease 500000
  nbatch 1000
  gridno 1
  statefile "vegas_last_iter2"

Restoring state from vegas_last_iter2.

Iteration 21:  126000000 integrand evaluations so far
[1] 4.35046e-07 +- 5.23633e-10  	chisq 23.4054 (20 df)

Saving state to vegas_last_iter2.
Vegas input parameters:
  ndim 11
  ncomp 1
  epsrel 0
  epsabs 0
  flags 291
  seed 155
  mineval 1
  maxeval 1
  nstart 1000000
  nincrease 500000
  nbatch 1000
  gridno 1
  statefile "vegas_last_iter2"

Restoring state from vegas_last_iter2.

Iteration 22:  137500000 integrand evaluations so far
[1] 4.353e-07 +- 4.98787e-10  	chisq 25.9513 (21 df)

Saving state to vegas_last_iter2.
Vegas input parameters:
  ndim 11
  ncomp 1
  epsrel 0
  epsabs 0
  flags 291
  seed 157
  mineval 1
  maxeval 1
  nstart 1000000
  nincrease 500000
  nbatch 1000
  gridno 1
  statefile "vegas_last_iter2"

Restoring state from vegas_last_iter2.

Iteration 23:  149500000 integrand evaluations so far
[1] 4.35258e-07 +- 4.77639e-10  	chisq 26.038 (22 df)

Saving state to vegas_last_iter2.
Vegas input parameters:
  ndim 11
  ncomp 1
  epsrel 0
  epsabs 0
  flags 291
  seed 159
  mineval 1
  maxeval 1
  nstart 1000000
  nincrease 500000
  nbatch 1000
  gridno 1
  statefile "vegas_last_iter2"

Restoring state from vegas_last_iter2.

Iteration 24:  162000000 integrand evaluations so far
[1] 4.35171e-07 +- 4.57855e-10  	chisq 26.4452 (23 df)

Saving state to vegas_last_iter2.
Vegas input parameters:
  ndim 11
  ncomp 1
  epsrel 0
  epsabs 0
  flags 291
  seed 161
  mineval 1
  maxeval 1
  nstart 1000000
  nincrease 500000
  nbatch 1000
  gridno 1
  statefile "vegas_last_iter2"

Restoring state from vegas_last_iter2.

Iteration 25:  175000000 integrand evaluations so far
[1] 4.35107e-07 +- 4.39125e-10  	chisq 26.6895 (24 df)

Saving state to vegas_last_iter2.
Vegas input parameters:
  ndim 11
  ncomp 1
  epsrel 0
  epsabs 0
  flags 291
  seed 163
  mineval 1
  maxeval 1
  nstart 1000000
  nincrease 500000
  nbatch 1000
  gridno 1
  statefile "vegas_last_iter2"

Restoring state from vegas_last_iter2.

Iteration 26:  188500000 integrand evaluations so far
[1] 4.35241e-07 +- 4.21767e-10  	chisq 27.9002 (25 df)

Saving state to vegas_last_iter2.
Vegas input parameters:
  ndim 11
  ncomp 1
  epsrel 0
  epsabs 0
  flags 291
  seed 165
  mineval 1
  maxeval 1
  nstart 1000000
  nincrease 500000
  nbatch 1000
  gridno 1
  statefile "vegas_last_iter2"

Restoring state from vegas_last_iter2.

Iteration 27:  202500000 integrand evaluations so far
[1] 4.35238e-07 +- 4.05783e-10  	chisq 27.9011 (26 df)

Saving state to vegas_last_iter2.
Thanks for using LHAPDF 6.2.1. Please make sure to cite the paper:
  Eur.Phys.J. C75 (2015) 3, 132  (http://arxiv.org/abs/1412.7420)
 method   =Vegas  
 nregions =           1
 neval    =   202500000
 fail     =           1
  0.435238055053E-06 +-   0.405783373577E-09   p =    0.584
