LHAPDF 6.2.1 loading /cvmfs/cms.cern.ch/slc6_amd64_gcc630/external/lhapdf/6.2.1-omkpbe3/share/LHAPDF/NNPDF31_nnlo_as_0118_nf_4/NNPDF31_nnlo_as_0118_nf_4_0000.dat
NNPDF31_nnlo_as_0118_nf_4 PDF set, member #0, version 1; LHAPDF ID = 320900
Vegas input parameters:
  ndim 11
  ncomp 1
  epsrel 0
  epsabs 0
  flags 291
  seed 246
  mineval 1
  maxeval 1
  nstart 1000000
  nincrease 500000
  nbatch 1000
  gridno 1
  statefile "vegas_last_iter135"

Iteration 1:  1000000 integrand evaluations so far
[1] 2.36136e-09 +- 3.05426e-09  	chisq 0 (0 df)

Saving state to vegas_last_iter135.
Vegas input parameters:
  ndim 11
  ncomp 1
  epsrel 0
  epsabs 0
  flags 291
  seed 381
  mineval 1
  maxeval 1
  nstart 1000000
  nincrease 500000
  nbatch 1000
  gridno 1
  statefile "vegas_last_iter135"

Restoring state from vegas_last_iter135.

Iteration 2:  2500000 integrand evaluations so far
[1] 2.889e-09 +- 5.62285e-10  	chisq 0.030891 (1 df)

Saving state to vegas_last_iter135.
Vegas input parameters:
  ndim 11
  ncomp 1
  epsrel 0
  epsabs 0
  flags 291
  seed 516
  mineval 1
  maxeval 1
  nstart 1000000
  nincrease 500000
  nbatch 1000
  gridno 1
  statefile "vegas_last_iter135"

Restoring state from vegas_last_iter135.

Iteration 3:  4500000 integrand evaluations so far
[1] 1.59154e-09 +- 2.77438e-10  	chisq 7.06865 (2 df)

Saving state to vegas_last_iter135.
Vegas input parameters:
  ndim 11
  ncomp 1
  epsrel 0
  epsabs 0
  flags 291
  seed 651
  mineval 1
  maxeval 1
  nstart 1000000
  nincrease 500000
  nbatch 1000
  gridno 1
  statefile "vegas_last_iter135"

Restoring state from vegas_last_iter135.

Iteration 4:  7000000 integrand evaluations so far
[1] 1.1858e-09 +- 6.86226e-11  	chisq 9.34683 (3 df)

Saving state to vegas_last_iter135.
Vegas input parameters:
  ndim 11
  ncomp 1
  epsrel 0
  epsabs 0
  flags 291
  seed 786
  mineval 1
  maxeval 1
  nstart 1000000
  nincrease 500000
  nbatch 1000
  gridno 1
  statefile "vegas_last_iter135"

Restoring state from vegas_last_iter135.

Iteration 5:  10000000 integrand evaluations so far
[1] 1.24469e-09 +- 2.04617e-11  	chisq 10.1552 (4 df)

Saving state to vegas_last_iter135.
Vegas input parameters:
  ndim 11
  ncomp 1
  epsrel 0
  epsabs 0
  flags 291
  seed 921
  mineval 1
  maxeval 1
  nstart 1000000
  nincrease 500000
  nbatch 1000
  gridno 1
  statefile "vegas_last_iter135"

Restoring state from vegas_last_iter135.

Iteration 6:  13500000 integrand evaluations so far
[1] 1.24579e-09 +- 8.67233e-12  	chisq 10.1588 (5 df)

Saving state to vegas_last_iter135.
Vegas input parameters:
  ndim 11
  ncomp 1
  epsrel 0
  epsabs 0
  flags 291
  seed 1056
  mineval 1
  maxeval 1
  nstart 1000000
  nincrease 500000
  nbatch 1000
  gridno 1
  statefile "vegas_last_iter135"

Restoring state from vegas_last_iter135.

Iteration 7:  17500000 integrand evaluations so far
[1] 1.25227e-09 +- 5.39951e-12  	chisq 11.0696 (6 df)

Saving state to vegas_last_iter135.
Vegas input parameters:
  ndim 11
  ncomp 1
  epsrel 0
  epsabs 0
  flags 291
  seed 1191
  mineval 1
  maxeval 1
  nstart 1000000
  nincrease 500000
  nbatch 1000
  gridno 1
  statefile "vegas_last_iter135"

Restoring state from vegas_last_iter135.

Iteration 8:  22000000 integrand evaluations so far
[1] 1.25803e-09 +- 4.03101e-12  	chisq 13.6365 (7 df)

Saving state to vegas_last_iter135.
Vegas input parameters:
  ndim 11
  ncomp 1
  epsrel 0
  epsabs 0
  flags 291
  seed 1326
  mineval 1
  maxeval 1
  nstart 1000000
  nincrease 500000
  nbatch 1000
  gridno 1
  statefile "vegas_last_iter135"

Restoring state from vegas_last_iter135.

Iteration 9:  27000000 integrand evaluations so far
[1] 1.25852e-09 +- 3.27377e-12  	chisq 13.6808 (8 df)

Saving state to vegas_last_iter135.
Vegas input parameters:
  ndim 11
  ncomp 1
  epsrel 0
  epsabs 0
  flags 291
  seed 1461
  mineval 1
  maxeval 1
  nstart 1000000
  nincrease 500000
  nbatch 1000
  gridno 1
  statefile "vegas_last_iter135"

Restoring state from vegas_last_iter135.

Iteration 10:  32500000 integrand evaluations so far
[1] 1.25755e-09 +- 2.78549e-12  	chisq 13.9993 (9 df)

Saving state to vegas_last_iter135.
Vegas input parameters:
  ndim 11
  ncomp 1
  epsrel 0
  epsabs 0
  flags 291
  seed 1596
  mineval 1
  maxeval 1
  nstart 1000000
  nincrease 500000
  nbatch 1000
  gridno 1
  statefile "vegas_last_iter135"

Restoring state from vegas_last_iter135.

Iteration 11:  38500000 integrand evaluations so far
[1] 1.25945e-09 +- 2.44025e-12  	chisq 16.0037 (10 df)

Saving state to vegas_last_iter135.
Vegas input parameters:
  ndim 11
  ncomp 1
  epsrel 0
  epsabs 0
  flags 291
  seed 1731
  mineval 1
  maxeval 1
  nstart 1000000
  nincrease 500000
  nbatch 1000
  gridno 1
  statefile "vegas_last_iter135"

Restoring state from vegas_last_iter135.

Iteration 12:  45000000 integrand evaluations so far
[1] 1.25906e-09 +- 2.18014e-12  	chisq 16.1339 (11 df)

Saving state to vegas_last_iter135.
Vegas input parameters:
  ndim 11
  ncomp 1
  epsrel 0
  epsabs 0
  flags 291
  seed 1866
  mineval 1
  maxeval 1
  nstart 1000000
  nincrease 500000
  nbatch 1000
  gridno 1
  statefile "vegas_last_iter135"

Restoring state from vegas_last_iter135.

Iteration 13:  52000000 integrand evaluations so far
[1] 1.25865e-09 +- 1.97599e-12  	chisq 16.3333 (12 df)

Saving state to vegas_last_iter135.
Vegas input parameters:
  ndim 11
  ncomp 1
  epsrel 0
  epsabs 0
  flags 291
  seed 2001
  mineval 1
  maxeval 1
  nstart 1000000
  nincrease 500000
  nbatch 1000
  gridno 1
  statefile "vegas_last_iter135"

Restoring state from vegas_last_iter135.

Iteration 14:  59500000 integrand evaluations so far
[1] 1.258e-09 +- 1.81045e-12  	chisq 16.9962 (13 df)

Saving state to vegas_last_iter135.
Vegas input parameters:
  ndim 11
  ncomp 1
  epsrel 0
  epsabs 0
  flags 291
  seed 2136
  mineval 1
  maxeval 1
  nstart 1000000
  nincrease 500000
  nbatch 1000
  gridno 1
  statefile "vegas_last_iter135"

Restoring state from vegas_last_iter135.

Iteration 15:  67500000 integrand evaluations so far
[1] 1.2578e-09 +- 1.67268e-12  	chisq 17.0823 (14 df)

Saving state to vegas_last_iter135.
Vegas input parameters:
  ndim 11
  ncomp 1
  epsrel 0
  epsabs 0
  flags 291
  seed 2271
  mineval 1
  maxeval 1
  nstart 1000000
  nincrease 500000
  nbatch 1000
  gridno 1
  statefile "vegas_last_iter135"

Restoring state from vegas_last_iter135.

Iteration 16:  76000000 integrand evaluations so far
[1] 1.25726e-09 +- 1.55586e-12  	chisq 17.8524 (15 df)

Saving state to vegas_last_iter135.
Vegas input parameters:
  ndim 11
  ncomp 1
  epsrel 0
  epsabs 0
  flags 291
  seed 2406
  mineval 1
  maxeval 1
  nstart 1000000
  nincrease 500000
  nbatch 1000
  gridno 1
  statefile "vegas_last_iter135"

Restoring state from vegas_last_iter135.

Iteration 17:  85000000 integrand evaluations so far
[1] 1.25719e-09 +- 1.45533e-12  	chisq 17.8681 (16 df)

Saving state to vegas_last_iter135.
Vegas input parameters:
  ndim 11
  ncomp 1
  epsrel 0
  epsabs 0
  flags 291
  seed 2541
  mineval 1
  maxeval 1
  nstart 1000000
  nincrease 500000
  nbatch 1000
  gridno 1
  statefile "vegas_last_iter135"

Restoring state from vegas_last_iter135.

Iteration 18:  94500000 integrand evaluations so far
[1] 1.25693e-09 +- 1.36798e-12  	chisq 18.1345 (17 df)

Saving state to vegas_last_iter135.
Vegas input parameters:
  ndim 11
  ncomp 1
  epsrel 0
  epsabs 0
  flags 291
  seed 2676
  mineval 1
  maxeval 1
  nstart 1000000
  nincrease 500000
  nbatch 1000
  gridno 1
  statefile "vegas_last_iter135"

Restoring state from vegas_last_iter135.

Iteration 19:  104500000 integrand evaluations so far
[1] 1.25633e-09 +- 1.29091e-12  	chisq 19.8932 (18 df)

Saving state to vegas_last_iter135.
Vegas input parameters:
  ndim 11
  ncomp 1
  epsrel 0
  epsabs 0
  flags 291
  seed 2811
  mineval 1
  maxeval 1
  nstart 1000000
  nincrease 500000
  nbatch 1000
  gridno 1
  statefile "vegas_last_iter135"

Restoring state from vegas_last_iter135.

Iteration 20:  115000000 integrand evaluations so far
[1] 1.25605e-09 +- 1.22254e-12  	chisq 20.3543 (19 df)

Saving state to vegas_last_iter135.
Vegas input parameters:
  ndim 11
  ncomp 1
  epsrel 0
  epsabs 0
  flags 291
  seed 2946
  mineval 1
  maxeval 1
  nstart 1000000
  nincrease 500000
  nbatch 1000
  gridno 1
  statefile "vegas_last_iter135"

Restoring state from vegas_last_iter135.

Iteration 21:  126000000 integrand evaluations so far
[1] 1.25667e-09 +- 1.16147e-12  	chisq 22.9387 (20 df)

Saving state to vegas_last_iter135.
Vegas input parameters:
  ndim 11
  ncomp 1
  epsrel 0
  epsabs 0
  flags 291
  seed 3081
  mineval 1
  maxeval 1
  nstart 1000000
  nincrease 500000
  nbatch 1000
  gridno 1
  statefile "vegas_last_iter135"

Restoring state from vegas_last_iter135.

Iteration 22:  137500000 integrand evaluations so far
[1] 1.25711e-09 +- 1.1064e-12  	chisq 24.4864 (21 df)

Saving state to vegas_last_iter135.
Vegas input parameters:
  ndim 11
  ncomp 1
  epsrel 0
  epsabs 0
  flags 291
  seed 3216
  mineval 1
  maxeval 1
  nstart 1000000
  nincrease 500000
  nbatch 1000
  gridno 1
  statefile "vegas_last_iter135"

Restoring state from vegas_last_iter135.

Iteration 23:  149500000 integrand evaluations so far
[1] 1.25705e-09 +- 1.05652e-12  	chisq 24.5122 (22 df)

Saving state to vegas_last_iter135.
Vegas input parameters:
  ndim 11
  ncomp 1
  epsrel 0
  epsabs 0
  flags 291
  seed 3351
  mineval 1
  maxeval 1
  nstart 1000000
  nincrease 500000
  nbatch 1000
  gridno 1
  statefile "vegas_last_iter135"

Restoring state from vegas_last_iter135.

Iteration 24:  162000000 integrand evaluations so far
[1] 1.25665e-09 +- 1.01115e-12  	chisq 26.2254 (23 df)

Saving state to vegas_last_iter135.
Vegas input parameters:
  ndim 11
  ncomp 1
  epsrel 0
  epsabs 0
  flags 291
  seed 3486
  mineval 1
  maxeval 1
  nstart 1000000
  nincrease 500000
  nbatch 1000
  gridno 1
  statefile "vegas_last_iter135"

Restoring state from vegas_last_iter135.

Iteration 25:  175000000 integrand evaluations so far
[1] 1.25699e-09 +- 9.69656e-13  	chisq 27.6406 (24 df)

Saving state to vegas_last_iter135.
Vegas input parameters:
  ndim 11
  ncomp 1
  epsrel 0
  epsabs 0
  flags 291
  seed 3621
  mineval 1
  maxeval 1
  nstart 1000000
  nincrease 500000
  nbatch 1000
  gridno 1
  statefile "vegas_last_iter135"

Restoring state from vegas_last_iter135.

Iteration 26:  188500000 integrand evaluations so far
[1] 1.25703e-09 +- 9.31516e-13  	chisq 27.6561 (25 df)

Saving state to vegas_last_iter135.
Vegas input parameters:
  ndim 11
  ncomp 1
  epsrel 0
  epsabs 0
  flags 291
  seed 3756
  mineval 1
  maxeval 1
  nstart 1000000
  nincrease 500000
  nbatch 1000
  gridno 1
  statefile "vegas_last_iter135"

Restoring state from vegas_last_iter135.

Iteration 27:  202500000 integrand evaluations so far
[1] 1.25702e-09 +- 8.96394e-13  	chisq 27.6568 (26 df)

Saving state to vegas_last_iter135.
Thanks for using LHAPDF 6.2.1. Please make sure to cite the paper:
  Eur.Phys.J. C75 (2015) 3, 132  (http://arxiv.org/abs/1412.7420)
 method   =Vegas  
 nregions =           1
 neval    =   202500000
 fail     =           1
  0.125701891535E-08 +-   0.896394375065E-12   p =    0.571
