LHAPDF 6.2.1 loading /cvmfs/cms.cern.ch/slc6_amd64_gcc630/external/lhapdf/6.2.1-omkpbe3/share/LHAPDF/NNPDF31_nnlo_as_0118_nf_4/NNPDF31_nnlo_as_0118_nf_4_0000.dat
NNPDF31_nnlo_as_0118_nf_4 PDF set, member #0, version 1; LHAPDF ID = 320900
Vegas input parameters:
  ndim 11
  ncomp 1
  epsrel 0
  epsabs 0
  flags 291
  seed 256
  mineval 1
  maxeval 1
  nstart 1000000
  nincrease 500000
  nbatch 1000
  gridno 1
  statefile "vegas_last_iter145"

Iteration 1:  1000000 integrand evaluations so far
[1] 6.76747e-07 +- 1.63946e-07  	chisq 0 (0 df)

Saving state to vegas_last_iter145.
Vegas input parameters:
  ndim 11
  ncomp 1
  epsrel 0
  epsabs 0
  flags 291
  seed 401
  mineval 1
  maxeval 1
  nstart 1000000
  nincrease 500000
  nbatch 1000
  gridno 1
  statefile "vegas_last_iter145"

Restoring state from vegas_last_iter145.

Iteration 2:  2500000 integrand evaluations so far
[1] 8.18706e-07 +- 1.46112e-07  	chisq 3.64445 (1 df)

Saving state to vegas_last_iter145.
Vegas input parameters:
  ndim 11
  ncomp 1
  epsrel 0
  epsabs 0
  flags 291
  seed 546
  mineval 1
  maxeval 1
  nstart 1000000
  nincrease 500000
  nbatch 1000
  gridno 1
  statefile "vegas_last_iter145"

Restoring state from vegas_last_iter145.

Iteration 3:  4500000 integrand evaluations so far
[1] 1.10833e-06 +- 5.14547e-08  	chisq 8.12994 (2 df)

Saving state to vegas_last_iter145.
Vegas input parameters:
  ndim 11
  ncomp 1
  epsrel 0
  epsabs 0
  flags 291
  seed 691
  mineval 1
  maxeval 1
  nstart 1000000
  nincrease 500000
  nbatch 1000
  gridno 1
  statefile "vegas_last_iter145"

Restoring state from vegas_last_iter145.

Iteration 4:  7000000 integrand evaluations so far
[1] 1.21643e-06 +- 1.18572e-08  	chisq 12.7904 (3 df)

Saving state to vegas_last_iter145.
Vegas input parameters:
  ndim 11
  ncomp 1
  epsrel 0
  epsabs 0
  flags 291
  seed 836
  mineval 1
  maxeval 1
  nstart 1000000
  nincrease 500000
  nbatch 1000
  gridno 1
  statefile "vegas_last_iter145"

Restoring state from vegas_last_iter145.

Iteration 5:  10000000 integrand evaluations so far
[1] 1.20226e-06 +- 3.137e-09  	chisq 14.3242 (4 df)

Saving state to vegas_last_iter145.
Vegas input parameters:
  ndim 11
  ncomp 1
  epsrel 0
  epsabs 0
  flags 291
  seed 981
  mineval 1
  maxeval 1
  nstart 1000000
  nincrease 500000
  nbatch 1000
  gridno 1
  statefile "vegas_last_iter145"

Restoring state from vegas_last_iter145.

Iteration 6:  13500000 integrand evaluations so far
[1] 1.20117e-06 +- 1.28758e-09  	chisq 14.4713 (5 df)

Saving state to vegas_last_iter145.
Vegas input parameters:
  ndim 11
  ncomp 1
  epsrel 0
  epsabs 0
  flags 291
  seed 1126
  mineval 1
  maxeval 1
  nstart 1000000
  nincrease 500000
  nbatch 1000
  gridno 1
  statefile "vegas_last_iter145"

Restoring state from vegas_last_iter145.

Iteration 7:  17500000 integrand evaluations so far
[1] 1.20128e-06 +- 8.02188e-10  	chisq 14.484 (6 df)

Saving state to vegas_last_iter145.
Vegas input parameters:
  ndim 11
  ncomp 1
  epsrel 0
  epsabs 0
  flags 291
  seed 1271
  mineval 1
  maxeval 1
  nstart 1000000
  nincrease 500000
  nbatch 1000
  gridno 1
  statefile "vegas_last_iter145"

Restoring state from vegas_last_iter145.

Iteration 8:  22000000 integrand evaluations so far
[1] 1.20111e-06 +- 5.9639e-10  	chisq 14.5843 (7 df)

Saving state to vegas_last_iter145.
Vegas input parameters:
  ndim 11
  ncomp 1
  epsrel 0
  epsabs 0
  flags 291
  seed 1416
  mineval 1
  maxeval 1
  nstart 1000000
  nincrease 500000
  nbatch 1000
  gridno 1
  statefile "vegas_last_iter145"

Restoring state from vegas_last_iter145.

Iteration 9:  27000000 integrand evaluations so far
[1] 1.20149e-06 +- 4.82627e-10  	chisq 15.7646 (8 df)

Saving state to vegas_last_iter145.
Vegas input parameters:
  ndim 11
  ncomp 1
  epsrel 0
  epsabs 0
  flags 291
  seed 1561
  mineval 1
  maxeval 1
  nstart 1000000
  nincrease 500000
  nbatch 1000
  gridno 1
  statefile "vegas_last_iter145"

Restoring state from vegas_last_iter145.

Iteration 10:  32500000 integrand evaluations so far
[1] 1.20145e-06 +- 4.0992e-10  	chisq 15.7899 (9 df)

Saving state to vegas_last_iter145.
Vegas input parameters:
  ndim 11
  ncomp 1
  epsrel 0
  epsabs 0
  flags 291
  seed 1706
  mineval 1
  maxeval 1
  nstart 1000000
  nincrease 500000
  nbatch 1000
  gridno 1
  statefile "vegas_last_iter145"

Restoring state from vegas_last_iter145.

Iteration 11:  38500000 integrand evaluations so far
[1] 1.20152e-06 +- 3.58673e-10  	chisq 15.9126 (10 df)

Saving state to vegas_last_iter145.
Vegas input parameters:
  ndim 11
  ncomp 1
  epsrel 0
  epsabs 0
  flags 291
  seed 1851
  mineval 1
  maxeval 1
  nstart 1000000
  nincrease 500000
  nbatch 1000
  gridno 1
  statefile "vegas_last_iter145"

Restoring state from vegas_last_iter145.

Iteration 12:  45000000 integrand evaluations so far
[1] 1.2014e-06 +- 3.2018e-10  	chisq 16.434 (11 df)

Saving state to vegas_last_iter145.
Vegas input parameters:
  ndim 11
  ncomp 1
  epsrel 0
  epsabs 0
  flags 291
  seed 1996
  mineval 1
  maxeval 1
  nstart 1000000
  nincrease 500000
  nbatch 1000
  gridno 1
  statefile "vegas_last_iter145"

Restoring state from vegas_last_iter145.

Iteration 13:  52000000 integrand evaluations so far
[1] 1.2015e-06 +- 2.89958e-10  	chisq 16.9775 (12 df)

Saving state to vegas_last_iter145.
Vegas input parameters:
  ndim 11
  ncomp 1
  epsrel 0
  epsabs 0
  flags 291
  seed 2141
  mineval 1
  maxeval 1
  nstart 1000000
  nincrease 500000
  nbatch 1000
  gridno 1
  statefile "vegas_last_iter145"

Restoring state from vegas_last_iter145.

Iteration 14:  59500000 integrand evaluations so far
[1] 1.20149e-06 +- 2.65469e-10  	chisq 16.9914 (13 df)

Saving state to vegas_last_iter145.
Vegas input parameters:
  ndim 11
  ncomp 1
  epsrel 0
  epsabs 0
  flags 291
  seed 2286
  mineval 1
  maxeval 1
  nstart 1000000
  nincrease 500000
  nbatch 1000
  gridno 1
  statefile "vegas_last_iter145"

Restoring state from vegas_last_iter145.

Iteration 15:  67500000 integrand evaluations so far
[1] 1.20165e-06 +- 2.45153e-10  	chisq 19.3483 (14 df)

Saving state to vegas_last_iter145.
Vegas input parameters:
  ndim 11
  ncomp 1
  epsrel 0
  epsabs 0
  flags 291
  seed 2431
  mineval 1
  maxeval 1
  nstart 1000000
  nincrease 500000
  nbatch 1000
  gridno 1
  statefile "vegas_last_iter145"

Restoring state from vegas_last_iter145.

Iteration 16:  76000000 integrand evaluations so far
[1] 1.20169e-06 +- 2.27934e-10  	chisq 19.5495 (15 df)

Saving state to vegas_last_iter145.
Vegas input parameters:
  ndim 11
  ncomp 1
  epsrel 0
  epsabs 0
  flags 291
  seed 2576
  mineval 1
  maxeval 1
  nstart 1000000
  nincrease 500000
  nbatch 1000
  gridno 1
  statefile "vegas_last_iter145"

Restoring state from vegas_last_iter145.

Iteration 17:  85000000 integrand evaluations so far
[1] 1.20167e-06 +- 2.13148e-10  	chisq 19.5819 (16 df)

Saving state to vegas_last_iter145.
Vegas input parameters:
  ndim 11
  ncomp 1
  epsrel 0
  epsabs 0
  flags 291
  seed 2721
  mineval 1
  maxeval 1
  nstart 1000000
  nincrease 500000
  nbatch 1000
  gridno 1
  statefile "vegas_last_iter145"

Restoring state from vegas_last_iter145.

Iteration 18:  94500000 integrand evaluations so far
[1] 1.20156e-06 +- 2.00275e-10  	chisq 21.8487 (17 df)

Saving state to vegas_last_iter145.
Vegas input parameters:
  ndim 11
  ncomp 1
  epsrel 0
  epsabs 0
  flags 291
  seed 2866
  mineval 1
  maxeval 1
  nstart 1000000
  nincrease 500000
  nbatch 1000
  gridno 1
  statefile "vegas_last_iter145"

Restoring state from vegas_last_iter145.

Iteration 19:  104500000 integrand evaluations so far
[1] 1.20158e-06 +- 1.88954e-10  	chisq 21.9093 (18 df)

Saving state to vegas_last_iter145.
Vegas input parameters:
  ndim 11
  ncomp 1
  epsrel 0
  epsabs 0
  flags 291
  seed 3011
  mineval 1
  maxeval 1
  nstart 1000000
  nincrease 500000
  nbatch 1000
  gridno 1
  statefile "vegas_last_iter145"

Restoring state from vegas_last_iter145.

Iteration 20:  115000000 integrand evaluations so far
[1] 1.20162e-06 +- 1.78892e-10  	chisq 22.3562 (19 df)

Saving state to vegas_last_iter145.
Vegas input parameters:
  ndim 11
  ncomp 1
  epsrel 0
  epsabs 0
  flags 291
  seed 3156
  mineval 1
  maxeval 1
  nstart 1000000
  nincrease 500000
  nbatch 1000
  gridno 1
  statefile "vegas_last_iter145"

Restoring state from vegas_last_iter145.

Iteration 21:  126000000 integrand evaluations so far
[1] 1.20147e-06 +- 1.69926e-10  	chisq 29.1172 (20 df)

Saving state to vegas_last_iter145.
Vegas input parameters:
  ndim 11
  ncomp 1
  epsrel 0
  epsabs 0
  flags 291
  seed 3301
  mineval 1
  maxeval 1
  nstart 1000000
  nincrease 500000
  nbatch 1000
  gridno 1
  statefile "vegas_last_iter145"

Restoring state from vegas_last_iter145.

Iteration 22:  137500000 integrand evaluations so far
[1] 1.20152e-06 +- 1.61823e-10  	chisq 30.0223 (21 df)

Saving state to vegas_last_iter145.
Vegas input parameters:
  ndim 11
  ncomp 1
  epsrel 0
  epsabs 0
  flags 291
  seed 3446
  mineval 1
  maxeval 1
  nstart 1000000
  nincrease 500000
  nbatch 1000
  gridno 1
  statefile "vegas_last_iter145"

Restoring state from vegas_last_iter145.

Iteration 23:  149500000 integrand evaluations so far
[1] 1.20152e-06 +- 1.54503e-10  	chisq 30.0226 (22 df)

Saving state to vegas_last_iter145.
Vegas input parameters:
  ndim 11
  ncomp 1
  epsrel 0
  epsabs 0
  flags 291
  seed 3591
  mineval 1
  maxeval 1
  nstart 1000000
  nincrease 500000
  nbatch 1000
  gridno 1
  statefile "vegas_last_iter145"

Restoring state from vegas_last_iter145.

Iteration 24:  162000000 integrand evaluations so far
[1] 1.20147e-06 +- 1.4784e-10  	chisq 31.2846 (23 df)

Saving state to vegas_last_iter145.
Vegas input parameters:
  ndim 11
  ncomp 1
  epsrel 0
  epsabs 0
  flags 291
  seed 3736
  mineval 1
  maxeval 1
  nstart 1000000
  nincrease 500000
  nbatch 1000
  gridno 1
  statefile "vegas_last_iter145"

Restoring state from vegas_last_iter145.

Iteration 25:  175000000 integrand evaluations so far
[1] 1.2015e-06 +- 1.41731e-10  	chisq 31.7428 (24 df)

Saving state to vegas_last_iter145.
Vegas input parameters:
  ndim 11
  ncomp 1
  epsrel 0
  epsabs 0
  flags 291
  seed 3881
  mineval 1
  maxeval 1
  nstart 1000000
  nincrease 500000
  nbatch 1000
  gridno 1
  statefile "vegas_last_iter145"

Restoring state from vegas_last_iter145.

Iteration 26:  188500000 integrand evaluations so far
[1] 1.20147e-06 +- 1.36125e-10  	chisq 32.2893 (25 df)

Saving state to vegas_last_iter145.
Vegas input parameters:
  ndim 11
  ncomp 1
  epsrel 0
  epsabs 0
  flags 291
  seed 4026
  mineval 1
  maxeval 1
  nstart 1000000
  nincrease 500000
  nbatch 1000
  gridno 1
  statefile "vegas_last_iter145"

Restoring state from vegas_last_iter145.

Iteration 27:  202500000 integrand evaluations so far
[1] 1.20145e-06 +- 1.30949e-10  	chisq 32.6261 (26 df)

Saving state to vegas_last_iter145.
Thanks for using LHAPDF 6.2.1. Please make sure to cite the paper:
  Eur.Phys.J. C75 (2015) 3, 132  (http://arxiv.org/abs/1412.7420)
 method   =Vegas  
 nregions =           1
 neval    =   202500000
 fail     =           1
  0.120145037387E-05 +-   0.130948562740E-09   p =    0.790
