LHAPDF 6.2.1 loading /cvmfs/cms.cern.ch/slc6_amd64_gcc630/external/lhapdf/6.2.1-omkpbe3/share/LHAPDF/NNPDF31_nnlo_as_0118_nf_4/NNPDF31_nnlo_as_0118_nf_4_0000.dat
NNPDF31_nnlo_as_0118_nf_4 PDF set, member #0, version 1; LHAPDF ID = 320900
Vegas input parameters:
  ndim 11
  ncomp 1
  epsrel 0
  epsabs 0
  flags 291
  seed 159
  mineval 1
  maxeval 1
  nstart 1000000
  nincrease 500000
  nbatch 1000
  gridno 1
  statefile "vegas_last_iter48"

Iteration 1:  1000000 integrand evaluations so far
[1] 4.29812e-08 +- 1.10179e-07  	chisq 0 (0 df)

Saving state to vegas_last_iter48.
Vegas input parameters:
  ndim 11
  ncomp 1
  epsrel 0
  epsabs 0
  flags 291
  seed 207
  mineval 1
  maxeval 1
  nstart 1000000
  nincrease 500000
  nbatch 1000
  gridno 1
  statefile "vegas_last_iter48"

Restoring state from vegas_last_iter48.

Iteration 2:  2500000 integrand evaluations so far
[1] 3.25255e-08 +- 7.53602e-08  	chisq 0.0169224 (1 df)

Saving state to vegas_last_iter48.
Vegas input parameters:
  ndim 11
  ncomp 1
  epsrel 0
  epsabs 0
  flags 291
  seed 255
  mineval 1
  maxeval 1
  nstart 1000000
  nincrease 500000
  nbatch 1000
  gridno 1
  statefile "vegas_last_iter48"

Restoring state from vegas_last_iter48.

Iteration 3:  4500000 integrand evaluations so far
[1] 1.69855e-07 +- 1.98533e-08  	chisq 3.58537 (2 df)

Saving state to vegas_last_iter48.
Vegas input parameters:
  ndim 11
  ncomp 1
  epsrel 0
  epsabs 0
  flags 291
  seed 303
  mineval 1
  maxeval 1
  nstart 1000000
  nincrease 500000
  nbatch 1000
  gridno 1
  statefile "vegas_last_iter48"

Restoring state from vegas_last_iter48.

Iteration 4:  7000000 integrand evaluations so far
[1] 2.01358e-07 +- 8.01782e-09  	chisq 6.59404 (3 df)

Saving state to vegas_last_iter48.
Vegas input parameters:
  ndim 11
  ncomp 1
  epsrel 0
  epsabs 0
  flags 291
  seed 351
  mineval 1
  maxeval 1
  nstart 1000000
  nincrease 500000
  nbatch 1000
  gridno 1
  statefile "vegas_last_iter48"

Restoring state from vegas_last_iter48.

Iteration 5:  10000000 integrand evaluations so far
[1] 2.05421e-07 +- 3.03348e-09  	chisq 6.89376 (4 df)

Saving state to vegas_last_iter48.
Vegas input parameters:
  ndim 11
  ncomp 1
  epsrel 0
  epsabs 0
  flags 291
  seed 399
  mineval 1
  maxeval 1
  nstart 1000000
  nincrease 500000
  nbatch 1000
  gridno 1
  statefile "vegas_last_iter48"

Restoring state from vegas_last_iter48.

Iteration 6:  13500000 integrand evaluations so far
[1] 2.02764e-07 +- 1.43885e-09  	chisq 7.88388 (5 df)

Saving state to vegas_last_iter48.
Vegas input parameters:
  ndim 11
  ncomp 1
  epsrel 0
  epsabs 0
  flags 291
  seed 447
  mineval 1
  maxeval 1
  nstart 1000000
  nincrease 500000
  nbatch 1000
  gridno 1
  statefile "vegas_last_iter48"

Restoring state from vegas_last_iter48.

Iteration 7:  17500000 integrand evaluations so far
[1] 2.03376e-07 +- 9.15698e-10  	chisq 8.1882 (6 df)

Saving state to vegas_last_iter48.
Vegas input parameters:
  ndim 11
  ncomp 1
  epsrel 0
  epsabs 0
  flags 291
  seed 495
  mineval 1
  maxeval 1
  nstart 1000000
  nincrease 500000
  nbatch 1000
  gridno 1
  statefile "vegas_last_iter48"

Restoring state from vegas_last_iter48.

Iteration 8:  22000000 integrand evaluations so far
[1] 2.04175e-07 +- 6.86132e-10  	chisq 9.92171 (7 df)

Saving state to vegas_last_iter48.
Vegas input parameters:
  ndim 11
  ncomp 1
  epsrel 0
  epsabs 0
  flags 291
  seed 543
  mineval 1
  maxeval 1
  nstart 1000000
  nincrease 500000
  nbatch 1000
  gridno 1
  statefile "vegas_last_iter48"

Restoring state from vegas_last_iter48.

Iteration 9:  27000000 integrand evaluations so far
[1] 2.0398e-07 +- 5.58466e-10  	chisq 10.1599 (8 df)

Saving state to vegas_last_iter48.
Vegas input parameters:
  ndim 11
  ncomp 1
  epsrel 0
  epsabs 0
  flags 291
  seed 591
  mineval 1
  maxeval 1
  nstart 1000000
  nincrease 500000
  nbatch 1000
  gridno 1
  statefile "vegas_last_iter48"

Restoring state from vegas_last_iter48.

Iteration 10:  32500000 integrand evaluations so far
[1] 2.03842e-07 +- 4.75923e-10  	chisq 10.3831 (9 df)

Saving state to vegas_last_iter48.
Vegas input parameters:
  ndim 11
  ncomp 1
  epsrel 0
  epsabs 0
  flags 291
  seed 639
  mineval 1
  maxeval 1
  nstart 1000000
  nincrease 500000
  nbatch 1000
  gridno 1
  statefile "vegas_last_iter48"

Restoring state from vegas_last_iter48.

Iteration 11:  38500000 integrand evaluations so far
[1] 2.04021e-07 +- 4.17351e-10  	chisq 10.9945 (10 df)

Saving state to vegas_last_iter48.
Vegas input parameters:
  ndim 11
  ncomp 1
  epsrel 0
  epsabs 0
  flags 291
  seed 687
  mineval 1
  maxeval 1
  nstart 1000000
  nincrease 500000
  nbatch 1000
  gridno 1
  statefile "vegas_last_iter48"

Restoring state from vegas_last_iter48.

Iteration 12:  45000000 integrand evaluations so far
[1] 2.04135e-07 +- 3.73151e-10  	chisq 11.3676 (11 df)

Saving state to vegas_last_iter48.
Vegas input parameters:
  ndim 11
  ncomp 1
  epsrel 0
  epsabs 0
  flags 291
  seed 735
  mineval 1
  maxeval 1
  nstart 1000000
  nincrease 500000
  nbatch 1000
  gridno 1
  statefile "vegas_last_iter48"

Restoring state from vegas_last_iter48.

Iteration 13:  52000000 integrand evaluations so far
[1] 2.04027e-07 +- 3.38308e-10  	chisq 11.8369 (12 df)

Saving state to vegas_last_iter48.
Vegas input parameters:
  ndim 11
  ncomp 1
  epsrel 0
  epsabs 0
  flags 291
  seed 783
  mineval 1
  maxeval 1
  nstart 1000000
  nincrease 500000
  nbatch 1000
  gridno 1
  statefile "vegas_last_iter48"

Restoring state from vegas_last_iter48.

Iteration 14:  59500000 integrand evaluations so far
[1] 2.03903e-07 +- 3.09974e-10  	chisq 12.6774 (13 df)

Saving state to vegas_last_iter48.
Vegas input parameters:
  ndim 11
  ncomp 1
  epsrel 0
  epsabs 0
  flags 291
  seed 831
  mineval 1
  maxeval 1
  nstart 1000000
  nincrease 500000
  nbatch 1000
  gridno 1
  statefile "vegas_last_iter48"

Restoring state from vegas_last_iter48.

Iteration 15:  67500000 integrand evaluations so far
[1] 2.0405e-07 +- 2.86408e-10  	chisq 14.2079 (14 df)

Saving state to vegas_last_iter48.
Vegas input parameters:
  ndim 11
  ncomp 1
  epsrel 0
  epsabs 0
  flags 291
  seed 879
  mineval 1
  maxeval 1
  nstart 1000000
  nincrease 500000
  nbatch 1000
  gridno 1
  statefile "vegas_last_iter48"

Restoring state from vegas_last_iter48.

Iteration 16:  76000000 integrand evaluations so far
[1] 2.04136e-07 +- 2.66451e-10  	chisq 14.8883 (15 df)

Saving state to vegas_last_iter48.
Vegas input parameters:
  ndim 11
  ncomp 1
  epsrel 0
  epsabs 0
  flags 291
  seed 927
  mineval 1
  maxeval 1
  nstart 1000000
  nincrease 500000
  nbatch 1000
  gridno 1
  statefile "vegas_last_iter48"

Restoring state from vegas_last_iter48.

Iteration 17:  85000000 integrand evaluations so far
[1] 2.04115e-07 +- 2.49282e-10  	chisq 14.9369 (16 df)

Saving state to vegas_last_iter48.
Vegas input parameters:
  ndim 11
  ncomp 1
  epsrel 0
  epsabs 0
  flags 291
  seed 975
  mineval 1
  maxeval 1
  nstart 1000000
  nincrease 500000
  nbatch 1000
  gridno 1
  statefile "vegas_last_iter48"

Restoring state from vegas_last_iter48.

Iteration 18:  94500000 integrand evaluations so far
[1] 2.04179e-07 +- 2.34348e-10  	chisq 15.4957 (17 df)

Saving state to vegas_last_iter48.
Vegas input parameters:
  ndim 11
  ncomp 1
  epsrel 0
  epsabs 0
  flags 291
  seed 1023
  mineval 1
  maxeval 1
  nstart 1000000
  nincrease 500000
  nbatch 1000
  gridno 1
  statefile "vegas_last_iter48"

Restoring state from vegas_last_iter48.

Iteration 19:  104500000 integrand evaluations so far
[1] 2.04111e-07 +- 2.21188e-10  	chisq 16.2696 (18 df)

Saving state to vegas_last_iter48.
Vegas input parameters:
  ndim 11
  ncomp 1
  epsrel 0
  epsabs 0
  flags 291
  seed 1071
  mineval 1
  maxeval 1
  nstart 1000000
  nincrease 500000
  nbatch 1000
  gridno 1
  statefile "vegas_last_iter48"

Restoring state from vegas_last_iter48.

Iteration 20:  115000000 integrand evaluations so far
[1] 2.04164e-07 +- 2.09515e-10  	chisq 16.8327 (19 df)

Saving state to vegas_last_iter48.
Vegas input parameters:
  ndim 11
  ncomp 1
  epsrel 0
  epsabs 0
  flags 291
  seed 1119
  mineval 1
  maxeval 1
  nstart 1000000
  nincrease 500000
  nbatch 1000
  gridno 1
  statefile "vegas_last_iter48"

Restoring state from vegas_last_iter48.

Iteration 21:  126000000 integrand evaluations so far
[1] 2.04059e-07 +- 1.99066e-10  	chisq 19.4107 (20 df)

Saving state to vegas_last_iter48.
Vegas input parameters:
  ndim 11
  ncomp 1
  epsrel 0
  epsabs 0
  flags 291
  seed 1167
  mineval 1
  maxeval 1
  nstart 1000000
  nincrease 500000
  nbatch 1000
  gridno 1
  statefile "vegas_last_iter48"

Restoring state from vegas_last_iter48.

Iteration 22:  137500000 integrand evaluations so far
[1] 2.03948e-07 +- 1.89664e-10  	chisq 22.7865 (21 df)

Saving state to vegas_last_iter48.
Vegas input parameters:
  ndim 11
  ncomp 1
  epsrel 0
  epsabs 0
  flags 291
  seed 1215
  mineval 1
  maxeval 1
  nstart 1000000
  nincrease 500000
  nbatch 1000
  gridno 1
  statefile "vegas_last_iter48"

Restoring state from vegas_last_iter48.

Iteration 23:  149500000 integrand evaluations so far
[1] 2.03944e-07 +- 1.81144e-10  	chisq 22.7928 (22 df)

Saving state to vegas_last_iter48.
Vegas input parameters:
  ndim 11
  ncomp 1
  epsrel 0
  epsabs 0
  flags 291
  seed 1263
  mineval 1
  maxeval 1
  nstart 1000000
  nincrease 500000
  nbatch 1000
  gridno 1
  statefile "vegas_last_iter48"

Restoring state from vegas_last_iter48.

Iteration 24:  162000000 integrand evaluations so far
[1] 2.03846e-07 +- 1.73388e-10  	chisq 26.2491 (23 df)

Saving state to vegas_last_iter48.
Vegas input parameters:
  ndim 11
  ncomp 1
  epsrel 0
  epsabs 0
  flags 291
  seed 1311
  mineval 1
  maxeval 1
  nstart 1000000
  nincrease 500000
  nbatch 1000
  gridno 1
  statefile "vegas_last_iter48"

Restoring state from vegas_last_iter48.

Iteration 25:  175000000 integrand evaluations so far
[1] 2.0385e-07 +- 1.66295e-10  	chisq 26.2544 (24 df)

Saving state to vegas_last_iter48.
Vegas input parameters:
  ndim 11
  ncomp 1
  epsrel 0
  epsabs 0
  flags 291
  seed 1359
  mineval 1
  maxeval 1
  nstart 1000000
  nincrease 500000
  nbatch 1000
  gridno 1
  statefile "vegas_last_iter48"

Restoring state from vegas_last_iter48.

Iteration 26:  188500000 integrand evaluations so far
[1] 2.0381e-07 +- 1.59782e-10  	chisq 26.9791 (25 df)

Saving state to vegas_last_iter48.
Vegas input parameters:
  ndim 11
  ncomp 1
  epsrel 0
  epsabs 0
  flags 291
  seed 1407
  mineval 1
  maxeval 1
  nstart 1000000
  nincrease 500000
  nbatch 1000
  gridno 1
  statefile "vegas_last_iter48"

Restoring state from vegas_last_iter48.

Iteration 27:  202500000 integrand evaluations so far
[1] 2.0383e-07 +- 1.53776e-10  	chisq 27.1896 (26 df)

Saving state to vegas_last_iter48.
Thanks for using LHAPDF 6.2.1. Please make sure to cite the paper:
  Eur.Phys.J. C75 (2015) 3, 132  (http://arxiv.org/abs/1412.7420)
 method   =Vegas  
 nregions =           1
 neval    =   202500000
 fail     =           1
  0.203830318659E-06 +-   0.153775568065E-09   p =    0.546
