LHAPDF 6.2.1 loading /cvmfs/cms.cern.ch/slc6_amd64_gcc630/external/lhapdf/6.2.1-omkpbe3/share/LHAPDF/NNPDF31_nnlo_as_0118_nf_4/NNPDF31_nnlo_as_0118_nf_4_0000.dat
NNPDF31_nnlo_as_0118_nf_4 PDF set, member #0, version 1; LHAPDF ID = 320900
Vegas input parameters:
  ndim 11
  ncomp 1
  epsrel 0
  epsabs 0
  flags 291
  seed 171
  mineval 1
  maxeval 1
  nstart 1000000
  nincrease 500000
  nbatch 1000
  gridno 1
  statefile "vegas_last_iter60"

Iteration 1:  1000000 integrand evaluations so far
[1] -2.90953e-07 +- 9.90401e-08  	chisq 0 (0 df)

Saving state to vegas_last_iter60.
Vegas input parameters:
  ndim 11
  ncomp 1
  epsrel 0
  epsabs 0
  flags 291
  seed 231
  mineval 1
  maxeval 1
  nstart 1000000
  nincrease 500000
  nbatch 1000
  gridno 1
  statefile "vegas_last_iter60"

Restoring state from vegas_last_iter60.

Iteration 2:  2500000 integrand evaluations so far
[1] -3.09728e-07 +- 3.10505e-08  	chisq 0.0398533 (1 df)

Saving state to vegas_last_iter60.
Vegas input parameters:
  ndim 11
  ncomp 1
  epsrel 0
  epsabs 0
  flags 291
  seed 291
  mineval 1
  maxeval 1
  nstart 1000000
  nincrease 500000
  nbatch 1000
  gridno 1
  statefile "vegas_last_iter60"

Restoring state from vegas_last_iter60.

Iteration 3:  4500000 integrand evaluations so far
[1] -2.8034e-07 +- 2.23032e-08  	chisq 1.8904 (2 df)

Saving state to vegas_last_iter60.
Vegas input parameters:
  ndim 11
  ncomp 1
  epsrel 0
  epsabs 0
  flags 291
  seed 351
  mineval 1
  maxeval 1
  nstart 1000000
  nincrease 500000
  nbatch 1000
  gridno 1
  statefile "vegas_last_iter60"

Restoring state from vegas_last_iter60.

Iteration 4:  7000000 integrand evaluations so far
[1] -2.92461e-07 +- 5.71509e-09  	chisq 2.20648 (3 df)

Saving state to vegas_last_iter60.
Vegas input parameters:
  ndim 11
  ncomp 1
  epsrel 0
  epsabs 0
  flags 291
  seed 411
  mineval 1
  maxeval 1
  nstart 1000000
  nincrease 500000
  nbatch 1000
  gridno 1
  statefile "vegas_last_iter60"

Restoring state from vegas_last_iter60.

Iteration 5:  10000000 integrand evaluations so far
[1] -2.99333e-07 +- 1.94242e-09  	chisq 3.84133 (4 df)

Saving state to vegas_last_iter60.
Vegas input parameters:
  ndim 11
  ncomp 1
  epsrel 0
  epsabs 0
  flags 291
  seed 471
  mineval 1
  maxeval 1
  nstart 1000000
  nincrease 500000
  nbatch 1000
  gridno 1
  statefile "vegas_last_iter60"

Restoring state from vegas_last_iter60.

Iteration 6:  13500000 integrand evaluations so far
[1] -3.00499e-07 +- 9.28154e-10  	chisq 4.3084 (5 df)

Saving state to vegas_last_iter60.
Vegas input parameters:
  ndim 11
  ncomp 1
  epsrel 0
  epsabs 0
  flags 291
  seed 531
  mineval 1
  maxeval 1
  nstart 1000000
  nincrease 500000
  nbatch 1000
  gridno 1
  statefile "vegas_last_iter60"

Restoring state from vegas_last_iter60.

Iteration 7:  17500000 integrand evaluations so far
[1] -3.00002e-07 +- 5.82615e-10  	chisq 4.78315 (6 df)

Saving state to vegas_last_iter60.
Vegas input parameters:
  ndim 11
  ncomp 1
  epsrel 0
  epsabs 0
  flags 291
  seed 591
  mineval 1
  maxeval 1
  nstart 1000000
  nincrease 500000
  nbatch 1000
  gridno 1
  statefile "vegas_last_iter60"

Restoring state from vegas_last_iter60.

Iteration 8:  22000000 integrand evaluations so far
[1] -3.00144e-07 +- 4.34015e-10  	chisq 4.91765 (7 df)

Saving state to vegas_last_iter60.
Vegas input parameters:
  ndim 11
  ncomp 1
  epsrel 0
  epsabs 0
  flags 291
  seed 651
  mineval 1
  maxeval 1
  nstart 1000000
  nincrease 500000
  nbatch 1000
  gridno 1
  statefile "vegas_last_iter60"

Restoring state from vegas_last_iter60.

Iteration 9:  27000000 integrand evaluations so far
[1] -3.0005e-07 +- 3.5206e-10  	chisq 5.05509 (8 df)

Saving state to vegas_last_iter60.
Vegas input parameters:
  ndim 11
  ncomp 1
  epsrel 0
  epsabs 0
  flags 291
  seed 711
  mineval 1
  maxeval 1
  nstart 1000000
  nincrease 500000
  nbatch 1000
  gridno 1
  statefile "vegas_last_iter60"

Restoring state from vegas_last_iter60.

Iteration 10:  32500000 integrand evaluations so far
[1] -3.00234e-07 +- 2.99514e-10  	chisq 6.04072 (9 df)

Saving state to vegas_last_iter60.
Vegas input parameters:
  ndim 11
  ncomp 1
  epsrel 0
  epsabs 0
  flags 291
  seed 771
  mineval 1
  maxeval 1
  nstart 1000000
  nincrease 500000
  nbatch 1000
  gridno 1
  statefile "vegas_last_iter60"

Restoring state from vegas_last_iter60.

Iteration 11:  38500000 integrand evaluations so far
[1] -2.99968e-07 +- 2.62398e-10  	chisq 9.421 (10 df)

Saving state to vegas_last_iter60.
Vegas input parameters:
  ndim 11
  ncomp 1
  epsrel 0
  epsabs 0
  flags 291
  seed 831
  mineval 1
  maxeval 1
  nstart 1000000
  nincrease 500000
  nbatch 1000
  gridno 1
  statefile "vegas_last_iter60"

Restoring state from vegas_last_iter60.

Iteration 12:  45000000 integrand evaluations so far
[1] -3.00262e-07 +- 2.34445e-10  	chisq 15.6243 (11 df)

Saving state to vegas_last_iter60.
Vegas input parameters:
  ndim 11
  ncomp 1
  epsrel 0
  epsabs 0
  flags 291
  seed 891
  mineval 1
  maxeval 1
  nstart 1000000
  nincrease 500000
  nbatch 1000
  gridno 1
  statefile "vegas_last_iter60"

Restoring state from vegas_last_iter60.

Iteration 13:  52000000 integrand evaluations so far
[1] -3.00129e-07 +- 2.12487e-10  	chisq 17.4162 (12 df)

Saving state to vegas_last_iter60.
Vegas input parameters:
  ndim 11
  ncomp 1
  epsrel 0
  epsabs 0
  flags 291
  seed 951
  mineval 1
  maxeval 1
  nstart 1000000
  nincrease 500000
  nbatch 1000
  gridno 1
  statefile "vegas_last_iter60"

Restoring state from vegas_last_iter60.

Iteration 14:  59500000 integrand evaluations so far
[1] -3.00224e-07 +- 1.94635e-10  	chisq 18.6553 (13 df)

Saving state to vegas_last_iter60.
Vegas input parameters:
  ndim 11
  ncomp 1
  epsrel 0
  epsabs 0
  flags 291
  seed 1011
  mineval 1
  maxeval 1
  nstart 1000000
  nincrease 500000
  nbatch 1000
  gridno 1
  statefile "vegas_last_iter60"

Restoring state from vegas_last_iter60.

Iteration 15:  67500000 integrand evaluations so far
[1] -3.00361e-07 +- 1.79784e-10  	chisq 22.0327 (14 df)

Saving state to vegas_last_iter60.
Vegas input parameters:
  ndim 11
  ncomp 1
  epsrel 0
  epsabs 0
  flags 291
  seed 1071
  mineval 1
  maxeval 1
  nstart 1000000
  nincrease 500000
  nbatch 1000
  gridno 1
  statefile "vegas_last_iter60"

Restoring state from vegas_last_iter60.

Iteration 16:  76000000 integrand evaluations so far
[1] -3.00348e-07 +- 1.67224e-10  	chisq 22.0723 (15 df)

Saving state to vegas_last_iter60.
Vegas input parameters:
  ndim 11
  ncomp 1
  epsrel 0
  epsabs 0
  flags 291
  seed 1131
  mineval 1
  maxeval 1
  nstart 1000000
  nincrease 500000
  nbatch 1000
  gridno 1
  statefile "vegas_last_iter60"

Restoring state from vegas_last_iter60.

Iteration 17:  85000000 integrand evaluations so far
[1] -3.00381e-07 +- 1.56407e-10  	chisq 22.3851 (16 df)

Saving state to vegas_last_iter60.
Vegas input parameters:
  ndim 11
  ncomp 1
  epsrel 0
  epsabs 0
  flags 291
  seed 1191
  mineval 1
  maxeval 1
  nstart 1000000
  nincrease 500000
  nbatch 1000
  gridno 1
  statefile "vegas_last_iter60"

Restoring state from vegas_last_iter60.

Iteration 18:  94500000 integrand evaluations so far
[1] -3.00337e-07 +- 1.47008e-10  	chisq 23.0793 (17 df)

Saving state to vegas_last_iter60.
Vegas input parameters:
  ndim 11
  ncomp 1
  epsrel 0
  epsabs 0
  flags 291
  seed 1251
  mineval 1
  maxeval 1
  nstart 1000000
  nincrease 500000
  nbatch 1000
  gridno 1
  statefile "vegas_last_iter60"

Restoring state from vegas_last_iter60.

Iteration 19:  104500000 integrand evaluations so far
[1] -3.00299e-07 +- 1.3874e-10  	chisq 23.6819 (18 df)

Saving state to vegas_last_iter60.
Vegas input parameters:
  ndim 11
  ncomp 1
  epsrel 0
  epsabs 0
  flags 291
  seed 1311
  mineval 1
  maxeval 1
  nstart 1000000
  nincrease 500000
  nbatch 1000
  gridno 1
  statefile "vegas_last_iter60"

Restoring state from vegas_last_iter60.

Iteration 20:  115000000 integrand evaluations so far
[1] -3.00215e-07 +- 1.31396e-10  	chisq 27.2151 (19 df)

Saving state to vegas_last_iter60.
Vegas input parameters:
  ndim 11
  ncomp 1
  epsrel 0
  epsabs 0
  flags 291
  seed 1371
  mineval 1
  maxeval 1
  nstart 1000000
  nincrease 500000
  nbatch 1000
  gridno 1
  statefile "vegas_last_iter60"

Restoring state from vegas_last_iter60.

Iteration 21:  126000000 integrand evaluations so far
[1] -3.00247e-07 +- 1.2482e-10  	chisq 27.8055 (20 df)

Saving state to vegas_last_iter60.
Vegas input parameters:
  ndim 11
  ncomp 1
  epsrel 0
  epsabs 0
  flags 291
  seed 1431
  mineval 1
  maxeval 1
  nstart 1000000
  nincrease 500000
  nbatch 1000
  gridno 1
  statefile "vegas_last_iter60"

Restoring state from vegas_last_iter60.

Iteration 22:  137500000 integrand evaluations so far
[1] -3.00261e-07 +- 1.18909e-10  	chisq 27.9436 (21 df)

Saving state to vegas_last_iter60.
Vegas input parameters:
  ndim 11
  ncomp 1
  epsrel 0
  epsabs 0
  flags 291
  seed 1491
  mineval 1
  maxeval 1
  nstart 1000000
  nincrease 500000
  nbatch 1000
  gridno 1
  statefile "vegas_last_iter60"

Restoring state from vegas_last_iter60.

Iteration 23:  149500000 integrand evaluations so far
[1] -3.00271e-07 +- 1.1355e-10  	chisq 28.0308 (22 df)

Saving state to vegas_last_iter60.
Vegas input parameters:
  ndim 11
  ncomp 1
  epsrel 0
  epsabs 0
  flags 291
  seed 1551
  mineval 1
  maxeval 1
  nstart 1000000
  nincrease 500000
  nbatch 1000
  gridno 1
  statefile "vegas_last_iter60"

Restoring state from vegas_last_iter60.

Iteration 24:  162000000 integrand evaluations so far
[1] -3.00328e-07 +- 1.08673e-10  	chisq 30.9924 (23 df)

Saving state to vegas_last_iter60.
Vegas input parameters:
  ndim 11
  ncomp 1
  epsrel 0
  epsabs 0
  flags 291
  seed 1611
  mineval 1
  maxeval 1
  nstart 1000000
  nincrease 500000
  nbatch 1000
  gridno 1
  statefile "vegas_last_iter60"

Restoring state from vegas_last_iter60.

Iteration 25:  175000000 integrand evaluations so far
[1] -3.0034e-07 +- 1.04208e-10  	chisq 31.1389 (24 df)

Saving state to vegas_last_iter60.
Vegas input parameters:
  ndim 11
  ncomp 1
  epsrel 0
  epsabs 0
  flags 291
  seed 1671
  mineval 1
  maxeval 1
  nstart 1000000
  nincrease 500000
  nbatch 1000
  gridno 1
  statefile "vegas_last_iter60"

Restoring state from vegas_last_iter60.

Iteration 26:  188500000 integrand evaluations so far
[1] -3.00358e-07 +- 1.00109e-10  	chisq 31.5614 (25 df)

Saving state to vegas_last_iter60.
Vegas input parameters:
  ndim 11
  ncomp 1
  epsrel 0
  epsabs 0
  flags 291
  seed 1731
  mineval 1
  maxeval 1
  nstart 1000000
  nincrease 500000
  nbatch 1000
  gridno 1
  statefile "vegas_last_iter60"

Restoring state from vegas_last_iter60.

Iteration 27:  202500000 integrand evaluations so far
[1] -3.00375e-07 +- 9.6328e-11  	chisq 31.9263 (26 df)

Saving state to vegas_last_iter60.
Thanks for using LHAPDF 6.2.1. Please make sure to cite the paper:
  Eur.Phys.J. C75 (2015) 3, 132  (http://arxiv.org/abs/1412.7420)
 method   =Vegas  
 nregions =           1
 neval    =   202500000
 fail     =           1
 -0.300374849931E-06 +-   0.963280421113E-10   p =    0.765
