LHAPDF 6.2.1 loading /cvmfs/cms.cern.ch/slc6_amd64_gcc630/external/lhapdf/6.2.1-omkpbe3/share/LHAPDF/NNPDF31_nnlo_as_0118_nf_4/NNPDF31_nnlo_as_0118_nf_4_0000.dat
NNPDF31_nnlo_as_0118_nf_4 PDF set, member #0, version 1; LHAPDF ID = 320900
Vegas input parameters:
  ndim 11
  ncomp 1
  epsrel 0
  epsabs 0
  flags 291
  seed 142
  mineval 1
  maxeval 1
  nstart 1000000
  nincrease 500000
  nbatch 1000
  gridno 1
  statefile "vegas_last_iter31"

Iteration 1:  1000000 integrand evaluations so far
[1] 9.17213e-09 +- 3.11952e-08  	chisq 0 (0 df)

Saving state to vegas_last_iter31.
Vegas input parameters:
  ndim 11
  ncomp 1
  epsrel 0
  epsabs 0
  flags 291
  seed 173
  mineval 1
  maxeval 1
  nstart 1000000
  nincrease 500000
  nbatch 1000
  gridno 1
  statefile "vegas_last_iter31"

Restoring state from vegas_last_iter31.

Iteration 2:  2500000 integrand evaluations so far
[1] 5.93829e-08 +- 1.63381e-08  	chisq 3.56994 (1 df)

Saving state to vegas_last_iter31.
Vegas input parameters:
  ndim 11
  ncomp 1
  epsrel 0
  epsabs 0
  flags 291
  seed 204
  mineval 1
  maxeval 1
  nstart 1000000
  nincrease 500000
  nbatch 1000
  gridno 1
  statefile "vegas_last_iter31"

Restoring state from vegas_last_iter31.

Iteration 3:  4500000 integrand evaluations so far
[1] 7.23891e-08 +- 1.15696e-08  	chisq 4.84108 (2 df)

Saving state to vegas_last_iter31.
Vegas input parameters:
  ndim 11
  ncomp 1
  epsrel 0
  epsabs 0
  flags 291
  seed 235
  mineval 1
  maxeval 1
  nstart 1000000
  nincrease 500000
  nbatch 1000
  gridno 1
  statefile "vegas_last_iter31"

Restoring state from vegas_last_iter31.

Iteration 4:  7000000 integrand evaluations so far
[1] 7.69962e-08 +- 2.84814e-09  	chisq 5.00988 (3 df)

Saving state to vegas_last_iter31.
Vegas input parameters:
  ndim 11
  ncomp 1
  epsrel 0
  epsabs 0
  flags 291
  seed 266
  mineval 1
  maxeval 1
  nstart 1000000
  nincrease 500000
  nbatch 1000
  gridno 1
  statefile "vegas_last_iter31"

Restoring state from vegas_last_iter31.

Iteration 5:  10000000 integrand evaluations so far
[1] 7.43467e-08 +- 4.30778e-10  	chisq 5.89553 (4 df)

Saving state to vegas_last_iter31.
Vegas input parameters:
  ndim 11
  ncomp 1
  epsrel 0
  epsabs 0
  flags 291
  seed 297
  mineval 1
  maxeval 1
  nstart 1000000
  nincrease 500000
  nbatch 1000
  gridno 1
  statefile "vegas_last_iter31"

Restoring state from vegas_last_iter31.

Iteration 6:  13500000 integrand evaluations so far
[1] 7.35498e-08 +- 9.43416e-11  	chisq 9.49036 (5 df)

Saving state to vegas_last_iter31.
Vegas input parameters:
  ndim 11
  ncomp 1
  epsrel 0
  epsabs 0
  flags 291
  seed 328
  mineval 1
  maxeval 1
  nstart 1000000
  nincrease 500000
  nbatch 1000
  gridno 1
  statefile "vegas_last_iter31"

Restoring state from vegas_last_iter31.

Iteration 7:  17500000 integrand evaluations so far
[1] 7.36061e-08 +- 4.3925e-11  	chisq 9.94537 (6 df)

Saving state to vegas_last_iter31.
Vegas input parameters:
  ndim 11
  ncomp 1
  epsrel 0
  epsabs 0
  flags 291
  seed 359
  mineval 1
  maxeval 1
  nstart 1000000
  nincrease 500000
  nbatch 1000
  gridno 1
  statefile "vegas_last_iter31"

Restoring state from vegas_last_iter31.

Iteration 8:  22000000 integrand evaluations so far
[1] 7.36274e-08 +- 2.85601e-11  	chisq 10.3533 (7 df)

Saving state to vegas_last_iter31.
Vegas input parameters:
  ndim 11
  ncomp 1
  epsrel 0
  epsabs 0
  flags 291
  seed 390
  mineval 1
  maxeval 1
  nstart 1000000
  nincrease 500000
  nbatch 1000
  gridno 1
  statefile "vegas_last_iter31"

Restoring state from vegas_last_iter31.

Iteration 9:  27000000 integrand evaluations so far
[1] 7.36164e-08 +- 2.22463e-11  	chisq 10.7287 (8 df)

Saving state to vegas_last_iter31.
Vegas input parameters:
  ndim 11
  ncomp 1
  epsrel 0
  epsabs 0
  flags 291
  seed 421
  mineval 1
  maxeval 1
  nstart 1000000
  nincrease 500000
  nbatch 1000
  gridno 1
  statefile "vegas_last_iter31"

Restoring state from vegas_last_iter31.

Iteration 10:  32500000 integrand evaluations so far
[1] 7.36096e-08 +- 1.82953e-11  	chisq 11.0253 (9 df)

Saving state to vegas_last_iter31.
Vegas input parameters:
  ndim 11
  ncomp 1
  epsrel 0
  epsabs 0
  flags 291
  seed 452
  mineval 1
  maxeval 1
  nstart 1000000
  nincrease 500000
  nbatch 1000
  gridno 1
  statefile "vegas_last_iter31"

Restoring state from vegas_last_iter31.

Iteration 11:  38500000 integrand evaluations so far
[1] 7.36177e-08 +- 1.54003e-11  	chisq 11.6988 (10 df)

Saving state to vegas_last_iter31.
Vegas input parameters:
  ndim 11
  ncomp 1
  epsrel 0
  epsabs 0
  flags 291
  seed 483
  mineval 1
  maxeval 1
  nstart 1000000
  nincrease 500000
  nbatch 1000
  gridno 1
  statefile "vegas_last_iter31"

Restoring state from vegas_last_iter31.

Iteration 12:  45000000 integrand evaluations so far
[1] 7.36125e-08 +- 1.3343e-11  	chisq 12.1484 (11 df)

Saving state to vegas_last_iter31.
Vegas input parameters:
  ndim 11
  ncomp 1
  epsrel 0
  epsabs 0
  flags 291
  seed 514
  mineval 1
  maxeval 1
  nstart 1000000
  nincrease 500000
  nbatch 1000
  gridno 1
  statefile "vegas_last_iter31"

Restoring state from vegas_last_iter31.

Iteration 13:  52000000 integrand evaluations so far
[1] 7.36179e-08 +- 1.18193e-11  	chisq 12.9156 (12 df)

Saving state to vegas_last_iter31.
Vegas input parameters:
  ndim 11
  ncomp 1
  epsrel 0
  epsabs 0
  flags 291
  seed 545
  mineval 1
  maxeval 1
  nstart 1000000
  nincrease 500000
  nbatch 1000
  gridno 1
  statefile "vegas_last_iter31"

Restoring state from vegas_last_iter31.

Iteration 14:  59500000 integrand evaluations so far
[1] 7.36233e-08 +- 1.06468e-11  	chisq 14.0244 (13 df)

Saving state to vegas_last_iter31.
Vegas input parameters:
  ndim 11
  ncomp 1
  epsrel 0
  epsabs 0
  flags 291
  seed 576
  mineval 1
  maxeval 1
  nstart 1000000
  nincrease 500000
  nbatch 1000
  gridno 1
  statefile "vegas_last_iter31"

Restoring state from vegas_last_iter31.

Iteration 15:  67500000 integrand evaluations so far
[1] 7.36235e-08 +- 9.71357e-12  	chisq 14.0252 (14 df)

Saving state to vegas_last_iter31.
Vegas input parameters:
  ndim 11
  ncomp 1
  epsrel 0
  epsabs 0
  flags 291
  seed 607
  mineval 1
  maxeval 1
  nstart 1000000
  nincrease 500000
  nbatch 1000
  gridno 1
  statefile "vegas_last_iter31"

Restoring state from vegas_last_iter31.

Iteration 16:  76000000 integrand evaluations so far
[1] 7.36262e-08 +- 8.94611e-12  	chisq 14.5383 (15 df)

Saving state to vegas_last_iter31.
Vegas input parameters:
  ndim 11
  ncomp 1
  epsrel 0
  epsabs 0
  flags 291
  seed 638
  mineval 1
  maxeval 1
  nstart 1000000
  nincrease 500000
  nbatch 1000
  gridno 1
  statefile "vegas_last_iter31"

Restoring state from vegas_last_iter31.

Iteration 17:  85000000 integrand evaluations so far
[1] 7.3632e-08 +- 8.30216e-12  	chisq 17.6434 (16 df)

Saving state to vegas_last_iter31.
Vegas input parameters:
  ndim 11
  ncomp 1
  epsrel 0
  epsabs 0
  flags 291
  seed 669
  mineval 1
  maxeval 1
  nstart 1000000
  nincrease 500000
  nbatch 1000
  gridno 1
  statefile "vegas_last_iter31"

Restoring state from vegas_last_iter31.

Iteration 18:  94500000 integrand evaluations so far
[1] 7.36323e-08 +- 7.75322e-12  	chisq 17.6484 (17 df)

Saving state to vegas_last_iter31.
Vegas input parameters:
  ndim 11
  ncomp 1
  epsrel 0
  epsabs 0
  flags 291
  seed 700
  mineval 1
  maxeval 1
  nstart 1000000
  nincrease 500000
  nbatch 1000
  gridno 1
  statefile "vegas_last_iter31"

Restoring state from vegas_last_iter31.

Iteration 19:  104500000 integrand evaluations so far
[1] 7.36338e-08 +- 7.27733e-12  	chisq 17.9968 (18 df)

Saving state to vegas_last_iter31.
Vegas input parameters:
  ndim 11
  ncomp 1
  epsrel 0
  epsabs 0
  flags 291
  seed 731
  mineval 1
  maxeval 1
  nstart 1000000
  nincrease 500000
  nbatch 1000
  gridno 1
  statefile "vegas_last_iter31"

Restoring state from vegas_last_iter31.

Iteration 20:  115000000 integrand evaluations so far
[1] 7.36344e-08 +- 6.86013e-12  	chisq 18.0547 (19 df)

Saving state to vegas_last_iter31.
Vegas input parameters:
  ndim 11
  ncomp 1
  epsrel 0
  epsabs 0
  flags 291
  seed 762
  mineval 1
  maxeval 1
  nstart 1000000
  nincrease 500000
  nbatch 1000
  gridno 1
  statefile "vegas_last_iter31"

Restoring state from vegas_last_iter31.

Iteration 21:  126000000 integrand evaluations so far
[1] 7.3634e-08 +- 6.49373e-12  	chisq 18.0899 (20 df)

Saving state to vegas_last_iter31.
Vegas input parameters:
  ndim 11
  ncomp 1
  epsrel 0
  epsabs 0
  flags 291
  seed 793
  mineval 1
  maxeval 1
  nstart 1000000
  nincrease 500000
  nbatch 1000
  gridno 1
  statefile "vegas_last_iter31"

Restoring state from vegas_last_iter31.

Iteration 22:  137500000 integrand evaluations so far
[1] 7.36346e-08 +- 6.18104e-12  	chisq 18.1774 (21 df)

Saving state to vegas_last_iter31.
Vegas input parameters:
  ndim 11
  ncomp 1
  epsrel 0
  epsabs 0
  flags 291
  seed 824
  mineval 1
  maxeval 1
  nstart 1000000
  nincrease 500000
  nbatch 1000
  gridno 1
  statefile "vegas_last_iter31"

Restoring state from vegas_last_iter31.

Iteration 23:  149500000 integrand evaluations so far
[1] 7.36364e-08 +- 5.90381e-12  	chisq 19.167 (22 df)

Saving state to vegas_last_iter31.
Vegas input parameters:
  ndim 11
  ncomp 1
  epsrel 0
  epsabs 0
  flags 291
  seed 855
  mineval 1
  maxeval 1
  nstart 1000000
  nincrease 500000
  nbatch 1000
  gridno 1
  statefile "vegas_last_iter31"

Restoring state from vegas_last_iter31.

Iteration 24:  162000000 integrand evaluations so far
[1] 7.3634e-08 +- 5.64822e-12  	chisq 21.12 (23 df)

Saving state to vegas_last_iter31.
Vegas input parameters:
  ndim 11
  ncomp 1
  epsrel 0
  epsabs 0
  flags 291
  seed 886
  mineval 1
  maxeval 1
  nstart 1000000
  nincrease 500000
  nbatch 1000
  gridno 1
  statefile "vegas_last_iter31"

Restoring state from vegas_last_iter31.

Iteration 25:  175000000 integrand evaluations so far
[1] 7.36324e-08 +- 5.41173e-12  	chisq 22.0848 (24 df)

Saving state to vegas_last_iter31.
Vegas input parameters:
  ndim 11
  ncomp 1
  epsrel 0
  epsabs 0
  flags 291
  seed 917
  mineval 1
  maxeval 1
  nstart 1000000
  nincrease 500000
  nbatch 1000
  gridno 1
  statefile "vegas_last_iter31"

Restoring state from vegas_last_iter31.

Iteration 26:  188500000 integrand evaluations so far
[1] 7.36331e-08 +- 5.19127e-12  	chisq 22.2937 (25 df)

Saving state to vegas_last_iter31.
Vegas input parameters:
  ndim 11
  ncomp 1
  epsrel 0
  epsabs 0
  flags 291
  seed 948
  mineval 1
  maxeval 1
  nstart 1000000
  nincrease 500000
  nbatch 1000
  gridno 1
  statefile "vegas_last_iter31"

Restoring state from vegas_last_iter31.

Iteration 27:  202500000 integrand evaluations so far
[1] 7.36332e-08 +- 4.98574e-12  	chisq 22.2994 (26 df)

Saving state to vegas_last_iter31.
Thanks for using LHAPDF 6.2.1. Please make sure to cite the paper:
  Eur.Phys.J. C75 (2015) 3, 132  (http://arxiv.org/abs/1412.7420)
 method   =Vegas  
 nregions =           1
 neval    =   202500000
 fail     =           1
  0.736332272136E-07 +-   0.498574121102E-11   p =    0.278
