LHAPDF 6.2.1 loading /cvmfs/cms.cern.ch/slc6_amd64_gcc630/external/lhapdf/6.2.1-omkpbe3/share/LHAPDF/NNPDF31_nnlo_as_0118_nf_4/NNPDF31_nnlo_as_0118_nf_4_0000.dat
NNPDF31_nnlo_as_0118_nf_4 PDF set, member #0, version 1; LHAPDF ID = 320900
Vegas input parameters:
  ndim 11
  ncomp 1
  epsrel 0
  epsabs 0
  flags 291
  seed 119
  mineval 1
  maxeval 1
  nstart 1000000
  nincrease 500000
  nbatch 1000
  gridno 1
  statefile "vegas_last_iter8"

Iteration 1:  1000000 integrand evaluations so far
[1] 4.03101e-09 +- 3.99402e-09  	chisq 0 (0 df)

Saving state to vegas_last_iter8.
Vegas input parameters:
  ndim 11
  ncomp 1
  epsrel 0
  epsabs 0
  flags 291
  seed 127
  mineval 1
  maxeval 1
  nstart 1000000
  nincrease 500000
  nbatch 1000
  gridno 1
  statefile "vegas_last_iter8"

Restoring state from vegas_last_iter8.

Iteration 2:  2500000 integrand evaluations so far
[1] 3.48777e-09 +- 3.48189e-09  	chisq 0.0770803 (1 df)

Saving state to vegas_last_iter8.
Vegas input parameters:
  ndim 11
  ncomp 1
  epsrel 0
  epsabs 0
  flags 291
  seed 135
  mineval 1
  maxeval 1
  nstart 1000000
  nincrease 500000
  nbatch 1000
  gridno 1
  statefile "vegas_last_iter8"

Restoring state from vegas_last_iter8.

Iteration 3:  4500000 integrand evaluations so far
[1] 4.45309e-09 +- 2.55008e-09  	chisq 0.242871 (2 df)

Saving state to vegas_last_iter8.
Vegas input parameters:
  ndim 11
  ncomp 1
  epsrel 0
  epsabs 0
  flags 291
  seed 143
  mineval 1
  maxeval 1
  nstart 1000000
  nincrease 500000
  nbatch 1000
  gridno 1
  statefile "vegas_last_iter8"

Restoring state from vegas_last_iter8.

Iteration 4:  7000000 integrand evaluations so far
[1] 4.44369e-09 +- 6.18356e-10  	chisq 0.242886 (3 df)

Saving state to vegas_last_iter8.
Vegas input parameters:
  ndim 11
  ncomp 1
  epsrel 0
  epsabs 0
  flags 291
  seed 151
  mineval 1
  maxeval 1
  nstart 1000000
  nincrease 500000
  nbatch 1000
  gridno 1
  statefile "vegas_last_iter8"

Restoring state from vegas_last_iter8.

Iteration 5:  10000000 integrand evaluations so far
[1] 5.28035e-09 +- 2.08177e-10  	chisq 2.30759 (4 df)

Saving state to vegas_last_iter8.
Vegas input parameters:
  ndim 11
  ncomp 1
  epsrel 0
  epsabs 0
  flags 291
  seed 159
  mineval 1
  maxeval 1
  nstart 1000000
  nincrease 500000
  nbatch 1000
  gridno 1
  statefile "vegas_last_iter8"

Restoring state from vegas_last_iter8.

Iteration 6:  13500000 integrand evaluations so far
[1] 5.36567e-09 +- 1.12044e-10  	chisq 2.54409 (5 df)

Saving state to vegas_last_iter8.
Vegas input parameters:
  ndim 11
  ncomp 1
  epsrel 0
  epsabs 0
  flags 291
  seed 167
  mineval 1
  maxeval 1
  nstart 1000000
  nincrease 500000
  nbatch 1000
  gridno 1
  statefile "vegas_last_iter8"

Restoring state from vegas_last_iter8.

Iteration 7:  17500000 integrand evaluations so far
[1] 5.16169e-09 +- 6.67536e-11  	chisq 7.68262 (6 df)

Saving state to vegas_last_iter8.
Vegas input parameters:
  ndim 11
  ncomp 1
  epsrel 0
  epsabs 0
  flags 291
  seed 175
  mineval 1
  maxeval 1
  nstart 1000000
  nincrease 500000
  nbatch 1000
  gridno 1
  statefile "vegas_last_iter8"

Restoring state from vegas_last_iter8.

Iteration 8:  22000000 integrand evaluations so far
[1] 5.18912e-09 +- 4.43764e-11  	chisq 7.98514 (7 df)

Saving state to vegas_last_iter8.
Vegas input parameters:
  ndim 11
  ncomp 1
  epsrel 0
  epsabs 0
  flags 291
  seed 183
  mineval 1
  maxeval 1
  nstart 1000000
  nincrease 500000
  nbatch 1000
  gridno 1
  statefile "vegas_last_iter8"

Restoring state from vegas_last_iter8.

Iteration 9:  27000000 integrand evaluations so far
[1] 5.23908e-09 +- 3.38565e-11  	chisq 11.019 (8 df)

Saving state to vegas_last_iter8.
Vegas input parameters:
  ndim 11
  ncomp 1
  epsrel 0
  epsabs 0
  flags 291
  seed 191
  mineval 1
  maxeval 1
  nstart 1000000
  nincrease 500000
  nbatch 1000
  gridno 1
  statefile "vegas_last_iter8"

Restoring state from vegas_last_iter8.

Iteration 10:  32500000 integrand evaluations so far
[1] 5.26913e-09 +- 2.78135e-11  	chisq 13.4417 (9 df)

Saving state to vegas_last_iter8.
Vegas input parameters:
  ndim 11
  ncomp 1
  epsrel 0
  epsabs 0
  flags 291
  seed 199
  mineval 1
  maxeval 1
  nstart 1000000
  nincrease 500000
  nbatch 1000
  gridno 1
  statefile "vegas_last_iter8"

Restoring state from vegas_last_iter8.

Iteration 11:  38500000 integrand evaluations so far
[1] 5.2824e-09 +- 2.39156e-11  	chisq 14.3144 (10 df)

Saving state to vegas_last_iter8.
Vegas input parameters:
  ndim 11
  ncomp 1
  epsrel 0
  epsabs 0
  flags 291
  seed 207
  mineval 1
  maxeval 1
  nstart 1000000
  nincrease 500000
  nbatch 1000
  gridno 1
  statefile "vegas_last_iter8"

Restoring state from vegas_last_iter8.

Iteration 12:  45000000 integrand evaluations so far
[1] 5.30099e-09 +- 2.10894e-11  	chisq 17.0323 (11 df)

Saving state to vegas_last_iter8.
Vegas input parameters:
  ndim 11
  ncomp 1
  epsrel 0
  epsabs 0
  flags 291
  seed 215
  mineval 1
  maxeval 1
  nstart 1000000
  nincrease 500000
  nbatch 1000
  gridno 1
  statefile "vegas_last_iter8"

Restoring state from vegas_last_iter8.

Iteration 13:  52000000 integrand evaluations so far
[1] 5.29811e-09 +- 1.89233e-11  	chisq 17.1282 (12 df)

Saving state to vegas_last_iter8.
Vegas input parameters:
  ndim 11
  ncomp 1
  epsrel 0
  epsabs 0
  flags 291
  seed 223
  mineval 1
  maxeval 1
  nstart 1000000
  nincrease 500000
  nbatch 1000
  gridno 1
  statefile "vegas_last_iter8"

Restoring state from vegas_last_iter8.

Iteration 14:  59500000 integrand evaluations so far
[1] 5.29814e-09 +- 1.72016e-11  	chisq 17.1282 (13 df)

Saving state to vegas_last_iter8.
Vegas input parameters:
  ndim 11
  ncomp 1
  epsrel 0
  epsabs 0
  flags 291
  seed 231
  mineval 1
  maxeval 1
  nstart 1000000
  nincrease 500000
  nbatch 1000
  gridno 1
  statefile "vegas_last_iter8"

Restoring state from vegas_last_iter8.

Iteration 15:  67500000 integrand evaluations so far
[1] 5.30549e-09 +- 1.57946e-11  	chisq 18.2908 (14 df)

Saving state to vegas_last_iter8.
Vegas input parameters:
  ndim 11
  ncomp 1
  epsrel 0
  epsabs 0
  flags 291
  seed 239
  mineval 1
  maxeval 1
  nstart 1000000
  nincrease 500000
  nbatch 1000
  gridno 1
  statefile "vegas_last_iter8"

Restoring state from vegas_last_iter8.

Iteration 16:  76000000 integrand evaluations so far
[1] 5.30755e-09 +- 1.46315e-11  	chisq 18.4112 (15 df)

Saving state to vegas_last_iter8.
Vegas input parameters:
  ndim 11
  ncomp 1
  epsrel 0
  epsabs 0
  flags 291
  seed 247
  mineval 1
  maxeval 1
  nstart 1000000
  nincrease 500000
  nbatch 1000
  gridno 1
  statefile "vegas_last_iter8"

Restoring state from vegas_last_iter8.

Iteration 17:  85000000 integrand evaluations so far
[1] 5.31104e-09 +- 1.36404e-11  	chisq 18.8448 (16 df)

Saving state to vegas_last_iter8.
Vegas input parameters:
  ndim 11
  ncomp 1
  epsrel 0
  epsabs 0
  flags 291
  seed 255
  mineval 1
  maxeval 1
  nstart 1000000
  nincrease 500000
  nbatch 1000
  gridno 1
  statefile "vegas_last_iter8"

Restoring state from vegas_last_iter8.

Iteration 18:  94500000 integrand evaluations so far
[1] 5.313e-09 +- 1.27813e-11  	chisq 19.0145 (17 df)

Saving state to vegas_last_iter8.
Vegas input parameters:
  ndim 11
  ncomp 1
  epsrel 0
  epsabs 0
  flags 291
  seed 263
  mineval 1
  maxeval 1
  nstart 1000000
  nincrease 500000
  nbatch 1000
  gridno 1
  statefile "vegas_last_iter8"

Restoring state from vegas_last_iter8.

Iteration 19:  104500000 integrand evaluations so far
[1] 5.30674e-09 +- 1.20299e-11  	chisq 21.1172 (18 df)

Saving state to vegas_last_iter8.
Vegas input parameters:
  ndim 11
  ncomp 1
  epsrel 0
  epsabs 0
  flags 291
  seed 271
  mineval 1
  maxeval 1
  nstart 1000000
  nincrease 500000
  nbatch 1000
  gridno 1
  statefile "vegas_last_iter8"

Restoring state from vegas_last_iter8.

Iteration 20:  115000000 integrand evaluations so far
[1] 5.31377e-09 +- 1.13704e-11  	chisq 24.3247 (19 df)

Saving state to vegas_last_iter8.
Vegas input parameters:
  ndim 11
  ncomp 1
  epsrel 0
  epsabs 0
  flags 291
  seed 279
  mineval 1
  maxeval 1
  nstart 1000000
  nincrease 500000
  nbatch 1000
  gridno 1
  statefile "vegas_last_iter8"

Restoring state from vegas_last_iter8.

Iteration 21:  126000000 integrand evaluations so far
[1] 5.31906e-09 +- 1.07861e-11  	chisq 26.4869 (20 df)

Saving state to vegas_last_iter8.
Vegas input parameters:
  ndim 11
  ncomp 1
  epsrel 0
  epsabs 0
  flags 291
  seed 287
  mineval 1
  maxeval 1
  nstart 1000000
  nincrease 500000
  nbatch 1000
  gridno 1
  statefile "vegas_last_iter8"

Restoring state from vegas_last_iter8.

Iteration 22:  137500000 integrand evaluations so far
[1] 5.31687e-09 +- 1.0259e-11  	chisq 26.9203 (21 df)

Saving state to vegas_last_iter8.
Vegas input parameters:
  ndim 11
  ncomp 1
  epsrel 0
  epsabs 0
  flags 291
  seed 295
  mineval 1
  maxeval 1
  nstart 1000000
  nincrease 500000
  nbatch 1000
  gridno 1
  statefile "vegas_last_iter8"

Restoring state from vegas_last_iter8.

Iteration 23:  149500000 integrand evaluations so far
[1] 5.3207e-09 +- 9.78596e-12  	chisq 28.4627 (22 df)

Saving state to vegas_last_iter8.
Vegas input parameters:
  ndim 11
  ncomp 1
  epsrel 0
  epsabs 0
  flags 291
  seed 303
  mineval 1
  maxeval 1
  nstart 1000000
  nincrease 500000
  nbatch 1000
  gridno 1
  statefile "vegas_last_iter8"

Restoring state from vegas_last_iter8.

Iteration 24:  162000000 integrand evaluations so far
[1] 5.32033e-09 +- 9.35516e-12  	chisq 28.4786 (23 df)

Saving state to vegas_last_iter8.
Vegas input parameters:
  ndim 11
  ncomp 1
  epsrel 0
  epsabs 0
  flags 291
  seed 311
  mineval 1
  maxeval 1
  nstart 1000000
  nincrease 500000
  nbatch 1000
  gridno 1
  statefile "vegas_last_iter8"

Restoring state from vegas_last_iter8.

Iteration 25:  175000000 integrand evaluations so far
[1] 5.32046e-09 +- 8.96302e-12  	chisq 28.4809 (24 df)

Saving state to vegas_last_iter8.
Vegas input parameters:
  ndim 11
  ncomp 1
  epsrel 0
  epsabs 0
  flags 291
  seed 319
  mineval 1
  maxeval 1
  nstart 1000000
  nincrease 500000
  nbatch 1000
  gridno 1
  statefile "vegas_last_iter8"

Restoring state from vegas_last_iter8.

Iteration 26:  188500000 integrand evaluations so far
[1] 5.31724e-09 +- 8.60289e-12  	chisq 30.1256 (25 df)

Saving state to vegas_last_iter8.
Vegas input parameters:
  ndim 11
  ncomp 1
  epsrel 0
  epsabs 0
  flags 291
  seed 327
  mineval 1
  maxeval 1
  nstart 1000000
  nincrease 500000
  nbatch 1000
  gridno 1
  statefile "vegas_last_iter8"

Restoring state from vegas_last_iter8.

Iteration 27:  202500000 integrand evaluations so far
[1] 5.32276e-09 +- 8.27327e-12  	chisq 35.6058 (26 df)

Saving state to vegas_last_iter8.
Thanks for using LHAPDF 6.2.1. Please make sure to cite the paper:
  Eur.Phys.J. C75 (2015) 3, 132  (http://arxiv.org/abs/1412.7420)
 method   =Vegas  
 nregions =           1
 neval    =   202500000
 fail     =           1
  0.532275880061E-08 +-   0.827326539535E-11   p =    0.876
