LHAPDF 6.2.1 loading /cvmfs/cms.cern.ch/slc6_amd64_gcc630/external/lhapdf/6.2.1-omkpbe3/share/LHAPDF/NNPDF31_nnlo_as_0118_nf_4/NNPDF31_nnlo_as_0118_nf_4_0000.dat
NNPDF31_nnlo_as_0118_nf_4 PDF set, member #0, version 1; LHAPDF ID = 320900
Vegas input parameters:
  ndim 11
  ncomp 1
  epsrel 0
  epsabs 0
  flags 291
  seed 248
  mineval 1
  maxeval 1
  nstart 1000000
  nincrease 500000
  nbatch 1000
  gridno 1
  statefile "vegas_last_iter137"

Iteration 1:  1000000 integrand evaluations so far
[1] -3.34487e-07 +- 1.09247e-07  	chisq 0 (0 df)

Saving state to vegas_last_iter137.
Vegas input parameters:
  ndim 11
  ncomp 1
  epsrel 0
  epsabs 0
  flags 291
  seed 385
  mineval 1
  maxeval 1
  nstart 1000000
  nincrease 500000
  nbatch 1000
  gridno 1
  statefile "vegas_last_iter137"

Restoring state from vegas_last_iter137.

Iteration 2:  2500000 integrand evaluations so far
[1] -4.27366e-07 +- 6.80503e-08  	chisq 1.18106 (1 df)

Saving state to vegas_last_iter137.
Vegas input parameters:
  ndim 11
  ncomp 1
  epsrel 0
  epsabs 0
  flags 291
  seed 522
  mineval 1
  maxeval 1
  nstart 1000000
  nincrease 500000
  nbatch 1000
  gridno 1
  statefile "vegas_last_iter137"

Restoring state from vegas_last_iter137.

Iteration 3:  4500000 integrand evaluations so far
[1] -5.35118e-07 +- 5.08858e-08  	chisq 6.86832 (2 df)

Saving state to vegas_last_iter137.
Vegas input parameters:
  ndim 11
  ncomp 1
  epsrel 0
  epsabs 0
  flags 291
  seed 659
  mineval 1
  maxeval 1
  nstart 1000000
  nincrease 500000
  nbatch 1000
  gridno 1
  statefile "vegas_last_iter137"

Restoring state from vegas_last_iter137.

Iteration 4:  7000000 integrand evaluations so far
[1] -5.70874e-07 +- 3.84053e-08  	chisq 8.01558 (3 df)

Saving state to vegas_last_iter137.
Vegas input parameters:
  ndim 11
  ncomp 1
  epsrel 0
  epsabs 0
  flags 291
  seed 796
  mineval 1
  maxeval 1
  nstart 1000000
  nincrease 500000
  nbatch 1000
  gridno 1
  statefile "vegas_last_iter137"

Restoring state from vegas_last_iter137.

Iteration 5:  10000000 integrand evaluations so far
[1] -5.90559e-07 +- 5.21412e-09  	chisq 8.28322 (4 df)

Saving state to vegas_last_iter137.
Vegas input parameters:
  ndim 11
  ncomp 1
  epsrel 0
  epsabs 0
  flags 291
  seed 933
  mineval 1
  maxeval 1
  nstart 1000000
  nincrease 500000
  nbatch 1000
  gridno 1
  statefile "vegas_last_iter137"

Restoring state from vegas_last_iter137.

Iteration 6:  13500000 integrand evaluations so far
[1] -5.86354e-07 +- 1.0198e-09  	chisq 8.95957 (5 df)

Saving state to vegas_last_iter137.
Vegas input parameters:
  ndim 11
  ncomp 1
  epsrel 0
  epsabs 0
  flags 291
  seed 1070
  mineval 1
  maxeval 1
  nstart 1000000
  nincrease 500000
  nbatch 1000
  gridno 1
  statefile "vegas_last_iter137"

Restoring state from vegas_last_iter137.

Iteration 7:  17500000 integrand evaluations so far
[1] -5.85909e-07 +- 4.80996e-10  	chisq 9.20379 (6 df)

Saving state to vegas_last_iter137.
Vegas input parameters:
  ndim 11
  ncomp 1
  epsrel 0
  epsabs 0
  flags 291
  seed 1207
  mineval 1
  maxeval 1
  nstart 1000000
  nincrease 500000
  nbatch 1000
  gridno 1
  statefile "vegas_last_iter137"

Restoring state from vegas_last_iter137.

Iteration 8:  22000000 integrand evaluations so far
[1] -5.85757e-07 +- 3.19139e-10  	chisq 9.38322 (7 df)

Saving state to vegas_last_iter137.
Vegas input parameters:
  ndim 11
  ncomp 1
  epsrel 0
  epsabs 0
  flags 291
  seed 1344
  mineval 1
  maxeval 1
  nstart 1000000
  nincrease 500000
  nbatch 1000
  gridno 1
  statefile "vegas_last_iter137"

Restoring state from vegas_last_iter137.

Iteration 9:  27000000 integrand evaluations so far
[1] -5.85622e-07 +- 2.44244e-10  	chisq 9.81094 (8 df)

Saving state to vegas_last_iter137.
Vegas input parameters:
  ndim 11
  ncomp 1
  epsrel 0
  epsabs 0
  flags 291
  seed 1481
  mineval 1
  maxeval 1
  nstart 1000000
  nincrease 500000
  nbatch 1000
  gridno 1
  statefile "vegas_last_iter137"

Restoring state from vegas_last_iter137.

Iteration 10:  32500000 integrand evaluations so far
[1] -5.8543e-07 +- 2.00872e-10  	chisq 11.7353 (9 df)

Saving state to vegas_last_iter137.
Vegas input parameters:
  ndim 11
  ncomp 1
  epsrel 0
  epsabs 0
  flags 291
  seed 1618
  mineval 1
  maxeval 1
  nstart 1000000
  nincrease 500000
  nbatch 1000
  gridno 1
  statefile "vegas_last_iter137"

Restoring state from vegas_last_iter137.

Iteration 11:  38500000 integrand evaluations so far
[1] -5.85342e-07 +- 1.72416e-10  	chisq 12.4569 (10 df)

Saving state to vegas_last_iter137.
Vegas input parameters:
  ndim 11
  ncomp 1
  epsrel 0
  epsabs 0
  flags 291
  seed 1755
  mineval 1
  maxeval 1
  nstart 1000000
  nincrease 500000
  nbatch 1000
  gridno 1
  statefile "vegas_last_iter137"

Restoring state from vegas_last_iter137.

Iteration 12:  45000000 integrand evaluations so far
[1] -5.85216e-07 +- 1.51914e-10  	chisq 14.8454 (11 df)

Saving state to vegas_last_iter137.
Vegas input parameters:
  ndim 11
  ncomp 1
  epsrel 0
  epsabs 0
  flags 291
  seed 1892
  mineval 1
  maxeval 1
  nstart 1000000
  nincrease 500000
  nbatch 1000
  gridno 1
  statefile "vegas_last_iter137"

Restoring state from vegas_last_iter137.

Iteration 13:  52000000 integrand evaluations so far
[1] -5.8516e-07 +- 1.36405e-10  	chisq 15.5504 (12 df)

Saving state to vegas_last_iter137.
Vegas input parameters:
  ndim 11
  ncomp 1
  epsrel 0
  epsabs 0
  flags 291
  seed 2029
  mineval 1
  maxeval 1
  nstart 1000000
  nincrease 500000
  nbatch 1000
  gridno 1
  statefile "vegas_last_iter137"

Restoring state from vegas_last_iter137.

Iteration 14:  59500000 integrand evaluations so far
[1] -5.85136e-07 +- 1.24172e-10  	chisq 15.7312 (13 df)

Saving state to vegas_last_iter137.
Vegas input parameters:
  ndim 11
  ncomp 1
  epsrel 0
  epsabs 0
  flags 291
  seed 2166
  mineval 1
  maxeval 1
  nstart 1000000
  nincrease 500000
  nbatch 1000
  gridno 1
  statefile "vegas_last_iter137"

Restoring state from vegas_last_iter137.

Iteration 15:  67500000 integrand evaluations so far
[1] -5.8516e-07 +- 1.1404e-10  	chisq 15.9696 (14 df)

Saving state to vegas_last_iter137.
Vegas input parameters:
  ndim 11
  ncomp 1
  epsrel 0
  epsabs 0
  flags 291
  seed 2303
  mineval 1
  maxeval 1
  nstart 1000000
  nincrease 500000
  nbatch 1000
  gridno 1
  statefile "vegas_last_iter137"

Restoring state from vegas_last_iter137.

Iteration 16:  76000000 integrand evaluations so far
[1] -5.85179e-07 +- 1.05572e-10  	chisq 16.1729 (15 df)

Saving state to vegas_last_iter137.
Vegas input parameters:
  ndim 11
  ncomp 1
  epsrel 0
  epsabs 0
  flags 291
  seed 2440
  mineval 1
  maxeval 1
  nstart 1000000
  nincrease 500000
  nbatch 1000
  gridno 1
  statefile "vegas_last_iter137"

Restoring state from vegas_last_iter137.

Iteration 17:  85000000 integrand evaluations so far
[1] -5.8519e-07 +- 9.89636e-11  	chisq 16.2607 (16 df)

Saving state to vegas_last_iter137.
Vegas input parameters:
  ndim 11
  ncomp 1
  epsrel 0
  epsabs 0
  flags 291
  seed 2577
  mineval 1
  maxeval 1
  nstart 1000000
  nincrease 500000
  nbatch 1000
  gridno 1
  statefile "vegas_last_iter137"

Restoring state from vegas_last_iter137.

Iteration 18:  94500000 integrand evaluations so far
[1] -5.85225e-07 +- 9.30686e-11  	chisq 17.3161 (17 df)

Saving state to vegas_last_iter137.
Vegas input parameters:
  ndim 11
  ncomp 1
  epsrel 0
  epsabs 0
  flags 291
  seed 2714
  mineval 1
  maxeval 1
  nstart 1000000
  nincrease 500000
  nbatch 1000
  gridno 1
  statefile "vegas_last_iter137"

Restoring state from vegas_last_iter137.

Iteration 19:  104500000 integrand evaluations so far
[1] -5.8524e-07 +- 8.75931e-11  	chisq 17.5336 (18 df)

Saving state to vegas_last_iter137.
Vegas input parameters:
  ndim 11
  ncomp 1
  epsrel 0
  epsabs 0
  flags 291
  seed 2851
  mineval 1
  maxeval 1
  nstart 1000000
  nincrease 500000
  nbatch 1000
  gridno 1
  statefile "vegas_last_iter137"

Restoring state from vegas_last_iter137.

Iteration 20:  115000000 integrand evaluations so far
[1] -5.85258e-07 +- 8.27004e-11  	chisq 17.9439 (19 df)

Saving state to vegas_last_iter137.
Vegas input parameters:
  ndim 11
  ncomp 1
  epsrel 0
  epsabs 0
  flags 291
  seed 2988
  mineval 1
  maxeval 1
  nstart 1000000
  nincrease 500000
  nbatch 1000
  gridno 1
  statefile "vegas_last_iter137"

Restoring state from vegas_last_iter137.

Iteration 21:  126000000 integrand evaluations so far
[1] -5.8528e-07 +- 7.85628e-11  	chisq 18.6779 (20 df)

Saving state to vegas_last_iter137.
Vegas input parameters:
  ndim 11
  ncomp 1
  epsrel 0
  epsabs 0
  flags 291
  seed 3125
  mineval 1
  maxeval 1
  nstart 1000000
  nincrease 500000
  nbatch 1000
  gridno 1
  statefile "vegas_last_iter137"

Restoring state from vegas_last_iter137.

Iteration 22:  137500000 integrand evaluations so far
[1] -5.85277e-07 +- 7.48181e-11  	chisq 18.6937 (21 df)

Saving state to vegas_last_iter137.
Vegas input parameters:
  ndim 11
  ncomp 1
  epsrel 0
  epsabs 0
  flags 291
  seed 3262
  mineval 1
  maxeval 1
  nstart 1000000
  nincrease 500000
  nbatch 1000
  gridno 1
  statefile "vegas_last_iter137"

Restoring state from vegas_last_iter137.

Iteration 23:  149500000 integrand evaluations so far
[1] -5.85273e-07 +- 7.13604e-11  	chisq 18.7219 (22 df)

Saving state to vegas_last_iter137.
Vegas input parameters:
  ndim 11
  ncomp 1
  epsrel 0
  epsabs 0
  flags 291
  seed 3399
  mineval 1
  maxeval 1
  nstart 1000000
  nincrease 500000
  nbatch 1000
  gridno 1
  statefile "vegas_last_iter137"

Restoring state from vegas_last_iter137.

Iteration 24:  162000000 integrand evaluations so far
[1] -5.85253e-07 +- 6.82689e-11  	chisq 19.7229 (23 df)

Saving state to vegas_last_iter137.
Vegas input parameters:
  ndim 11
  ncomp 1
  epsrel 0
  epsabs 0
  flags 291
  seed 3536
  mineval 1
  maxeval 1
  nstart 1000000
  nincrease 500000
  nbatch 1000
  gridno 1
  statefile "vegas_last_iter137"

Restoring state from vegas_last_iter137.

Iteration 25:  175000000 integrand evaluations so far
[1] -5.85254e-07 +- 6.53756e-11  	chisq 19.7318 (24 df)

Saving state to vegas_last_iter137.
Vegas input parameters:
  ndim 11
  ncomp 1
  epsrel 0
  epsabs 0
  flags 291
  seed 3673
  mineval 1
  maxeval 1
  nstart 1000000
  nincrease 500000
  nbatch 1000
  gridno 1
  statefile "vegas_last_iter137"

Restoring state from vegas_last_iter137.

Iteration 26:  188500000 integrand evaluations so far
[1] -5.85264e-07 +- 6.2844e-11  	chisq 20.0372 (25 df)

Saving state to vegas_last_iter137.
Vegas input parameters:
  ndim 11
  ncomp 1
  epsrel 0
  epsabs 0
  flags 291
  seed 3810
  mineval 1
  maxeval 1
  nstart 1000000
  nincrease 500000
  nbatch 1000
  gridno 1
  statefile "vegas_last_iter137"

Restoring state from vegas_last_iter137.

Iteration 27:  202500000 integrand evaluations so far
[1] -5.85282e-07 +- 6.04625e-11  	chisq 21.0536 (26 df)

Saving state to vegas_last_iter137.
Thanks for using LHAPDF 6.2.1. Please make sure to cite the paper:
  Eur.Phys.J. C75 (2015) 3, 132  (http://arxiv.org/abs/1412.7420)
 method   =Vegas  
 nregions =           1
 neval    =   202500000
 fail     =           1
 -0.585281671786E-06 +-   0.604624645856E-10   p =    0.216
