LHAPDF 6.2.1 loading /cvmfs/cms.cern.ch/slc6_amd64_gcc630/external/lhapdf/6.2.1-omkpbe3/share/LHAPDF/NNPDF31_nnlo_as_0118_nf_4/NNPDF31_nnlo_as_0118_nf_4_0000.dat
NNPDF31_nnlo_as_0118_nf_4 PDF set, member #0, version 1; LHAPDF ID = 320900
Vegas input parameters:
  ndim 11
  ncomp 1
  epsrel 0
  epsabs 0
  flags 291
  seed 131
  mineval 1
  maxeval 1
  nstart 1000000
  nincrease 500000
  nbatch 1000
  gridno 1
  statefile "vegas_last_iter20"

Iteration 1:  1000000 integrand evaluations so far
[1] -6.45468e-10 +- 1.64846e-10  	chisq 0 (0 df)

Saving state to vegas_last_iter20.
Vegas input parameters:
  ndim 11
  ncomp 1
  epsrel 0
  epsabs 0
  flags 291
  seed 151
  mineval 1
  maxeval 1
  nstart 1000000
  nincrease 500000
  nbatch 1000
  gridno 1
  statefile "vegas_last_iter20"

Restoring state from vegas_last_iter20.

Iteration 2:  2500000 integrand evaluations so far
[1] -7.12335e-10 +- 1.62258e-10  	chisq 5.28236 (1 df)

Saving state to vegas_last_iter20.
Vegas input parameters:
  ndim 11
  ncomp 1
  epsrel 0
  epsabs 0
  flags 291
  seed 171
  mineval 1
  maxeval 1
  nstart 1000000
  nincrease 500000
  nbatch 1000
  gridno 1
  statefile "vegas_last_iter20"

Restoring state from vegas_last_iter20.

Iteration 3:  4500000 integrand evaluations so far
[1] -1.30679e-09 +- 1.36162e-10  	chisq 50.6583 (2 df)

Saving state to vegas_last_iter20.
Vegas input parameters:
  ndim 11
  ncomp 1
  epsrel 0
  epsabs 0
  flags 291
  seed 191
  mineval 1
  maxeval 1
  nstart 1000000
  nincrease 500000
  nbatch 1000
  gridno 1
  statefile "vegas_last_iter20"

Restoring state from vegas_last_iter20.

Iteration 4:  7000000 integrand evaluations so far
[1] -2.47366e-09 +- 4.59216e-11  	chisq 133.524 (3 df)

Saving state to vegas_last_iter20.
Vegas input parameters:
  ndim 11
  ncomp 1
  epsrel 0
  epsabs 0
  flags 291
  seed 211
  mineval 1
  maxeval 1
  nstart 1000000
  nincrease 500000
  nbatch 1000
  gridno 1
  statefile "vegas_last_iter20"

Restoring state from vegas_last_iter20.

Iteration 5:  10000000 integrand evaluations so far
[1] -2.56791e-09 +- 7.17535e-12  	chisq 137.842 (4 df)

Saving state to vegas_last_iter20.
Vegas input parameters:
  ndim 11
  ncomp 1
  epsrel 0
  epsabs 0
  flags 291
  seed 231
  mineval 1
  maxeval 1
  nstart 1000000
  nincrease 500000
  nbatch 1000
  gridno 1
  statefile "vegas_last_iter20"

Restoring state from vegas_last_iter20.

Iteration 6:  13500000 integrand evaluations so far
[1] -2.56355e-09 +- 2.5096e-12  	chisq 138.262 (5 df)

Saving state to vegas_last_iter20.
Vegas input parameters:
  ndim 11
  ncomp 1
  epsrel 0
  epsabs 0
  flags 291
  seed 251
  mineval 1
  maxeval 1
  nstart 1000000
  nincrease 500000
  nbatch 1000
  gridno 1
  statefile "vegas_last_iter20"

Restoring state from vegas_last_iter20.

Iteration 7:  17500000 integrand evaluations so far
[1] -2.56304e-09 +- 1.41455e-12  	chisq 138.323 (6 df)

Saving state to vegas_last_iter20.
Vegas input parameters:
  ndim 11
  ncomp 1
  epsrel 0
  epsabs 0
  flags 291
  seed 271
  mineval 1
  maxeval 1
  nstart 1000000
  nincrease 500000
  nbatch 1000
  gridno 1
  statefile "vegas_last_iter20"

Restoring state from vegas_last_iter20.

Iteration 8:  22000000 integrand evaluations so far
[1] -2.5628e-09 +- 9.97161e-13  	chisq 138.381 (7 df)

Saving state to vegas_last_iter20.
Vegas input parameters:
  ndim 11
  ncomp 1
  epsrel 0
  epsabs 0
  flags 291
  seed 291
  mineval 1
  maxeval 1
  nstart 1000000
  nincrease 500000
  nbatch 1000
  gridno 1
  statefile "vegas_last_iter20"

Restoring state from vegas_last_iter20.

Iteration 9:  27000000 integrand evaluations so far
[1] -2.56242e-09 +- 7.83956e-13  	chisq 138.75 (8 df)

Saving state to vegas_last_iter20.
Vegas input parameters:
  ndim 11
  ncomp 1
  epsrel 0
  epsabs 0
  flags 291
  seed 311
  mineval 1
  maxeval 1
  nstart 1000000
  nincrease 500000
  nbatch 1000
  gridno 1
  statefile "vegas_last_iter20"

Restoring state from vegas_last_iter20.

Iteration 10:  32500000 integrand evaluations so far
[1] -2.56212e-09 +- 6.54308e-13  	chisq 139.254 (9 df)

Saving state to vegas_last_iter20.
Vegas input parameters:
  ndim 11
  ncomp 1
  epsrel 0
  epsabs 0
  flags 291
  seed 331
  mineval 1
  maxeval 1
  nstart 1000000
  nincrease 500000
  nbatch 1000
  gridno 1
  statefile "vegas_last_iter20"

Restoring state from vegas_last_iter20.

Iteration 11:  38500000 integrand evaluations so far
[1] -2.56205e-09 +- 5.65853e-13  	chisq 139.294 (10 df)

Saving state to vegas_last_iter20.
Vegas input parameters:
  ndim 11
  ncomp 1
  epsrel 0
  epsabs 0
  flags 291
  seed 351
  mineval 1
  maxeval 1
  nstart 1000000
  nincrease 500000
  nbatch 1000
  gridno 1
  statefile "vegas_last_iter20"

Restoring state from vegas_last_iter20.

Iteration 12:  45000000 integrand evaluations so far
[1] -2.56165e-09 +- 5.01494e-13  	chisq 141.639 (11 df)

Saving state to vegas_last_iter20.
Vegas input parameters:
  ndim 11
  ncomp 1
  epsrel 0
  epsabs 0
  flags 291
  seed 371
  mineval 1
  maxeval 1
  nstart 1000000
  nincrease 500000
  nbatch 1000
  gridno 1
  statefile "vegas_last_iter20"

Restoring state from vegas_last_iter20.

Iteration 13:  52000000 integrand evaluations so far
[1] -2.56157e-09 +- 4.51857e-13  	chisq 141.776 (12 df)

Saving state to vegas_last_iter20.
Vegas input parameters:
  ndim 11
  ncomp 1
  epsrel 0
  epsabs 0
  flags 291
  seed 391
  mineval 1
  maxeval 1
  nstart 1000000
  nincrease 500000
  nbatch 1000
  gridno 1
  statefile "vegas_last_iter20"

Restoring state from vegas_last_iter20.

Iteration 14:  59500000 integrand evaluations so far
[1] -2.56126e-09 +- 4.12199e-13  	chisq 144.574 (13 df)

Saving state to vegas_last_iter20.
Vegas input parameters:
  ndim 11
  ncomp 1
  epsrel 0
  epsabs 0
  flags 291
  seed 411
  mineval 1
  maxeval 1
  nstart 1000000
  nincrease 500000
  nbatch 1000
  gridno 1
  statefile "vegas_last_iter20"

Restoring state from vegas_last_iter20.

Iteration 15:  67500000 integrand evaluations so far
[1] -2.56134e-09 +- 3.79514e-13  	chisq 144.819 (14 df)

Saving state to vegas_last_iter20.
Vegas input parameters:
  ndim 11
  ncomp 1
  epsrel 0
  epsabs 0
  flags 291
  seed 431
  mineval 1
  maxeval 1
  nstart 1000000
  nincrease 500000
  nbatch 1000
  gridno 1
  statefile "vegas_last_iter20"

Restoring state from vegas_last_iter20.

Iteration 16:  76000000 integrand evaluations so far
[1] -2.56123e-09 +- 3.52038e-13  	chisq 145.44 (15 df)

Saving state to vegas_last_iter20.
Vegas input parameters:
  ndim 11
  ncomp 1
  epsrel 0
  epsabs 0
  flags 291
  seed 451
  mineval 1
  maxeval 1
  nstart 1000000
  nincrease 500000
  nbatch 1000
  gridno 1
  statefile "vegas_last_iter20"

Restoring state from vegas_last_iter20.

Iteration 17:  85000000 integrand evaluations so far
[1] -2.5611e-09 +- 3.2855e-13  	chisq 146.415 (16 df)

Saving state to vegas_last_iter20.
Vegas input parameters:
  ndim 11
  ncomp 1
  epsrel 0
  epsabs 0
  flags 291
  seed 471
  mineval 1
  maxeval 1
  nstart 1000000
  nincrease 500000
  nbatch 1000
  gridno 1
  statefile "vegas_last_iter20"

Restoring state from vegas_last_iter20.

Iteration 18:  94500000 integrand evaluations so far
[1] -2.56116e-09 +- 3.08252e-13  	chisq 146.706 (17 df)

Saving state to vegas_last_iter20.
Vegas input parameters:
  ndim 11
  ncomp 1
  epsrel 0
  epsabs 0
  flags 291
  seed 491
  mineval 1
  maxeval 1
  nstart 1000000
  nincrease 500000
  nbatch 1000
  gridno 1
  statefile "vegas_last_iter20"

Restoring state from vegas_last_iter20.

Iteration 19:  104500000 integrand evaluations so far
[1] -2.56107e-09 +- 2.90506e-13  	chisq 147.606 (18 df)

Saving state to vegas_last_iter20.
Vegas input parameters:
  ndim 11
  ncomp 1
  epsrel 0
  epsabs 0
  flags 291
  seed 511
  mineval 1
  maxeval 1
  nstart 1000000
  nincrease 500000
  nbatch 1000
  gridno 1
  statefile "vegas_last_iter20"

Restoring state from vegas_last_iter20.

Iteration 20:  115000000 integrand evaluations so far
[1] -2.56108e-09 +- 2.74768e-13  	chisq 147.634 (19 df)

Saving state to vegas_last_iter20.
Vegas input parameters:
  ndim 11
  ncomp 1
  epsrel 0
  epsabs 0
  flags 291
  seed 531
  mineval 1
  maxeval 1
  nstart 1000000
  nincrease 500000
  nbatch 1000
  gridno 1
  statefile "vegas_last_iter20"

Restoring state from vegas_last_iter20.

Iteration 21:  126000000 integrand evaluations so far
[1] -2.5611e-09 +- 2.60751e-13  	chisq 147.674 (20 df)

Saving state to vegas_last_iter20.
Vegas input parameters:
  ndim 11
  ncomp 1
  epsrel 0
  epsabs 0
  flags 291
  seed 551
  mineval 1
  maxeval 1
  nstart 1000000
  nincrease 500000
  nbatch 1000
  gridno 1
  statefile "vegas_last_iter20"

Restoring state from vegas_last_iter20.

Iteration 22:  137500000 integrand evaluations so far
[1] -2.56116e-09 +- 2.4818e-13  	chisq 148.25 (21 df)

Saving state to vegas_last_iter20.
Vegas input parameters:
  ndim 11
  ncomp 1
  epsrel 0
  epsabs 0
  flags 291
  seed 571
  mineval 1
  maxeval 1
  nstart 1000000
  nincrease 500000
  nbatch 1000
  gridno 1
  statefile "vegas_last_iter20"

Restoring state from vegas_last_iter20.

Iteration 23:  149500000 integrand evaluations so far
[1] -2.56104e-09 +- 2.36796e-13  	chisq 151.078 (22 df)

Saving state to vegas_last_iter20.
Vegas input parameters:
  ndim 11
  ncomp 1
  epsrel 0
  epsabs 0
  flags 291
  seed 591
  mineval 1
  maxeval 1
  nstart 1000000
  nincrease 500000
  nbatch 1000
  gridno 1
  statefile "vegas_last_iter20"

Restoring state from vegas_last_iter20.

Iteration 24:  162000000 integrand evaluations so far
[1] -2.56099e-09 +- 2.26441e-13  	chisq 151.539 (23 df)

Saving state to vegas_last_iter20.
Vegas input parameters:
  ndim 11
  ncomp 1
  epsrel 0
  epsabs 0
  flags 291
  seed 611
  mineval 1
  maxeval 1
  nstart 1000000
  nincrease 500000
  nbatch 1000
  gridno 1
  statefile "vegas_last_iter20"

Restoring state from vegas_last_iter20.

Iteration 25:  175000000 integrand evaluations so far
[1] -2.56101e-09 +- 2.16993e-13  	chisq 151.61 (24 df)

Saving state to vegas_last_iter20.
Vegas input parameters:
  ndim 11
  ncomp 1
  epsrel 0
  epsabs 0
  flags 291
  seed 631
  mineval 1
  maxeval 1
  nstart 1000000
  nincrease 500000
  nbatch 1000
  gridno 1
  statefile "vegas_last_iter20"

Restoring state from vegas_last_iter20.

Iteration 26:  188500000 integrand evaluations so far
[1] -2.56101e-09 +- 2.08323e-13  	chisq 151.61 (25 df)

Saving state to vegas_last_iter20.
Vegas input parameters:
  ndim 11
  ncomp 1
  epsrel 0
  epsabs 0
  flags 291
  seed 651
  mineval 1
  maxeval 1
  nstart 1000000
  nincrease 500000
  nbatch 1000
  gridno 1
  statefile "vegas_last_iter20"

Restoring state from vegas_last_iter20.

Iteration 27:  202500000 integrand evaluations so far
[1] -2.56102e-09 +- 2.00354e-13  	chisq 151.69 (26 df)

Saving state to vegas_last_iter20.
Thanks for using LHAPDF 6.2.1. Please make sure to cite the paper:
  Eur.Phys.J. C75 (2015) 3, 132  (http://arxiv.org/abs/1412.7420)
 method   =Vegas  
 nregions =           1
 neval    =   202500000
 fail     =           1
 -0.256102190468E-08 +-   0.200354031199E-12   p =    1.000
