LHAPDF 6.2.1 loading /cvmfs/cms.cern.ch/slc6_amd64_gcc630/external/lhapdf/6.2.1-omkpbe3/share/LHAPDF/NNPDF31_nnlo_as_0118_nf_4/NNPDF31_nnlo_as_0118_nf_4_0000.dat
NNPDF31_nnlo_as_0118_nf_4 PDF set, member #0, version 1; LHAPDF ID = 320900
Vegas input parameters:
  ndim 11
  ncomp 1
  epsrel 0
  epsabs 0
  flags 291
  seed 130
  mineval 1
  maxeval 1
  nstart 1000000
  nincrease 500000
  nbatch 1000
  gridno 1
  statefile "vegas_last_iter19"

Iteration 1:  1000000 integrand evaluations so far
[1] -1.1796e-09 +- 3.63372e-10  	chisq 0 (0 df)

Saving state to vegas_last_iter19.
Vegas input parameters:
  ndim 11
  ncomp 1
  epsrel 0
  epsabs 0
  flags 291
  seed 149
  mineval 1
  maxeval 1
  nstart 1000000
  nincrease 500000
  nbatch 1000
  gridno 1
  statefile "vegas_last_iter19"

Restoring state from vegas_last_iter19.

Iteration 2:  2500000 integrand evaluations so far
[1] -1.37713e-09 +- 2.60948e-10  	chisq 0.610194 (1 df)

Saving state to vegas_last_iter19.
Vegas input parameters:
  ndim 11
  ncomp 1
  epsrel 0
  epsabs 0
  flags 291
  seed 168
  mineval 1
  maxeval 1
  nstart 1000000
  nincrease 500000
  nbatch 1000
  gridno 1
  statefile "vegas_last_iter19"

Restoring state from vegas_last_iter19.

Iteration 3:  4500000 integrand evaluations so far
[1] -1.61819e-09 +- 8.57136e-11  	chisq 1.56674 (2 df)

Saving state to vegas_last_iter19.
Vegas input parameters:
  ndim 11
  ncomp 1
  epsrel 0
  epsabs 0
  flags 291
  seed 187
  mineval 1
  maxeval 1
  nstart 1000000
  nincrease 500000
  nbatch 1000
  gridno 1
  statefile "vegas_last_iter19"

Restoring state from vegas_last_iter19.

Iteration 4:  7000000 integrand evaluations so far
[1] -1.61318e-09 +- 1.31113e-11  	chisq 1.57024 (3 df)

Saving state to vegas_last_iter19.
Vegas input parameters:
  ndim 11
  ncomp 1
  epsrel 0
  epsabs 0
  flags 291
  seed 206
  mineval 1
  maxeval 1
  nstart 1000000
  nincrease 500000
  nbatch 1000
  gridno 1
  statefile "vegas_last_iter19"

Restoring state from vegas_last_iter19.

Iteration 5:  10000000 integrand evaluations so far
[1] -1.64603e-09 +- 4.10764e-12  	chisq 8.5315 (4 df)

Saving state to vegas_last_iter19.
Vegas input parameters:
  ndim 11
  ncomp 1
  epsrel 0
  epsabs 0
  flags 291
  seed 225
  mineval 1
  maxeval 1
  nstart 1000000
  nincrease 500000
  nbatch 1000
  gridno 1
  statefile "vegas_last_iter19"

Restoring state from vegas_last_iter19.

Iteration 6:  13500000 integrand evaluations so far
[1] -1.64767e-09 +- 1.7951e-12  	chisq 8.7286 (5 df)

Saving state to vegas_last_iter19.
Vegas input parameters:
  ndim 11
  ncomp 1
  epsrel 0
  epsabs 0
  flags 291
  seed 244
  mineval 1
  maxeval 1
  nstart 1000000
  nincrease 500000
  nbatch 1000
  gridno 1
  statefile "vegas_last_iter19"

Restoring state from vegas_last_iter19.

Iteration 7:  17500000 integrand evaluations so far
[1] -1.64544e-09 +- 1.12339e-12  	chisq 11.273 (6 df)

Saving state to vegas_last_iter19.
Vegas input parameters:
  ndim 11
  ncomp 1
  epsrel 0
  epsabs 0
  flags 291
  seed 263
  mineval 1
  maxeval 1
  nstart 1000000
  nincrease 500000
  nbatch 1000
  gridno 1
  statefile "vegas_last_iter19"

Restoring state from vegas_last_iter19.

Iteration 8:  22000000 integrand evaluations so far
[1] -1.6461e-09 +- 8.33026e-13  	chisq 12.0425 (7 df)

Saving state to vegas_last_iter19.
Vegas input parameters:
  ndim 11
  ncomp 1
  epsrel 0
  epsabs 0
  flags 291
  seed 282
  mineval 1
  maxeval 1
  nstart 1000000
  nincrease 500000
  nbatch 1000
  gridno 1
  statefile "vegas_last_iter19"

Restoring state from vegas_last_iter19.

Iteration 9:  27000000 integrand evaluations so far
[1] -1.64709e-09 +- 6.72601e-13  	chisq 16.0774 (8 df)

Saving state to vegas_last_iter19.
Vegas input parameters:
  ndim 11
  ncomp 1
  epsrel 0
  epsabs 0
  flags 291
  seed 301
  mineval 1
  maxeval 1
  nstart 1000000
  nincrease 500000
  nbatch 1000
  gridno 1
  statefile "vegas_last_iter19"

Restoring state from vegas_last_iter19.

Iteration 10:  32500000 integrand evaluations so far
[1] -1.64688e-09 +- 5.70022e-13  	chisq 16.4258 (9 df)

Saving state to vegas_last_iter19.
Vegas input parameters:
  ndim 11
  ncomp 1
  epsrel 0
  epsabs 0
  flags 291
  seed 320
  mineval 1
  maxeval 1
  nstart 1000000
  nincrease 500000
  nbatch 1000
  gridno 1
  statefile "vegas_last_iter19"

Restoring state from vegas_last_iter19.

Iteration 11:  38500000 integrand evaluations so far
[1] -1.64725e-09 +- 4.97785e-13  	chisq 18.263 (10 df)

Saving state to vegas_last_iter19.
Vegas input parameters:
  ndim 11
  ncomp 1
  epsrel 0
  epsabs 0
  flags 291
  seed 339
  mineval 1
  maxeval 1
  nstart 1000000
  nincrease 500000
  nbatch 1000
  gridno 1
  statefile "vegas_last_iter19"

Restoring state from vegas_last_iter19.

Iteration 12:  45000000 integrand evaluations so far
[1] -1.64682e-09 +- 4.4379e-13  	chisq 21.9178 (11 df)

Saving state to vegas_last_iter19.
Vegas input parameters:
  ndim 11
  ncomp 1
  epsrel 0
  epsabs 0
  flags 291
  seed 358
  mineval 1
  maxeval 1
  nstart 1000000
  nincrease 500000
  nbatch 1000
  gridno 1
  statefile "vegas_last_iter19"

Restoring state from vegas_last_iter19.

Iteration 13:  52000000 integrand evaluations so far
[1] -1.64683e-09 +- 4.01573e-13  	chisq 21.9219 (12 df)

Saving state to vegas_last_iter19.
Vegas input parameters:
  ndim 11
  ncomp 1
  epsrel 0
  epsabs 0
  flags 291
  seed 377
  mineval 1
  maxeval 1
  nstart 1000000
  nincrease 500000
  nbatch 1000
  gridno 1
  statefile "vegas_last_iter19"

Restoring state from vegas_last_iter19.

Iteration 14:  59500000 integrand evaluations so far
[1] -1.64711e-09 +- 3.67413e-13  	chisq 24.8757 (13 df)

Saving state to vegas_last_iter19.
Vegas input parameters:
  ndim 11
  ncomp 1
  epsrel 0
  epsabs 0
  flags 291
  seed 396
  mineval 1
  maxeval 1
  nstart 1000000
  nincrease 500000
  nbatch 1000
  gridno 1
  statefile "vegas_last_iter19"

Restoring state from vegas_last_iter19.

Iteration 15:  67500000 integrand evaluations so far
[1] -1.64721e-09 +- 3.39118e-13  	chisq 25.3563 (14 df)

Saving state to vegas_last_iter19.
Vegas input parameters:
  ndim 11
  ncomp 1
  epsrel 0
  epsabs 0
  flags 291
  seed 415
  mineval 1
  maxeval 1
  nstart 1000000
  nincrease 500000
  nbatch 1000
  gridno 1
  statefile "vegas_last_iter19"

Restoring state from vegas_last_iter19.

Iteration 16:  76000000 integrand evaluations so far
[1] -1.64708e-09 +- 3.15207e-13  	chisq 26.503 (15 df)

Saving state to vegas_last_iter19.
Vegas input parameters:
  ndim 11
  ncomp 1
  epsrel 0
  epsabs 0
  flags 291
  seed 434
  mineval 1
  maxeval 1
  nstart 1000000
  nincrease 500000
  nbatch 1000
  gridno 1
  statefile "vegas_last_iter19"

Restoring state from vegas_last_iter19.

Iteration 17:  85000000 integrand evaluations so far
[1] -1.64698e-09 +- 2.94651e-13  	chisq 27.2038 (16 df)

Saving state to vegas_last_iter19.
Vegas input parameters:
  ndim 11
  ncomp 1
  epsrel 0
  epsabs 0
  flags 291
  seed 453
  mineval 1
  maxeval 1
  nstart 1000000
  nincrease 500000
  nbatch 1000
  gridno 1
  statefile "vegas_last_iter19"

Restoring state from vegas_last_iter19.

Iteration 18:  94500000 integrand evaluations so far
[1] -1.64706e-09 +- 2.76816e-13  	chisq 27.7055 (17 df)

Saving state to vegas_last_iter19.
Vegas input parameters:
  ndim 11
  ncomp 1
  epsrel 0
  epsabs 0
  flags 291
  seed 472
  mineval 1
  maxeval 1
  nstart 1000000
  nincrease 500000
  nbatch 1000
  gridno 1
  statefile "vegas_last_iter19"

Restoring state from vegas_last_iter19.

Iteration 19:  104500000 integrand evaluations so far
[1] -1.64712e-09 +- 2.61125e-13  	chisq 28.2732 (18 df)

Saving state to vegas_last_iter19.
Vegas input parameters:
  ndim 11
  ncomp 1
  epsrel 0
  epsabs 0
  flags 291
  seed 491
  mineval 1
  maxeval 1
  nstart 1000000
  nincrease 500000
  nbatch 1000
  gridno 1
  statefile "vegas_last_iter19"

Restoring state from vegas_last_iter19.

Iteration 20:  115000000 integrand evaluations so far
[1] -1.64736e-09 +- 2.47205e-13  	chisq 36.2344 (19 df)

Saving state to vegas_last_iter19.
Vegas input parameters:
  ndim 11
  ncomp 1
  epsrel 0
  epsabs 0
  flags 291
  seed 510
  mineval 1
  maxeval 1
  nstart 1000000
  nincrease 500000
  nbatch 1000
  gridno 1
  statefile "vegas_last_iter19"

Restoring state from vegas_last_iter19.

Iteration 21:  126000000 integrand evaluations so far
[1] -1.64743e-09 +- 2.34771e-13  	chisq 37.0975 (20 df)

Saving state to vegas_last_iter19.
Vegas input parameters:
  ndim 11
  ncomp 1
  epsrel 0
  epsabs 0
  flags 291
  seed 529
  mineval 1
  maxeval 1
  nstart 1000000
  nincrease 500000
  nbatch 1000
  gridno 1
  statefile "vegas_last_iter19"

Restoring state from vegas_last_iter19.

Iteration 22:  137500000 integrand evaluations so far
[1] -1.64747e-09 +- 2.23591e-13  	chisq 37.3818 (21 df)

Saving state to vegas_last_iter19.
Vegas input parameters:
  ndim 11
  ncomp 1
  epsrel 0
  epsabs 0
  flags 291
  seed 548
  mineval 1
  maxeval 1
  nstart 1000000
  nincrease 500000
  nbatch 1000
  gridno 1
  statefile "vegas_last_iter19"

Restoring state from vegas_last_iter19.

Iteration 23:  149500000 integrand evaluations so far
[1] -1.64746e-09 +- 2.13482e-13  	chisq 37.4005 (22 df)

Saving state to vegas_last_iter19.
Vegas input parameters:
  ndim 11
  ncomp 1
  epsrel 0
  epsabs 0
  flags 291
  seed 567
  mineval 1
  maxeval 1
  nstart 1000000
  nincrease 500000
  nbatch 1000
  gridno 1
  statefile "vegas_last_iter19"

Restoring state from vegas_last_iter19.

Iteration 24:  162000000 integrand evaluations so far
[1] -1.64743e-09 +- 2.04271e-13  	chisq 37.6803 (23 df)

Saving state to vegas_last_iter19.
Vegas input parameters:
  ndim 11
  ncomp 1
  epsrel 0
  epsabs 0
  flags 291
  seed 586
  mineval 1
  maxeval 1
  nstart 1000000
  nincrease 500000
  nbatch 1000
  gridno 1
  statefile "vegas_last_iter19"

Restoring state from vegas_last_iter19.

Iteration 25:  175000000 integrand evaluations so far
[1] -1.6475e-09 +- 1.95856e-13  	chisq 38.9581 (24 df)

Saving state to vegas_last_iter19.
Vegas input parameters:
  ndim 11
  ncomp 1
  epsrel 0
  epsabs 0
  flags 291
  seed 605
  mineval 1
  maxeval 1
  nstart 1000000
  nincrease 500000
  nbatch 1000
  gridno 1
  statefile "vegas_last_iter19"

Restoring state from vegas_last_iter19.

Iteration 26:  188500000 integrand evaluations so far
[1] -1.64746e-09 +- 1.88124e-13  	chisq 39.3497 (25 df)

Saving state to vegas_last_iter19.
Vegas input parameters:
  ndim 11
  ncomp 1
  epsrel 0
  epsabs 0
  flags 291
  seed 624
  mineval 1
  maxeval 1
  nstart 1000000
  nincrease 500000
  nbatch 1000
  gridno 1
  statefile "vegas_last_iter19"

Restoring state from vegas_last_iter19.

Iteration 27:  202500000 integrand evaluations so far
[1] -1.64744e-09 +- 1.80989e-13  	chisq 39.5116 (26 df)

Saving state to vegas_last_iter19.
Thanks for using LHAPDF 6.2.1. Please make sure to cite the paper:
  Eur.Phys.J. C75 (2015) 3, 132  (http://arxiv.org/abs/1412.7420)
 method   =Vegas  
 nregions =           1
 neval    =   202500000
 fail     =           1
 -0.164744082692E-08 +-   0.180988814911E-12   p =    0.943
