LHAPDF 6.2.1 loading /cvmfs/cms.cern.ch/slc6_amd64_gcc630/external/lhapdf/6.2.1-omkpbe3/share/LHAPDF/NNPDF31_nnlo_as_0118_nf_4/NNPDF31_nnlo_as_0118_nf_4_0000.dat
NNPDF31_nnlo_as_0118_nf_4 PDF set, member #0, version 1; LHAPDF ID = 320900
Vegas input parameters:
  ndim 11
  ncomp 1
  epsrel 0
  epsabs 0
  flags 291
  seed 250
  mineval 1
  maxeval 1
  nstart 1000000
  nincrease 500000
  nbatch 1000
  gridno 1
  statefile "vegas_last_iter139"

Iteration 1:  1000000 integrand evaluations so far
[1] 1.88734e-08 +- 5.85533e-08  	chisq 0 (0 df)

Saving state to vegas_last_iter139.
Vegas input parameters:
  ndim 11
  ncomp 1
  epsrel 0
  epsabs 0
  flags 291
  seed 389
  mineval 1
  maxeval 1
  nstart 1000000
  nincrease 500000
  nbatch 1000
  gridno 1
  statefile "vegas_last_iter139"

Restoring state from vegas_last_iter139.

Iteration 2:  2500000 integrand evaluations so far
[1] -1.12754e-08 +- 2.71033e-08  	chisq 0.337411 (1 df)

Saving state to vegas_last_iter139.
Vegas input parameters:
  ndim 11
  ncomp 1
  epsrel 0
  epsabs 0
  flags 291
  seed 528
  mineval 1
  maxeval 1
  nstart 1000000
  nincrease 500000
  nbatch 1000
  gridno 1
  statefile "vegas_last_iter139"

Restoring state from vegas_last_iter139.

Iteration 3:  4500000 integrand evaluations so far
[1] -9.82732e-08 +- 9.05595e-09  	chisq 11.9354 (2 df)

Saving state to vegas_last_iter139.
Vegas input parameters:
  ndim 11
  ncomp 1
  epsrel 0
  epsabs 0
  flags 291
  seed 667
  mineval 1
  maxeval 1
  nstart 1000000
  nincrease 500000
  nbatch 1000
  gridno 1
  statefile "vegas_last_iter139"

Restoring state from vegas_last_iter139.

Iteration 4:  7000000 integrand evaluations so far
[1] -1.05108e-07 +- 3.27845e-09  	chisq 12.5911 (3 df)

Saving state to vegas_last_iter139.
Vegas input parameters:
  ndim 11
  ncomp 1
  epsrel 0
  epsabs 0
  flags 291
  seed 806
  mineval 1
  maxeval 1
  nstart 1000000
  nincrease 500000
  nbatch 1000
  gridno 1
  statefile "vegas_last_iter139"

Restoring state from vegas_last_iter139.

Iteration 5:  10000000 integrand evaluations so far
[1] -1.1722e-07 +- 8.56405e-10  	chisq 27.2379 (4 df)

Saving state to vegas_last_iter139.
Vegas input parameters:
  ndim 11
  ncomp 1
  epsrel 0
  epsabs 0
  flags 291
  seed 945
  mineval 1
  maxeval 1
  nstart 1000000
  nincrease 500000
  nbatch 1000
  gridno 1
  statefile "vegas_last_iter139"

Restoring state from vegas_last_iter139.

Iteration 6:  13500000 integrand evaluations so far
[1] -1.17574e-07 +- 2.99475e-10  	chisq 27.4325 (5 df)

Saving state to vegas_last_iter139.
Vegas input parameters:
  ndim 11
  ncomp 1
  epsrel 0
  epsabs 0
  flags 291
  seed 1084
  mineval 1
  maxeval 1
  nstart 1000000
  nincrease 500000
  nbatch 1000
  gridno 1
  statefile "vegas_last_iter139"

Restoring state from vegas_last_iter139.

Iteration 7:  17500000 integrand evaluations so far
[1] -1.17131e-07 +- 1.77855e-10  	chisq 30.8174 (6 df)

Saving state to vegas_last_iter139.
Vegas input parameters:
  ndim 11
  ncomp 1
  epsrel 0
  epsabs 0
  flags 291
  seed 1223
  mineval 1
  maxeval 1
  nstart 1000000
  nincrease 500000
  nbatch 1000
  gridno 1
  statefile "vegas_last_iter139"

Restoring state from vegas_last_iter139.

Iteration 8:  22000000 integrand evaluations so far
[1] -1.17182e-07 +- 1.29574e-10  	chisq 30.9968 (7 df)

Saving state to vegas_last_iter139.
Vegas input parameters:
  ndim 11
  ncomp 1
  epsrel 0
  epsabs 0
  flags 291
  seed 1362
  mineval 1
  maxeval 1
  nstart 1000000
  nincrease 500000
  nbatch 1000
  gridno 1
  statefile "vegas_last_iter139"

Restoring state from vegas_last_iter139.

Iteration 9:  27000000 integrand evaluations so far
[1] -1.17206e-07 +- 1.03994e-10  	chisq 31.0886 (8 df)

Saving state to vegas_last_iter139.
Vegas input parameters:
  ndim 11
  ncomp 1
  epsrel 0
  epsabs 0
  flags 291
  seed 1501
  mineval 1
  maxeval 1
  nstart 1000000
  nincrease 500000
  nbatch 1000
  gridno 1
  statefile "vegas_last_iter139"

Restoring state from vegas_last_iter139.

Iteration 10:  32500000 integrand evaluations so far
[1] -1.17168e-07 +- 8.79478e-11  	chisq 31.5501 (9 df)

Saving state to vegas_last_iter139.
Vegas input parameters:
  ndim 11
  ncomp 1
  epsrel 0
  epsabs 0
  flags 291
  seed 1640
  mineval 1
  maxeval 1
  nstart 1000000
  nincrease 500000
  nbatch 1000
  gridno 1
  statefile "vegas_last_iter139"

Restoring state from vegas_last_iter139.

Iteration 11:  38500000 integrand evaluations so far
[1] -1.17174e-07 +- 7.67408e-11  	chisq 31.5694 (10 df)

Saving state to vegas_last_iter139.
Vegas input parameters:
  ndim 11
  ncomp 1
  epsrel 0
  epsabs 0
  flags 291
  seed 1779
  mineval 1
  maxeval 1
  nstart 1000000
  nincrease 500000
  nbatch 1000
  gridno 1
  statefile "vegas_last_iter139"

Restoring state from vegas_last_iter139.

Iteration 12:  45000000 integrand evaluations so far
[1] -1.17175e-07 +- 6.83983e-11  	chisq 31.5705 (11 df)

Saving state to vegas_last_iter139.
Vegas input parameters:
  ndim 11
  ncomp 1
  epsrel 0
  epsabs 0
  flags 291
  seed 1918
  mineval 1
  maxeval 1
  nstart 1000000
  nincrease 500000
  nbatch 1000
  gridno 1
  statefile "vegas_last_iter139"

Restoring state from vegas_last_iter139.

Iteration 13:  52000000 integrand evaluations so far
[1] -1.17186e-07 +- 6.18816e-11  	chisq 31.7206 (12 df)

Saving state to vegas_last_iter139.
Vegas input parameters:
  ndim 11
  ncomp 1
  epsrel 0
  epsabs 0
  flags 291
  seed 2057
  mineval 1
  maxeval 1
  nstart 1000000
  nincrease 500000
  nbatch 1000
  gridno 1
  statefile "vegas_last_iter139"

Restoring state from vegas_last_iter139.

Iteration 14:  59500000 integrand evaluations so far
[1] -1.17181e-07 +- 5.66183e-11  	chisq 31.7728 (13 df)

Saving state to vegas_last_iter139.
Vegas input parameters:
  ndim 11
  ncomp 1
  epsrel 0
  epsabs 0
  flags 291
  seed 2196
  mineval 1
  maxeval 1
  nstart 1000000
  nincrease 500000
  nbatch 1000
  gridno 1
  statefile "vegas_last_iter139"

Restoring state from vegas_last_iter139.

Iteration 15:  67500000 integrand evaluations so far
[1] -1.17168e-07 +- 5.22633e-11  	chisq 32.1065 (14 df)

Saving state to vegas_last_iter139.
Vegas input parameters:
  ndim 11
  ncomp 1
  epsrel 0
  epsabs 0
  flags 291
  seed 2335
  mineval 1
  maxeval 1
  nstart 1000000
  nincrease 500000
  nbatch 1000
  gridno 1
  statefile "vegas_last_iter139"

Restoring state from vegas_last_iter139.

Iteration 16:  76000000 integrand evaluations so far
[1] -1.17194e-07 +- 4.85875e-11  	chisq 33.9062 (15 df)

Saving state to vegas_last_iter139.
Vegas input parameters:
  ndim 11
  ncomp 1
  epsrel 0
  epsabs 0
  flags 291
  seed 2474
  mineval 1
  maxeval 1
  nstart 1000000
  nincrease 500000
  nbatch 1000
  gridno 1
  statefile "vegas_last_iter139"

Restoring state from vegas_last_iter139.

Iteration 17:  85000000 integrand evaluations so far
[1] -1.17195e-07 +- 4.54351e-11  	chisq 33.9079 (16 df)

Saving state to vegas_last_iter139.
Vegas input parameters:
  ndim 11
  ncomp 1
  epsrel 0
  epsabs 0
  flags 291
  seed 2613
  mineval 1
  maxeval 1
  nstart 1000000
  nincrease 500000
  nbatch 1000
  gridno 1
  statefile "vegas_last_iter139"

Restoring state from vegas_last_iter139.

Iteration 18:  94500000 integrand evaluations so far
[1] -1.17176e-07 +- 4.26944e-11  	chisq 35.2693 (17 df)

Saving state to vegas_last_iter139.
Vegas input parameters:
  ndim 11
  ncomp 1
  epsrel 0
  epsabs 0
  flags 291
  seed 2752
  mineval 1
  maxeval 1
  nstart 1000000
  nincrease 500000
  nbatch 1000
  gridno 1
  statefile "vegas_last_iter139"

Restoring state from vegas_last_iter139.

Iteration 19:  104500000 integrand evaluations so far
[1] -1.17184e-07 +- 4.02812e-11  	chisq 35.5714 (18 df)

Saving state to vegas_last_iter139.
Vegas input parameters:
  ndim 11
  ncomp 1
  epsrel 0
  epsabs 0
  flags 291
  seed 2891
  mineval 1
  maxeval 1
  nstart 1000000
  nincrease 500000
  nbatch 1000
  gridno 1
  statefile "vegas_last_iter139"

Restoring state from vegas_last_iter139.

Iteration 20:  115000000 integrand evaluations so far
[1] -1.17182e-07 +- 3.81446e-11  	chisq 35.5897 (19 df)

Saving state to vegas_last_iter139.
Vegas input parameters:
  ndim 11
  ncomp 1
  epsrel 0
  epsabs 0
  flags 291
  seed 3030
  mineval 1
  maxeval 1
  nstart 1000000
  nincrease 500000
  nbatch 1000
  gridno 1
  statefile "vegas_last_iter139"

Restoring state from vegas_last_iter139.

Iteration 21:  126000000 integrand evaluations so far
[1] -1.17189e-07 +- 3.62377e-11  	chisq 35.8709 (20 df)

Saving state to vegas_last_iter139.
Vegas input parameters:
  ndim 11
  ncomp 1
  epsrel 0
  epsabs 0
  flags 291
  seed 3169
  mineval 1
  maxeval 1
  nstart 1000000
  nincrease 500000
  nbatch 1000
  gridno 1
  statefile "vegas_last_iter139"

Restoring state from vegas_last_iter139.

Iteration 22:  137500000 integrand evaluations so far
[1] -1.17191e-07 +- 3.45208e-11  	chisq 35.9238 (21 df)

Saving state to vegas_last_iter139.
Vegas input parameters:
  ndim 11
  ncomp 1
  epsrel 0
  epsabs 0
  flags 291
  seed 3308
  mineval 1
  maxeval 1
  nstart 1000000
  nincrease 500000
  nbatch 1000
  gridno 1
  statefile "vegas_last_iter139"

Restoring state from vegas_last_iter139.

Iteration 23:  149500000 integrand evaluations so far
[1] -1.17195e-07 +- 3.29692e-11  	chisq 36.0474 (22 df)

Saving state to vegas_last_iter139.
Vegas input parameters:
  ndim 11
  ncomp 1
  epsrel 0
  epsabs 0
  flags 291
  seed 3447
  mineval 1
  maxeval 1
  nstart 1000000
  nincrease 500000
  nbatch 1000
  gridno 1
  statefile "vegas_last_iter139"

Restoring state from vegas_last_iter139.

Iteration 24:  162000000 integrand evaluations so far
[1] -1.17191e-07 +- 3.15559e-11  	chisq 36.2392 (23 df)

Saving state to vegas_last_iter139.
Vegas input parameters:
  ndim 11
  ncomp 1
  epsrel 0
  epsabs 0
  flags 291
  seed 3586
  mineval 1
  maxeval 1
  nstart 1000000
  nincrease 500000
  nbatch 1000
  gridno 1
  statefile "vegas_last_iter139"

Restoring state from vegas_last_iter139.

Iteration 25:  175000000 integrand evaluations so far
[1] -1.17173e-07 +- 3.02642e-11  	chisq 40.3459 (24 df)

Saving state to vegas_last_iter139.
Vegas input parameters:
  ndim 11
  ncomp 1
  epsrel 0
  epsabs 0
  flags 291
  seed 3725
  mineval 1
  maxeval 1
  nstart 1000000
  nincrease 500000
  nbatch 1000
  gridno 1
  statefile "vegas_last_iter139"

Restoring state from vegas_last_iter139.

Iteration 26:  188500000 integrand evaluations so far
[1] -1.17175e-07 +- 2.90762e-11  	chisq 40.4169 (25 df)

Saving state to vegas_last_iter139.
Vegas input parameters:
  ndim 11
  ncomp 1
  epsrel 0
  epsabs 0
  flags 291
  seed 3864
  mineval 1
  maxeval 1
  nstart 1000000
  nincrease 500000
  nbatch 1000
  gridno 1
  statefile "vegas_last_iter139"

Restoring state from vegas_last_iter139.

Iteration 27:  202500000 integrand evaluations so far
[1] -1.17161e-07 +- 2.79824e-11  	chisq 43.6138 (26 df)

Saving state to vegas_last_iter139.
Thanks for using LHAPDF 6.2.1. Please make sure to cite the paper:
  Eur.Phys.J. C75 (2015) 3, 132  (http://arxiv.org/abs/1412.7420)
 method   =Vegas  
 nregions =           1
 neval    =   202500000
 fail     =           1
 -0.117160704165E-06 +-   0.279824439408E-10   p =    0.977
