LHAPDF 6.2.1 loading /cvmfs/cms.cern.ch/slc6_amd64_gcc630/external/lhapdf/6.2.1-omkpbe3/share/LHAPDF/NNPDF31_nnlo_as_0118_nf_4/NNPDF31_nnlo_as_0118_nf_4_0000.dat
NNPDF31_nnlo_as_0118_nf_4 PDF set, member #0, version 1; LHAPDF ID = 320900
Vegas input parameters:
  ndim 11
  ncomp 1
  epsrel 0
  epsabs 0
  flags 291
  seed 262
  mineval 1
  maxeval 1
  nstart 1000000
  nincrease 500000
  nbatch 1000
  gridno 1
  statefile "vegas_last_iter151"

Iteration 1:  1000000 integrand evaluations so far
[1] -3.29498e-10 +- 2.70874e-10  	chisq 0 (0 df)

Saving state to vegas_last_iter151.
Vegas input parameters:
  ndim 11
  ncomp 1
  epsrel 0
  epsabs 0
  flags 291
  seed 413
  mineval 1
  maxeval 1
  nstart 1000000
  nincrease 500000
  nbatch 1000
  gridno 1
  statefile "vegas_last_iter151"

Restoring state from vegas_last_iter151.

Iteration 2:  2500000 integrand evaluations so far
[1] -6.26306e-11 +- 2.07495e-10  	chisq 2.34898 (1 df)

Saving state to vegas_last_iter151.
Vegas input parameters:
  ndim 11
  ncomp 1
  epsrel 0
  epsabs 0
  flags 291
  seed 564
  mineval 1
  maxeval 1
  nstart 1000000
  nincrease 500000
  nbatch 1000
  gridno 1
  statefile "vegas_last_iter151"

Restoring state from vegas_last_iter151.

Iteration 3:  4500000 integrand evaluations so far
[1] -9.37786e-11 +- 1.49637e-10  	chisq 2.39593 (2 df)

Saving state to vegas_last_iter151.
Vegas input parameters:
  ndim 11
  ncomp 1
  epsrel 0
  epsabs 0
  flags 291
  seed 715
  mineval 1
  maxeval 1
  nstart 1000000
  nincrease 500000
  nbatch 1000
  gridno 1
  statefile "vegas_last_iter151"

Restoring state from vegas_last_iter151.

Iteration 4:  7000000 integrand evaluations so far
[1] -3.61863e-10 +- 9.46958e-11  	chisq 7.74976 (3 df)

Saving state to vegas_last_iter151.
Vegas input parameters:
  ndim 11
  ncomp 1
  epsrel 0
  epsabs 0
  flags 291
  seed 866
  mineval 1
  maxeval 1
  nstart 1000000
  nincrease 500000
  nbatch 1000
  gridno 1
  statefile "vegas_last_iter151"

Restoring state from vegas_last_iter151.

Iteration 5:  10000000 integrand evaluations so far
[1] -3.04141e-10 +- 1.97982e-11  	chisq 8.1383 (4 df)

Saving state to vegas_last_iter151.
Vegas input parameters:
  ndim 11
  ncomp 1
  epsrel 0
  epsabs 0
  flags 291
  seed 1017
  mineval 1
  maxeval 1
  nstart 1000000
  nincrease 500000
  nbatch 1000
  gridno 1
  statefile "vegas_last_iter151"

Restoring state from vegas_last_iter151.

Iteration 6:  13500000 integrand evaluations so far
[1] -3.3289e-10 +- 3.54547e-12  	chisq 10.3167 (5 df)

Saving state to vegas_last_iter151.
Vegas input parameters:
  ndim 11
  ncomp 1
  epsrel 0
  epsabs 0
  flags 291
  seed 1168
  mineval 1
  maxeval 1
  nstart 1000000
  nincrease 500000
  nbatch 1000
  gridno 1
  statefile "vegas_last_iter151"

Restoring state from vegas_last_iter151.

Iteration 7:  17500000 integrand evaluations so far
[1] -3.37653e-10 +- 1.35631e-12  	chisq 12.4308 (6 df)

Saving state to vegas_last_iter151.
Vegas input parameters:
  ndim 11
  ncomp 1
  epsrel 0
  epsabs 0
  flags 291
  seed 1319
  mineval 1
  maxeval 1
  nstart 1000000
  nincrease 500000
  nbatch 1000
  gridno 1
  statefile "vegas_last_iter151"

Restoring state from vegas_last_iter151.

Iteration 8:  22000000 integrand evaluations so far
[1] -3.36477e-10 +- 8.50349e-13  	chisq 13.6681 (7 df)

Saving state to vegas_last_iter151.
Vegas input parameters:
  ndim 11
  ncomp 1
  epsrel 0
  epsabs 0
  flags 291
  seed 1470
  mineval 1
  maxeval 1
  nstart 1000000
  nincrease 500000
  nbatch 1000
  gridno 1
  statefile "vegas_last_iter151"

Restoring state from vegas_last_iter151.

Iteration 9:  27000000 integrand evaluations so far
[1] -3.36988e-10 +- 6.49803e-13  	chisq 14.5344 (8 df)

Saving state to vegas_last_iter151.
Vegas input parameters:
  ndim 11
  ncomp 1
  epsrel 0
  epsabs 0
  flags 291
  seed 1621
  mineval 1
  maxeval 1
  nstart 1000000
  nincrease 500000
  nbatch 1000
  gridno 1
  statefile "vegas_last_iter151"

Restoring state from vegas_last_iter151.

Iteration 10:  32500000 integrand evaluations so far
[1] -3.36878e-10 +- 5.28495e-13  	chisq 14.6189 (9 df)

Saving state to vegas_last_iter151.
Vegas input parameters:
  ndim 11
  ncomp 1
  epsrel 0
  epsabs 0
  flags 291
  seed 1772
  mineval 1
  maxeval 1
  nstart 1000000
  nincrease 500000
  nbatch 1000
  gridno 1
  statefile "vegas_last_iter151"

Restoring state from vegas_last_iter151.

Iteration 11:  38500000 integrand evaluations so far
[1] -3.36777e-10 +- 4.48251e-13  	chisq 14.7477 (10 df)

Saving state to vegas_last_iter151.
Vegas input parameters:
  ndim 11
  ncomp 1
  epsrel 0
  epsabs 0
  flags 291
  seed 1923
  mineval 1
  maxeval 1
  nstart 1000000
  nincrease 500000
  nbatch 1000
  gridno 1
  statefile "vegas_last_iter151"

Restoring state from vegas_last_iter151.

Iteration 12:  45000000 integrand evaluations so far
[1] -3.36475e-10 +- 3.93278e-13  	chisq 16.7286 (11 df)

Saving state to vegas_last_iter151.
Vegas input parameters:
  ndim 11
  ncomp 1
  epsrel 0
  epsabs 0
  flags 291
  seed 2074
  mineval 1
  maxeval 1
  nstart 1000000
  nincrease 500000
  nbatch 1000
  gridno 1
  statefile "vegas_last_iter151"

Restoring state from vegas_last_iter151.

Iteration 13:  52000000 integrand evaluations so far
[1] -3.36612e-10 +- 3.50722e-13  	chisq 17.3249 (12 df)

Saving state to vegas_last_iter151.
Vegas input parameters:
  ndim 11
  ncomp 1
  epsrel 0
  epsabs 0
  flags 291
  seed 2225
  mineval 1
  maxeval 1
  nstart 1000000
  nincrease 500000
  nbatch 1000
  gridno 1
  statefile "vegas_last_iter151"

Restoring state from vegas_last_iter151.

Iteration 14:  59500000 integrand evaluations so far
[1] -3.36758e-10 +- 3.16797e-13  	chisq 18.2666 (13 df)

Saving state to vegas_last_iter151.
Vegas input parameters:
  ndim 11
  ncomp 1
  epsrel 0
  epsabs 0
  flags 291
  seed 2376
  mineval 1
  maxeval 1
  nstart 1000000
  nincrease 500000
  nbatch 1000
  gridno 1
  statefile "vegas_last_iter151"

Restoring state from vegas_last_iter151.

Iteration 15:  67500000 integrand evaluations so far
[1] -3.36816e-10 +- 2.8925e-13  	chisq 18.4651 (14 df)

Saving state to vegas_last_iter151.
Vegas input parameters:
  ndim 11
  ncomp 1
  epsrel 0
  epsabs 0
  flags 291
  seed 2527
  mineval 1
  maxeval 1
  nstart 1000000
  nincrease 500000
  nbatch 1000
  gridno 1
  statefile "vegas_last_iter151"

Restoring state from vegas_last_iter151.

Iteration 16:  76000000 integrand evaluations so far
[1] -3.36783e-10 +- 2.66393e-13  	chisq 18.549 (15 df)

Saving state to vegas_last_iter151.
Vegas input parameters:
  ndim 11
  ncomp 1
  epsrel 0
  epsabs 0
  flags 291
  seed 2678
  mineval 1
  maxeval 1
  nstart 1000000
  nincrease 500000
  nbatch 1000
  gridno 1
  statefile "vegas_last_iter151"

Restoring state from vegas_last_iter151.

Iteration 17:  85000000 integrand evaluations so far
[1] -3.36662e-10 +- 2.47079e-13  	chisq 20.0316 (16 df)

Saving state to vegas_last_iter151.
Vegas input parameters:
  ndim 11
  ncomp 1
  epsrel 0
  epsabs 0
  flags 291
  seed 2829
  mineval 1
  maxeval 1
  nstart 1000000
  nincrease 500000
  nbatch 1000
  gridno 1
  statefile "vegas_last_iter151"

Restoring state from vegas_last_iter151.

Iteration 18:  94500000 integrand evaluations so far
[1] -3.36793e-10 +- 2.3088e-13  	chisq 22.2519 (17 df)

Saving state to vegas_last_iter151.
Vegas input parameters:
  ndim 11
  ncomp 1
  epsrel 0
  epsabs 0
  flags 291
  seed 2980
  mineval 1
  maxeval 1
  nstart 1000000
  nincrease 500000
  nbatch 1000
  gridno 1
  statefile "vegas_last_iter151"

Restoring state from vegas_last_iter151.

Iteration 19:  104500000 integrand evaluations so far
[1] -3.36819e-10 +- 2.17293e-13  	chisq 22.3683 (18 df)

Saving state to vegas_last_iter151.
Vegas input parameters:
  ndim 11
  ncomp 1
  epsrel 0
  epsabs 0
  flags 291
  seed 3131
  mineval 1
  maxeval 1
  nstart 1000000
  nincrease 500000
  nbatch 1000
  gridno 1
  statefile "vegas_last_iter151"

Restoring state from vegas_last_iter151.

Iteration 20:  115000000 integrand evaluations so far
[1] -3.36923e-10 +- 2.05348e-13  	chisq 24.4992 (19 df)

Saving state to vegas_last_iter151.
Vegas input parameters:
  ndim 11
  ncomp 1
  epsrel 0
  epsabs 0
  flags 291
  seed 3282
  mineval 1
  maxeval 1
  nstart 1000000
  nincrease 500000
  nbatch 1000
  gridno 1
  statefile "vegas_last_iter151"

Restoring state from vegas_last_iter151.

Iteration 21:  126000000 integrand evaluations so far
[1] -3.36943e-10 +- 1.94755e-13  	chisq 24.594 (20 df)

Saving state to vegas_last_iter151.
Vegas input parameters:
  ndim 11
  ncomp 1
  epsrel 0
  epsabs 0
  flags 291
  seed 3433
  mineval 1
  maxeval 1
  nstart 1000000
  nincrease 500000
  nbatch 1000
  gridno 1
  statefile "vegas_last_iter151"

Restoring state from vegas_last_iter151.

Iteration 22:  137500000 integrand evaluations so far
[1] -3.36905e-10 +- 1.85284e-13  	chisq 24.9988 (21 df)

Saving state to vegas_last_iter151.
Vegas input parameters:
  ndim 11
  ncomp 1
  epsrel 0
  epsabs 0
  flags 291
  seed 3584
  mineval 1
  maxeval 1
  nstart 1000000
  nincrease 500000
  nbatch 1000
  gridno 1
  statefile "vegas_last_iter151"

Restoring state from vegas_last_iter151.

Iteration 23:  149500000 integrand evaluations so far
[1] -3.36856e-10 +- 1.76596e-13  	chisq 25.777 (22 df)

Saving state to vegas_last_iter151.
Vegas input parameters:
  ndim 11
  ncomp 1
  epsrel 0
  epsabs 0
  flags 291
  seed 3735
  mineval 1
  maxeval 1
  nstart 1000000
  nincrease 500000
  nbatch 1000
  gridno 1
  statefile "vegas_last_iter151"

Restoring state from vegas_last_iter151.

Iteration 24:  162000000 integrand evaluations so far
[1] -3.36869e-10 +- 1.68702e-13  	chisq 25.8402 (23 df)

Saving state to vegas_last_iter151.
Vegas input parameters:
  ndim 11
  ncomp 1
  epsrel 0
  epsabs 0
  flags 291
  seed 3886
  mineval 1
  maxeval 1
  nstart 1000000
  nincrease 500000
  nbatch 1000
  gridno 1
  statefile "vegas_last_iter151"

Restoring state from vegas_last_iter151.

Iteration 25:  175000000 integrand evaluations so far
[1] -3.36905e-10 +- 1.61432e-13  	chisq 26.3842 (24 df)

Saving state to vegas_last_iter151.
Vegas input parameters:
  ndim 11
  ncomp 1
  epsrel 0
  epsabs 0
  flags 291
  seed 4037
  mineval 1
  maxeval 1
  nstart 1000000
  nincrease 500000
  nbatch 1000
  gridno 1
  statefile "vegas_last_iter151"

Restoring state from vegas_last_iter151.

Iteration 26:  188500000 integrand evaluations so far
[1] -3.36961e-10 +- 1.54729e-13  	chisq 27.859 (25 df)

Saving state to vegas_last_iter151.
Vegas input parameters:
  ndim 11
  ncomp 1
  epsrel 0
  epsabs 0
  flags 291
  seed 4188
  mineval 1
  maxeval 1
  nstart 1000000
  nincrease 500000
  nbatch 1000
  gridno 1
  statefile "vegas_last_iter151"

Restoring state from vegas_last_iter151.

Iteration 27:  202500000 integrand evaluations so far
[1] -3.36971e-10 +- 1.48525e-13  	chisq 27.9103 (26 df)

Saving state to vegas_last_iter151.
Thanks for using LHAPDF 6.2.1. Please make sure to cite the paper:
  Eur.Phys.J. C75 (2015) 3, 132  (http://arxiv.org/abs/1412.7420)
 method   =Vegas  
 nregions =           1
 neval    =   202500000
 fail     =           1
 -0.336970575421E-09 +-   0.148525009740E-12   p =    0.584
