LHAPDF 6.2.1 loading /cvmfs/cms.cern.ch/slc6_amd64_gcc630/external/lhapdf/6.2.1-omkpbe3/share/LHAPDF/NNPDF31_nnlo_as_0118_nf_4/NNPDF31_nnlo_as_0118_nf_4_0000.dat
NNPDF31_nnlo_as_0118_nf_4 PDF set, member #0, version 1; LHAPDF ID = 320900
Vegas input parameters:
  ndim 11
  ncomp 1
  epsrel 0
  epsabs 0
  flags 291
  seed 180
  mineval 1
  maxeval 1
  nstart 1000000
  nincrease 500000
  nbatch 1000
  gridno 1
  statefile "vegas_last_iter69"

Iteration 1:  1000000 integrand evaluations so far
[1] 3.01455e-08 +- 4.32876e-08  	chisq 0 (0 df)

Saving state to vegas_last_iter69.
Vegas input parameters:
  ndim 11
  ncomp 1
  epsrel 0
  epsabs 0
  flags 291
  seed 249
  mineval 1
  maxeval 1
  nstart 1000000
  nincrease 500000
  nbatch 1000
  gridno 1
  statefile "vegas_last_iter69"

Restoring state from vegas_last_iter69.

Iteration 2:  2500000 integrand evaluations so far
[1] 5.81511e-08 +- 3.49119e-08  	chisq 1.19747 (1 df)

Saving state to vegas_last_iter69.
Vegas input parameters:
  ndim 11
  ncomp 1
  epsrel 0
  epsabs 0
  flags 291
  seed 318
  mineval 1
  maxeval 1
  nstart 1000000
  nincrease 500000
  nbatch 1000
  gridno 1
  statefile "vegas_last_iter69"

Restoring state from vegas_last_iter69.

Iteration 3:  4500000 integrand evaluations so far
[1] 5.06383e-08 +- 1.03918e-08  	chisq 1.24828 (2 df)

Saving state to vegas_last_iter69.
Vegas input parameters:
  ndim 11
  ncomp 1
  epsrel 0
  epsabs 0
  flags 291
  seed 387
  mineval 1
  maxeval 1
  nstart 1000000
  nincrease 500000
  nbatch 1000
  gridno 1
  statefile "vegas_last_iter69"

Restoring state from vegas_last_iter69.

Iteration 4:  7000000 integrand evaluations so far
[1] 7.47144e-08 +- 3.19331e-09  	chisq 7.17566 (3 df)

Saving state to vegas_last_iter69.
Vegas input parameters:
  ndim 11
  ncomp 1
  epsrel 0
  epsabs 0
  flags 291
  seed 456
  mineval 1
  maxeval 1
  nstart 1000000
  nincrease 500000
  nbatch 1000
  gridno 1
  statefile "vegas_last_iter69"

Restoring state from vegas_last_iter69.

Iteration 5:  10000000 integrand evaluations so far
[1] 6.93796e-08 +- 7.82011e-10  	chisq 10.1446 (4 df)

Saving state to vegas_last_iter69.
Vegas input parameters:
  ndim 11
  ncomp 1
  epsrel 0
  epsabs 0
  flags 291
  seed 525
  mineval 1
  maxeval 1
  nstart 1000000
  nincrease 500000
  nbatch 1000
  gridno 1
  statefile "vegas_last_iter69"

Restoring state from vegas_last_iter69.

Iteration 6:  13500000 integrand evaluations so far
[1] 7.05633e-08 +- 3.29871e-10  	chisq 12.9315 (5 df)

Saving state to vegas_last_iter69.
Vegas input parameters:
  ndim 11
  ncomp 1
  epsrel 0
  epsabs 0
  flags 291
  seed 594
  mineval 1
  maxeval 1
  nstart 1000000
  nincrease 500000
  nbatch 1000
  gridno 1
  statefile "vegas_last_iter69"

Restoring state from vegas_last_iter69.

Iteration 7:  17500000 integrand evaluations so far
[1] 7.06416e-08 +- 1.99847e-10  	chisq 13.0205 (6 df)

Saving state to vegas_last_iter69.
Vegas input parameters:
  ndim 11
  ncomp 1
  epsrel 0
  epsabs 0
  flags 291
  seed 663
  mineval 1
  maxeval 1
  nstart 1000000
  nincrease 500000
  nbatch 1000
  gridno 1
  statefile "vegas_last_iter69"

Restoring state from vegas_last_iter69.

Iteration 8:  22000000 integrand evaluations so far
[1] 7.04925e-08 +- 1.46766e-10  	chisq 14.228 (7 df)

Saving state to vegas_last_iter69.
Vegas input parameters:
  ndim 11
  ncomp 1
  epsrel 0
  epsabs 0
  flags 291
  seed 732
  mineval 1
  maxeval 1
  nstart 1000000
  nincrease 500000
  nbatch 1000
  gridno 1
  statefile "vegas_last_iter69"

Restoring state from vegas_last_iter69.

Iteration 9:  27000000 integrand evaluations so far
[1] 7.03092e-08 +- 1.18049e-10  	chisq 18.646 (8 df)

Saving state to vegas_last_iter69.
Vegas input parameters:
  ndim 11
  ncomp 1
  epsrel 0
  epsabs 0
  flags 291
  seed 801
  mineval 1
  maxeval 1
  nstart 1000000
  nincrease 500000
  nbatch 1000
  gridno 1
  statefile "vegas_last_iter69"

Restoring state from vegas_last_iter69.

Iteration 10:  32500000 integrand evaluations so far
[1] 7.03056e-08 +- 9.98961e-11  	chisq 18.6493 (9 df)

Saving state to vegas_last_iter69.
Vegas input parameters:
  ndim 11
  ncomp 1
  epsrel 0
  epsabs 0
  flags 291
  seed 870
  mineval 1
  maxeval 1
  nstart 1000000
  nincrease 500000
  nbatch 1000
  gridno 1
  statefile "vegas_last_iter69"

Restoring state from vegas_last_iter69.

Iteration 11:  38500000 integrand evaluations so far
[1] 7.0271e-08 +- 8.72303e-11  	chisq 19.1552 (10 df)

Saving state to vegas_last_iter69.
Vegas input parameters:
  ndim 11
  ncomp 1
  epsrel 0
  epsabs 0
  flags 291
  seed 939
  mineval 1
  maxeval 1
  nstart 1000000
  nincrease 500000
  nbatch 1000
  gridno 1
  statefile "vegas_last_iter69"

Restoring state from vegas_last_iter69.

Iteration 12:  45000000 integrand evaluations so far
[1] 7.03087e-08 +- 7.77792e-11  	chisq 20.0683 (11 df)

Saving state to vegas_last_iter69.
Vegas input parameters:
  ndim 11
  ncomp 1
  epsrel 0
  epsabs 0
  flags 291
  seed 1008
  mineval 1
  maxeval 1
  nstart 1000000
  nincrease 500000
  nbatch 1000
  gridno 1
  statefile "vegas_last_iter69"

Restoring state from vegas_last_iter69.

Iteration 13:  52000000 integrand evaluations so far
[1] 7.03184e-08 +- 7.03587e-11  	chisq 20.1545 (12 df)

Saving state to vegas_last_iter69.
Vegas input parameters:
  ndim 11
  ncomp 1
  epsrel 0
  epsabs 0
  flags 291
  seed 1077
  mineval 1
  maxeval 1
  nstart 1000000
  nincrease 500000
  nbatch 1000
  gridno 1
  statefile "vegas_last_iter69"

Restoring state from vegas_last_iter69.

Iteration 14:  59500000 integrand evaluations so far
[1] 7.03144e-08 +- 6.43838e-11  	chisq 20.175 (13 df)

Saving state to vegas_last_iter69.
Vegas input parameters:
  ndim 11
  ncomp 1
  epsrel 0
  epsabs 0
  flags 291
  seed 1146
  mineval 1
  maxeval 1
  nstart 1000000
  nincrease 500000
  nbatch 1000
  gridno 1
  statefile "vegas_last_iter69"

Restoring state from vegas_last_iter69.

Iteration 15:  67500000 integrand evaluations so far
[1] 7.03207e-08 +- 5.9427e-11  	chisq 20.24 (14 df)

Saving state to vegas_last_iter69.
Vegas input parameters:
  ndim 11
  ncomp 1
  epsrel 0
  epsabs 0
  flags 291
  seed 1215
  mineval 1
  maxeval 1
  nstart 1000000
  nincrease 500000
  nbatch 1000
  gridno 1
  statefile "vegas_last_iter69"

Restoring state from vegas_last_iter69.

Iteration 16:  76000000 integrand evaluations so far
[1] 7.02974e-08 +- 5.52347e-11  	chisq 21.3693 (15 df)

Saving state to vegas_last_iter69.
Vegas input parameters:
  ndim 11
  ncomp 1
  epsrel 0
  epsabs 0
  flags 291
  seed 1284
  mineval 1
  maxeval 1
  nstart 1000000
  nincrease 500000
  nbatch 1000
  gridno 1
  statefile "vegas_last_iter69"

Restoring state from vegas_last_iter69.

Iteration 17:  85000000 integrand evaluations so far
[1] 7.02792e-08 +- 5.16357e-11  	chisq 22.2334 (16 df)

Saving state to vegas_last_iter69.
Vegas input parameters:
  ndim 11
  ncomp 1
  epsrel 0
  epsabs 0
  flags 291
  seed 1353
  mineval 1
  maxeval 1
  nstart 1000000
  nincrease 500000
  nbatch 1000
  gridno 1
  statefile "vegas_last_iter69"

Restoring state from vegas_last_iter69.

Iteration 18:  94500000 integrand evaluations so far
[1] 7.02913e-08 +- 4.85049e-11  	chisq 22.7044 (17 df)

Saving state to vegas_last_iter69.
Vegas input parameters:
  ndim 11
  ncomp 1
  epsrel 0
  epsabs 0
  flags 291
  seed 1422
  mineval 1
  maxeval 1
  nstart 1000000
  nincrease 500000
  nbatch 1000
  gridno 1
  statefile "vegas_last_iter69"

Restoring state from vegas_last_iter69.

Iteration 19:  104500000 integrand evaluations so far
[1] 7.02908e-08 +- 4.57552e-11  	chisq 22.7054 (18 df)

Saving state to vegas_last_iter69.
Vegas input parameters:
  ndim 11
  ncomp 1
  epsrel 0
  epsabs 0
  flags 291
  seed 1491
  mineval 1
  maxeval 1
  nstart 1000000
  nincrease 500000
  nbatch 1000
  gridno 1
  statefile "vegas_last_iter69"

Restoring state from vegas_last_iter69.

Iteration 20:  115000000 integrand evaluations so far
[1] 7.02884e-08 +- 4.33172e-11  	chisq 22.7324 (19 df)

Saving state to vegas_last_iter69.
Vegas input parameters:
  ndim 11
  ncomp 1
  epsrel 0
  epsabs 0
  flags 291
  seed 1560
  mineval 1
  maxeval 1
  nstart 1000000
  nincrease 500000
  nbatch 1000
  gridno 1
  statefile "vegas_last_iter69"

Restoring state from vegas_last_iter69.

Iteration 21:  126000000 integrand evaluations so far
[1] 7.02736e-08 +- 4.11385e-11  	chisq 23.9186 (20 df)

Saving state to vegas_last_iter69.
Vegas input parameters:
  ndim 11
  ncomp 1
  epsrel 0
  epsabs 0
  flags 291
  seed 1629
  mineval 1
  maxeval 1
  nstart 1000000
  nincrease 500000
  nbatch 1000
  gridno 1
  statefile "vegas_last_iter69"

Restoring state from vegas_last_iter69.

Iteration 22:  137500000 integrand evaluations so far
[1] 7.02613e-08 +- 3.91788e-11  	chisq 24.8851 (21 df)

Saving state to vegas_last_iter69.
Vegas input parameters:
  ndim 11
  ncomp 1
  epsrel 0
  epsabs 0
  flags 291
  seed 1698
  mineval 1
  maxeval 1
  nstart 1000000
  nincrease 500000
  nbatch 1000
  gridno 1
  statefile "vegas_last_iter69"

Restoring state from vegas_last_iter69.

Iteration 23:  149500000 integrand evaluations so far
[1] 7.02532e-08 +- 3.74046e-11  	chisq 25.3652 (22 df)

Saving state to vegas_last_iter69.
Vegas input parameters:
  ndim 11
  ncomp 1
  epsrel 0
  epsabs 0
  flags 291
  seed 1767
  mineval 1
  maxeval 1
  nstart 1000000
  nincrease 500000
  nbatch 1000
  gridno 1
  statefile "vegas_last_iter69"

Restoring state from vegas_last_iter69.

Iteration 24:  162000000 integrand evaluations so far
[1] 7.02549e-08 +- 3.57907e-11  	chisq 25.3883 (23 df)

Saving state to vegas_last_iter69.
Vegas input parameters:
  ndim 11
  ncomp 1
  epsrel 0
  epsabs 0
  flags 291
  seed 1836
  mineval 1
  maxeval 1
  nstart 1000000
  nincrease 500000
  nbatch 1000
  gridno 1
  statefile "vegas_last_iter69"

Restoring state from vegas_last_iter69.

Iteration 25:  175000000 integrand evaluations so far
[1] 7.02608e-08 +- 3.43158e-11  	chisq 25.7288 (24 df)

Saving state to vegas_last_iter69.
Vegas input parameters:
  ndim 11
  ncomp 1
  epsrel 0
  epsabs 0
  flags 291
  seed 1905
  mineval 1
  maxeval 1
  nstart 1000000
  nincrease 500000
  nbatch 1000
  gridno 1
  statefile "vegas_last_iter69"

Restoring state from vegas_last_iter69.

Iteration 26:  188500000 integrand evaluations so far
[1] 7.02626e-08 +- 3.29611e-11  	chisq 25.7628 (25 df)

Saving state to vegas_last_iter69.
Vegas input parameters:
  ndim 11
  ncomp 1
  epsrel 0
  epsabs 0
  flags 291
  seed 1974
  mineval 1
  maxeval 1
  nstart 1000000
  nincrease 500000
  nbatch 1000
  gridno 1
  statefile "vegas_last_iter69"

Restoring state from vegas_last_iter69.

Iteration 27:  202500000 integrand evaluations so far
[1] 7.02645e-08 +- 3.17114e-11  	chisq 25.808 (26 df)

Saving state to vegas_last_iter69.
Thanks for using LHAPDF 6.2.1. Please make sure to cite the paper:
  Eur.Phys.J. C75 (2015) 3, 132  (http://arxiv.org/abs/1412.7420)
 method   =Vegas  
 nregions =           1
 neval    =   202500000
 fail     =           1
  0.702644790938E-07 +-   0.317113877055E-10   p =    0.471
