LHAPDF 6.2.1 loading /cvmfs/cms.cern.ch/slc6_amd64_gcc630/external/lhapdf/6.2.1-omkpbe3/share/LHAPDF/NNPDF31_nnlo_as_0118_nf_4/NNPDF31_nnlo_as_0118_nf_4_0000.dat
NNPDF31_nnlo_as_0118_nf_4 PDF set, member #0, version 1; LHAPDF ID = 320900
Vegas input parameters:
  ndim 11
  ncomp 1
  epsrel 0
  epsabs 0
  flags 291
  seed 212
  mineval 1
  maxeval 1
  nstart 1000000
  nincrease 500000
  nbatch 1000
  gridno 1
  statefile "vegas_last_iter101"

Iteration 1:  1000000 integrand evaluations so far
[1] -3.78169e-06 +- 1.26698e-06  	chisq 0 (0 df)

Saving state to vegas_last_iter101.
Vegas input parameters:
  ndim 11
  ncomp 1
  epsrel 0
  epsabs 0
  flags 291
  seed 313
  mineval 1
  maxeval 1
  nstart 1000000
  nincrease 500000
  nbatch 1000
  gridno 1
  statefile "vegas_last_iter101"

Restoring state from vegas_last_iter101.

Iteration 2:  2500000 integrand evaluations so far
[1] -5.11387e-06 +- 4.06125e-07  	chisq 1.23219 (1 df)

Saving state to vegas_last_iter101.
Vegas input parameters:
  ndim 11
  ncomp 1
  epsrel 0
  epsabs 0
  flags 291
  seed 414
  mineval 1
  maxeval 1
  nstart 1000000
  nincrease 500000
  nbatch 1000
  gridno 1
  statefile "vegas_last_iter101"

Restoring state from vegas_last_iter101.

Iteration 3:  4500000 integrand evaluations so far
[1] -5.33355e-06 +- 1.83329e-07  	chisq 1.59965 (2 df)

Saving state to vegas_last_iter101.
Vegas input parameters:
  ndim 11
  ncomp 1
  epsrel 0
  epsabs 0
  flags 291
  seed 515
  mineval 1
  maxeval 1
  nstart 1000000
  nincrease 500000
  nbatch 1000
  gridno 1
  statefile "vegas_last_iter101"

Restoring state from vegas_last_iter101.

Iteration 4:  7000000 integrand evaluations so far
[1] -5.35982e-06 +- 4.88233e-08  	chisq 1.62175 (3 df)

Saving state to vegas_last_iter101.
Vegas input parameters:
  ndim 11
  ncomp 1
  epsrel 0
  epsabs 0
  flags 291
  seed 616
  mineval 1
  maxeval 1
  nstart 1000000
  nincrease 500000
  nbatch 1000
  gridno 1
  statefile "vegas_last_iter101"

Restoring state from vegas_last_iter101.

Iteration 5:  10000000 integrand evaluations so far
[1] -5.41148e-06 +- 1.53189e-08  	chisq 2.86367 (4 df)

Saving state to vegas_last_iter101.
Vegas input parameters:
  ndim 11
  ncomp 1
  epsrel 0
  epsabs 0
  flags 291
  seed 717
  mineval 1
  maxeval 1
  nstart 1000000
  nincrease 500000
  nbatch 1000
  gridno 1
  statefile "vegas_last_iter101"

Restoring state from vegas_last_iter101.

Iteration 6:  13500000 integrand evaluations so far
[1] -5.42984e-06 +- 6.41846e-09  	chisq 4.60587 (5 df)

Saving state to vegas_last_iter101.
Vegas input parameters:
  ndim 11
  ncomp 1
  epsrel 0
  epsabs 0
  flags 291
  seed 818
  mineval 1
  maxeval 1
  nstart 1000000
  nincrease 500000
  nbatch 1000
  gridno 1
  statefile "vegas_last_iter101"

Restoring state from vegas_last_iter101.

Iteration 7:  17500000 integrand evaluations so far
[1] -5.43015e-06 +- 3.98398e-09  	chisq 4.6097 (6 df)

Saving state to vegas_last_iter101.
Vegas input parameters:
  ndim 11
  ncomp 1
  epsrel 0
  epsabs 0
  flags 291
  seed 919
  mineval 1
  maxeval 1
  nstart 1000000
  nincrease 500000
  nbatch 1000
  gridno 1
  statefile "vegas_last_iter101"

Restoring state from vegas_last_iter101.

Iteration 8:  22000000 integrand evaluations so far
[1] -5.42913e-06 +- 2.95497e-09  	chisq 4.75656 (7 df)

Saving state to vegas_last_iter101.
Vegas input parameters:
  ndim 11
  ncomp 1
  epsrel 0
  epsabs 0
  flags 291
  seed 1020
  mineval 1
  maxeval 1
  nstart 1000000
  nincrease 500000
  nbatch 1000
  gridno 1
  statefile "vegas_last_iter101"

Restoring state from vegas_last_iter101.

Iteration 9:  27000000 integrand evaluations so far
[1] -5.42996e-06 +- 2.3925e-09  	chisq 4.98793 (8 df)

Saving state to vegas_last_iter101.
Vegas input parameters:
  ndim 11
  ncomp 1
  epsrel 0
  epsabs 0
  flags 291
  seed 1121
  mineval 1
  maxeval 1
  nstart 1000000
  nincrease 500000
  nbatch 1000
  gridno 1
  statefile "vegas_last_iter101"

Restoring state from vegas_last_iter101.

Iteration 10:  32500000 integrand evaluations so far
[1] -5.42905e-06 +- 2.03173e-09  	chisq 5.51185 (9 df)

Saving state to vegas_last_iter101.
Vegas input parameters:
  ndim 11
  ncomp 1
  epsrel 0
  epsabs 0
  flags 291
  seed 1222
  mineval 1
  maxeval 1
  nstart 1000000
  nincrease 500000
  nbatch 1000
  gridno 1
  statefile "vegas_last_iter101"

Restoring state from vegas_last_iter101.

Iteration 11:  38500000 integrand evaluations so far
[1] -5.43011e-06 +- 1.77707e-09  	chisq 6.68128 (10 df)

Saving state to vegas_last_iter101.
Vegas input parameters:
  ndim 11
  ncomp 1
  epsrel 0
  epsabs 0
  flags 291
  seed 1323
  mineval 1
  maxeval 1
  nstart 1000000
  nincrease 500000
  nbatch 1000
  gridno 1
  statefile "vegas_last_iter101"

Restoring state from vegas_last_iter101.

Iteration 12:  45000000 integrand evaluations so far
[1] -5.42938e-06 +- 1.58607e-09  	chisq 7.50622 (11 df)

Saving state to vegas_last_iter101.
Vegas input parameters:
  ndim 11
  ncomp 1
  epsrel 0
  epsabs 0
  flags 291
  seed 1424
  mineval 1
  maxeval 1
  nstart 1000000
  nincrease 500000
  nbatch 1000
  gridno 1
  statefile "vegas_last_iter101"

Restoring state from vegas_last_iter101.

Iteration 13:  52000000 integrand evaluations so far
[1] -5.42963e-06 +- 1.43604e-09  	chisq 7.64335 (12 df)

Saving state to vegas_last_iter101.
Vegas input parameters:
  ndim 11
  ncomp 1
  epsrel 0
  epsabs 0
  flags 291
  seed 1525
  mineval 1
  maxeval 1
  nstart 1000000
  nincrease 500000
  nbatch 1000
  gridno 1
  statefile "vegas_last_iter101"

Restoring state from vegas_last_iter101.

Iteration 14:  59500000 integrand evaluations so far
[1] -5.43045e-06 +- 1.31436e-09  	chisq 9.64509 (13 df)

Saving state to vegas_last_iter101.
Vegas input parameters:
  ndim 11
  ncomp 1
  epsrel 0
  epsabs 0
  flags 291
  seed 1626
  mineval 1
  maxeval 1
  nstart 1000000
  nincrease 500000
  nbatch 1000
  gridno 1
  statefile "vegas_last_iter101"

Restoring state from vegas_last_iter101.

Iteration 15:  67500000 integrand evaluations so far
[1] -5.43089e-06 +- 1.21305e-09  	chisq 10.384 (14 df)

Saving state to vegas_last_iter101.
Vegas input parameters:
  ndim 11
  ncomp 1
  epsrel 0
  epsabs 0
  flags 291
  seed 1727
  mineval 1
  maxeval 1
  nstart 1000000
  nincrease 500000
  nbatch 1000
  gridno 1
  statefile "vegas_last_iter101"

Restoring state from vegas_last_iter101.

Iteration 16:  76000000 integrand evaluations so far
[1] -5.43111e-06 +- 1.12744e-09  	chisq 10.634 (15 df)

Saving state to vegas_last_iter101.
Vegas input parameters:
  ndim 11
  ncomp 1
  epsrel 0
  epsabs 0
  flags 291
  seed 1828
  mineval 1
  maxeval 1
  nstart 1000000
  nincrease 500000
  nbatch 1000
  gridno 1
  statefile "vegas_last_iter101"

Restoring state from vegas_last_iter101.

Iteration 17:  85000000 integrand evaluations so far
[1] -5.43086e-06 +- 1.05404e-09  	chisq 11.0348 (16 df)

Saving state to vegas_last_iter101.
Vegas input parameters:
  ndim 11
  ncomp 1
  epsrel 0
  epsabs 0
  flags 291
  seed 1929
  mineval 1
  maxeval 1
  nstart 1000000
  nincrease 500000
  nbatch 1000
  gridno 1
  statefile "vegas_last_iter101"

Restoring state from vegas_last_iter101.

Iteration 18:  94500000 integrand evaluations so far
[1] -5.43119e-06 +- 9.90292e-10  	chisq 11.907 (17 df)

Saving state to vegas_last_iter101.
Vegas input parameters:
  ndim 11
  ncomp 1
  epsrel 0
  epsabs 0
  flags 291
  seed 2030
  mineval 1
  maxeval 1
  nstart 1000000
  nincrease 500000
  nbatch 1000
  gridno 1
  statefile "vegas_last_iter101"

Restoring state from vegas_last_iter101.

Iteration 19:  104500000 integrand evaluations so far
[1] -5.43122e-06 +- 9.3409e-10  	chisq 11.9154 (18 df)

Saving state to vegas_last_iter101.
Vegas input parameters:
  ndim 11
  ncomp 1
  epsrel 0
  epsabs 0
  flags 291
  seed 2131
  mineval 1
  maxeval 1
  nstart 1000000
  nincrease 500000
  nbatch 1000
  gridno 1
  statefile "vegas_last_iter101"

Restoring state from vegas_last_iter101.

Iteration 20:  115000000 integrand evaluations so far
[1] -5.43128e-06 +- 8.84386e-10  	chisq 11.9515 (19 df)

Saving state to vegas_last_iter101.
Vegas input parameters:
  ndim 11
  ncomp 1
  epsrel 0
  epsabs 0
  flags 291
  seed 2232
  mineval 1
  maxeval 1
  nstart 1000000
  nincrease 500000
  nbatch 1000
  gridno 1
  statefile "vegas_last_iter101"

Restoring state from vegas_last_iter101.

Iteration 21:  126000000 integrand evaluations so far
[1] -5.43123e-06 +- 8.39917e-10  	chisq 11.9905 (20 df)

Saving state to vegas_last_iter101.
Vegas input parameters:
  ndim 11
  ncomp 1
  epsrel 0
  epsabs 0
  flags 291
  seed 2333
  mineval 1
  maxeval 1
  nstart 1000000
  nincrease 500000
  nbatch 1000
  gridno 1
  statefile "vegas_last_iter101"

Restoring state from vegas_last_iter101.

Iteration 22:  137500000 integrand evaluations so far
[1] -5.43127e-06 +- 7.99933e-10  	chisq 12.0168 (21 df)

Saving state to vegas_last_iter101.
Vegas input parameters:
  ndim 11
  ncomp 1
  epsrel 0
  epsabs 0
  flags 291
  seed 2434
  mineval 1
  maxeval 1
  nstart 1000000
  nincrease 500000
  nbatch 1000
  gridno 1
  statefile "vegas_last_iter101"

Restoring state from vegas_last_iter101.

Iteration 23:  149500000 integrand evaluations so far
[1] -5.43096e-06 +- 7.6366e-10  	chisq 13.6725 (22 df)

Saving state to vegas_last_iter101.
Vegas input parameters:
  ndim 11
  ncomp 1
  epsrel 0
  epsabs 0
  flags 291
  seed 2535
  mineval 1
  maxeval 1
  nstart 1000000
  nincrease 500000
  nbatch 1000
  gridno 1
  statefile "vegas_last_iter101"

Restoring state from vegas_last_iter101.

Iteration 24:  162000000 integrand evaluations so far
[1] -5.43091e-06 +- 7.307e-10  	chisq 13.7264 (23 df)

Saving state to vegas_last_iter101.
Vegas input parameters:
  ndim 11
  ncomp 1
  epsrel 0
  epsabs 0
  flags 291
  seed 2636
  mineval 1
  maxeval 1
  nstart 1000000
  nincrease 500000
  nbatch 1000
  gridno 1
  statefile "vegas_last_iter101"

Restoring state from vegas_last_iter101.

Iteration 25:  175000000 integrand evaluations so far
[1] -5.43085e-06 +- 7.00504e-10  	chisq 13.8197 (24 df)

Saving state to vegas_last_iter101.
Vegas input parameters:
  ndim 11
  ncomp 1
  epsrel 0
  epsabs 0
  flags 291
  seed 2737
  mineval 1
  maxeval 1
  nstart 1000000
  nincrease 500000
  nbatch 1000
  gridno 1
  statefile "vegas_last_iter101"

Restoring state from vegas_last_iter101.

Iteration 26:  188500000 integrand evaluations so far
[1] -5.43066e-06 +- 6.72874e-10  	chisq 14.6898 (25 df)

Saving state to vegas_last_iter101.
Vegas input parameters:
  ndim 11
  ncomp 1
  epsrel 0
  epsabs 0
  flags 291
  seed 2838
  mineval 1
  maxeval 1
  nstart 1000000
  nincrease 500000
  nbatch 1000
  gridno 1
  statefile "vegas_last_iter101"

Restoring state from vegas_last_iter101.

Iteration 27:  202500000 integrand evaluations so far
[1] -5.43056e-06 +- 6.47337e-10  	chisq 15.0383 (26 df)

Saving state to vegas_last_iter101.
Thanks for using LHAPDF 6.2.1. Please make sure to cite the paper:
  Eur.Phys.J. C75 (2015) 3, 132  (http://arxiv.org/abs/1412.7420)
 method   =Vegas  
 nregions =           1
 neval    =   202500000
 fail     =           1
 -0.543055626952E-05 +-   0.647337236043E-09   p =    0.031
