LHAPDF 6.2.1 loading /cvmfs/cms.cern.ch/slc6_amd64_gcc630/external/lhapdf/6.2.1-omkpbe3/share/LHAPDF/NNPDF31_nnlo_as_0118_nf_4/NNPDF31_nnlo_as_0118_nf_4_0000.dat
NNPDF31_nnlo_as_0118_nf_4 PDF set, member #0, version 1; LHAPDF ID = 320900
Vegas input parameters:
  ndim 11
  ncomp 1
  epsrel 0
  epsabs 0
  flags 291
  seed 207
  mineval 1
  maxeval 1
  nstart 1000000
  nincrease 500000
  nbatch 1000
  gridno 1
  statefile "vegas_last_iter96"

Iteration 1:  1000000 integrand evaluations so far
[1] -6.88877e-07 +- 7.62214e-07  	chisq 0 (0 df)

Saving state to vegas_last_iter96.
Vegas input parameters:
  ndim 11
  ncomp 1
  epsrel 0
  epsabs 0
  flags 291
  seed 303
  mineval 1
  maxeval 1
  nstart 1000000
  nincrease 500000
  nbatch 1000
  gridno 1
  statefile "vegas_last_iter96"

Restoring state from vegas_last_iter96.

Iteration 2:  2500000 integrand evaluations so far
[1] -6.07081e-07 +- 6.96039e-07  	chisq 0.0693326 (1 df)

Saving state to vegas_last_iter96.
Vegas input parameters:
  ndim 11
  ncomp 1
  epsrel 0
  epsabs 0
  flags 291
  seed 399
  mineval 1
  maxeval 1
  nstart 1000000
  nincrease 500000
  nbatch 1000
  gridno 1
  statefile "vegas_last_iter96"

Restoring state from vegas_last_iter96.

Iteration 3:  4500000 integrand evaluations so far
[1] -6.35447e-07 +- 1.36846e-07  	chisq 0.0710601 (2 df)

Saving state to vegas_last_iter96.
Vegas input parameters:
  ndim 11
  ncomp 1
  epsrel 0
  epsabs 0
  flags 291
  seed 495
  mineval 1
  maxeval 1
  nstart 1000000
  nincrease 500000
  nbatch 1000
  gridno 1
  statefile "vegas_last_iter96"

Restoring state from vegas_last_iter96.

Iteration 4:  7000000 integrand evaluations so far
[1] -6.48206e-07 +- 6.22138e-08  	chisq 0.0820184 (3 df)

Saving state to vegas_last_iter96.
Vegas input parameters:
  ndim 11
  ncomp 1
  epsrel 0
  epsabs 0
  flags 291
  seed 591
  mineval 1
  maxeval 1
  nstart 1000000
  nincrease 500000
  nbatch 1000
  gridno 1
  statefile "vegas_last_iter96"

Restoring state from vegas_last_iter96.

Iteration 5:  10000000 integrand evaluations so far
[1] -6.81992e-07 +- 1.7601e-08  	chisq 0.402596 (4 df)

Saving state to vegas_last_iter96.
Vegas input parameters:
  ndim 11
  ncomp 1
  epsrel 0
  epsabs 0
  flags 291
  seed 687
  mineval 1
  maxeval 1
  nstart 1000000
  nincrease 500000
  nbatch 1000
  gridno 1
  statefile "vegas_last_iter96"

Restoring state from vegas_last_iter96.

Iteration 6:  13500000 integrand evaluations so far
[1] -6.71084e-07 +- 4.81964e-09  	chisq 0.817825 (5 df)

Saving state to vegas_last_iter96.
Vegas input parameters:
  ndim 11
  ncomp 1
  epsrel 0
  epsabs 0
  flags 291
  seed 783
  mineval 1
  maxeval 1
  nstart 1000000
  nincrease 500000
  nbatch 1000
  gridno 1
  statefile "vegas_last_iter96"

Restoring state from vegas_last_iter96.

Iteration 7:  17500000 integrand evaluations so far
[1] -6.6309e-07 +- 2.573e-09  	chisq 4.66526 (6 df)

Saving state to vegas_last_iter96.
Vegas input parameters:
  ndim 11
  ncomp 1
  epsrel 0
  epsabs 0
  flags 291
  seed 879
  mineval 1
  maxeval 1
  nstart 1000000
  nincrease 500000
  nbatch 1000
  gridno 1
  statefile "vegas_last_iter96"

Restoring state from vegas_last_iter96.

Iteration 8:  22000000 integrand evaluations so far
[1] -6.64424e-07 +- 1.8111e-09  	chisq 5.19777 (7 df)

Saving state to vegas_last_iter96.
Vegas input parameters:
  ndim 11
  ncomp 1
  epsrel 0
  epsabs 0
  flags 291
  seed 975
  mineval 1
  maxeval 1
  nstart 1000000
  nincrease 500000
  nbatch 1000
  gridno 1
  statefile "vegas_last_iter96"

Restoring state from vegas_last_iter96.

Iteration 9:  27000000 integrand evaluations so far
[1] -6.63781e-07 +- 1.43743e-09  	chisq 5.53873 (8 df)

Saving state to vegas_last_iter96.
Vegas input parameters:
  ndim 11
  ncomp 1
  epsrel 0
  epsabs 0
  flags 291
  seed 1071
  mineval 1
  maxeval 1
  nstart 1000000
  nincrease 500000
  nbatch 1000
  gridno 1
  statefile "vegas_last_iter96"

Restoring state from vegas_last_iter96.

Iteration 10:  32500000 integrand evaluations so far
[1] -6.6461e-07 +- 1.20705e-09  	chisq 6.66879 (9 df)

Saving state to vegas_last_iter96.
Vegas input parameters:
  ndim 11
  ncomp 1
  epsrel 0
  epsabs 0
  flags 291
  seed 1167
  mineval 1
  maxeval 1
  nstart 1000000
  nincrease 500000
  nbatch 1000
  gridno 1
  statefile "vegas_last_iter96"

Restoring state from vegas_last_iter96.

Iteration 11:  38500000 integrand evaluations so far
[1] -6.6543e-07 +- 1.04781e-09  	chisq 8.54138 (10 df)

Saving state to vegas_last_iter96.
Vegas input parameters:
  ndim 11
  ncomp 1
  epsrel 0
  epsabs 0
  flags 291
  seed 1263
  mineval 1
  maxeval 1
  nstart 1000000
  nincrease 500000
  nbatch 1000
  gridno 1
  statefile "vegas_last_iter96"

Restoring state from vegas_last_iter96.

Iteration 12:  45000000 integrand evaluations so far
[1] -6.6586e-07 +- 9.29794e-10  	chisq 9.33294 (11 df)

Saving state to vegas_last_iter96.
Vegas input parameters:
  ndim 11
  ncomp 1
  epsrel 0
  epsabs 0
  flags 291
  seed 1359
  mineval 1
  maxeval 1
  nstart 1000000
  nincrease 500000
  nbatch 1000
  gridno 1
  statefile "vegas_last_iter96"

Restoring state from vegas_last_iter96.

Iteration 13:  52000000 integrand evaluations so far
[1] -6.65388e-07 +- 8.37913e-10  	chisq 10.7022 (12 df)

Saving state to vegas_last_iter96.
Vegas input parameters:
  ndim 11
  ncomp 1
  epsrel 0
  epsabs 0
  flags 291
  seed 1455
  mineval 1
  maxeval 1
  nstart 1000000
  nincrease 500000
  nbatch 1000
  gridno 1
  statefile "vegas_last_iter96"

Restoring state from vegas_last_iter96.

Iteration 14:  59500000 integrand evaluations so far
[1] -6.65266e-07 +- 7.63922e-10  	chisq 10.8282 (13 df)

Saving state to vegas_last_iter96.
Vegas input parameters:
  ndim 11
  ncomp 1
  epsrel 0
  epsabs 0
  flags 291
  seed 1551
  mineval 1
  maxeval 1
  nstart 1000000
  nincrease 500000
  nbatch 1000
  gridno 1
  statefile "vegas_last_iter96"

Restoring state from vegas_last_iter96.

Iteration 15:  67500000 integrand evaluations so far
[1] -6.65332e-07 +- 7.03024e-10  	chisq 10.8768 (14 df)

Saving state to vegas_last_iter96.
Vegas input parameters:
  ndim 11
  ncomp 1
  epsrel 0
  epsabs 0
  flags 291
  seed 1647
  mineval 1
  maxeval 1
  nstart 1000000
  nincrease 500000
  nbatch 1000
  gridno 1
  statefile "vegas_last_iter96"

Restoring state from vegas_last_iter96.

Iteration 16:  76000000 integrand evaluations so far
[1] -6.65447e-07 +- 6.51964e-10  	chisq 11.0665 (15 df)

Saving state to vegas_last_iter96.
Vegas input parameters:
  ndim 11
  ncomp 1
  epsrel 0
  epsabs 0
  flags 291
  seed 1743
  mineval 1
  maxeval 1
  nstart 1000000
  nincrease 500000
  nbatch 1000
  gridno 1
  statefile "vegas_last_iter96"

Restoring state from vegas_last_iter96.

Iteration 17:  85000000 integrand evaluations so far
[1] -6.6568e-07 +- 6.08495e-10  	chisq 12.0614 (16 df)

Saving state to vegas_last_iter96.
Vegas input parameters:
  ndim 11
  ncomp 1
  epsrel 0
  epsabs 0
  flags 291
  seed 1839
  mineval 1
  maxeval 1
  nstart 1000000
  nincrease 500000
  nbatch 1000
  gridno 1
  statefile "vegas_last_iter96"

Restoring state from vegas_last_iter96.

Iteration 18:  94500000 integrand evaluations so far
[1] -6.65445e-07 +- 5.70773e-10  	chisq 13.3009 (17 df)

Saving state to vegas_last_iter96.
Vegas input parameters:
  ndim 11
  ncomp 1
  epsrel 0
  epsabs 0
  flags 291
  seed 1935
  mineval 1
  maxeval 1
  nstart 1000000
  nincrease 500000
  nbatch 1000
  gridno 1
  statefile "vegas_last_iter96"

Restoring state from vegas_last_iter96.

Iteration 19:  104500000 integrand evaluations so far
[1] -6.65353e-07 +- 5.3781e-10  	chisq 13.5332 (18 df)

Saving state to vegas_last_iter96.
Vegas input parameters:
  ndim 11
  ncomp 1
  epsrel 0
  epsabs 0
  flags 291
  seed 2031
  mineval 1
  maxeval 1
  nstart 1000000
  nincrease 500000
  nbatch 1000
  gridno 1
  statefile "vegas_last_iter96"

Restoring state from vegas_last_iter96.

Iteration 20:  115000000 integrand evaluations so far
[1] -6.65569e-07 +- 5.08655e-10  	chisq 15.0612 (19 df)

Saving state to vegas_last_iter96.
Vegas input parameters:
  ndim 11
  ncomp 1
  epsrel 0
  epsabs 0
  flags 291
  seed 2127
  mineval 1
  maxeval 1
  nstart 1000000
  nincrease 500000
  nbatch 1000
  gridno 1
  statefile "vegas_last_iter96"

Restoring state from vegas_last_iter96.

Iteration 21:  126000000 integrand evaluations so far
[1] -6.65863e-07 +- 4.82625e-10  	chisq 18.4092 (20 df)

Saving state to vegas_last_iter96.
Vegas input parameters:
  ndim 11
  ncomp 1
  epsrel 0
  epsabs 0
  flags 291
  seed 2223
  mineval 1
  maxeval 1
  nstart 1000000
  nincrease 500000
  nbatch 1000
  gridno 1
  statefile "vegas_last_iter96"

Restoring state from vegas_last_iter96.

Iteration 22:  137500000 integrand evaluations so far
[1] -6.65964e-07 +- 4.59297e-10  	chisq 18.8694 (21 df)

Saving state to vegas_last_iter96.
Vegas input parameters:
  ndim 11
  ncomp 1
  epsrel 0
  epsabs 0
  flags 291
  seed 2319
  mineval 1
  maxeval 1
  nstart 1000000
  nincrease 500000
  nbatch 1000
  gridno 1
  statefile "vegas_last_iter96"

Restoring state from vegas_last_iter96.

Iteration 23:  149500000 integrand evaluations so far
[1] -6.65934e-07 +- 4.38212e-10  	chisq 18.9168 (22 df)

Saving state to vegas_last_iter96.
Vegas input parameters:
  ndim 11
  ncomp 1
  epsrel 0
  epsabs 0
  flags 291
  seed 2415
  mineval 1
  maxeval 1
  nstart 1000000
  nincrease 500000
  nbatch 1000
  gridno 1
  statefile "vegas_last_iter96"

Restoring state from vegas_last_iter96.

Iteration 24:  162000000 integrand evaluations so far
[1] -6.6579e-07 +- 4.19057e-10  	chisq 20.18 (23 df)

Saving state to vegas_last_iter96.
Vegas input parameters:
  ndim 11
  ncomp 1
  epsrel 0
  epsabs 0
  flags 291
  seed 2511
  mineval 1
  maxeval 1
  nstart 1000000
  nincrease 500000
  nbatch 1000
  gridno 1
  statefile "vegas_last_iter96"

Restoring state from vegas_last_iter96.

Iteration 25:  175000000 integrand evaluations so far
[1] -6.65996e-07 +- 4.01611e-10  	chisq 23.1441 (24 df)

Saving state to vegas_last_iter96.
Vegas input parameters:
  ndim 11
  ncomp 1
  epsrel 0
  epsabs 0
  flags 291
  seed 2607
  mineval 1
  maxeval 1
  nstart 1000000
  nincrease 500000
  nbatch 1000
  gridno 1
  statefile "vegas_last_iter96"

Restoring state from vegas_last_iter96.

Iteration 26:  188500000 integrand evaluations so far
[1] -6.65854e-07 +- 3.85949e-10  	chisq 24.7653 (25 df)

Saving state to vegas_last_iter96.
Vegas input parameters:
  ndim 11
  ncomp 1
  epsrel 0
  epsabs 0
  flags 291
  seed 2703
  mineval 1
  maxeval 1
  nstart 1000000
  nincrease 500000
  nbatch 1000
  gridno 1
  statefile "vegas_last_iter96"

Restoring state from vegas_last_iter96.

Iteration 27:  202500000 integrand evaluations so far
[1] -6.65854e-07 +- 3.71548e-10  	chisq 24.7653 (26 df)

Saving state to vegas_last_iter96.
Thanks for using LHAPDF 6.2.1. Please make sure to cite the paper:
  Eur.Phys.J. C75 (2015) 3, 132  (http://arxiv.org/abs/1412.7420)
 method   =Vegas  
 nregions =           1
 neval    =   202500000
 fail     =           1
 -0.665854060019E-06 +-   0.371547675189E-09   p =    0.412
