LHAPDF 6.2.1 loading /cvmfs/cms.cern.ch/slc6_amd64_gcc630/external/lhapdf/6.2.1-omkpbe3/share/LHAPDF/NNPDF31_nnlo_as_0118_nf_4/NNPDF31_nnlo_as_0118_nf_4_0000.dat
NNPDF31_nnlo_as_0118_nf_4 PDF set, member #0, version 1; LHAPDF ID = 320900
Vegas input parameters:
  ndim 11
  ncomp 1
  epsrel 0
  epsabs 0
  flags 291
  seed 135
  mineval 1
  maxeval 1
  nstart 1000000
  nincrease 500000
  nbatch 1000
  gridno 1
  statefile "vegas_last_iter24"

Iteration 1:  1000000 integrand evaluations so far
[1] -5.4332e-10 +- 1.86551e-10  	chisq 0 (0 df)

Saving state to vegas_last_iter24.
Vegas input parameters:
  ndim 11
  ncomp 1
  epsrel 0
  epsabs 0
  flags 291
  seed 159
  mineval 1
  maxeval 1
  nstart 1000000
  nincrease 500000
  nbatch 1000
  gridno 1
  statefile "vegas_last_iter24"

Restoring state from vegas_last_iter24.

Iteration 2:  2500000 integrand evaluations so far
[1] -6.80331e-10 +- 1.19263e-10  	chisq 0.912261 (1 df)

Saving state to vegas_last_iter24.
Vegas input parameters:
  ndim 11
  ncomp 1
  epsrel 0
  epsabs 0
  flags 291
  seed 183
  mineval 1
  maxeval 1
  nstart 1000000
  nincrease 500000
  nbatch 1000
  gridno 1
  statefile "vegas_last_iter24"

Restoring state from vegas_last_iter24.

Iteration 3:  4500000 integrand evaluations so far
[1] -7.44447e-10 +- 9.5007e-11  	chisq 1.70323 (2 df)

Saving state to vegas_last_iter24.
Vegas input parameters:
  ndim 11
  ncomp 1
  epsrel 0
  epsabs 0
  flags 291
  seed 207
  mineval 1
  maxeval 1
  nstart 1000000
  nincrease 500000
  nbatch 1000
  gridno 1
  statefile "vegas_last_iter24"

Restoring state from vegas_last_iter24.

Iteration 4:  7000000 integrand evaluations so far
[1] -9.88689e-10 +- 1.94111e-11  	chisq 8.6 (3 df)

Saving state to vegas_last_iter24.
Vegas input parameters:
  ndim 11
  ncomp 1
  epsrel 0
  epsabs 0
  flags 291
  seed 231
  mineval 1
  maxeval 1
  nstart 1000000
  nincrease 500000
  nbatch 1000
  gridno 1
  statefile "vegas_last_iter24"

Restoring state from vegas_last_iter24.

Iteration 5:  10000000 integrand evaluations so far
[1] -1.0388e-09 +- 4.44753e-12  	chisq 15.6351 (4 df)

Saving state to vegas_last_iter24.
Vegas input parameters:
  ndim 11
  ncomp 1
  epsrel 0
  epsabs 0
  flags 291
  seed 255
  mineval 1
  maxeval 1
  nstart 1000000
  nincrease 500000
  nbatch 1000
  gridno 1
  statefile "vegas_last_iter24"

Restoring state from vegas_last_iter24.

Iteration 6:  13500000 integrand evaluations so far
[1] -1.03689e-09 +- 1.33586e-12  	chisq 15.838 (5 df)

Saving state to vegas_last_iter24.
Vegas input parameters:
  ndim 11
  ncomp 1
  epsrel 0
  epsabs 0
  flags 291
  seed 279
  mineval 1
  maxeval 1
  nstart 1000000
  nincrease 500000
  nbatch 1000
  gridno 1
  statefile "vegas_last_iter24"

Restoring state from vegas_last_iter24.

Iteration 7:  17500000 integrand evaluations so far
[1] -1.03731e-09 +- 7.1961e-13  	chisq 15.9736 (6 df)

Saving state to vegas_last_iter24.
Vegas input parameters:
  ndim 11
  ncomp 1
  epsrel 0
  epsabs 0
  flags 291
  seed 303
  mineval 1
  maxeval 1
  nstart 1000000
  nincrease 500000
  nbatch 1000
  gridno 1
  statefile "vegas_last_iter24"

Restoring state from vegas_last_iter24.

Iteration 8:  22000000 integrand evaluations so far
[1] -1.03738e-09 +- 5.00014e-13  	chisq 15.9935 (7 df)

Saving state to vegas_last_iter24.
Vegas input parameters:
  ndim 11
  ncomp 1
  epsrel 0
  epsabs 0
  flags 291
  seed 327
  mineval 1
  maxeval 1
  nstart 1000000
  nincrease 500000
  nbatch 1000
  gridno 1
  statefile "vegas_last_iter24"

Restoring state from vegas_last_iter24.

Iteration 9:  27000000 integrand evaluations so far
[1] -1.03766e-09 +- 3.91026e-13  	chisq 16.8254 (8 df)

Saving state to vegas_last_iter24.
Vegas input parameters:
  ndim 11
  ncomp 1
  epsrel 0
  epsabs 0
  flags 291
  seed 351
  mineval 1
  maxeval 1
  nstart 1000000
  nincrease 500000
  nbatch 1000
  gridno 1
  statefile "vegas_last_iter24"

Restoring state from vegas_last_iter24.

Iteration 10:  32500000 integrand evaluations so far
[1] -1.03771e-09 +- 3.25246e-13  	chisq 16.8689 (9 df)

Saving state to vegas_last_iter24.
Vegas input parameters:
  ndim 11
  ncomp 1
  epsrel 0
  epsabs 0
  flags 291
  seed 375
  mineval 1
  maxeval 1
  nstart 1000000
  nincrease 500000
  nbatch 1000
  gridno 1
  statefile "vegas_last_iter24"

Restoring state from vegas_last_iter24.

Iteration 11:  38500000 integrand evaluations so far
[1] -1.03765e-09 +- 2.81055e-13  	chisq 17.0126 (10 df)

Saving state to vegas_last_iter24.
Vegas input parameters:
  ndim 11
  ncomp 1
  epsrel 0
  epsabs 0
  flags 291
  seed 399
  mineval 1
  maxeval 1
  nstart 1000000
  nincrease 500000
  nbatch 1000
  gridno 1
  statefile "vegas_last_iter24"

Restoring state from vegas_last_iter24.

Iteration 12:  45000000 integrand evaluations so far
[1] -1.0374e-09 +- 2.48523e-13  	chisq 20.6931 (11 df)

Saving state to vegas_last_iter24.
Vegas input parameters:
  ndim 11
  ncomp 1
  epsrel 0
  epsabs 0
  flags 291
  seed 423
  mineval 1
  maxeval 1
  nstart 1000000
  nincrease 500000
  nbatch 1000
  gridno 1
  statefile "vegas_last_iter24"

Restoring state from vegas_last_iter24.

Iteration 13:  52000000 integrand evaluations so far
[1] -1.03736e-09 +- 2.23653e-13  	chisq 20.8377 (12 df)

Saving state to vegas_last_iter24.
Vegas input parameters:
  ndim 11
  ncomp 1
  epsrel 0
  epsabs 0
  flags 291
  seed 447
  mineval 1
  maxeval 1
  nstart 1000000
  nincrease 500000
  nbatch 1000
  gridno 1
  statefile "vegas_last_iter24"

Restoring state from vegas_last_iter24.

Iteration 14:  59500000 integrand evaluations so far
[1] -1.03732e-09 +- 2.03717e-13  	chisq 20.9609 (13 df)

Saving state to vegas_last_iter24.
Vegas input parameters:
  ndim 11
  ncomp 1
  epsrel 0
  epsabs 0
  flags 291
  seed 471
  mineval 1
  maxeval 1
  nstart 1000000
  nincrease 500000
  nbatch 1000
  gridno 1
  statefile "vegas_last_iter24"

Restoring state from vegas_last_iter24.

Iteration 15:  67500000 integrand evaluations so far
[1] -1.03731e-09 +- 1.87351e-13  	chisq 20.9801 (14 df)

Saving state to vegas_last_iter24.
Vegas input parameters:
  ndim 11
  ncomp 1
  epsrel 0
  epsabs 0
  flags 291
  seed 495
  mineval 1
  maxeval 1
  nstart 1000000
  nincrease 500000
  nbatch 1000
  gridno 1
  statefile "vegas_last_iter24"

Restoring state from vegas_last_iter24.

Iteration 16:  76000000 integrand evaluations so far
[1] -1.03726e-09 +- 1.73651e-13  	chisq 21.583 (15 df)

Saving state to vegas_last_iter24.
Vegas input parameters:
  ndim 11
  ncomp 1
  epsrel 0
  epsabs 0
  flags 291
  seed 519
  mineval 1
  maxeval 1
  nstart 1000000
  nincrease 500000
  nbatch 1000
  gridno 1
  statefile "vegas_last_iter24"

Restoring state from vegas_last_iter24.

Iteration 17:  85000000 integrand evaluations so far
[1] -1.03731e-09 +- 1.61991e-13  	chisq 22.2352 (16 df)

Saving state to vegas_last_iter24.
Vegas input parameters:
  ndim 11
  ncomp 1
  epsrel 0
  epsabs 0
  flags 291
  seed 543
  mineval 1
  maxeval 1
  nstart 1000000
  nincrease 500000
  nbatch 1000
  gridno 1
  statefile "vegas_last_iter24"

Restoring state from vegas_last_iter24.

Iteration 18:  94500000 integrand evaluations so far
[1] -1.03736e-09 +- 1.51927e-13  	chisq 23.2644 (17 df)

Saving state to vegas_last_iter24.
Vegas input parameters:
  ndim 11
  ncomp 1
  epsrel 0
  epsabs 0
  flags 291
  seed 567
  mineval 1
  maxeval 1
  nstart 1000000
  nincrease 500000
  nbatch 1000
  gridno 1
  statefile "vegas_last_iter24"

Restoring state from vegas_last_iter24.

Iteration 19:  104500000 integrand evaluations so far
[1] -1.0373e-09 +- 1.4308e-13  	chisq 25.0406 (18 df)

Saving state to vegas_last_iter24.
Vegas input parameters:
  ndim 11
  ncomp 1
  epsrel 0
  epsabs 0
  flags 291
  seed 591
  mineval 1
  maxeval 1
  nstart 1000000
  nincrease 500000
  nbatch 1000
  gridno 1
  statefile "vegas_last_iter24"

Restoring state from vegas_last_iter24.

Iteration 20:  115000000 integrand evaluations so far
[1] -1.03734e-09 +- 1.35269e-13  	chisq 25.8721 (19 df)

Saving state to vegas_last_iter24.
Vegas input parameters:
  ndim 11
  ncomp 1
  epsrel 0
  epsabs 0
  flags 291
  seed 615
  mineval 1
  maxeval 1
  nstart 1000000
  nincrease 500000
  nbatch 1000
  gridno 1
  statefile "vegas_last_iter24"

Restoring state from vegas_last_iter24.

Iteration 21:  126000000 integrand evaluations so far
[1] -1.03735e-09 +- 1.28328e-13  	chisq 25.9546 (20 df)

Saving state to vegas_last_iter24.
Vegas input parameters:
  ndim 11
  ncomp 1
  epsrel 0
  epsabs 0
  flags 291
  seed 639
  mineval 1
  maxeval 1
  nstart 1000000
  nincrease 500000
  nbatch 1000
  gridno 1
  statefile "vegas_last_iter24"

Restoring state from vegas_last_iter24.

Iteration 22:  137500000 integrand evaluations so far
[1] -1.03742e-09 +- 1.22074e-13  	chisq 28.9244 (21 df)

Saving state to vegas_last_iter24.
Vegas input parameters:
  ndim 11
  ncomp 1
  epsrel 0
  epsabs 0
  flags 291
  seed 663
  mineval 1
  maxeval 1
  nstart 1000000
  nincrease 500000
  nbatch 1000
  gridno 1
  statefile "vegas_last_iter24"

Restoring state from vegas_last_iter24.

Iteration 23:  149500000 integrand evaluations so far
[1] -1.03742e-09 +- 1.16453e-13  	chisq 28.9301 (22 df)

Saving state to vegas_last_iter24.
Vegas input parameters:
  ndim 11
  ncomp 1
  epsrel 0
  epsabs 0
  flags 291
  seed 687
  mineval 1
  maxeval 1
  nstart 1000000
  nincrease 500000
  nbatch 1000
  gridno 1
  statefile "vegas_last_iter24"

Restoring state from vegas_last_iter24.

Iteration 24:  162000000 integrand evaluations so far
[1] -1.03747e-09 +- 1.11332e-13  	chisq 31.1983 (23 df)

Saving state to vegas_last_iter24.
Vegas input parameters:
  ndim 11
  ncomp 1
  epsrel 0
  epsabs 0
  flags 291
  seed 711
  mineval 1
  maxeval 1
  nstart 1000000
  nincrease 500000
  nbatch 1000
  gridno 1
  statefile "vegas_last_iter24"

Restoring state from vegas_last_iter24.

Iteration 25:  175000000 integrand evaluations so far
[1] -1.03746e-09 +- 1.06658e-13  	chisq 31.3392 (24 df)

Saving state to vegas_last_iter24.
Vegas input parameters:
  ndim 11
  ncomp 1
  epsrel 0
  epsabs 0
  flags 291
  seed 735
  mineval 1
  maxeval 1
  nstart 1000000
  nincrease 500000
  nbatch 1000
  gridno 1
  statefile "vegas_last_iter24"

Restoring state from vegas_last_iter24.

Iteration 26:  188500000 integrand evaluations so far
[1] -1.03745e-09 +- 1.02377e-13  	chisq 31.4084 (25 df)

Saving state to vegas_last_iter24.
Vegas input parameters:
  ndim 11
  ncomp 1
  epsrel 0
  epsabs 0
  flags 291
  seed 759
  mineval 1
  maxeval 1
  nstart 1000000
  nincrease 500000
  nbatch 1000
  gridno 1
  statefile "vegas_last_iter24"

Restoring state from vegas_last_iter24.

Iteration 27:  202500000 integrand evaluations so far
[1] -1.03749e-09 +- 9.84515e-14  	chisq 33.2058 (26 df)

Saving state to vegas_last_iter24.
Thanks for using LHAPDF 6.2.1. Please make sure to cite the paper:
  Eur.Phys.J. C75 (2015) 3, 132  (http://arxiv.org/abs/1412.7420)
 method   =Vegas  
 nregions =           1
 neval    =   202500000
 fail     =           1
 -0.103748593889E-08 +-   0.984514536489E-13   p =    0.810
