LHAPDF 6.2.1 loading /cvmfs/cms.cern.ch/slc6_amd64_gcc630/external/lhapdf/6.2.1-omkpbe3/share/LHAPDF/NNPDF31_nnlo_as_0118_nf_4/NNPDF31_nnlo_as_0118_nf_4_0000.dat
NNPDF31_nnlo_as_0118_nf_4 PDF set, member #0, version 1; LHAPDF ID = 320900
Vegas input parameters:
  ndim 11
  ncomp 1
  epsrel 0
  epsabs 0
  flags 291
  seed 191
  mineval 1
  maxeval 1
  nstart 1000000
  nincrease 500000
  nbatch 1000
  gridno 1
  statefile "vegas_last_iter80"

Iteration 1:  1000000 integrand evaluations so far
[1] 2.60346e-06 +- 6.83711e-07  	chisq 0 (0 df)

Saving state to vegas_last_iter80.
Vegas input parameters:
  ndim 11
  ncomp 1
  epsrel 0
  epsabs 0
  flags 291
  seed 271
  mineval 1
  maxeval 1
  nstart 1000000
  nincrease 500000
  nbatch 1000
  gridno 1
  statefile "vegas_last_iter80"

Restoring state from vegas_last_iter80.

Iteration 2:  2500000 integrand evaluations so far
[1] 1.6838e-06 +- 1.48356e-07  	chisq 1.89871 (1 df)

Saving state to vegas_last_iter80.
Vegas input parameters:
  ndim 11
  ncomp 1
  epsrel 0
  epsabs 0
  flags 291
  seed 351
  mineval 1
  maxeval 1
  nstart 1000000
  nincrease 500000
  nbatch 1000
  gridno 1
  statefile "vegas_last_iter80"

Restoring state from vegas_last_iter80.

Iteration 3:  4500000 integrand evaluations so far
[1] 1.69041e-06 +- 6.32386e-08  	chisq 1.90114 (2 df)

Saving state to vegas_last_iter80.
Vegas input parameters:
  ndim 11
  ncomp 1
  epsrel 0
  epsabs 0
  flags 291
  seed 431
  mineval 1
  maxeval 1
  nstart 1000000
  nincrease 500000
  nbatch 1000
  gridno 1
  statefile "vegas_last_iter80"

Restoring state from vegas_last_iter80.

Iteration 4:  7000000 integrand evaluations so far
[1] 1.5972e-06 +- 1.55549e-08  	chisq 4.21368 (3 df)

Saving state to vegas_last_iter80.
Vegas input parameters:
  ndim 11
  ncomp 1
  epsrel 0
  epsabs 0
  flags 291
  seed 511
  mineval 1
  maxeval 1
  nstart 1000000
  nincrease 500000
  nbatch 1000
  gridno 1
  statefile "vegas_last_iter80"

Restoring state from vegas_last_iter80.

Iteration 5:  10000000 integrand evaluations so far
[1] 1.60357e-06 +- 1.49494e-08  	chisq 6.41203 (4 df)

Saving state to vegas_last_iter80.
Vegas input parameters:
  ndim 11
  ncomp 1
  epsrel 0
  epsabs 0
  flags 291
  seed 591
  mineval 1
  maxeval 1
  nstart 1000000
  nincrease 500000
  nbatch 1000
  gridno 1
  statefile "vegas_last_iter80"

Restoring state from vegas_last_iter80.

Iteration 6:  13500000 integrand evaluations so far
[1] 1.60357e-06 +- 1.49494e-08  	chisq 8.37059 (5 df)

Saving state to vegas_last_iter80.
Vegas input parameters:
  ndim 11
  ncomp 1
  epsrel 0
  epsabs 0
  flags 291
  seed 671
  mineval 1
  maxeval 1
  nstart 1000000
  nincrease 500000
  nbatch 1000
  gridno 1
  statefile "vegas_last_iter80"

Restoring state from vegas_last_iter80.

Iteration 7:  17500000 integrand evaluations so far
[1] 1.60357e-06 +- 1.49494e-08  	chisq 10.042 (6 df)

Saving state to vegas_last_iter80.
Vegas input parameters:
  ndim 11
  ncomp 1
  epsrel 0
  epsabs 0
  flags 291
  seed 751
  mineval 1
  maxeval 1
  nstart 1000000
  nincrease 500000
  nbatch 1000
  gridno 1
  statefile "vegas_last_iter80"

Restoring state from vegas_last_iter80.

Iteration 8:  22000000 integrand evaluations so far
[1] 1.60357e-06 +- 1.49494e-08  	chisq 11.3995 (7 df)

Saving state to vegas_last_iter80.
Vegas input parameters:
  ndim 11
  ncomp 1
  epsrel 0
  epsabs 0
  flags 291
  seed 831
  mineval 1
  maxeval 1
  nstart 1000000
  nincrease 500000
  nbatch 1000
  gridno 1
  statefile "vegas_last_iter80"

Restoring state from vegas_last_iter80.

Iteration 9:  27000000 integrand evaluations so far
[1] 1.60357e-06 +- 1.49494e-08  	chisq 11.7765 (8 df)

Saving state to vegas_last_iter80.
Vegas input parameters:
  ndim 11
  ncomp 1
  epsrel 0
  epsabs 0
  flags 291
  seed 911
  mineval 1
  maxeval 1
  nstart 1000000
  nincrease 500000
  nbatch 1000
  gridno 1
  statefile "vegas_last_iter80"

Restoring state from vegas_last_iter80.

Iteration 10:  32500000 integrand evaluations so far
[1] 1.60357e-06 +- 1.49494e-08  	chisq 12.5086 (9 df)

Saving state to vegas_last_iter80.
Vegas input parameters:
  ndim 11
  ncomp 1
  epsrel 0
  epsabs 0
  flags 291
  seed 991
  mineval 1
  maxeval 1
  nstart 1000000
  nincrease 500000
  nbatch 1000
  gridno 1
  statefile "vegas_last_iter80"

Restoring state from vegas_last_iter80.

Iteration 11:  38500000 integrand evaluations so far
[1] 1.60357e-06 +- 1.49494e-08  	chisq 13.2542 (10 df)

Saving state to vegas_last_iter80.
Vegas input parameters:
  ndim 11
  ncomp 1
  epsrel 0
  epsabs 0
  flags 291
  seed 1071
  mineval 1
  maxeval 1
  nstart 1000000
  nincrease 500000
  nbatch 1000
  gridno 1
  statefile "vegas_last_iter80"

Restoring state from vegas_last_iter80.

Iteration 12:  45000000 integrand evaluations so far
[1] 1.60357e-06 +- 1.49494e-08  	chisq 23.5037 (11 df)

Saving state to vegas_last_iter80.
Vegas input parameters:
  ndim 11
  ncomp 1
  epsrel 0
  epsabs 0
  flags 291
  seed 1151
  mineval 1
  maxeval 1
  nstart 1000000
  nincrease 500000
  nbatch 1000
  gridno 1
  statefile "vegas_last_iter80"

Restoring state from vegas_last_iter80.

Iteration 13:  52000000 integrand evaluations so far
[1] 1.60357e-06 +- 1.49494e-08  	chisq 91.2526 (12 df)

Saving state to vegas_last_iter80.
Vegas input parameters:
  ndim 11
  ncomp 1
  epsrel 0
  epsabs 0
  flags 291
  seed 1231
  mineval 1
  maxeval 1
  nstart 1000000
  nincrease 500000
  nbatch 1000
  gridno 1
  statefile "vegas_last_iter80"

Restoring state from vegas_last_iter80.

Iteration 14:  59500000 integrand evaluations so far
[1] 1.60357e-06 +- 1.49494e-08  	chisq 141.361 (13 df)

Saving state to vegas_last_iter80.
Vegas input parameters:
  ndim 11
  ncomp 1
  epsrel 0
  epsabs 0
  flags 291
  seed 1311
  mineval 1
  maxeval 1
  nstart 1000000
  nincrease 500000
  nbatch 1000
  gridno 1
  statefile "vegas_last_iter80"

Restoring state from vegas_last_iter80.

Iteration 15:  67500000 integrand evaluations so far
[1] 1.60357e-06 +- 1.49494e-08  	chisq 145.333 (14 df)

Saving state to vegas_last_iter80.
Vegas input parameters:
  ndim 11
  ncomp 1
  epsrel 0
  epsabs 0
  flags 291
  seed 1391
  mineval 1
  maxeval 1
  nstart 1000000
  nincrease 500000
  nbatch 1000
  gridno 1
  statefile "vegas_last_iter80"

Restoring state from vegas_last_iter80.

Iteration 16:  76000000 integrand evaluations so far
[1] 1.60357e-06 +- 1.49494e-08  	chisq 150.709 (15 df)

Saving state to vegas_last_iter80.
Vegas input parameters:
  ndim 11
  ncomp 1
  epsrel 0
  epsabs 0
  flags 291
  seed 1471
  mineval 1
  maxeval 1
  nstart 1000000
  nincrease 500000
  nbatch 1000
  gridno 1
  statefile "vegas_last_iter80"

Restoring state from vegas_last_iter80.

Iteration 17:  85000000 integrand evaluations so far
[1] 1.60357e-06 +- 1.49494e-08  	chisq 151.818 (16 df)

Saving state to vegas_last_iter80.
Vegas input parameters:
  ndim 11
  ncomp 1
  epsrel 0
  epsabs 0
  flags 291
  seed 1551
  mineval 1
  maxeval 1
  nstart 1000000
  nincrease 500000
  nbatch 1000
  gridno 1
  statefile "vegas_last_iter80"

Restoring state from vegas_last_iter80.

Iteration 18:  94500000 integrand evaluations so far
[1] 1.60357e-06 +- 1.49494e-08  	chisq 152.999 (17 df)

Saving state to vegas_last_iter80.
Vegas input parameters:
  ndim 11
  ncomp 1
  epsrel 0
  epsabs 0
  flags 291
  seed 1631
  mineval 1
  maxeval 1
  nstart 1000000
  nincrease 500000
  nbatch 1000
  gridno 1
  statefile "vegas_last_iter80"

Restoring state from vegas_last_iter80.

Iteration 19:  104500000 integrand evaluations so far
[1] 1.60357e-06 +- 1.49494e-08  	chisq 154.119 (18 df)

Saving state to vegas_last_iter80.
Vegas input parameters:
  ndim 11
  ncomp 1
  epsrel 0
  epsabs 0
  flags 291
  seed 1711
  mineval 1
  maxeval 1
  nstart 1000000
  nincrease 500000
  nbatch 1000
  gridno 1
  statefile "vegas_last_iter80"

Restoring state from vegas_last_iter80.

Iteration 20:  115000000 integrand evaluations so far
[1] 1.60357e-06 +- 1.49494e-08  	chisq 154.792 (19 df)

Saving state to vegas_last_iter80.
Vegas input parameters:
  ndim 11
  ncomp 1
  epsrel 0
  epsabs 0
  flags 291
  seed 1791
  mineval 1
  maxeval 1
  nstart 1000000
  nincrease 500000
  nbatch 1000
  gridno 1
  statefile "vegas_last_iter80"

Restoring state from vegas_last_iter80.

Iteration 21:  126000000 integrand evaluations so far
[1] 1.60357e-06 +- 1.49494e-08  	chisq 194.275 (20 df)

Saving state to vegas_last_iter80.
Vegas input parameters:
  ndim 11
  ncomp 1
  epsrel 0
  epsabs 0
  flags 291
  seed 1871
  mineval 1
  maxeval 1
  nstart 1000000
  nincrease 500000
  nbatch 1000
  gridno 1
  statefile "vegas_last_iter80"

Restoring state from vegas_last_iter80.

Iteration 22:  137500000 integrand evaluations so far
[1] 1.60357e-06 +- 1.49494e-08  	chisq 195.622 (21 df)

Saving state to vegas_last_iter80.
Vegas input parameters:
  ndim 11
  ncomp 1
  epsrel 0
  epsabs 0
  flags 291
  seed 1951
  mineval 1
  maxeval 1
  nstart 1000000
  nincrease 500000
  nbatch 1000
  gridno 1
  statefile "vegas_last_iter80"

Restoring state from vegas_last_iter80.

Iteration 23:  149500000 integrand evaluations so far
[1] 1.60357e-06 +- 1.49494e-08  	chisq 204.267 (22 df)

Saving state to vegas_last_iter80.
Vegas input parameters:
  ndim 11
  ncomp 1
  epsrel 0
  epsabs 0
  flags 291
  seed 2031
  mineval 1
  maxeval 1
  nstart 1000000
  nincrease 500000
  nbatch 1000
  gridno 1
  statefile "vegas_last_iter80"

Restoring state from vegas_last_iter80.

Iteration 24:  162000000 integrand evaluations so far
[1] 1.60357e-06 +- 1.49494e-08  	chisq 212.492 (23 df)

Saving state to vegas_last_iter80.
Vegas input parameters:
  ndim 11
  ncomp 1
  epsrel 0
  epsabs 0
  flags 291
  seed 2111
  mineval 1
  maxeval 1
  nstart 1000000
  nincrease 500000
  nbatch 1000
  gridno 1
  statefile "vegas_last_iter80"

Restoring state from vegas_last_iter80.

Iteration 25:  175000000 integrand evaluations so far
[1] 1.60357e-06 +- 1.49494e-08  	chisq 213.492 (24 df)

Saving state to vegas_last_iter80.
Vegas input parameters:
  ndim 11
  ncomp 1
  epsrel 0
  epsabs 0
  flags 291
  seed 2191
  mineval 1
  maxeval 1
  nstart 1000000
  nincrease 500000
  nbatch 1000
  gridno 1
  statefile "vegas_last_iter80"

Restoring state from vegas_last_iter80.

Iteration 26:  188500000 integrand evaluations so far
[1] 1.60357e-06 +- 1.49494e-08  	chisq 213.554 (25 df)

Saving state to vegas_last_iter80.
Vegas input parameters:
  ndim 11
  ncomp 1
  epsrel 0
  epsabs 0
  flags 291
  seed 2271
  mineval 1
  maxeval 1
  nstart 1000000
  nincrease 500000
  nbatch 1000
  gridno 1
  statefile "vegas_last_iter80"

Restoring state from vegas_last_iter80.

Iteration 27:  202500000 integrand evaluations so far
[1] 1.60357e-06 +- 1.49494e-08  	chisq 214.553 (26 df)

Saving state to vegas_last_iter80.
Thanks for using LHAPDF 6.2.1. Please make sure to cite the paper:
  Eur.Phys.J. C75 (2015) 3, 132  (http://arxiv.org/abs/1412.7420)
 method   =Vegas  
 nregions =           1
 neval    =   202500000
 fail     =           1
  0.160356985338E-05 +-   0.149494254556E-07   p =    1.000
