LHAPDF 6.2.1 loading /cvmfs/cms.cern.ch/slc6_amd64_gcc630/external/lhapdf/6.2.1-omkpbe3/share/LHAPDF/NNPDF31_nnlo_as_0118_nf_4/NNPDF31_nnlo_as_0118_nf_4_0000.dat
NNPDF31_nnlo_as_0118_nf_4 PDF set, member #0, version 1; LHAPDF ID = 320900
Vegas input parameters:
  ndim 11
  ncomp 1
  epsrel 0
  epsabs 0
  flags 291
  seed 128
  mineval 1
  maxeval 1
  nstart 1000000
  nincrease 500000
  nbatch 1000
  gridno 1
  statefile "vegas_last_iter17"

Iteration 1:  1000000 integrand evaluations so far
[1] 2.44867e-08 +- 2.79037e-08  	chisq 0 (0 df)

Saving state to vegas_last_iter17.
Vegas input parameters:
  ndim 11
  ncomp 1
  epsrel 0
  epsabs 0
  flags 291
  seed 145
  mineval 1
  maxeval 1
  nstart 1000000
  nincrease 500000
  nbatch 1000
  gridno 1
  statefile "vegas_last_iter17"

Restoring state from vegas_last_iter17.

Iteration 2:  2500000 integrand evaluations so far
[1] 1.619e-08 +- 1.49703e-08  	chisq 0.12414 (1 df)

Saving state to vegas_last_iter17.
Vegas input parameters:
  ndim 11
  ncomp 1
  epsrel 0
  epsabs 0
  flags 291
  seed 162
  mineval 1
  maxeval 1
  nstart 1000000
  nincrease 500000
  nbatch 1000
  gridno 1
  statefile "vegas_last_iter17"

Restoring state from vegas_last_iter17.

Iteration 3:  4500000 integrand evaluations so far
[1] 1.01754e-08 +- 1.24448e-08  	chisq 0.646599 (2 df)

Saving state to vegas_last_iter17.
Vegas input parameters:
  ndim 11
  ncomp 1
  epsrel 0
  epsabs 0
  flags 291
  seed 179
  mineval 1
  maxeval 1
  nstart 1000000
  nincrease 500000
  nbatch 1000
  gridno 1
  statefile "vegas_last_iter17"

Restoring state from vegas_last_iter17.

Iteration 4:  7000000 integrand evaluations so far
[1] 7.34428e-09 +- 5.55783e-09  	chisq 0.711247 (3 df)

Saving state to vegas_last_iter17.
Vegas input parameters:
  ndim 11
  ncomp 1
  epsrel 0
  epsabs 0
  flags 291
  seed 196
  mineval 1
  maxeval 1
  nstart 1000000
  nincrease 500000
  nbatch 1000
  gridno 1
  statefile "vegas_last_iter17"

Restoring state from vegas_last_iter17.

Iteration 5:  10000000 integrand evaluations so far
[1] 1.85599e-08 +- 1.26616e-09  	chisq 5.00642 (4 df)

Saving state to vegas_last_iter17.
Vegas input parameters:
  ndim 11
  ncomp 1
  epsrel 0
  epsabs 0
  flags 291
  seed 213
  mineval 1
  maxeval 1
  nstart 1000000
  nincrease 500000
  nbatch 1000
  gridno 1
  statefile "vegas_last_iter17"

Restoring state from vegas_last_iter17.

Iteration 6:  13500000 integrand evaluations so far
[1] 2.08431e-08 +- 4.22155e-10  	chisq 8.66502 (5 df)

Saving state to vegas_last_iter17.
Vegas input parameters:
  ndim 11
  ncomp 1
  epsrel 0
  epsabs 0
  flags 291
  seed 230
  mineval 1
  maxeval 1
  nstart 1000000
  nincrease 500000
  nbatch 1000
  gridno 1
  statefile "vegas_last_iter17"

Restoring state from vegas_last_iter17.

Iteration 7:  17500000 integrand evaluations so far
[1] 2.10363e-08 +- 2.35742e-10  	chisq 8.96913 (6 df)

Saving state to vegas_last_iter17.
Vegas input parameters:
  ndim 11
  ncomp 1
  epsrel 0
  epsabs 0
  flags 291
  seed 247
  mineval 1
  maxeval 1
  nstart 1000000
  nincrease 500000
  nbatch 1000
  gridno 1
  statefile "vegas_last_iter17"

Restoring state from vegas_last_iter17.

Iteration 8:  22000000 integrand evaluations so far
[1] 2.11814e-08 +- 1.66653e-10  	chisq 9.7263 (7 df)

Saving state to vegas_last_iter17.
Vegas input parameters:
  ndim 11
  ncomp 1
  epsrel 0
  epsabs 0
  flags 291
  seed 264
  mineval 1
  maxeval 1
  nstart 1000000
  nincrease 500000
  nbatch 1000
  gridno 1
  statefile "vegas_last_iter17"

Restoring state from vegas_last_iter17.

Iteration 9:  27000000 integrand evaluations so far
[1] 2.11326e-08 +- 1.31842e-10  	chisq 9.95497 (8 df)

Saving state to vegas_last_iter17.
Vegas input parameters:
  ndim 11
  ncomp 1
  epsrel 0
  epsabs 0
  flags 291
  seed 281
  mineval 1
  maxeval 1
  nstart 1000000
  nincrease 500000
  nbatch 1000
  gridno 1
  statefile "vegas_last_iter17"

Restoring state from vegas_last_iter17.

Iteration 10:  32500000 integrand evaluations so far
[1] 2.11211e-08 +- 1.10576e-10  	chisq 9.98058 (9 df)

Saving state to vegas_last_iter17.
Vegas input parameters:
  ndim 11
  ncomp 1
  epsrel 0
  epsabs 0
  flags 291
  seed 298
  mineval 1
  maxeval 1
  nstart 1000000
  nincrease 500000
  nbatch 1000
  gridno 1
  statefile "vegas_last_iter17"

Restoring state from vegas_last_iter17.

Iteration 11:  38500000 integrand evaluations so far
[1] 2.11524e-08 +- 9.59357e-11  	chisq 10.3037 (10 df)

Saving state to vegas_last_iter17.
Vegas input parameters:
  ndim 11
  ncomp 1
  epsrel 0
  epsabs 0
  flags 291
  seed 315
  mineval 1
  maxeval 1
  nstart 1000000
  nincrease 500000
  nbatch 1000
  gridno 1
  statefile "vegas_last_iter17"

Restoring state from vegas_last_iter17.

Iteration 12:  45000000 integrand evaluations so far
[1] 2.11479e-08 +- 8.52051e-11  	chisq 10.3141 (11 df)

Saving state to vegas_last_iter17.
Vegas input parameters:
  ndim 11
  ncomp 1
  epsrel 0
  epsabs 0
  flags 291
  seed 332
  mineval 1
  maxeval 1
  nstart 1000000
  nincrease 500000
  nbatch 1000
  gridno 1
  statefile "vegas_last_iter17"

Restoring state from vegas_last_iter17.

Iteration 13:  52000000 integrand evaluations so far
[1] 2.11332e-08 +- 7.68448e-11  	chisq 10.4721 (12 df)

Saving state to vegas_last_iter17.
Vegas input parameters:
  ndim 11
  ncomp 1
  epsrel 0
  epsabs 0
  flags 291
  seed 349
  mineval 1
  maxeval 1
  nstart 1000000
  nincrease 500000
  nbatch 1000
  gridno 1
  statefile "vegas_last_iter17"

Restoring state from vegas_last_iter17.

Iteration 14:  59500000 integrand evaluations so far
[1] 2.10964e-08 +- 7.01696e-11  	chisq 11.8553 (13 df)

Saving state to vegas_last_iter17.
Vegas input parameters:
  ndim 11
  ncomp 1
  epsrel 0
  epsabs 0
  flags 291
  seed 366
  mineval 1
  maxeval 1
  nstart 1000000
  nincrease 500000
  nbatch 1000
  gridno 1
  statefile "vegas_last_iter17"

Restoring state from vegas_last_iter17.

Iteration 15:  67500000 integrand evaluations so far
[1] 2.10716e-08 +- 6.46392e-11  	chisq 12.6776 (14 df)

Saving state to vegas_last_iter17.
Vegas input parameters:
  ndim 11
  ncomp 1
  epsrel 0
  epsabs 0
  flags 291
  seed 383
  mineval 1
  maxeval 1
  nstart 1000000
  nincrease 500000
  nbatch 1000
  gridno 1
  statefile "vegas_last_iter17"

Restoring state from vegas_last_iter17.
