LHAPDF 6.2.1 loading /cvmfs/cms.cern.ch/slc6_amd64_gcc630/external/lhapdf/6.2.1-omkpbe3/share/LHAPDF/NNPDF31_nnlo_as_0118_nf_4/NNPDF31_nnlo_as_0118_nf_4_0000.dat
NNPDF31_nnlo_as_0118_nf_4 PDF set, member #0, version 1; LHAPDF ID = 320900
Vegas input parameters:
  ndim 11
  ncomp 1
  epsrel 0
  epsabs 0
  flags 291
  seed 167
  mineval 1
  maxeval 1
  nstart 1000000
  nincrease 500000
  nbatch 1000
  gridno 1
  statefile "vegas_last_iter56"

Iteration 1:  1000000 integrand evaluations so far
[1] 1.87702e-08 +- 4.51601e-08  	chisq 0 (0 df)

Saving state to vegas_last_iter56.
Vegas input parameters:
  ndim 11
  ncomp 1
  epsrel 0
  epsabs 0
  flags 291
  seed 223
  mineval 1
  maxeval 1
  nstart 1000000
  nincrease 500000
  nbatch 1000
  gridno 1
  statefile "vegas_last_iter56"

Restoring state from vegas_last_iter56.

Iteration 2:  2500000 integrand evaluations so far
[1] -1.15333e-08 +- 4.15906e-08  	chisq 2.9656 (1 df)

Saving state to vegas_last_iter56.
Vegas input parameters:
  ndim 11
  ncomp 1
  epsrel 0
  epsabs 0
  flags 291
  seed 279
  mineval 1
  maxeval 1
  nstart 1000000
  nincrease 500000
  nbatch 1000
  gridno 1
  statefile "vegas_last_iter56"

Restoring state from vegas_last_iter56.

Iteration 3:  4500000 integrand evaluations so far
[1] -2.69204e-08 +- 6.70866e-09  	chisq 3.10613 (2 df)

Saving state to vegas_last_iter56.
Vegas input parameters:
  ndim 11
  ncomp 1
  epsrel 0
  epsabs 0
  flags 291
  seed 335
  mineval 1
  maxeval 1
  nstart 1000000
  nincrease 500000
  nbatch 1000
  gridno 1
  statefile "vegas_last_iter56"

Restoring state from vegas_last_iter56.

Iteration 4:  7000000 integrand evaluations so far
[1] -3.75236e-08 +- 1.83735e-09  	chisq 5.80677 (3 df)

Saving state to vegas_last_iter56.
Vegas input parameters:
  ndim 11
  ncomp 1
  epsrel 0
  epsabs 0
  flags 291
  seed 391
  mineval 1
  maxeval 1
  nstart 1000000
  nincrease 500000
  nbatch 1000
  gridno 1
  statefile "vegas_last_iter56"

Restoring state from vegas_last_iter56.

Iteration 5:  10000000 integrand evaluations so far
[1] -3.82951e-08 +- 6.26332e-10  	chisq 6.00627 (4 df)

Saving state to vegas_last_iter56.
Vegas input parameters:
  ndim 11
  ncomp 1
  epsrel 0
  epsabs 0
  flags 291
  seed 447
  mineval 1
  maxeval 1
  nstart 1000000
  nincrease 500000
  nbatch 1000
  gridno 1
  statefile "vegas_last_iter56"

Restoring state from vegas_last_iter56.

Iteration 6:  13500000 integrand evaluations so far
[1] -3.78785e-08 +- 2.66921e-10  	chisq 6.54674 (5 df)

Saving state to vegas_last_iter56.
Vegas input parameters:
  ndim 11
  ncomp 1
  epsrel 0
  epsabs 0
  flags 291
  seed 503
  mineval 1
  maxeval 1
  nstart 1000000
  nincrease 500000
  nbatch 1000
  gridno 1
  statefile "vegas_last_iter56"

Restoring state from vegas_last_iter56.

Iteration 7:  17500000 integrand evaluations so far
[1] -3.78653e-08 +- 1.54744e-10  	chisq 6.55046 (6 df)

Saving state to vegas_last_iter56.
Vegas input parameters:
  ndim 11
  ncomp 1
  epsrel 0
  epsabs 0
  flags 291
  seed 559
  mineval 1
  maxeval 1
  nstart 1000000
  nincrease 500000
  nbatch 1000
  gridno 1
  statefile "vegas_last_iter56"

Restoring state from vegas_last_iter56.

Iteration 8:  22000000 integrand evaluations so far
[1] -3.77622e-08 +- 1.13916e-10  	chisq 7.51893 (7 df)

Saving state to vegas_last_iter56.
Vegas input parameters:
  ndim 11
  ncomp 1
  epsrel 0
  epsabs 0
  flags 291
  seed 615
  mineval 1
  maxeval 1
  nstart 1000000
  nincrease 500000
  nbatch 1000
  gridno 1
  statefile "vegas_last_iter56"

Restoring state from vegas_last_iter56.

Iteration 9:  27000000 integrand evaluations so far
[1] -3.76788e-08 +- 9.07408e-11  	chisq 8.98377 (8 df)

Saving state to vegas_last_iter56.
Vegas input parameters:
  ndim 11
  ncomp 1
  epsrel 0
  epsabs 0
  flags 291
  seed 671
  mineval 1
  maxeval 1
  nstart 1000000
  nincrease 500000
  nbatch 1000
  gridno 1
  statefile "vegas_last_iter56"

Restoring state from vegas_last_iter56.

Iteration 10:  32500000 integrand evaluations so far
[1] -3.77153e-08 +- 7.57068e-11  	chisq 9.51522 (9 df)

Saving state to vegas_last_iter56.
Vegas input parameters:
  ndim 11
  ncomp 1
  epsrel 0
  epsabs 0
  flags 291
  seed 727
  mineval 1
  maxeval 1
  nstart 1000000
  nincrease 500000
  nbatch 1000
  gridno 1
  statefile "vegas_last_iter56"

Restoring state from vegas_last_iter56.

Iteration 11:  38500000 integrand evaluations so far
[1] -3.76673e-08 +- 6.5438e-11  	chisq 11.1083 (10 df)

Saving state to vegas_last_iter56.
Vegas input parameters:
  ndim 11
  ncomp 1
  epsrel 0
  epsabs 0
  flags 291
  seed 783
  mineval 1
  maxeval 1
  nstart 1000000
  nincrease 500000
  nbatch 1000
  gridno 1
  statefile "vegas_last_iter56"

Restoring state from vegas_last_iter56.

Iteration 12:  45000000 integrand evaluations so far
[1] -3.76246e-08 +- 5.80046e-11  	chisq 13.0934 (11 df)

Saving state to vegas_last_iter56.
Vegas input parameters:
  ndim 11
  ncomp 1
  epsrel 0
  epsabs 0
  flags 291
  seed 839
  mineval 1
  maxeval 1
  nstart 1000000
  nincrease 500000
  nbatch 1000
  gridno 1
  statefile "vegas_last_iter56"

Restoring state from vegas_last_iter56.

Iteration 13:  52000000 integrand evaluations so far
[1] -3.76106e-08 +- 5.21976e-11  	chisq 13.3972 (12 df)

Saving state to vegas_last_iter56.
Vegas input parameters:
  ndim 11
  ncomp 1
  epsrel 0
  epsabs 0
  flags 291
  seed 895
  mineval 1
  maxeval 1
  nstart 1000000
  nincrease 500000
  nbatch 1000
  gridno 1
  statefile "vegas_last_iter56"

Restoring state from vegas_last_iter56.

Iteration 14:  59500000 integrand evaluations so far
[1] -3.76166e-08 +- 4.75695e-11  	chisq 13.4746 (13 df)

Saving state to vegas_last_iter56.
Vegas input parameters:
  ndim 11
  ncomp 1
  epsrel 0
  epsabs 0
  flags 291
  seed 951
  mineval 1
  maxeval 1
  nstart 1000000
  nincrease 500000
  nbatch 1000
  gridno 1
  statefile "vegas_last_iter56"

Restoring state from vegas_last_iter56.

Iteration 15:  67500000 integrand evaluations so far
[1] -3.76342e-08 +- 4.38307e-11  	chisq 14.3759 (14 df)

Saving state to vegas_last_iter56.
Vegas input parameters:
  ndim 11
  ncomp 1
  epsrel 0
  epsabs 0
  flags 291
  seed 1007
  mineval 1
  maxeval 1
  nstart 1000000
  nincrease 500000
  nbatch 1000
  gridno 1
  statefile "vegas_last_iter56"

Restoring state from vegas_last_iter56.

Iteration 16:  76000000 integrand evaluations so far
[1] -3.75999e-08 +- 4.06502e-11  	chisq 18.7498 (15 df)

Saving state to vegas_last_iter56.
Vegas input parameters:
  ndim 11
  ncomp 1
  epsrel 0
  epsabs 0
  flags 291
  seed 1063
  mineval 1
  maxeval 1
  nstart 1000000
  nincrease 500000
  nbatch 1000
  gridno 1
  statefile "vegas_last_iter56"

Restoring state from vegas_last_iter56.

Iteration 17:  85000000 integrand evaluations so far
[1] -3.76117e-08 +- 3.78945e-11  	chisq 19.3952 (16 df)

Saving state to vegas_last_iter56.
Vegas input parameters:
  ndim 11
  ncomp 1
  epsrel 0
  epsabs 0
  flags 291
  seed 1119
  mineval 1
  maxeval 1
  nstart 1000000
  nincrease 500000
  nbatch 1000
  gridno 1
  statefile "vegas_last_iter56"

Restoring state from vegas_last_iter56.

Iteration 18:  94500000 integrand evaluations so far
[1] -3.76074e-08 +- 3.55065e-11  	chisq 19.5006 (17 df)

Saving state to vegas_last_iter56.
Vegas input parameters:
  ndim 11
  ncomp 1
  epsrel 0
  epsabs 0
  flags 291
  seed 1175
  mineval 1
  maxeval 1
  nstart 1000000
  nincrease 500000
  nbatch 1000
  gridno 1
  statefile "vegas_last_iter56"

Restoring state from vegas_last_iter56.

Iteration 19:  104500000 integrand evaluations so far
[1] -3.76093e-08 +- 3.34327e-11  	chisq 19.5248 (18 df)

Saving state to vegas_last_iter56.
Vegas input parameters:
  ndim 11
  ncomp 1
  epsrel 0
  epsabs 0
  flags 291
  seed 1231
  mineval 1
  maxeval 1
  nstart 1000000
  nincrease 500000
  nbatch 1000
  gridno 1
  statefile "vegas_last_iter56"

Restoring state from vegas_last_iter56.

Iteration 20:  115000000 integrand evaluations so far
[1] -3.76047e-08 +- 3.16064e-11  	chisq 19.7035 (19 df)

Saving state to vegas_last_iter56.
Vegas input parameters:
  ndim 11
  ncomp 1
  epsrel 0
  epsabs 0
  flags 291
  seed 1287
  mineval 1
  maxeval 1
  nstart 1000000
  nincrease 500000
  nbatch 1000
  gridno 1
  statefile "vegas_last_iter56"

Restoring state from vegas_last_iter56.

Iteration 21:  126000000 integrand evaluations so far
[1] -3.75826e-08 +- 3.00349e-11  	chisq 24.7324 (20 df)

Saving state to vegas_last_iter56.
Vegas input parameters:
  ndim 11
  ncomp 1
  epsrel 0
  epsabs 0
  flags 291
  seed 1343
  mineval 1
  maxeval 1
  nstart 1000000
  nincrease 500000
  nbatch 1000
  gridno 1
  statefile "vegas_last_iter56"

Restoring state from vegas_last_iter56.

Iteration 22:  137500000 integrand evaluations so far
[1] -3.76047e-08 +- 2.85912e-11  	chisq 30.5147 (21 df)

Saving state to vegas_last_iter56.
Vegas input parameters:
  ndim 11
  ncomp 1
  epsrel 0
  epsabs 0
  flags 291
  seed 1399
  mineval 1
  maxeval 1
  nstart 1000000
  nincrease 500000
  nbatch 1000
  gridno 1
  statefile "vegas_last_iter56"

Restoring state from vegas_last_iter56.

Iteration 23:  149500000 integrand evaluations so far
[1] -3.76013e-08 +- 2.72708e-11  	chisq 30.669 (22 df)

Saving state to vegas_last_iter56.
Vegas input parameters:
  ndim 11
  ncomp 1
  epsrel 0
  epsabs 0
  flags 291
  seed 1455
  mineval 1
  maxeval 1
  nstart 1000000
  nincrease 500000
  nbatch 1000
  gridno 1
  statefile "vegas_last_iter56"

Restoring state from vegas_last_iter56.

Iteration 24:  162000000 integrand evaluations so far
[1] -3.75966e-08 +- 2.60909e-11  	chisq 31.0302 (23 df)

Saving state to vegas_last_iter56.
Vegas input parameters:
  ndim 11
  ncomp 1
  epsrel 0
  epsabs 0
  flags 291
  seed 1511
  mineval 1
  maxeval 1
  nstart 1000000
  nincrease 500000
  nbatch 1000
  gridno 1
  statefile "vegas_last_iter56"

Restoring state from vegas_last_iter56.

Iteration 25:  175000000 integrand evaluations so far
[1] -3.75936e-08 +- 2.5028e-11  	chisq 31.1943 (24 df)

Saving state to vegas_last_iter56.
Vegas input parameters:
  ndim 11
  ncomp 1
  epsrel 0
  epsabs 0
  flags 291
  seed 1567
  mineval 1
  maxeval 1
  nstart 1000000
  nincrease 500000
  nbatch 1000
  gridno 1
  statefile "vegas_last_iter56"

Restoring state from vegas_last_iter56.

Iteration 26:  188500000 integrand evaluations so far
[1] -3.75834e-08 +- 2.40356e-11  	chisq 33.3218 (25 df)

Saving state to vegas_last_iter56.
Vegas input parameters:
  ndim 11
  ncomp 1
  epsrel 0
  epsabs 0
  flags 291
  seed 1623
  mineval 1
  maxeval 1
  nstart 1000000
  nincrease 500000
  nbatch 1000
  gridno 1
  statefile "vegas_last_iter56"

Restoring state from vegas_last_iter56.

Iteration 27:  202500000 integrand evaluations so far
[1] -3.75684e-08 +- 2.31139e-11  	chisq 38.4796 (26 df)

Saving state to vegas_last_iter56.
Thanks for using LHAPDF 6.2.1. Please make sure to cite the paper:
  Eur.Phys.J. C75 (2015) 3, 132  (http://arxiv.org/abs/1412.7420)
 method   =Vegas  
 nregions =           1
 neval    =   202500000
 fail     =           1
 -0.375684307494E-07 +-   0.231139434251E-10   p =    0.929
