LHAPDF 6.2.1 loading /cvmfs/cms.cern.ch/slc6_amd64_gcc630/external/lhapdf/6.2.1-omkpbe3/share/LHAPDF/NNPDF31_nnlo_as_0118_nf_4/NNPDF31_nnlo_as_0118_nf_4_0000.dat
NNPDF31_nnlo_as_0118_nf_4 PDF set, member #0, version 1; LHAPDF ID = 320900
Vegas input parameters:
  ndim 11
  ncomp 1
  epsrel 0
  epsabs 0
  flags 291
  seed 158
  mineval 1
  maxeval 1
  nstart 1000000
  nincrease 500000
  nbatch 1000
  gridno 1
  statefile "vegas_last_iter47"

Iteration 1:  1000000 integrand evaluations so far
[1] -1.48034e-07 +- 1.15213e-07  	chisq 0 (0 df)

Saving state to vegas_last_iter47.
Vegas input parameters:
  ndim 11
  ncomp 1
  epsrel 0
  epsabs 0
  flags 291
  seed 205
  mineval 1
  maxeval 1
  nstart 1000000
  nincrease 500000
  nbatch 1000
  gridno 1
  statefile "vegas_last_iter47"

Restoring state from vegas_last_iter47.

Iteration 2:  2500000 integrand evaluations so far
[1] -4.03745e-08 +- 4.60146e-08  	chisq 1.0389 (1 df)

Saving state to vegas_last_iter47.
Vegas input parameters:
  ndim 11
  ncomp 1
  epsrel 0
  epsabs 0
  flags 291
  seed 252
  mineval 1
  maxeval 1
  nstart 1000000
  nincrease 500000
  nbatch 1000
  gridno 1
  statefile "vegas_last_iter47"

Restoring state from vegas_last_iter47.

Iteration 3:  4500000 integrand evaluations so far
[1] -1.29847e-07 +- 1.81087e-08  	chisq 5.51264 (2 df)

Saving state to vegas_last_iter47.
Vegas input parameters:
  ndim 11
  ncomp 1
  epsrel 0
  epsabs 0
  flags 291
  seed 299
  mineval 1
  maxeval 1
  nstart 1000000
  nincrease 500000
  nbatch 1000
  gridno 1
  statefile "vegas_last_iter47"

Restoring state from vegas_last_iter47.

Iteration 4:  7000000 integrand evaluations so far
[1] -1.33243e-07 +- 7.19603e-09  	chisq 5.55441 (3 df)

Saving state to vegas_last_iter47.
Vegas input parameters:
  ndim 11
  ncomp 1
  epsrel 0
  epsabs 0
  flags 291
  seed 346
  mineval 1
  maxeval 1
  nstart 1000000
  nincrease 500000
  nbatch 1000
  gridno 1
  statefile "vegas_last_iter47"

Restoring state from vegas_last_iter47.

Iteration 5:  10000000 integrand evaluations so far
[1] -1.39145e-07 +- 2.42121e-09  	chisq 6.31294 (4 df)

Saving state to vegas_last_iter47.
Vegas input parameters:
  ndim 11
  ncomp 1
  epsrel 0
  epsabs 0
  flags 291
  seed 393
  mineval 1
  maxeval 1
  nstart 1000000
  nincrease 500000
  nbatch 1000
  gridno 1
  statefile "vegas_last_iter47"

Restoring state from vegas_last_iter47.

Iteration 6:  13500000 integrand evaluations so far
[1] -1.41607e-07 +- 1.17395e-09  	chisq 7.66427 (5 df)

Saving state to vegas_last_iter47.
Vegas input parameters:
  ndim 11
  ncomp 1
  epsrel 0
  epsabs 0
  flags 291
  seed 440
  mineval 1
  maxeval 1
  nstart 1000000
  nincrease 500000
  nbatch 1000
  gridno 1
  statefile "vegas_last_iter47"

Restoring state from vegas_last_iter47.

Iteration 7:  17500000 integrand evaluations so far
[1] -1.40974e-07 +- 7.73108e-10  	chisq 8.17816 (6 df)

Saving state to vegas_last_iter47.
Vegas input parameters:
  ndim 11
  ncomp 1
  epsrel 0
  epsabs 0
  flags 291
  seed 487
  mineval 1
  maxeval 1
  nstart 1000000
  nincrease 500000
  nbatch 1000
  gridno 1
  statefile "vegas_last_iter47"

Restoring state from vegas_last_iter47.

Iteration 8:  22000000 integrand evaluations so far
[1] -1.4158e-07 +- 5.88982e-10  	chisq 9.64409 (7 df)

Saving state to vegas_last_iter47.
Vegas input parameters:
  ndim 11
  ncomp 1
  epsrel 0
  epsabs 0
  flags 291
  seed 534
  mineval 1
  maxeval 1
  nstart 1000000
  nincrease 500000
  nbatch 1000
  gridno 1
  statefile "vegas_last_iter47"

Restoring state from vegas_last_iter47.

Iteration 9:  27000000 integrand evaluations so far
[1] -1.41549e-07 +- 4.83388e-10  	chisq 9.65247 (8 df)

Saving state to vegas_last_iter47.
Vegas input parameters:
  ndim 11
  ncomp 1
  epsrel 0
  epsabs 0
  flags 291
  seed 581
  mineval 1
  maxeval 1
  nstart 1000000
  nincrease 500000
  nbatch 1000
  gridno 1
  statefile "vegas_last_iter47"

Restoring state from vegas_last_iter47.

Iteration 10:  32500000 integrand evaluations so far
[1] -1.41392e-07 +- 4.13769e-10  	chisq 10.0464 (9 df)

Saving state to vegas_last_iter47.
Vegas input parameters:
  ndim 11
  ncomp 1
  epsrel 0
  epsabs 0
  flags 291
  seed 628
  mineval 1
  maxeval 1
  nstart 1000000
  nincrease 500000
  nbatch 1000
  gridno 1
  statefile "vegas_last_iter47"

Restoring state from vegas_last_iter47.

Iteration 11:  38500000 integrand evaluations so far
[1] -1.41348e-07 +- 3.63984e-10  	chisq 10.0965 (10 df)

Saving state to vegas_last_iter47.
Vegas input parameters:
  ndim 11
  ncomp 1
  epsrel 0
  epsabs 0
  flags 291
  seed 675
  mineval 1
  maxeval 1
  nstart 1000000
  nincrease 500000
  nbatch 1000
  gridno 1
  statefile "vegas_last_iter47"

Restoring state from vegas_last_iter47.

Iteration 12:  45000000 integrand evaluations so far
[1] -1.41502e-07 +- 3.26103e-10  	chisq 10.9948 (11 df)

Saving state to vegas_last_iter47.
Vegas input parameters:
  ndim 11
  ncomp 1
  epsrel 0
  epsabs 0
  flags 291
  seed 722
  mineval 1
  maxeval 1
  nstart 1000000
  nincrease 500000
  nbatch 1000
  gridno 1
  statefile "vegas_last_iter47"

Restoring state from vegas_last_iter47.

Iteration 13:  52000000 integrand evaluations so far
[1] -1.4147e-07 +- 2.96093e-10  	chisq 11.0485 (12 df)

Saving state to vegas_last_iter47.
Vegas input parameters:
  ndim 11
  ncomp 1
  epsrel 0
  epsabs 0
  flags 291
  seed 769
  mineval 1
  maxeval 1
  nstart 1000000
  nincrease 500000
  nbatch 1000
  gridno 1
  statefile "vegas_last_iter47"

Restoring state from vegas_last_iter47.

Iteration 14:  59500000 integrand evaluations so far
[1] -1.41652e-07 +- 2.71604e-10  	chisq 13.4362 (13 df)

Saving state to vegas_last_iter47.
Vegas input parameters:
  ndim 11
  ncomp 1
  epsrel 0
  epsabs 0
  flags 291
  seed 816
  mineval 1
  maxeval 1
  nstart 1000000
  nincrease 500000
  nbatch 1000
  gridno 1
  statefile "vegas_last_iter47"

Restoring state from vegas_last_iter47.

Iteration 15:  67500000 integrand evaluations so far
[1] -1.41717e-07 +- 2.51172e-10  	chisq 13.8368 (14 df)

Saving state to vegas_last_iter47.
Vegas input parameters:
  ndim 11
  ncomp 1
  epsrel 0
  epsabs 0
  flags 291
  seed 863
  mineval 1
  maxeval 1
  nstart 1000000
  nincrease 500000
  nbatch 1000
  gridno 1
  statefile "vegas_last_iter47"

Restoring state from vegas_last_iter47.

Iteration 16:  76000000 integrand evaluations so far
[1] -1.41692e-07 +- 2.33834e-10  	chisq 13.9145 (15 df)

Saving state to vegas_last_iter47.
Vegas input parameters:
  ndim 11
  ncomp 1
  epsrel 0
  epsabs 0
  flags 291
  seed 910
  mineval 1
  maxeval 1
  nstart 1000000
  nincrease 500000
  nbatch 1000
  gridno 1
  statefile "vegas_last_iter47"

Restoring state from vegas_last_iter47.

Iteration 17:  85000000 integrand evaluations so far
[1] -1.41543e-07 +- 2.18869e-10  	chisq 17.1943 (16 df)

Saving state to vegas_last_iter47.
Vegas input parameters:
  ndim 11
  ncomp 1
  epsrel 0
  epsabs 0
  flags 291
  seed 957
  mineval 1
  maxeval 1
  nstart 1000000
  nincrease 500000
  nbatch 1000
  gridno 1
  statefile "vegas_last_iter47"

Restoring state from vegas_last_iter47.

Iteration 18:  94500000 integrand evaluations so far
[1] -1.41525e-07 +- 2.05821e-10  	chisq 17.2538 (17 df)

Saving state to vegas_last_iter47.
Vegas input parameters:
  ndim 11
  ncomp 1
  epsrel 0
  epsabs 0
  flags 291
  seed 1004
  mineval 1
  maxeval 1
  nstart 1000000
  nincrease 500000
  nbatch 1000
  gridno 1
  statefile "vegas_last_iter47"

Restoring state from vegas_last_iter47.

Iteration 19:  104500000 integrand evaluations so far
[1] -1.41535e-07 +- 1.9433e-10  	chisq 17.2751 (18 df)

Saving state to vegas_last_iter47.
Vegas input parameters:
  ndim 11
  ncomp 1
  epsrel 0
  epsabs 0
  flags 291
  seed 1051
  mineval 1
  maxeval 1
  nstart 1000000
  nincrease 500000
  nbatch 1000
  gridno 1
  statefile "vegas_last_iter47"

Restoring state from vegas_last_iter47.

Iteration 20:  115000000 integrand evaluations so far
[1] -1.41518e-07 +- 1.84118e-10  	chisq 17.3497 (19 df)

Saving state to vegas_last_iter47.
Vegas input parameters:
  ndim 11
  ncomp 1
  epsrel 0
  epsabs 0
  flags 291
  seed 1098
  mineval 1
  maxeval 1
  nstart 1000000
  nincrease 500000
  nbatch 1000
  gridno 1
  statefile "vegas_last_iter47"

Restoring state from vegas_last_iter47.

Iteration 21:  126000000 integrand evaluations so far
[1] -1.41607e-07 +- 1.74967e-10  	chisq 19.7765 (20 df)

Saving state to vegas_last_iter47.
Vegas input parameters:
  ndim 11
  ncomp 1
  epsrel 0
  epsabs 0
  flags 291
  seed 1145
  mineval 1
  maxeval 1
  nstart 1000000
  nincrease 500000
  nbatch 1000
  gridno 1
  statefile "vegas_last_iter47"

Restoring state from vegas_last_iter47.

Iteration 22:  137500000 integrand evaluations so far
[1] -1.41623e-07 +- 1.66735e-10  	chisq 19.8746 (21 df)

Saving state to vegas_last_iter47.
Vegas input parameters:
  ndim 11
  ncomp 1
  epsrel 0
  epsabs 0
  flags 291
  seed 1192
  mineval 1
  maxeval 1
  nstart 1000000
  nincrease 500000
  nbatch 1000
  gridno 1
  statefile "vegas_last_iter47"

Restoring state from vegas_last_iter47.

Iteration 23:  149500000 integrand evaluations so far
[1] -1.4166e-07 +- 1.59266e-10  	chisq 20.4142 (22 df)

Saving state to vegas_last_iter47.
Vegas input parameters:
  ndim 11
  ncomp 1
  epsrel 0
  epsabs 0
  flags 291
  seed 1239
  mineval 1
  maxeval 1
  nstart 1000000
  nincrease 500000
  nbatch 1000
  gridno 1
  statefile "vegas_last_iter47"

Restoring state from vegas_last_iter47.

Iteration 24:  162000000 integrand evaluations so far
[1] -1.41789e-07 +- 1.52464e-10  	chisq 28.3313 (23 df)

Saving state to vegas_last_iter47.
Vegas input parameters:
  ndim 11
  ncomp 1
  epsrel 0
  epsabs 0
  flags 291
  seed 1286
  mineval 1
  maxeval 1
  nstart 1000000
  nincrease 500000
  nbatch 1000
  gridno 1
  statefile "vegas_last_iter47"

Restoring state from vegas_last_iter47.

Iteration 25:  175000000 integrand evaluations so far
[1] -1.41844e-07 +- 1.46231e-10  	chisq 29.92 (24 df)

Saving state to vegas_last_iter47.
Vegas input parameters:
  ndim 11
  ncomp 1
  epsrel 0
  epsabs 0
  flags 291
  seed 1333
  mineval 1
  maxeval 1
  nstart 1000000
  nincrease 500000
  nbatch 1000
  gridno 1
  statefile "vegas_last_iter47"

Restoring state from vegas_last_iter47.

Iteration 26:  188500000 integrand evaluations so far
[1] -1.4182e-07 +- 1.40508e-10  	chisq 30.2582 (25 df)

Saving state to vegas_last_iter47.
Vegas input parameters:
  ndim 11
  ncomp 1
  epsrel 0
  epsabs 0
  flags 291
  seed 1380
  mineval 1
  maxeval 1
  nstart 1000000
  nincrease 500000
  nbatch 1000
  gridno 1
  statefile "vegas_last_iter47"

Restoring state from vegas_last_iter47.

Iteration 27:  202500000 integrand evaluations so far
[1] -1.4182e-07 +- 1.35229e-10  	chisq 30.2584 (26 df)

Saving state to vegas_last_iter47.
Thanks for using LHAPDF 6.2.1. Please make sure to cite the paper:
  Eur.Phys.J. C75 (2015) 3, 132  (http://arxiv.org/abs/1412.7420)
 method   =Vegas  
 nregions =           1
 neval    =   202500000
 fail     =           1
 -0.141819609838E-06 +-   0.135228661867E-09   p =    0.697
