LHAPDF 6.2.1 loading /cvmfs/cms.cern.ch/slc6_amd64_gcc630/external/lhapdf/6.2.1-omkpbe3/share/LHAPDF/NNPDF31_nnlo_as_0118_nf_4/NNPDF31_nnlo_as_0118_nf_4_0000.dat
NNPDF31_nnlo_as_0118_nf_4 PDF set, member #0, version 1; LHAPDF ID = 320900
Vegas input parameters:
  ndim 11
  ncomp 1
  epsrel 0
  epsabs 0
  flags 291
  seed 125
  mineval 1
  maxeval 1
  nstart 1000000
  nincrease 500000
  nbatch 1000
  gridno 1
  statefile "vegas_last_iter14"

Iteration 1:  1000000 integrand evaluations so far
[1] -1.80393e-09 +- 4.05365e-10  	chisq 0 (0 df)

Saving state to vegas_last_iter14.
Vegas input parameters:
  ndim 11
  ncomp 1
  epsrel 0
  epsabs 0
  flags 291
  seed 139
  mineval 1
  maxeval 1
  nstart 1000000
  nincrease 500000
  nbatch 1000
  gridno 1
  statefile "vegas_last_iter14"

Restoring state from vegas_last_iter14.

Iteration 2:  2500000 integrand evaluations so far
[1] -3.00102e-09 +- 2.05608e-10  	chisq 11.7417 (1 df)

Saving state to vegas_last_iter14.
Vegas input parameters:
  ndim 11
  ncomp 1
  epsrel 0
  epsabs 0
  flags 291
  seed 153
  mineval 1
  maxeval 1
  nstart 1000000
  nincrease 500000
  nbatch 1000
  gridno 1
  statefile "vegas_last_iter14"

Restoring state from vegas_last_iter14.

Iteration 3:  4500000 integrand evaluations so far
[1] -4.12065e-09 +- 7.84777e-11  	chisq 46.4509 (2 df)

Saving state to vegas_last_iter14.
Vegas input parameters:
  ndim 11
  ncomp 1
  epsrel 0
  epsabs 0
  flags 291
  seed 167
  mineval 1
  maxeval 1
  nstart 1000000
  nincrease 500000
  nbatch 1000
  gridno 1
  statefile "vegas_last_iter14"

Restoring state from vegas_last_iter14.

Iteration 4:  7000000 integrand evaluations so far
[1] -4.41866e-09 +- 2.72138e-11  	chisq 62.8424 (3 df)

Saving state to vegas_last_iter14.
Vegas input parameters:
  ndim 11
  ncomp 1
  epsrel 0
  epsabs 0
  flags 291
  seed 181
  mineval 1
  maxeval 1
  nstart 1000000
  nincrease 500000
  nbatch 1000
  gridno 1
  statefile "vegas_last_iter14"

Restoring state from vegas_last_iter14.

Iteration 5:  10000000 integrand evaluations so far
[1] -4.48511e-09 +- 8.78549e-12  	chisq 69.4981 (4 df)

Saving state to vegas_last_iter14.
Vegas input parameters:
  ndim 11
  ncomp 1
  epsrel 0
  epsabs 0
  flags 291
  seed 195
  mineval 1
  maxeval 1
  nstart 1000000
  nincrease 500000
  nbatch 1000
  gridno 1
  statefile "vegas_last_iter14"

Restoring state from vegas_last_iter14.

Iteration 6:  13500000 integrand evaluations so far
[1] -4.50112e-09 +- 4.13106e-12  	chisq 73.7599 (5 df)

Saving state to vegas_last_iter14.
Vegas input parameters:
  ndim 11
  ncomp 1
  epsrel 0
  epsabs 0
  flags 291
  seed 209
  mineval 1
  maxeval 1
  nstart 1000000
  nincrease 500000
  nbatch 1000
  gridno 1
  statefile "vegas_last_iter14"

Restoring state from vegas_last_iter14.

Iteration 7:  17500000 integrand evaluations so far
[1] -4.50326e-09 +- 2.64158e-12  	chisq 74.2146 (6 df)

Saving state to vegas_last_iter14.
Vegas input parameters:
  ndim 11
  ncomp 1
  epsrel 0
  epsabs 0
  flags 291
  seed 223
  mineval 1
  maxeval 1
  nstart 1000000
  nincrease 500000
  nbatch 1000
  gridno 1
  statefile "vegas_last_iter14"

Restoring state from vegas_last_iter14.

Iteration 8:  22000000 integrand evaluations so far
[1] -4.50107e-09 +- 1.97593e-12  	chisq 75.7719 (7 df)

Saving state to vegas_last_iter14.
Vegas input parameters:
  ndim 11
  ncomp 1
  epsrel 0
  epsabs 0
  flags 291
  seed 237
  mineval 1
  maxeval 1
  nstart 1000000
  nincrease 500000
  nbatch 1000
  gridno 1
  statefile "vegas_last_iter14"

Restoring state from vegas_last_iter14.

Iteration 9:  27000000 integrand evaluations so far
[1] -4.50133e-09 +- 1.60183e-12  	chisq 75.8209 (8 df)

Saving state to vegas_last_iter14.
Vegas input parameters:
  ndim 11
  ncomp 1
  epsrel 0
  epsabs 0
  flags 291
  seed 251
  mineval 1
  maxeval 1
  nstart 1000000
  nincrease 500000
  nbatch 1000
  gridno 1
  statefile "vegas_last_iter14"

Restoring state from vegas_last_iter14.

Iteration 10:  32500000 integrand evaluations so far
[1] -4.50261e-09 +- 1.3599e-12  	chisq 78.1365 (9 df)

Saving state to vegas_last_iter14.
Vegas input parameters:
  ndim 11
  ncomp 1
  epsrel 0
  epsabs 0
  flags 291
  seed 265
  mineval 1
  maxeval 1
  nstart 1000000
  nincrease 500000
  nbatch 1000
  gridno 1
  statefile "vegas_last_iter14"

Restoring state from vegas_last_iter14.

Iteration 11:  38500000 integrand evaluations so far
[1] -4.5029e-09 +- 1.18962e-12  	chisq 78.3321 (10 df)

Saving state to vegas_last_iter14.
Vegas input parameters:
  ndim 11
  ncomp 1
  epsrel 0
  epsabs 0
  flags 291
  seed 279
  mineval 1
  maxeval 1
  nstart 1000000
  nincrease 500000
  nbatch 1000
  gridno 1
  statefile "vegas_last_iter14"

Restoring state from vegas_last_iter14.

Iteration 12:  45000000 integrand evaluations so far
[1] -4.50355e-09 +- 1.06132e-12  	chisq 79.7888 (11 df)

Saving state to vegas_last_iter14.
Vegas input parameters:
  ndim 11
  ncomp 1
  epsrel 0
  epsabs 0
  flags 291
  seed 293
  mineval 1
  maxeval 1
  nstart 1000000
  nincrease 500000
  nbatch 1000
  gridno 1
  statefile "vegas_last_iter14"

Restoring state from vegas_last_iter14.

Iteration 13:  52000000 integrand evaluations so far
[1] -4.50358e-09 +- 9.6073e-13  	chisq 79.7935 (12 df)

Saving state to vegas_last_iter14.
Vegas input parameters:
  ndim 11
  ncomp 1
  epsrel 0
  epsabs 0
  flags 291
  seed 307
  mineval 1
  maxeval 1
  nstart 1000000
  nincrease 500000
  nbatch 1000
  gridno 1
  statefile "vegas_last_iter14"

Restoring state from vegas_last_iter14.

Iteration 14:  59500000 integrand evaluations so far
[1] -4.50342e-09 +- 8.79273e-13  	chisq 79.9737 (13 df)

Saving state to vegas_last_iter14.
Vegas input parameters:
  ndim 11
  ncomp 1
  epsrel 0
  epsabs 0
  flags 291
  seed 321
  mineval 1
  maxeval 1
  nstart 1000000
  nincrease 500000
  nbatch 1000
  gridno 1
  statefile "vegas_last_iter14"

Restoring state from vegas_last_iter14.

Iteration 15:  67500000 integrand evaluations so far
[1] -4.50347e-09 +- 8.11914e-13  	chisq 79.9927 (14 df)

Saving state to vegas_last_iter14.
Vegas input parameters:
  ndim 11
  ncomp 1
  epsrel 0
  epsabs 0
  flags 291
  seed 335
  mineval 1
  maxeval 1
  nstart 1000000
  nincrease 500000
  nbatch 1000
  gridno 1
  statefile "vegas_last_iter14"

Restoring state from vegas_last_iter14.

Iteration 16:  76000000 integrand evaluations so far
[1] -4.503e-09 +- 7.54825e-13  	chisq 82.4439 (15 df)

Saving state to vegas_last_iter14.
Vegas input parameters:
  ndim 11
  ncomp 1
  epsrel 0
  epsabs 0
  flags 291
  seed 349
  mineval 1
  maxeval 1
  nstart 1000000
  nincrease 500000
  nbatch 1000
  gridno 1
  statefile "vegas_last_iter14"

Restoring state from vegas_last_iter14.

Iteration 17:  85000000 integrand evaluations so far
[1] -4.50316e-09 +- 7.05719e-13  	chisq 82.7858 (16 df)

Saving state to vegas_last_iter14.
Vegas input parameters:
  ndim 11
  ncomp 1
  epsrel 0
  epsabs 0
  flags 291
  seed 363
  mineval 1
  maxeval 1
  nstart 1000000
  nincrease 500000
  nbatch 1000
  gridno 1
  statefile "vegas_last_iter14"

Restoring state from vegas_last_iter14.

Iteration 18:  94500000 integrand evaluations so far
[1] -4.50294e-09 +- 6.63032e-13  	chisq 83.5978 (17 df)

Saving state to vegas_last_iter14.
Vegas input parameters:
  ndim 11
  ncomp 1
  epsrel 0
  epsabs 0
  flags 291
  seed 377
  mineval 1
  maxeval 1
  nstart 1000000
  nincrease 500000
  nbatch 1000
  gridno 1
  statefile "vegas_last_iter14"

Restoring state from vegas_last_iter14.

Iteration 19:  104500000 integrand evaluations so far
[1] -4.50295e-09 +- 6.2557e-13  	chisq 83.6007 (18 df)

Saving state to vegas_last_iter14.
Vegas input parameters:
  ndim 11
  ncomp 1
  epsrel 0
  epsabs 0
  flags 291
  seed 391
  mineval 1
  maxeval 1
  nstart 1000000
  nincrease 500000
  nbatch 1000
  gridno 1
  statefile "vegas_last_iter14"

Restoring state from vegas_last_iter14.

Iteration 20:  115000000 integrand evaluations so far
[1] -4.50299e-09 +- 5.92327e-13  	chisq 83.6398 (19 df)

Saving state to vegas_last_iter14.
Vegas input parameters:
  ndim 11
  ncomp 1
  epsrel 0
  epsabs 0
  flags 291
  seed 405
  mineval 1
  maxeval 1
  nstart 1000000
  nincrease 500000
  nbatch 1000
  gridno 1
  statefile "vegas_last_iter14"

Restoring state from vegas_last_iter14.

Iteration 21:  126000000 integrand evaluations so far
[1] -4.5029e-09 +- 5.62625e-13  	chisq 83.8615 (20 df)

Saving state to vegas_last_iter14.
Vegas input parameters:
  ndim 11
  ncomp 1
  epsrel 0
  epsabs 0
  flags 291
  seed 419
  mineval 1
  maxeval 1
  nstart 1000000
  nincrease 500000
  nbatch 1000
  gridno 1
  statefile "vegas_last_iter14"

Restoring state from vegas_last_iter14.

Iteration 22:  137500000 integrand evaluations so far
[1] -4.503e-09 +- 5.35868e-13  	chisq 84.1826 (21 df)

Saving state to vegas_last_iter14.
Vegas input parameters:
  ndim 11
  ncomp 1
  epsrel 0
  epsabs 0
  flags 291
  seed 433
  mineval 1
  maxeval 1
  nstart 1000000
  nincrease 500000
  nbatch 1000
  gridno 1
  statefile "vegas_last_iter14"

Restoring state from vegas_last_iter14.

Iteration 23:  149500000 integrand evaluations so far
[1] -4.50304e-09 +- 5.11643e-13  	chisq 84.2552 (22 df)

Saving state to vegas_last_iter14.
Vegas input parameters:
  ndim 11
  ncomp 1
  epsrel 0
  epsabs 0
  flags 291
  seed 447
  mineval 1
  maxeval 1
  nstart 1000000
  nincrease 500000
  nbatch 1000
  gridno 1
  statefile "vegas_last_iter14"

Restoring state from vegas_last_iter14.

Iteration 24:  162000000 integrand evaluations so far
[1] -4.50302e-09 +- 4.89568e-13  	chisq 84.2831 (23 df)

Saving state to vegas_last_iter14.
Vegas input parameters:
  ndim 11
  ncomp 1
  epsrel 0
  epsabs 0
  flags 291
  seed 461
  mineval 1
  maxeval 1
  nstart 1000000
  nincrease 500000
  nbatch 1000
  gridno 1
  statefile "vegas_last_iter14"

Restoring state from vegas_last_iter14.

Iteration 25:  175000000 integrand evaluations so far
[1] -4.50294e-09 +- 4.69399e-13  	chisq 84.572 (24 df)

Saving state to vegas_last_iter14.
Vegas input parameters:
  ndim 11
  ncomp 1
  epsrel 0
  epsabs 0
  flags 291
  seed 475
  mineval 1
  maxeval 1
  nstart 1000000
  nincrease 500000
  nbatch 1000
  gridno 1
  statefile "vegas_last_iter14"

Restoring state from vegas_last_iter14.

Iteration 26:  188500000 integrand evaluations so far
[1] -4.50322e-09 +- 4.50898e-13  	chisq 89.0211 (25 df)

Saving state to vegas_last_iter14.
Vegas input parameters:
  ndim 11
  ncomp 1
  epsrel 0
  epsabs 0
  flags 291
  seed 489
  mineval 1
  maxeval 1
  nstart 1000000
  nincrease 500000
  nbatch 1000
  gridno 1
  statefile "vegas_last_iter14"

Restoring state from vegas_last_iter14.

Iteration 27:  202500000 integrand evaluations so far
[1] -4.50321e-09 +- 4.33857e-13  	chisq 89.0225 (26 df)

Saving state to vegas_last_iter14.
Thanks for using LHAPDF 6.2.1. Please make sure to cite the paper:
  Eur.Phys.J. C75 (2015) 3, 132  (http://arxiv.org/abs/1412.7420)
 method   =Vegas  
 nregions =           1
 neval    =   202500000
 fail     =           1
 -0.450321284014E-08 +-   0.433857109166E-12   p =    1.000
