LHAPDF 6.2.1 loading /cvmfs/cms.cern.ch/slc6_amd64_gcc630/external/lhapdf/6.2.1-omkpbe3/share/LHAPDF/NNPDF31_nnlo_as_0118_nf_4/NNPDF31_nnlo_as_0118_nf_4_0000.dat
NNPDF31_nnlo_as_0118_nf_4 PDF set, member #0, version 1; LHAPDF ID = 320900
Vegas input parameters:
  ndim 11
  ncomp 1
  epsrel 0
  epsabs 0
  flags 291
  seed 211
  mineval 1
  maxeval 1
  nstart 1000000
  nincrease 500000
  nbatch 1000
  gridno 1
  statefile "vegas_last_iter100"

Iteration 1:  1000000 integrand evaluations so far
[1] -9.60434e-07 +- 1.18204e-06  	chisq 0 (0 df)

Saving state to vegas_last_iter100.
Vegas input parameters:
  ndim 11
  ncomp 1
  epsrel 0
  epsabs 0
  flags 291
  seed 311
  mineval 1
  maxeval 1
  nstart 1000000
  nincrease 500000
  nbatch 1000
  gridno 1
  statefile "vegas_last_iter100"

Restoring state from vegas_last_iter100.

Iteration 2:  2500000 integrand evaluations so far
[1] 3.56581e-07 +- 3.06551e-07  	chisq 1.33094 (1 df)

Saving state to vegas_last_iter100.
Vegas input parameters:
  ndim 11
  ncomp 1
  epsrel 0
  epsabs 0
  flags 291
  seed 411
  mineval 1
  maxeval 1
  nstart 1000000
  nincrease 500000
  nbatch 1000
  gridno 1
  statefile "vegas_last_iter100"

Restoring state from vegas_last_iter100.

Iteration 3:  4500000 integrand evaluations so far
[1] 7.42693e-07 +- 1.91111e-07  	chisq 3.92593 (2 df)

Saving state to vegas_last_iter100.
Vegas input parameters:
  ndim 11
  ncomp 1
  epsrel 0
  epsabs 0
  flags 291
  seed 511
  mineval 1
  maxeval 1
  nstart 1000000
  nincrease 500000
  nbatch 1000
  gridno 1
  statefile "vegas_last_iter100"

Restoring state from vegas_last_iter100.

Iteration 4:  7000000 integrand evaluations so far
[1] 7.6388e-07 +- 7.67994e-08  	chisq 3.94059 (3 df)

Saving state to vegas_last_iter100.
Vegas input parameters:
  ndim 11
  ncomp 1
  epsrel 0
  epsabs 0
  flags 291
  seed 611
  mineval 1
  maxeval 1
  nstart 1000000
  nincrease 500000
  nbatch 1000
  gridno 1
  statefile "vegas_last_iter100"

Restoring state from vegas_last_iter100.

Iteration 5:  10000000 integrand evaluations so far
[1] 7.80258e-07 +- 1.8073e-08  	chisq 3.98873 (4 df)

Saving state to vegas_last_iter100.
Vegas input parameters:
  ndim 11
  ncomp 1
  epsrel 0
  epsabs 0
  flags 291
  seed 711
  mineval 1
  maxeval 1
  nstart 1000000
  nincrease 500000
  nbatch 1000
  gridno 1
  statefile "vegas_last_iter100"

Restoring state from vegas_last_iter100.

Iteration 6:  13500000 integrand evaluations so far
[1] 7.63691e-07 +- 5.52596e-09  	chisq 4.91563 (5 df)

Saving state to vegas_last_iter100.
Vegas input parameters:
  ndim 11
  ncomp 1
  epsrel 0
  epsabs 0
  flags 291
  seed 811
  mineval 1
  maxeval 1
  nstart 1000000
  nincrease 500000
  nbatch 1000
  gridno 1
  statefile "vegas_last_iter100"

Restoring state from vegas_last_iter100.

Iteration 7:  17500000 integrand evaluations so far
[1] 7.54288e-07 +- 3.20835e-09  	chisq 9.28423 (6 df)

Saving state to vegas_last_iter100.
Vegas input parameters:
  ndim 11
  ncomp 1
  epsrel 0
  epsabs 0
  flags 291
  seed 911
  mineval 1
  maxeval 1
  nstart 1000000
  nincrease 500000
  nbatch 1000
  gridno 1
  statefile "vegas_last_iter100"

Restoring state from vegas_last_iter100.

Iteration 8:  22000000 integrand evaluations so far
[1] 7.56056e-07 +- 2.30304e-09  	chisq 9.91096 (7 df)

Saving state to vegas_last_iter100.
Vegas input parameters:
  ndim 11
  ncomp 1
  epsrel 0
  epsabs 0
  flags 291
  seed 1011
  mineval 1
  maxeval 1
  nstart 1000000
  nincrease 500000
  nbatch 1000
  gridno 1
  statefile "vegas_last_iter100"

Restoring state from vegas_last_iter100.

Iteration 9:  27000000 integrand evaluations so far
[1] 7.57054e-07 +- 1.84267e-09  	chisq 10.4324 (8 df)

Saving state to vegas_last_iter100.
Vegas input parameters:
  ndim 11
  ncomp 1
  epsrel 0
  epsabs 0
  flags 291
  seed 1111
  mineval 1
  maxeval 1
  nstart 1000000
  nincrease 500000
  nbatch 1000
  gridno 1
  statefile "vegas_last_iter100"

Restoring state from vegas_last_iter100.

Iteration 10:  32500000 integrand evaluations so far
[1] 7.57582e-07 +- 1.55105e-09  	chisq 10.7142 (9 df)

Saving state to vegas_last_iter100.
Vegas input parameters:
  ndim 11
  ncomp 1
  epsrel 0
  epsabs 0
  flags 291
  seed 1211
  mineval 1
  maxeval 1
  nstart 1000000
  nincrease 500000
  nbatch 1000
  gridno 1
  statefile "vegas_last_iter100"

Restoring state from vegas_last_iter100.

Iteration 11:  38500000 integrand evaluations so far
[1] 7.57195e-07 +- 1.34785e-09  	chisq 10.9684 (10 df)

Saving state to vegas_last_iter100.
Vegas input parameters:
  ndim 11
  ncomp 1
  epsrel 0
  epsabs 0
  flags 291
  seed 1311
  mineval 1
  maxeval 1
  nstart 1000000
  nincrease 500000
  nbatch 1000
  gridno 1
  statefile "vegas_last_iter100"

Restoring state from vegas_last_iter100.

Iteration 12:  45000000 integrand evaluations so far
[1] 7.57191e-07 +- 1.19616e-09  	chisq 10.9684 (11 df)

Saving state to vegas_last_iter100.
Vegas input parameters:
  ndim 11
  ncomp 1
  epsrel 0
  epsabs 0
  flags 291
  seed 1411
  mineval 1
  maxeval 1
  nstart 1000000
  nincrease 500000
  nbatch 1000
  gridno 1
  statefile "vegas_last_iter100"

Restoring state from vegas_last_iter100.

Iteration 13:  52000000 integrand evaluations so far
[1] 7.57494e-07 +- 1.07776e-09  	chisq 11.3091 (12 df)

Saving state to vegas_last_iter100.
Vegas input parameters:
  ndim 11
  ncomp 1
  epsrel 0
  epsabs 0
  flags 291
  seed 1511
  mineval 1
  maxeval 1
  nstart 1000000
  nincrease 500000
  nbatch 1000
  gridno 1
  statefile "vegas_last_iter100"

Restoring state from vegas_last_iter100.

Iteration 14:  59500000 integrand evaluations so far
[1] 7.57214e-07 +- 9.8268e-10  	chisq 11.7081 (13 df)

Saving state to vegas_last_iter100.
Vegas input parameters:
  ndim 11
  ncomp 1
  epsrel 0
  epsabs 0
  flags 291
  seed 1611
  mineval 1
  maxeval 1
  nstart 1000000
  nincrease 500000
  nbatch 1000
  gridno 1
  statefile "vegas_last_iter100"

Restoring state from vegas_last_iter100.

Iteration 15:  67500000 integrand evaluations so far
[1] 7.57379e-07 +- 9.04616e-10  	chisq 11.8931 (14 df)

Saving state to vegas_last_iter100.
Vegas input parameters:
  ndim 11
  ncomp 1
  epsrel 0
  epsabs 0
  flags 291
  seed 1711
  mineval 1
  maxeval 1
  nstart 1000000
  nincrease 500000
  nbatch 1000
  gridno 1
  statefile "vegas_last_iter100"

Restoring state from vegas_last_iter100.

Iteration 16:  76000000 integrand evaluations so far
[1] 7.57381e-07 +- 8.39115e-10  	chisq 11.8931 (15 df)

Saving state to vegas_last_iter100.
Vegas input parameters:
  ndim 11
  ncomp 1
  epsrel 0
  epsabs 0
  flags 291
  seed 1811
  mineval 1
  maxeval 1
  nstart 1000000
  nincrease 500000
  nbatch 1000
  gridno 1
  statefile "vegas_last_iter100"

Restoring state from vegas_last_iter100.

Iteration 17:  85000000 integrand evaluations so far
[1] 7.57488e-07 +- 7.83108e-10  	chisq 12.0194 (16 df)

Saving state to vegas_last_iter100.
Vegas input parameters:
  ndim 11
  ncomp 1
  epsrel 0
  epsabs 0
  flags 291
  seed 1911
  mineval 1
  maxeval 1
  nstart 1000000
  nincrease 500000
  nbatch 1000
  gridno 1
  statefile "vegas_last_iter100"

Restoring state from vegas_last_iter100.

Iteration 18:  94500000 integrand evaluations so far
[1] 7.57545e-07 +- 7.34703e-10  	chisq 12.0627 (17 df)

Saving state to vegas_last_iter100.
Vegas input parameters:
  ndim 11
  ncomp 1
  epsrel 0
  epsabs 0
  flags 291
  seed 2011
  mineval 1
  maxeval 1
  nstart 1000000
  nincrease 500000
  nbatch 1000
  gridno 1
  statefile "vegas_last_iter100"

Restoring state from vegas_last_iter100.

Iteration 19:  104500000 integrand evaluations so far
[1] 7.57164e-07 +- 6.92339e-10  	chisq 14.4581 (18 df)

Saving state to vegas_last_iter100.
Vegas input parameters:
  ndim 11
  ncomp 1
  epsrel 0
  epsabs 0
  flags 291
  seed 2111
  mineval 1
  maxeval 1
  nstart 1000000
  nincrease 500000
  nbatch 1000
  gridno 1
  statefile "vegas_last_iter100"

Restoring state from vegas_last_iter100.

Iteration 20:  115000000 integrand evaluations so far
[1] 7.57096e-07 +- 6.54952e-10  	chisq 14.551 (19 df)

Saving state to vegas_last_iter100.
Vegas input parameters:
  ndim 11
  ncomp 1
  epsrel 0
  epsabs 0
  flags 291
  seed 2211
  mineval 1
  maxeval 1
  nstart 1000000
  nincrease 500000
  nbatch 1000
  gridno 1
  statefile "vegas_last_iter100"

Restoring state from vegas_last_iter100.

Iteration 21:  126000000 integrand evaluations so far
[1] 7.56741e-07 +- 6.21591e-10  	chisq 17.5087 (20 df)

Saving state to vegas_last_iter100.
Vegas input parameters:
  ndim 11
  ncomp 1
  epsrel 0
  epsabs 0
  flags 291
  seed 2311
  mineval 1
  maxeval 1
  nstart 1000000
  nincrease 500000
  nbatch 1000
  gridno 1
  statefile "vegas_last_iter100"

Restoring state from vegas_last_iter100.

Iteration 22:  137500000 integrand evaluations so far
[1] 7.5678e-07 +- 5.9162e-10  	chisq 17.5501 (21 df)

Saving state to vegas_last_iter100.
Vegas input parameters:
  ndim 11
  ncomp 1
  epsrel 0
  epsabs 0
  flags 291
  seed 2411
  mineval 1
  maxeval 1
  nstart 1000000
  nincrease 500000
  nbatch 1000
  gridno 1
  statefile "vegas_last_iter100"

Restoring state from vegas_last_iter100.

Iteration 23:  149500000 integrand evaluations so far
[1] 7.56689e-07 +- 5.64625e-10  	chisq 17.8142 (22 df)

Saving state to vegas_last_iter100.
Vegas input parameters:
  ndim 11
  ncomp 1
  epsrel 0
  epsabs 0
  flags 291
  seed 2511
  mineval 1
  maxeval 1
  nstart 1000000
  nincrease 500000
  nbatch 1000
  gridno 1
  statefile "vegas_last_iter100"

Restoring state from vegas_last_iter100.

Iteration 24:  162000000 integrand evaluations so far
[1] 7.56711e-07 +- 5.40892e-10  	chisq 17.8318 (23 df)

Saving state to vegas_last_iter100.
Vegas input parameters:
  ndim 11
  ncomp 1
  epsrel 0
  epsabs 0
  flags 291
  seed 2611
  mineval 1
  maxeval 1
  nstart 1000000
  nincrease 500000
  nbatch 1000
  gridno 1
  statefile "vegas_last_iter100"

Restoring state from vegas_last_iter100.

Iteration 25:  175000000 integrand evaluations so far
[1] 7.56828e-07 +- 5.19116e-10  	chisq 18.4329 (24 df)

Saving state to vegas_last_iter100.
Vegas input parameters:
  ndim 11
  ncomp 1
  epsrel 0
  epsabs 0
  flags 291
  seed 2711
  mineval 1
  maxeval 1
  nstart 1000000
  nincrease 500000
  nbatch 1000
  gridno 1
  statefile "vegas_last_iter100"

Restoring state from vegas_last_iter100.

Iteration 26:  188500000 integrand evaluations so far
[1] 7.56993e-07 +- 4.99011e-10  	chisq 19.7561 (25 df)

Saving state to vegas_last_iter100.
Vegas input parameters:
  ndim 11
  ncomp 1
  epsrel 0
  epsabs 0
  flags 291
  seed 2811
  mineval 1
  maxeval 1
  nstart 1000000
  nincrease 500000
  nbatch 1000
  gridno 1
  statefile "vegas_last_iter100"

Restoring state from vegas_last_iter100.

Iteration 27:  202500000 integrand evaluations so far
[1] 7.57024e-07 +- 4.80286e-10  	chisq 19.809 (26 df)

Saving state to vegas_last_iter100.
Thanks for using LHAPDF 6.2.1. Please make sure to cite the paper:
  Eur.Phys.J. C75 (2015) 3, 132  (http://arxiv.org/abs/1412.7420)
 method   =Vegas  
 nregions =           1
 neval    =   202500000
 fail     =           1
  0.757024025407E-06 +-   0.480286179331E-09   p =    0.161
