LHAPDF 6.2.1 loading /cvmfs/cms.cern.ch/slc6_amd64_gcc630/external/lhapdf/6.2.1-omkpbe3/share/LHAPDF/NNPDF31_nnlo_as_0118_nf_4/NNPDF31_nnlo_as_0118_nf_4_0000.dat
NNPDF31_nnlo_as_0118_nf_4 PDF set, member #0, version 1; LHAPDF ID = 320900
Vegas input parameters:
  ndim 11
  ncomp 1
  epsrel 0
  epsabs 0
  flags 291
  seed 191
  mineval 1
  maxeval 1
  nstart 1000000
  nincrease 500000
  nbatch 1000
  gridno 1
  statefile "vegas_last_iter80"

Iteration 1:  1000000 integrand evaluations so far
[1] 1.10544e-06 +- 4.24333e-07  	chisq 0 (0 df)

Saving state to vegas_last_iter80.
Vegas input parameters:
  ndim 11
  ncomp 1
  epsrel 0
  epsabs 0
  flags 291
  seed 271
  mineval 1
  maxeval 1
  nstart 1000000
  nincrease 500000
  nbatch 1000
  gridno 1
  statefile "vegas_last_iter80"

Restoring state from vegas_last_iter80.

Iteration 2:  2500000 integrand evaluations so far
[1] 9.44032e-07 +- 2.74826e-07  	chisq 0.249247 (1 df)

Saving state to vegas_last_iter80.
Vegas input parameters:
  ndim 11
  ncomp 1
  epsrel 0
  epsabs 0
  flags 291
  seed 351
  mineval 1
  maxeval 1
  nstart 1000000
  nincrease 500000
  nbatch 1000
  gridno 1
  statefile "vegas_last_iter80"

Restoring state from vegas_last_iter80.

Iteration 3:  4500000 integrand evaluations so far
[1] 5.33433e-07 +- 5.01451e-08  	chisq 2.55825 (2 df)

Saving state to vegas_last_iter80.
Vegas input parameters:
  ndim 11
  ncomp 1
  epsrel 0
  epsabs 0
  flags 291
  seed 431
  mineval 1
  maxeval 1
  nstart 1000000
  nincrease 500000
  nbatch 1000
  gridno 1
  statefile "vegas_last_iter80"

Restoring state from vegas_last_iter80.

Iteration 4:  7000000 integrand evaluations so far
[1] 5.50772e-07 +- 1.37456e-08  	chisq 2.68753 (3 df)

Saving state to vegas_last_iter80.
Vegas input parameters:
  ndim 11
  ncomp 1
  epsrel 0
  epsabs 0
  flags 291
  seed 511
  mineval 1
  maxeval 1
  nstart 1000000
  nincrease 500000
  nbatch 1000
  gridno 1
  statefile "vegas_last_iter80"

Restoring state from vegas_last_iter80.

Iteration 5:  10000000 integrand evaluations so far
[1] 5.48988e-07 +- 1.36853e-08  	chisq 4.60915 (4 df)

Saving state to vegas_last_iter80.
Vegas input parameters:
  ndim 11
  ncomp 1
  epsrel 0
  epsabs 0
  flags 291
  seed 591
  mineval 1
  maxeval 1
  nstart 1000000
  nincrease 500000
  nbatch 1000
  gridno 1
  statefile "vegas_last_iter80"

Restoring state from vegas_last_iter80.

Iteration 6:  13500000 integrand evaluations so far
[1] 5.48988e-07 +- 1.36853e-08  	chisq 5.50576 (5 df)

Saving state to vegas_last_iter80.
Vegas input parameters:
  ndim 11
  ncomp 1
  epsrel 0
  epsabs 0
  flags 291
  seed 671
  mineval 1
  maxeval 1
  nstart 1000000
  nincrease 500000
  nbatch 1000
  gridno 1
  statefile "vegas_last_iter80"

Restoring state from vegas_last_iter80.

Iteration 7:  17500000 integrand evaluations so far
[1] 5.48988e-07 +- 1.36853e-08  	chisq 5.61716 (6 df)

Saving state to vegas_last_iter80.
Vegas input parameters:
  ndim 11
  ncomp 1
  epsrel 0
  epsabs 0
  flags 291
  seed 751
  mineval 1
  maxeval 1
  nstart 1000000
  nincrease 500000
  nbatch 1000
  gridno 1
  statefile "vegas_last_iter80"

Restoring state from vegas_last_iter80.

Iteration 8:  22000000 integrand evaluations so far
[1] 5.48988e-07 +- 1.36853e-08  	chisq 5.8175 (7 df)

Saving state to vegas_last_iter80.
Vegas input parameters:
  ndim 11
  ncomp 1
  epsrel 0
  epsabs 0
  flags 291
  seed 831
  mineval 1
  maxeval 1
  nstart 1000000
  nincrease 500000
  nbatch 1000
  gridno 1
  statefile "vegas_last_iter80"

Restoring state from vegas_last_iter80.

Iteration 9:  27000000 integrand evaluations so far
[1] 5.48988e-07 +- 1.36853e-08  	chisq 5.86351 (8 df)

Saving state to vegas_last_iter80.
Vegas input parameters:
  ndim 11
  ncomp 1
  epsrel 0
  epsabs 0
  flags 291
  seed 911
  mineval 1
  maxeval 1
  nstart 1000000
  nincrease 500000
  nbatch 1000
  gridno 1
  statefile "vegas_last_iter80"

Restoring state from vegas_last_iter80.

Iteration 10:  32500000 integrand evaluations so far
[1] 5.48988e-07 +- 1.36853e-08  	chisq 6.61008 (9 df)

Saving state to vegas_last_iter80.
Vegas input parameters:
  ndim 11
  ncomp 1
  epsrel 0
  epsabs 0
  flags 291
  seed 991
  mineval 1
  maxeval 1
  nstart 1000000
  nincrease 500000
  nbatch 1000
  gridno 1
  statefile "vegas_last_iter80"

Restoring state from vegas_last_iter80.

Iteration 11:  38500000 integrand evaluations so far
[1] 5.48988e-07 +- 1.36853e-08  	chisq 12.2179 (10 df)

Saving state to vegas_last_iter80.
Vegas input parameters:
  ndim 11
  ncomp 1
  epsrel 0
  epsabs 0
  flags 291
  seed 1071
  mineval 1
  maxeval 1
  nstart 1000000
  nincrease 500000
  nbatch 1000
  gridno 1
  statefile "vegas_last_iter80"

Restoring state from vegas_last_iter80.

Iteration 12:  45000000 integrand evaluations so far
[1] 5.48988e-07 +- 1.36853e-08  	chisq 18.386 (11 df)

Saving state to vegas_last_iter80.
Vegas input parameters:
  ndim 11
  ncomp 1
  epsrel 0
  epsabs 0
  flags 291
  seed 1151
  mineval 1
  maxeval 1
  nstart 1000000
  nincrease 500000
  nbatch 1000
  gridno 1
  statefile "vegas_last_iter80"

Restoring state from vegas_last_iter80.

Iteration 13:  52000000 integrand evaluations so far
[1] 5.48987e-07 +- 1.36853e-08  	chisq 59.1175 (12 df)

Saving state to vegas_last_iter80.
Vegas input parameters:
  ndim 11
  ncomp 1
  epsrel 0
  epsabs 0
  flags 291
  seed 1231
  mineval 1
  maxeval 1
  nstart 1000000
  nincrease 500000
  nbatch 1000
  gridno 1
  statefile "vegas_last_iter80"

Restoring state from vegas_last_iter80.

Iteration 14:  59500000 integrand evaluations so far
[1] 5.48986e-07 +- 1.36853e-08  	chisq 120.081 (13 df)

Saving state to vegas_last_iter80.
Vegas input parameters:
  ndim 11
  ncomp 1
  epsrel 0
  epsabs 0
  flags 291
  seed 1311
  mineval 1
  maxeval 1
  nstart 1000000
  nincrease 500000
  nbatch 1000
  gridno 1
  statefile "vegas_last_iter80"

Restoring state from vegas_last_iter80.

Iteration 15:  67500000 integrand evaluations so far
[1] 5.48986e-07 +- 1.36853e-08  	chisq 121.082 (14 df)

Saving state to vegas_last_iter80.
Vegas input parameters:
  ndim 11
  ncomp 1
  epsrel 0
  epsabs 0
  flags 291
  seed 1391
  mineval 1
  maxeval 1
  nstart 1000000
  nincrease 500000
  nbatch 1000
  gridno 1
  statefile "vegas_last_iter80"

Restoring state from vegas_last_iter80.

Iteration 16:  76000000 integrand evaluations so far
[1] 5.48986e-07 +- 1.36853e-08  	chisq 122.649 (15 df)

Saving state to vegas_last_iter80.
Vegas input parameters:
  ndim 11
  ncomp 1
  epsrel 0
  epsabs 0
  flags 291
  seed 1471
  mineval 1
  maxeval 1
  nstart 1000000
  nincrease 500000
  nbatch 1000
  gridno 1
  statefile "vegas_last_iter80"

Restoring state from vegas_last_iter80.

Iteration 17:  85000000 integrand evaluations so far
[1] 5.48986e-07 +- 1.36853e-08  	chisq 133.388 (16 df)

Saving state to vegas_last_iter80.
Vegas input parameters:
  ndim 11
  ncomp 1
  epsrel 0
  epsabs 0
  flags 291
  seed 1551
  mineval 1
  maxeval 1
  nstart 1000000
  nincrease 500000
  nbatch 1000
  gridno 1
  statefile "vegas_last_iter80"

Restoring state from vegas_last_iter80.

Iteration 18:  94500000 integrand evaluations so far
[1] 5.48986e-07 +- 1.36853e-08  	chisq 133.876 (17 df)

Saving state to vegas_last_iter80.
Vegas input parameters:
  ndim 11
  ncomp 1
  epsrel 0
  epsabs 0
  flags 291
  seed 1631
  mineval 1
  maxeval 1
  nstart 1000000
  nincrease 500000
  nbatch 1000
  gridno 1
  statefile "vegas_last_iter80"

Restoring state from vegas_last_iter80.

Iteration 19:  104500000 integrand evaluations so far
[1] 5.48986e-07 +- 1.36853e-08  	chisq 136.275 (18 df)

Saving state to vegas_last_iter80.
Vegas input parameters:
  ndim 11
  ncomp 1
  epsrel 0
  epsabs 0
  flags 291
  seed 1711
  mineval 1
  maxeval 1
  nstart 1000000
  nincrease 500000
  nbatch 1000
  gridno 1
  statefile "vegas_last_iter80"

Restoring state from vegas_last_iter80.

Iteration 20:  115000000 integrand evaluations so far
[1] 5.48986e-07 +- 1.36853e-08  	chisq 137.437 (19 df)

Saving state to vegas_last_iter80.
Vegas input parameters:
  ndim 11
  ncomp 1
  epsrel 0
  epsabs 0
  flags 291
  seed 1791
  mineval 1
  maxeval 1
  nstart 1000000
  nincrease 500000
  nbatch 1000
  gridno 1
  statefile "vegas_last_iter80"

Restoring state from vegas_last_iter80.

Iteration 21:  126000000 integrand evaluations so far
[1] 5.48986e-07 +- 1.36853e-08  	chisq 138.201 (20 df)

Saving state to vegas_last_iter80.
Vegas input parameters:
  ndim 11
  ncomp 1
  epsrel 0
  epsabs 0
  flags 291
  seed 1871
  mineval 1
  maxeval 1
  nstart 1000000
  nincrease 500000
  nbatch 1000
  gridno 1
  statefile "vegas_last_iter80"

Restoring state from vegas_last_iter80.

Iteration 22:  137500000 integrand evaluations so far
[1] 5.48986e-07 +- 1.36853e-08  	chisq 139.201 (21 df)

Saving state to vegas_last_iter80.
Vegas input parameters:
  ndim 11
  ncomp 1
  epsrel 0
  epsabs 0
  flags 291
  seed 1951
  mineval 1
  maxeval 1
  nstart 1000000
  nincrease 500000
  nbatch 1000
  gridno 1
  statefile "vegas_last_iter80"

Restoring state from vegas_last_iter80.

Iteration 23:  149500000 integrand evaluations so far
[1] 5.48986e-07 +- 1.36853e-08  	chisq 139.232 (22 df)

Saving state to vegas_last_iter80.
Vegas input parameters:
  ndim 11
  ncomp 1
  epsrel 0
  epsabs 0
  flags 291
  seed 2031
  mineval 1
  maxeval 1
  nstart 1000000
  nincrease 500000
  nbatch 1000
  gridno 1
  statefile "vegas_last_iter80"

Restoring state from vegas_last_iter80.

Iteration 24:  162000000 integrand evaluations so far
[1] 5.48986e-07 +- 1.36853e-08  	chisq 142.616 (23 df)

Saving state to vegas_last_iter80.
Vegas input parameters:
  ndim 11
  ncomp 1
  epsrel 0
  epsabs 0
  flags 291
  seed 2111
  mineval 1
  maxeval 1
  nstart 1000000
  nincrease 500000
  nbatch 1000
  gridno 1
  statefile "vegas_last_iter80"

Restoring state from vegas_last_iter80.

Iteration 25:  175000000 integrand evaluations so far
[1] 5.48986e-07 +- 1.36853e-08  	chisq 143.617 (24 df)

Saving state to vegas_last_iter80.
Vegas input parameters:
  ndim 11
  ncomp 1
  epsrel 0
  epsabs 0
  flags 291
  seed 2191
  mineval 1
  maxeval 1
  nstart 1000000
  nincrease 500000
  nbatch 1000
  gridno 1
  statefile "vegas_last_iter80"

Restoring state from vegas_last_iter80.

Iteration 26:  188500000 integrand evaluations so far
[1] 5.48986e-07 +- 1.36853e-08  	chisq 144.075 (25 df)

Saving state to vegas_last_iter80.
Vegas input parameters:
  ndim 11
  ncomp 1
  epsrel 0
  epsabs 0
  flags 291
  seed 2271
  mineval 1
  maxeval 1
  nstart 1000000
  nincrease 500000
  nbatch 1000
  gridno 1
  statefile "vegas_last_iter80"

Restoring state from vegas_last_iter80.

Iteration 27:  202500000 integrand evaluations so far
[1] 5.48986e-07 +- 1.36853e-08  	chisq 145.075 (26 df)

Saving state to vegas_last_iter80.
Thanks for using LHAPDF 6.2.1. Please make sure to cite the paper:
  Eur.Phys.J. C75 (2015) 3, 132  (http://arxiv.org/abs/1412.7420)
 method   =Vegas  
 nregions =           1
 neval    =   202500000
 fail     =           1
  0.548986094329E-06 +-   0.136852768744E-07   p =    1.000
