LHAPDF 6.2.1 loading /cvmfs/cms.cern.ch/slc6_amd64_gcc630/external/lhapdf/6.2.1-omkpbe3/share/LHAPDF/NNPDF31_nnlo_as_0118_nf_4/NNPDF31_nnlo_as_0118_nf_4_0000.dat
NNPDF31_nnlo_as_0118_nf_4 PDF set, member #0, version 1; LHAPDF ID = 320900
Vegas input parameters:
  ndim 11
  ncomp 1
  epsrel 0
  epsabs 0
  flags 291
  seed 180
  mineval 1
  maxeval 1
  nstart 1000000
  nincrease 500000
  nbatch 1000
  gridno 1
  statefile "vegas_last_iter69"

Iteration 1:  1000000 integrand evaluations so far
[1] 1.18792e-07 +- 8.2171e-08  	chisq 0 (0 df)

Saving state to vegas_last_iter69.
Vegas input parameters:
  ndim 11
  ncomp 1
  epsrel 0
  epsabs 0
  flags 291
  seed 249
  mineval 1
  maxeval 1
  nstart 1000000
  nincrease 500000
  nbatch 1000
  gridno 1
  statefile "vegas_last_iter69"

Restoring state from vegas_last_iter69.

Iteration 2:  2500000 integrand evaluations so far
[1] 4.95709e-08 +- 3.05764e-08  	chisq 0.823687 (1 df)

Saving state to vegas_last_iter69.
Vegas input parameters:
  ndim 11
  ncomp 1
  epsrel 0
  epsabs 0
  flags 291
  seed 318
  mineval 1
  maxeval 1
  nstart 1000000
  nincrease 500000
  nbatch 1000
  gridno 1
  statefile "vegas_last_iter69"

Restoring state from vegas_last_iter69.

Iteration 3:  4500000 integrand evaluations so far
[1] 1.25608e-07 +- 7.42778e-09  	chisq 7.39557 (2 df)

Saving state to vegas_last_iter69.
Vegas input parameters:
  ndim 11
  ncomp 1
  epsrel 0
  epsabs 0
  flags 291
  seed 387
  mineval 1
  maxeval 1
  nstart 1000000
  nincrease 500000
  nbatch 1000
  gridno 1
  statefile "vegas_last_iter69"

Restoring state from vegas_last_iter69.

Iteration 4:  7000000 integrand evaluations so far
[1] 1.29469e-07 +- 2.6015e-09  	chisq 7.7037 (3 df)

Saving state to vegas_last_iter69.
Vegas input parameters:
  ndim 11
  ncomp 1
  epsrel 0
  epsabs 0
  flags 291
  seed 456
  mineval 1
  maxeval 1
  nstart 1000000
  nincrease 500000
  nbatch 1000
  gridno 1
  statefile "vegas_last_iter69"

Restoring state from vegas_last_iter69.

Iteration 5:  10000000 integrand evaluations so far
[1] 1.33412e-07 +- 1.79839e-09  	chisq 12.1025 (4 df)

Saving state to vegas_last_iter69.
Vegas input parameters:
  ndim 11
  ncomp 1
  epsrel 0
  epsabs 0
  flags 291
  seed 525
  mineval 1
  maxeval 1
  nstart 1000000
  nincrease 500000
  nbatch 1000
  gridno 1
  statefile "vegas_last_iter69"

Restoring state from vegas_last_iter69.

Iteration 6:  13500000 integrand evaluations so far
[1] 1.34963e-07 +- 8.88983e-10  	chisq 13.0874 (5 df)

Saving state to vegas_last_iter69.
Vegas input parameters:
  ndim 11
  ncomp 1
  epsrel 0
  epsabs 0
  flags 291
  seed 594
  mineval 1
  maxeval 1
  nstart 1000000
  nincrease 500000
  nbatch 1000
  gridno 1
  statefile "vegas_last_iter69"

Restoring state from vegas_last_iter69.

Iteration 7:  17500000 integrand evaluations so far
[1] 1.3613e-07 +- 4.64562e-10  	chisq 15.458 (6 df)

Saving state to vegas_last_iter69.
Vegas input parameters:
  ndim 11
  ncomp 1
  epsrel 0
  epsabs 0
  flags 291
  seed 663
  mineval 1
  maxeval 1
  nstart 1000000
  nincrease 500000
  nbatch 1000
  gridno 1
  statefile "vegas_last_iter69"

Restoring state from vegas_last_iter69.

Iteration 8:  22000000 integrand evaluations so far
[1] 1.35899e-07 +- 3.16804e-10  	chisq 15.9209 (7 df)

Saving state to vegas_last_iter69.
Vegas input parameters:
  ndim 11
  ncomp 1
  epsrel 0
  epsabs 0
  flags 291
  seed 732
  mineval 1
  maxeval 1
  nstart 1000000
  nincrease 500000
  nbatch 1000
  gridno 1
  statefile "vegas_last_iter69"

Restoring state from vegas_last_iter69.

Iteration 9:  27000000 integrand evaluations so far
[1] 1.3563e-07 +- 2.45943e-10  	chisq 17.7372 (8 df)

Saving state to vegas_last_iter69.
Vegas input parameters:
  ndim 11
  ncomp 1
  epsrel 0
  epsabs 0
  flags 291
  seed 801
  mineval 1
  maxeval 1
  nstart 1000000
  nincrease 500000
  nbatch 1000
  gridno 1
  statefile "vegas_last_iter69"

Restoring state from vegas_last_iter69.

Iteration 10:  32500000 integrand evaluations so far
[1] 1.35627e-07 +- 2.03987e-10  	chisq 17.7379 (9 df)

Saving state to vegas_last_iter69.
Vegas input parameters:
  ndim 11
  ncomp 1
  epsrel 0
  epsabs 0
  flags 291
  seed 870
  mineval 1
  maxeval 1
  nstart 1000000
  nincrease 500000
  nbatch 1000
  gridno 1
  statefile "vegas_last_iter69"

Restoring state from vegas_last_iter69.

Iteration 11:  38500000 integrand evaluations so far
[1] 1.35568e-07 +- 1.75957e-10  	chisq 18.0566 (10 df)

Saving state to vegas_last_iter69.
Vegas input parameters:
  ndim 11
  ncomp 1
  epsrel 0
  epsabs 0
  flags 291
  seed 939
  mineval 1
  maxeval 1
  nstart 1000000
  nincrease 500000
  nbatch 1000
  gridno 1
  statefile "vegas_last_iter69"

Restoring state from vegas_last_iter69.

Iteration 12:  45000000 integrand evaluations so far
[1] 1.35629e-07 +- 1.55666e-10  	chisq 18.6052 (11 df)

Saving state to vegas_last_iter69.
Vegas input parameters:
  ndim 11
  ncomp 1
  epsrel 0
  epsabs 0
  flags 291
  seed 1008
  mineval 1
  maxeval 1
  nstart 1000000
  nincrease 500000
  nbatch 1000
  gridno 1
  statefile "vegas_last_iter69"

Restoring state from vegas_last_iter69.

Iteration 13:  52000000 integrand evaluations so far
[1] 1.35602e-07 +- 1.40069e-10  	chisq 18.7644 (12 df)

Saving state to vegas_last_iter69.
Vegas input parameters:
  ndim 11
  ncomp 1
  epsrel 0
  epsabs 0
  flags 291
  seed 1077
  mineval 1
  maxeval 1
  nstart 1000000
  nincrease 500000
  nbatch 1000
  gridno 1
  statefile "vegas_last_iter69"

Restoring state from vegas_last_iter69.

Iteration 14:  59500000 integrand evaluations so far
[1] 1.35544e-07 +- 1.27667e-10  	chisq 19.7963 (13 df)

Saving state to vegas_last_iter69.
Vegas input parameters:
  ndim 11
  ncomp 1
  epsrel 0
  epsabs 0
  flags 291
  seed 1146
  mineval 1
  maxeval 1
  nstart 1000000
  nincrease 500000
  nbatch 1000
  gridno 1
  statefile "vegas_last_iter69"

Restoring state from vegas_last_iter69.

Iteration 15:  67500000 integrand evaluations so far
[1] 1.35537e-07 +- 1.17486e-10  	chisq 19.8131 (14 df)

Saving state to vegas_last_iter69.
Vegas input parameters:
  ndim 11
  ncomp 1
  epsrel 0
  epsabs 0
  flags 291
  seed 1215
  mineval 1
  maxeval 1
  nstart 1000000
  nincrease 500000
  nbatch 1000
  gridno 1
  statefile "vegas_last_iter69"

Restoring state from vegas_last_iter69.

Iteration 16:  76000000 integrand evaluations so far
[1] 1.35441e-07 +- 1.08956e-10  	chisq 24.6225 (15 df)

Saving state to vegas_last_iter69.
Vegas input parameters:
  ndim 11
  ncomp 1
  epsrel 0
  epsabs 0
  flags 291
  seed 1284
  mineval 1
  maxeval 1
  nstart 1000000
  nincrease 500000
  nbatch 1000
  gridno 1
  statefile "vegas_last_iter69"

Restoring state from vegas_last_iter69.

Iteration 17:  85000000 integrand evaluations so far
[1] 1.35417e-07 +- 1.0168e-10  	chisq 24.9778 (16 df)

Saving state to vegas_last_iter69.
Vegas input parameters:
  ndim 11
  ncomp 1
  epsrel 0
  epsabs 0
  flags 291
  seed 1353
  mineval 1
  maxeval 1
  nstart 1000000
  nincrease 500000
  nbatch 1000
  gridno 1
  statefile "vegas_last_iter69"

Restoring state from vegas_last_iter69.

Iteration 18:  94500000 integrand evaluations so far
[1] 1.35433e-07 +- 9.53778e-11  	chisq 25.1793 (17 df)

Saving state to vegas_last_iter69.
Vegas input parameters:
  ndim 11
  ncomp 1
  epsrel 0
  epsabs 0
  flags 291
  seed 1422
  mineval 1
  maxeval 1
  nstart 1000000
  nincrease 500000
  nbatch 1000
  gridno 1
  statefile "vegas_last_iter69"

Restoring state from vegas_last_iter69.

Iteration 19:  104500000 integrand evaluations so far
[1] 1.35432e-07 +- 8.98639e-11  	chisq 25.18 (18 df)

Saving state to vegas_last_iter69.
Vegas input parameters:
  ndim 11
  ncomp 1
  epsrel 0
  epsabs 0
  flags 291
  seed 1491
  mineval 1
  maxeval 1
  nstart 1000000
  nincrease 500000
  nbatch 1000
  gridno 1
  statefile "vegas_last_iter69"

Restoring state from vegas_last_iter69.

Iteration 20:  115000000 integrand evaluations so far
[1] 1.35442e-07 +- 8.49991e-11  	chisq 25.2922 (19 df)

Saving state to vegas_last_iter69.
Vegas input parameters:
  ndim 11
  ncomp 1
  epsrel 0
  epsabs 0
  flags 291
  seed 1560
  mineval 1
  maxeval 1
  nstart 1000000
  nincrease 500000
  nbatch 1000
  gridno 1
  statefile "vegas_last_iter69"

Restoring state from vegas_last_iter69.

Iteration 21:  126000000 integrand evaluations so far
[1] 1.35404e-07 +- 8.06625e-11  	chisq 27.3384 (20 df)

Saving state to vegas_last_iter69.
Vegas input parameters:
  ndim 11
  ncomp 1
  epsrel 0
  epsabs 0
  flags 291
  seed 1629
  mineval 1
  maxeval 1
  nstart 1000000
  nincrease 500000
  nbatch 1000
  gridno 1
  statefile "vegas_last_iter69"

Restoring state from vegas_last_iter69.

Iteration 22:  137500000 integrand evaluations so far
[1] 1.35374e-07 +- 7.67686e-11  	chisq 28.8025 (21 df)

Saving state to vegas_last_iter69.
Vegas input parameters:
  ndim 11
  ncomp 1
  epsrel 0
  epsabs 0
  flags 291
  seed 1698
  mineval 1
  maxeval 1
  nstart 1000000
  nincrease 500000
  nbatch 1000
  gridno 1
  statefile "vegas_last_iter69"

Restoring state from vegas_last_iter69.

Iteration 23:  149500000 integrand evaluations so far
[1] 1.35363e-07 +- 7.3252e-11  	chisq 29.016 (22 df)

Saving state to vegas_last_iter69.
Vegas input parameters:
  ndim 11
  ncomp 1
  epsrel 0
  epsabs 0
  flags 291
  seed 1767
  mineval 1
  maxeval 1
  nstart 1000000
  nincrease 500000
  nbatch 1000
  gridno 1
  statefile "vegas_last_iter69"

Restoring state from vegas_last_iter69.

Iteration 24:  162000000 integrand evaluations so far
[1] 1.35359e-07 +- 7.00588e-11  	chisq 29.057 (23 df)

Saving state to vegas_last_iter69.
Vegas input parameters:
  ndim 11
  ncomp 1
  epsrel 0
  epsabs 0
  flags 291
  seed 1836
  mineval 1
  maxeval 1
  nstart 1000000
  nincrease 500000
  nbatch 1000
  gridno 1
  statefile "vegas_last_iter69"

Restoring state from vegas_last_iter69.

Iteration 25:  175000000 integrand evaluations so far
[1] 1.35393e-07 +- 6.71418e-11  	chisq 31.9567 (24 df)

Saving state to vegas_last_iter69.
Vegas input parameters:
  ndim 11
  ncomp 1
  epsrel 0
  epsabs 0
  flags 291
  seed 1905
  mineval 1
  maxeval 1
  nstart 1000000
  nincrease 500000
  nbatch 1000
  gridno 1
  statefile "vegas_last_iter69"

Restoring state from vegas_last_iter69.

Iteration 26:  188500000 integrand evaluations so far
[1] 1.35409e-07 +- 6.4466e-11  	chisq 32.6645 (25 df)

Saving state to vegas_last_iter69.
Vegas input parameters:
  ndim 11
  ncomp 1
  epsrel 0
  epsabs 0
  flags 291
  seed 1974
  mineval 1
  maxeval 1
  nstart 1000000
  nincrease 500000
  nbatch 1000
  gridno 1
  statefile "vegas_last_iter69"

Restoring state from vegas_last_iter69.

Iteration 27:  202500000 integrand evaluations so far
[1] 1.35409e-07 +- 6.2003e-11  	chisq 32.6655 (26 df)

Saving state to vegas_last_iter69.
Thanks for using LHAPDF 6.2.1. Please make sure to cite the paper:
  Eur.Phys.J. C75 (2015) 3, 132  (http://arxiv.org/abs/1412.7420)
 method   =Vegas  
 nregions =           1
 neval    =   202500000
 fail     =           1
  0.135409246418E-06 +-   0.620029506522E-10   p =    0.792
