LHAPDF 6.2.1 loading /cvmfs/cms.cern.ch/slc6_amd64_gcc630/external/lhapdf/6.2.1-omkpbe3/share/LHAPDF/NNPDF31_nnlo_as_0118_nf_4/NNPDF31_nnlo_as_0118_nf_4_0000.dat
NNPDF31_nnlo_as_0118_nf_4 PDF set, member #0, version 1; LHAPDF ID = 320900
Vegas input parameters:
  ndim 11
  ncomp 1
  epsrel 0
  epsabs 0
  flags 291
  seed 116
  mineval 1
  maxeval 1
  nstart 1000000
  nincrease 500000
  nbatch 1000
  gridno 1
  statefile "vegas_last_iter5"

Iteration 1:  1000000 integrand evaluations so far
[1] -2.015e-07 +- 2.6398e-06  	chisq 0 (0 df)

Saving state to vegas_last_iter5.
Vegas input parameters:
  ndim 11
  ncomp 1
  epsrel 0
  epsabs 0
  flags 291
  seed 121
  mineval 1
  maxeval 1
  nstart 1000000
  nincrease 500000
  nbatch 1000
  gridno 1
  statefile "vegas_last_iter5"

Restoring state from vegas_last_iter5.

Iteration 2:  2500000 integrand evaluations so far
[1] -3.14815e-06 +- 1.55318e-06  	chisq 1.90571 (1 df)

Saving state to vegas_last_iter5.
Vegas input parameters:
  ndim 11
  ncomp 1
  epsrel 0
  epsabs 0
  flags 291
  seed 126
  mineval 1
  maxeval 1
  nstart 1000000
  nincrease 500000
  nbatch 1000
  gridno 1
  statefile "vegas_last_iter5"

Restoring state from vegas_last_iter5.

Iteration 3:  4500000 integrand evaluations so far
[1] -5.4829e-06 +- 1.35926e-06  	chisq 11.5576 (2 df)

Saving state to vegas_last_iter5.
Vegas input parameters:
  ndim 11
  ncomp 1
  epsrel 0
  epsabs 0
  flags 291
  seed 131
  mineval 1
  maxeval 1
  nstart 1000000
  nincrease 500000
  nbatch 1000
  gridno 1
  statefile "vegas_last_iter5"

Restoring state from vegas_last_iter5.

Iteration 4:  7000000 integrand evaluations so far
[1] -9.13274e-06 +- 3.47026e-07  	chisq 19.2704 (3 df)

Saving state to vegas_last_iter5.
Vegas input parameters:
  ndim 11
  ncomp 1
  epsrel 0
  epsabs 0
  flags 291
  seed 136
  mineval 1
  maxeval 1
  nstart 1000000
  nincrease 500000
  nbatch 1000
  gridno 1
  statefile "vegas_last_iter5"

Restoring state from vegas_last_iter5.

Iteration 5:  10000000 integrand evaluations so far
[1] -9.59458e-06 +- 8.19196e-08  	chisq 21.1462 (4 df)

Saving state to vegas_last_iter5.
Vegas input parameters:
  ndim 11
  ncomp 1
  epsrel 0
  epsabs 0
  flags 291
  seed 141
  mineval 1
  maxeval 1
  nstart 1000000
  nincrease 500000
  nbatch 1000
  gridno 1
  statefile "vegas_last_iter5"

Restoring state from vegas_last_iter5.

Iteration 6:  13500000 integrand evaluations so far
[1] -9.56026e-06 +- 2.67667e-08  	chisq 21.3427 (5 df)

Saving state to vegas_last_iter5.
Vegas input parameters:
  ndim 11
  ncomp 1
  epsrel 0
  epsabs 0
  flags 291
  seed 146
  mineval 1
  maxeval 1
  nstart 1000000
  nincrease 500000
  nbatch 1000
  gridno 1
  statefile "vegas_last_iter5"

Restoring state from vegas_last_iter5.

Iteration 7:  17500000 integrand evaluations so far
[1] -9.61875e-06 +- 1.50406e-08  	chisq 28.3224 (6 df)

Saving state to vegas_last_iter5.
Vegas input parameters:
  ndim 11
  ncomp 1
  epsrel 0
  epsabs 0
  flags 291
  seed 151
  mineval 1
  maxeval 1
  nstart 1000000
  nincrease 500000
  nbatch 1000
  gridno 1
  statefile "vegas_last_iter5"

Restoring state from vegas_last_iter5.

Iteration 8:  22000000 integrand evaluations so far
[1] -9.62266e-06 +- 1.075e-08  	chisq 28.4604 (7 df)

Saving state to vegas_last_iter5.
Vegas input parameters:
  ndim 11
  ncomp 1
  epsrel 0
  epsabs 0
  flags 291
  seed 156
  mineval 1
  maxeval 1
  nstart 1000000
  nincrease 500000
  nbatch 1000
  gridno 1
  statefile "vegas_last_iter5"

Restoring state from vegas_last_iter5.

Iteration 9:  27000000 integrand evaluations so far
[1] -9.62415e-06 +- 8.54446e-09  	chisq 28.5125 (8 df)

Saving state to vegas_last_iter5.
Vegas input parameters:
  ndim 11
  ncomp 1
  epsrel 0
  epsabs 0
  flags 291
  seed 161
  mineval 1
  maxeval 1
  nstart 1000000
  nincrease 500000
  nbatch 1000
  gridno 1
  statefile "vegas_last_iter5"

Restoring state from vegas_last_iter5.

Iteration 10:  32500000 integrand evaluations so far
[1] -9.62679e-06 +- 7.18268e-09  	chisq 28.8377 (9 df)

Saving state to vegas_last_iter5.
Vegas input parameters:
  ndim 11
  ncomp 1
  epsrel 0
  epsabs 0
  flags 291
  seed 166
  mineval 1
  maxeval 1
  nstart 1000000
  nincrease 500000
  nbatch 1000
  gridno 1
  statefile "vegas_last_iter5"

Restoring state from vegas_last_iter5.

Iteration 11:  38500000 integrand evaluations so far
[1] -9.62323e-06 +- 6.24651e-09  	chisq 29.8453 (10 df)

Saving state to vegas_last_iter5.
Vegas input parameters:
  ndim 11
  ncomp 1
  epsrel 0
  epsabs 0
  flags 291
  seed 171
  mineval 1
  maxeval 1
  nstart 1000000
  nincrease 500000
  nbatch 1000
  gridno 1
  statefile "vegas_last_iter5"

Restoring state from vegas_last_iter5.

Iteration 12:  45000000 integrand evaluations so far
[1] -9.62075e-06 +- 5.55352e-09  	chisq 30.5932 (11 df)

Saving state to vegas_last_iter5.
Vegas input parameters:
  ndim 11
  ncomp 1
  epsrel 0
  epsabs 0
  flags 291
  seed 176
  mineval 1
  maxeval 1
  nstart 1000000
  nincrease 500000
  nbatch 1000
  gridno 1
  statefile "vegas_last_iter5"

Restoring state from vegas_last_iter5.

Iteration 13:  52000000 integrand evaluations so far
[1] -9.62091e-06 +- 5.01604e-09  	chisq 30.5975 (12 df)

Saving state to vegas_last_iter5.
Vegas input parameters:
  ndim 11
  ncomp 1
  epsrel 0
  epsabs 0
  flags 291
  seed 181
  mineval 1
  maxeval 1
  nstart 1000000
  nincrease 500000
  nbatch 1000
  gridno 1
  statefile "vegas_last_iter5"

Restoring state from vegas_last_iter5.

Iteration 14:  59500000 integrand evaluations so far
[1] -9.62035e-06 +- 4.58307e-09  	chisq 30.6737 (13 df)

Saving state to vegas_last_iter5.
Vegas input parameters:
  ndim 11
  ncomp 1
  epsrel 0
  epsabs 0
  flags 291
  seed 186
  mineval 1
  maxeval 1
  nstart 1000000
  nincrease 500000
  nbatch 1000
  gridno 1
  statefile "vegas_last_iter5"

Restoring state from vegas_last_iter5.

Iteration 15:  67500000 integrand evaluations so far
[1] -9.61841e-06 +- 4.22564e-09  	chisq 31.8627 (14 df)

Saving state to vegas_last_iter5.
Vegas input parameters:
  ndim 11
  ncomp 1
  epsrel 0
  epsabs 0
  flags 291
  seed 191
  mineval 1
  maxeval 1
  nstart 1000000
  nincrease 500000
  nbatch 1000
  gridno 1
  statefile "vegas_last_iter5"

Restoring state from vegas_last_iter5.

Iteration 16:  76000000 integrand evaluations so far
[1] -9.61957e-06 +- 3.92425e-09  	chisq 32.4056 (15 df)

Saving state to vegas_last_iter5.
Vegas input parameters:
  ndim 11
  ncomp 1
  epsrel 0
  epsabs 0
  flags 291
  seed 196
  mineval 1
  maxeval 1
  nstart 1000000
  nincrease 500000
  nbatch 1000
  gridno 1
  statefile "vegas_last_iter5"

Restoring state from vegas_last_iter5.

Iteration 17:  85000000 integrand evaluations so far
[1] -9.62123e-06 +- 3.66598e-09  	chisq 33.8224 (16 df)

Saving state to vegas_last_iter5.
Vegas input parameters:
  ndim 11
  ncomp 1
  epsrel 0
  epsabs 0
  flags 291
  seed 201
  mineval 1
  maxeval 1
  nstart 1000000
  nincrease 500000
  nbatch 1000
  gridno 1
  statefile "vegas_last_iter5"

Restoring state from vegas_last_iter5.

Iteration 18:  94500000 integrand evaluations so far
[1] -9.62309e-06 +- 3.44191e-09  	chisq 35.9917 (17 df)

Saving state to vegas_last_iter5.
Vegas input parameters:
  ndim 11
  ncomp 1
  epsrel 0
  epsabs 0
  flags 291
  seed 206
  mineval 1
  maxeval 1
  nstart 1000000
  nincrease 500000
  nbatch 1000
  gridno 1
  statefile "vegas_last_iter5"

Restoring state from vegas_last_iter5.

Iteration 19:  104500000 integrand evaluations so far
[1] -9.62302e-06 +- 3.24566e-09  	chisq 35.9962 (18 df)

Saving state to vegas_last_iter5.
Vegas input parameters:
  ndim 11
  ncomp 1
  epsrel 0
  epsabs 0
  flags 291
  seed 211
  mineval 1
  maxeval 1
  nstart 1000000
  nincrease 500000
  nbatch 1000
  gridno 1
  statefile "vegas_last_iter5"

Restoring state from vegas_last_iter5.

Iteration 20:  115000000 integrand evaluations so far
[1] -9.62344e-06 +- 3.07172e-09  	chisq 36.1626 (19 df)

Saving state to vegas_last_iter5.
Vegas input parameters:
  ndim 11
  ncomp 1
  epsrel 0
  epsabs 0
  flags 291
  seed 216
  mineval 1
  maxeval 1
  nstart 1000000
  nincrease 500000
  nbatch 1000
  gridno 1
  statefile "vegas_last_iter5"

Restoring state from vegas_last_iter5.

Iteration 21:  126000000 integrand evaluations so far
[1] -9.62226e-06 +- 2.91654e-09  	chisq 37.6842 (20 df)

Saving state to vegas_last_iter5.
Vegas input parameters:
  ndim 11
  ncomp 1
  epsrel 0
  epsabs 0
  flags 291
  seed 221
  mineval 1
  maxeval 1
  nstart 1000000
  nincrease 500000
  nbatch 1000
  gridno 1
  statefile "vegas_last_iter5"

Restoring state from vegas_last_iter5.

Iteration 22:  137500000 integrand evaluations so far
[1] -9.62077e-06 +- 2.77699e-09  	chisq 40.4645 (21 df)

Saving state to vegas_last_iter5.
Vegas input parameters:
  ndim 11
  ncomp 1
  epsrel 0
  epsabs 0
  flags 291
  seed 226
  mineval 1
  maxeval 1
  nstart 1000000
  nincrease 500000
  nbatch 1000
  gridno 1
  statefile "vegas_last_iter5"

Restoring state from vegas_last_iter5.

Iteration 23:  149500000 integrand evaluations so far
[1] -9.61967e-06 +- 2.65071e-09  	chisq 42.2416 (22 df)

Saving state to vegas_last_iter5.
Vegas input parameters:
  ndim 11
  ncomp 1
  epsrel 0
  epsabs 0
  flags 291
  seed 231
  mineval 1
  maxeval 1
  nstart 1000000
  nincrease 500000
  nbatch 1000
  gridno 1
  statefile "vegas_last_iter5"

Restoring state from vegas_last_iter5.

Iteration 24:  162000000 integrand evaluations so far
[1] -9.61989e-06 +- 2.53587e-09  	chisq 42.3264 (23 df)

Saving state to vegas_last_iter5.
Vegas input parameters:
  ndim 11
  ncomp 1
  epsrel 0
  epsabs 0
  flags 291
  seed 236
  mineval 1
  maxeval 1
  nstart 1000000
  nincrease 500000
  nbatch 1000
  gridno 1
  statefile "vegas_last_iter5"

Restoring state from vegas_last_iter5.

Iteration 25:  175000000 integrand evaluations so far
[1] -9.61956e-06 +- 2.43089e-09  	chisq 42.5347 (24 df)

Saving state to vegas_last_iter5.
Vegas input parameters:
  ndim 11
  ncomp 1
  epsrel 0
  epsabs 0
  flags 291
  seed 241
  mineval 1
  maxeval 1
  nstart 1000000
  nincrease 500000
  nbatch 1000
  gridno 1
  statefile "vegas_last_iter5"

Restoring state from vegas_last_iter5.

Iteration 26:  188500000 integrand evaluations so far
[1] -9.6198e-06 +- 2.33459e-09  	chisq 42.6629 (25 df)

Saving state to vegas_last_iter5.
Vegas input parameters:
  ndim 11
  ncomp 1
  epsrel 0
  epsabs 0
  flags 291
  seed 246
  mineval 1
  maxeval 1
  nstart 1000000
  nincrease 500000
  nbatch 1000
  gridno 1
  statefile "vegas_last_iter5"

Restoring state from vegas_last_iter5.

Iteration 27:  202500000 integrand evaluations so far
[1] -9.62035e-06 +- 2.24589e-09  	chisq 43.4067 (26 df)

Saving state to vegas_last_iter5.
Thanks for using LHAPDF 6.2.1. Please make sure to cite the paper:
  Eur.Phys.J. C75 (2015) 3, 132  (http://arxiv.org/abs/1412.7420)
 method   =Vegas  
 nregions =           1
 neval    =   202500000
 fail     =           1
 -0.962035299159E-05 +-   0.224588672249E-08   p =    0.976
