LHAPDF 6.2.1 loading /cvmfs/cms.cern.ch/slc6_amd64_gcc630/external/lhapdf/6.2.1-omkpbe3/share/LHAPDF/NNPDF31_nnlo_as_0118_nf_4/NNPDF31_nnlo_as_0118_nf_4_0000.dat
NNPDF31_nnlo_as_0118_nf_4 PDF set, member #0, version 1; LHAPDF ID = 320900
Vegas input parameters:
  ndim 11
  ncomp 1
  epsrel 0
  epsabs 0
  flags 291
  seed 166
  mineval 1
  maxeval 1
  nstart 1000000
  nincrease 500000
  nbatch 1000
  gridno 1
  statefile "vegas_last_iter55"

Iteration 1:  1000000 integrand evaluations so far
[1] -7.86743e-07 +- 4.42246e-07  	chisq 0 (0 df)

Saving state to vegas_last_iter55.
Vegas input parameters:
  ndim 11
  ncomp 1
  epsrel 0
  epsabs 0
  flags 291
  seed 221
  mineval 1
  maxeval 1
  nstart 1000000
  nincrease 500000
  nbatch 1000
  gridno 1
  statefile "vegas_last_iter55"

Restoring state from vegas_last_iter55.

Iteration 2:  2500000 integrand evaluations so far
[1] -4.67836e-07 +- 1.43821e-07  	chisq 0.581495 (1 df)

Saving state to vegas_last_iter55.
Vegas input parameters:
  ndim 11
  ncomp 1
  epsrel 0
  epsabs 0
  flags 291
  seed 276
  mineval 1
  maxeval 1
  nstart 1000000
  nincrease 500000
  nbatch 1000
  gridno 1
  statefile "vegas_last_iter55"

Restoring state from vegas_last_iter55.

Iteration 3:  4500000 integrand evaluations so far
[1] -4.40071e-07 +- 1.19303e-07  	chisq 0.700996 (2 df)

Saving state to vegas_last_iter55.
Vegas input parameters:
  ndim 11
  ncomp 1
  epsrel 0
  epsabs 0
  flags 291
  seed 331
  mineval 1
  maxeval 1
  nstart 1000000
  nincrease 500000
  nbatch 1000
  gridno 1
  statefile "vegas_last_iter55"

Restoring state from vegas_last_iter55.

Iteration 4:  7000000 integrand evaluations so far
[1] -3.6423e-07 +- 3.17023e-08  	chisq 1.13581 (3 df)

Saving state to vegas_last_iter55.
Vegas input parameters:
  ndim 11
  ncomp 1
  epsrel 0
  epsabs 0
  flags 291
  seed 386
  mineval 1
  maxeval 1
  nstart 1000000
  nincrease 500000
  nbatch 1000
  gridno 1
  statefile "vegas_last_iter55"

Restoring state from vegas_last_iter55.

Iteration 5:  10000000 integrand evaluations so far
[1] -3.84895e-07 +- 9.84013e-09  	chisq 1.60602 (4 df)

Saving state to vegas_last_iter55.
Vegas input parameters:
  ndim 11
  ncomp 1
  epsrel 0
  epsabs 0
  flags 291
  seed 441
  mineval 1
  maxeval 1
  nstart 1000000
  nincrease 500000
  nbatch 1000
  gridno 1
  statefile "vegas_last_iter55"

Restoring state from vegas_last_iter55.

Iteration 6:  13500000 integrand evaluations so far
[1] -3.88405e-07 +- 4.69871e-09  	chisq 1.77084 (5 df)

Saving state to vegas_last_iter55.
Vegas input parameters:
  ndim 11
  ncomp 1
  epsrel 0
  epsabs 0
  flags 291
  seed 496
  mineval 1
  maxeval 1
  nstart 1000000
  nincrease 500000
  nbatch 1000
  gridno 1
  statefile "vegas_last_iter55"

Restoring state from vegas_last_iter55.

Iteration 7:  17500000 integrand evaluations so far
[1] -3.85602e-07 +- 3.0861e-09  	chisq 2.39658 (6 df)

Saving state to vegas_last_iter55.
Vegas input parameters:
  ndim 11
  ncomp 1
  epsrel 0
  epsabs 0
  flags 291
  seed 551
  mineval 1
  maxeval 1
  nstart 1000000
  nincrease 500000
  nbatch 1000
  gridno 1
  statefile "vegas_last_iter55"

Restoring state from vegas_last_iter55.

Iteration 8:  22000000 integrand evaluations so far
[1] -3.86384e-07 +- 2.34573e-09  	chisq 2.54848 (7 df)

Saving state to vegas_last_iter55.
Vegas input parameters:
  ndim 11
  ncomp 1
  epsrel 0
  epsabs 0
  flags 291
  seed 606
  mineval 1
  maxeval 1
  nstart 1000000
  nincrease 500000
  nbatch 1000
  gridno 1
  statefile "vegas_last_iter55"

Restoring state from vegas_last_iter55.

Iteration 9:  27000000 integrand evaluations so far
[1] -3.87196e-07 +- 1.92268e-09  	chisq 2.91338 (8 df)

Saving state to vegas_last_iter55.
Vegas input parameters:
  ndim 11
  ncomp 1
  epsrel 0
  epsabs 0
  flags 291
  seed 661
  mineval 1
  maxeval 1
  nstart 1000000
  nincrease 500000
  nbatch 1000
  gridno 1
  statefile "vegas_last_iter55"

Restoring state from vegas_last_iter55.

Iteration 10:  32500000 integrand evaluations so far
[1] -3.86808e-07 +- 1.64533e-09  	chisq 3.06489 (9 df)

Saving state to vegas_last_iter55.
Vegas input parameters:
  ndim 11
  ncomp 1
  epsrel 0
  epsabs 0
  flags 291
  seed 716
  mineval 1
  maxeval 1
  nstart 1000000
  nincrease 500000
  nbatch 1000
  gridno 1
  statefile "vegas_last_iter55"

Restoring state from vegas_last_iter55.

Iteration 11:  38500000 integrand evaluations so far
[1] -3.86101e-07 +- 1.44622e-09  	chisq 3.87806 (10 df)

Saving state to vegas_last_iter55.
Vegas input parameters:
  ndim 11
  ncomp 1
  epsrel 0
  epsabs 0
  flags 291
  seed 771
  mineval 1
  maxeval 1
  nstart 1000000
  nincrease 500000
  nbatch 1000
  gridno 1
  statefile "vegas_last_iter55"

Restoring state from vegas_last_iter55.

Iteration 12:  45000000 integrand evaluations so far
[1] -3.84669e-07 +- 1.29517e-09  	chisq 8.82835 (11 df)

Saving state to vegas_last_iter55.
Vegas input parameters:
  ndim 11
  ncomp 1
  epsrel 0
  epsabs 0
  flags 291
  seed 826
  mineval 1
  maxeval 1
  nstart 1000000
  nincrease 500000
  nbatch 1000
  gridno 1
  statefile "vegas_last_iter55"

Restoring state from vegas_last_iter55.

Iteration 13:  52000000 integrand evaluations so far
[1] -3.84537e-07 +- 1.1759e-09  	chisq 8.88741 (12 df)

Saving state to vegas_last_iter55.
Vegas input parameters:
  ndim 11
  ncomp 1
  epsrel 0
  epsabs 0
  flags 291
  seed 881
  mineval 1
  maxeval 1
  nstart 1000000
  nincrease 500000
  nbatch 1000
  gridno 1
  statefile "vegas_last_iter55"

Restoring state from vegas_last_iter55.

Iteration 14:  59500000 integrand evaluations so far
[1] -3.84103e-07 +- 1.07867e-09  	chisq 9.74793 (13 df)

Saving state to vegas_last_iter55.
Vegas input parameters:
  ndim 11
  ncomp 1
  epsrel 0
  epsabs 0
  flags 291
  seed 936
  mineval 1
  maxeval 1
  nstart 1000000
  nincrease 500000
  nbatch 1000
  gridno 1
  statefile "vegas_last_iter55"

Restoring state from vegas_last_iter55.

Iteration 15:  67500000 integrand evaluations so far
[1] -3.84515e-07 +- 9.97463e-10  	chisq 10.7569 (14 df)

Saving state to vegas_last_iter55.
Vegas input parameters:
  ndim 11
  ncomp 1
  epsrel 0
  epsabs 0
  flags 291
  seed 991
  mineval 1
  maxeval 1
  nstart 1000000
  nincrease 500000
  nbatch 1000
  gridno 1
  statefile "vegas_last_iter55"

Restoring state from vegas_last_iter55.

Iteration 16:  76000000 integrand evaluations so far
[1] -3.84565e-07 +- 9.28481e-10  	chisq 10.7757 (15 df)

Saving state to vegas_last_iter55.
Vegas input parameters:
  ndim 11
  ncomp 1
  epsrel 0
  epsabs 0
  flags 291
  seed 1046
  mineval 1
  maxeval 1
  nstart 1000000
  nincrease 500000
  nbatch 1000
  gridno 1
  statefile "vegas_last_iter55"

Restoring state from vegas_last_iter55.

Iteration 17:  85000000 integrand evaluations so far
[1] -3.84367e-07 +- 8.69027e-10  	chisq 11.1423 (16 df)

Saving state to vegas_last_iter55.
Vegas input parameters:
  ndim 11
  ncomp 1
  epsrel 0
  epsabs 0
  flags 291
  seed 1101
  mineval 1
  maxeval 1
  nstart 1000000
  nincrease 500000
  nbatch 1000
  gridno 1
  statefile "vegas_last_iter55"

Restoring state from vegas_last_iter55.

Iteration 18:  94500000 integrand evaluations so far
[1] -3.83762e-07 +- 8.17174e-10  	chisq 15.3285 (17 df)

Saving state to vegas_last_iter55.
Vegas input parameters:
  ndim 11
  ncomp 1
  epsrel 0
  epsabs 0
  flags 291
  seed 1156
  mineval 1
  maxeval 1
  nstart 1000000
  nincrease 500000
  nbatch 1000
  gridno 1
  statefile "vegas_last_iter55"

Restoring state from vegas_last_iter55.

Iteration 19:  104500000 integrand evaluations so far
[1] -3.8401e-07 +- 7.71485e-10  	chisq 16.1727 (18 df)

Saving state to vegas_last_iter55.
Vegas input parameters:
  ndim 11
  ncomp 1
  epsrel 0
  epsabs 0
  flags 291
  seed 1211
  mineval 1
  maxeval 1
  nstart 1000000
  nincrease 500000
  nbatch 1000
  gridno 1
  statefile "vegas_last_iter55"

Restoring state from vegas_last_iter55.

Iteration 20:  115000000 integrand evaluations so far
[1] -3.83839e-07 +- 7.30948e-10  	chisq 16.6503 (19 df)

Saving state to vegas_last_iter55.
Vegas input parameters:
  ndim 11
  ncomp 1
  epsrel 0
  epsabs 0
  flags 291
  seed 1266
  mineval 1
  maxeval 1
  nstart 1000000
  nincrease 500000
  nbatch 1000
  gridno 1
  statefile "vegas_last_iter55"

Restoring state from vegas_last_iter55.

Iteration 21:  126000000 integrand evaluations so far
[1] -3.8394e-07 +- 6.94689e-10  	chisq 16.8464 (20 df)

Saving state to vegas_last_iter55.
Vegas input parameters:
  ndim 11
  ncomp 1
  epsrel 0
  epsabs 0
  flags 291
  seed 1321
  mineval 1
  maxeval 1
  nstart 1000000
  nincrease 500000
  nbatch 1000
  gridno 1
  statefile "vegas_last_iter55"

Restoring state from vegas_last_iter55.

Iteration 22:  137500000 integrand evaluations so far
[1] -3.84101e-07 +- 6.61937e-10  	chisq 17.4265 (21 df)

Saving state to vegas_last_iter55.
Vegas input parameters:
  ndim 11
  ncomp 1
  epsrel 0
  epsabs 0
  flags 291
  seed 1376
  mineval 1
  maxeval 1
  nstart 1000000
  nincrease 500000
  nbatch 1000
  gridno 1
  statefile "vegas_last_iter55"

Restoring state from vegas_last_iter55.

Iteration 23:  149500000 integrand evaluations so far
[1] -3.84127e-07 +- 6.32227e-10  	chisq 17.4454 (22 df)

Saving state to vegas_last_iter55.
Vegas input parameters:
  ndim 11
  ncomp 1
  epsrel 0
  epsabs 0
  flags 291
  seed 1431
  mineval 1
  maxeval 1
  nstart 1000000
  nincrease 500000
  nbatch 1000
  gridno 1
  statefile "vegas_last_iter55"

Restoring state from vegas_last_iter55.

Iteration 24:  162000000 integrand evaluations so far
[1] -3.83947e-07 +- 6.0521e-10  	chisq 18.4209 (23 df)

Saving state to vegas_last_iter55.
Vegas input parameters:
  ndim 11
  ncomp 1
  epsrel 0
  epsabs 0
  flags 291
  seed 1486
  mineval 1
  maxeval 1
  nstart 1000000
  nincrease 500000
  nbatch 1000
  gridno 1
  statefile "vegas_last_iter55"

Restoring state from vegas_last_iter55.

Iteration 25:  175000000 integrand evaluations so far
[1] -3.83572e-07 +- 5.80465e-10  	chisq 23.2108 (24 df)

Saving state to vegas_last_iter55.
Vegas input parameters:
  ndim 11
  ncomp 1
  epsrel 0
  epsabs 0
  flags 291
  seed 1541
  mineval 1
  maxeval 1
  nstart 1000000
  nincrease 500000
  nbatch 1000
  gridno 1
  statefile "vegas_last_iter55"

Restoring state from vegas_last_iter55.

Iteration 26:  188500000 integrand evaluations so far
[1] -3.83682e-07 +- 5.57723e-10  	chisq 23.6758 (25 df)

Saving state to vegas_last_iter55.
Vegas input parameters:
  ndim 11
  ncomp 1
  epsrel 0
  epsabs 0
  flags 291
  seed 1596
  mineval 1
  maxeval 1
  nstart 1000000
  nincrease 500000
  nbatch 1000
  gridno 1
  statefile "vegas_last_iter55"

Restoring state from vegas_last_iter55.

Iteration 27:  202500000 integrand evaluations so far
[1] -3.83786e-07 +- 5.36735e-10  	chisq 24.1477 (26 df)

Saving state to vegas_last_iter55.
Thanks for using LHAPDF 6.2.1. Please make sure to cite the paper:
  Eur.Phys.J. C75 (2015) 3, 132  (http://arxiv.org/abs/1412.7420)
 method   =Vegas  
 nregions =           1
 neval    =   202500000
 fail     =           1
 -0.383785814225E-06 +-   0.536735023113E-09   p =    0.378
