LHAPDF 6.2.1 loading /cvmfs/cms.cern.ch/slc6_amd64_gcc630/external/lhapdf/6.2.1-omkpbe3/share/LHAPDF/NNPDF31_nnlo_as_0118_nf_4/NNPDF31_nnlo_as_0118_nf_4_0000.dat
NNPDF31_nnlo_as_0118_nf_4 PDF set, member #0, version 1; LHAPDF ID = 320900
Vegas input parameters:
  ndim 11
  ncomp 1
  epsrel 0
  epsabs 0
  flags 291
  seed 198
  mineval 1
  maxeval 1
  nstart 1000000
  nincrease 500000
  nbatch 1000
  gridno 1
  statefile "vegas_last_iter87"

Iteration 1:  1000000 integrand evaluations so far
[1] 5.02407e-08 +- 1.39366e-08  	chisq 0 (0 df)

Saving state to vegas_last_iter87.
Vegas input parameters:
  ndim 11
  ncomp 1
  epsrel 0
  epsabs 0
  flags 291
  seed 285
  mineval 1
  maxeval 1
  nstart 1000000
  nincrease 500000
  nbatch 1000
  gridno 1
  statefile "vegas_last_iter87"

Restoring state from vegas_last_iter87.

Iteration 2:  2500000 integrand evaluations so far
[1] 6.29978e-08 +- 8.19253e-09  	chisq 1.28033 (1 df)

Saving state to vegas_last_iter87.
Vegas input parameters:
  ndim 11
  ncomp 1
  epsrel 0
  epsabs 0
  flags 291
  seed 372
  mineval 1
  maxeval 1
  nstart 1000000
  nincrease 500000
  nbatch 1000
  gridno 1
  statefile "vegas_last_iter87"

Restoring state from vegas_last_iter87.

Iteration 3:  4500000 integrand evaluations so far
[1] 5.44025e-08 +- 1.55843e-09  	chisq 2.42241 (2 df)

Saving state to vegas_last_iter87.
Vegas input parameters:
  ndim 11
  ncomp 1
  epsrel 0
  epsabs 0
  flags 291
  seed 459
  mineval 1
  maxeval 1
  nstart 1000000
  nincrease 500000
  nbatch 1000
  gridno 1
  statefile "vegas_last_iter87"

Restoring state from vegas_last_iter87.

Iteration 4:  7000000 integrand evaluations so far
[1] 5.64587e-08 +- 5.22017e-10  	chisq 4.38336 (3 df)

Saving state to vegas_last_iter87.
Vegas input parameters:
  ndim 11
  ncomp 1
  epsrel 0
  epsabs 0
  flags 291
  seed 546
  mineval 1
  maxeval 1
  nstart 1000000
  nincrease 500000
  nbatch 1000
  gridno 1
  statefile "vegas_last_iter87"

Restoring state from vegas_last_iter87.

Iteration 5:  10000000 integrand evaluations so far
[1] 5.63387e-08 +- 1.83749e-10  	chisq 4.44374 (4 df)

Saving state to vegas_last_iter87.
Vegas input parameters:
  ndim 11
  ncomp 1
  epsrel 0
  epsabs 0
  flags 291
  seed 633
  mineval 1
  maxeval 1
  nstart 1000000
  nincrease 500000
  nbatch 1000
  gridno 1
  statefile "vegas_last_iter87"

Restoring state from vegas_last_iter87.

Iteration 6:  13500000 integrand evaluations so far
[1] 5.63701e-08 +- 8.66893e-11  	chisq 4.4814 (5 df)

Saving state to vegas_last_iter87.
Vegas input parameters:
  ndim 11
  ncomp 1
  epsrel 0
  epsabs 0
  flags 291
  seed 720
  mineval 1
  maxeval 1
  nstart 1000000
  nincrease 500000
  nbatch 1000
  gridno 1
  statefile "vegas_last_iter87"

Restoring state from vegas_last_iter87.

Iteration 7:  17500000 integrand evaluations so far
[1] 5.62624e-08 +- 5.56607e-11  	chisq 7.10925 (6 df)

Saving state to vegas_last_iter87.
Vegas input parameters:
  ndim 11
  ncomp 1
  epsrel 0
  epsabs 0
  flags 291
  seed 807
  mineval 1
  maxeval 1
  nstart 1000000
  nincrease 500000
  nbatch 1000
  gridno 1
  statefile "vegas_last_iter87"

Restoring state from vegas_last_iter87.

Iteration 8:  22000000 integrand evaluations so far
[1] 5.62716e-08 +- 4.1994e-11  	chisq 7.17284 (7 df)

Saving state to vegas_last_iter87.
Vegas input parameters:
  ndim 11
  ncomp 1
  epsrel 0
  epsabs 0
  flags 291
  seed 894
  mineval 1
  maxeval 1
  nstart 1000000
  nincrease 500000
  nbatch 1000
  gridno 1
  statefile "vegas_last_iter87"

Restoring state from vegas_last_iter87.

Iteration 9:  27000000 integrand evaluations so far
[1] 5.6281e-08 +- 3.42771e-11  	chisq 7.32395 (8 df)

Saving state to vegas_last_iter87.
Vegas input parameters:
  ndim 11
  ncomp 1
  epsrel 0
  epsabs 0
  flags 291
  seed 981
  mineval 1
  maxeval 1
  nstart 1000000
  nincrease 500000
  nbatch 1000
  gridno 1
  statefile "vegas_last_iter87"

Restoring state from vegas_last_iter87.

Iteration 10:  32500000 integrand evaluations so far
[1] 5.62819e-08 +- 2.92613e-11  	chisq 7.32618 (9 df)

Saving state to vegas_last_iter87.
Vegas input parameters:
  ndim 11
  ncomp 1
  epsrel 0
  epsabs 0
  flags 291
  seed 1068
  mineval 1
  maxeval 1
  nstart 1000000
  nincrease 500000
  nbatch 1000
  gridno 1
  statefile "vegas_last_iter87"

Restoring state from vegas_last_iter87.

Iteration 11:  38500000 integrand evaluations so far
[1] 5.62887e-08 +- 2.56883e-11  	chisq 7.56039 (10 df)

Saving state to vegas_last_iter87.
Vegas input parameters:
  ndim 11
  ncomp 1
  epsrel 0
  epsabs 0
  flags 291
  seed 1155
  mineval 1
  maxeval 1
  nstart 1000000
  nincrease 500000
  nbatch 1000
  gridno 1
  statefile "vegas_last_iter87"

Restoring state from vegas_last_iter87.

Iteration 12:  45000000 integrand evaluations so far
[1] 5.63017e-08 +- 2.29787e-11  	chisq 8.84825 (11 df)

Saving state to vegas_last_iter87.
Vegas input parameters:
  ndim 11
  ncomp 1
  epsrel 0
  epsabs 0
  flags 291
  seed 1242
  mineval 1
  maxeval 1
  nstart 1000000
  nincrease 500000
  nbatch 1000
  gridno 1
  statefile "vegas_last_iter87"

Restoring state from vegas_last_iter87.

Iteration 13:  52000000 integrand evaluations so far
[1] 5.62949e-08 +- 2.08425e-11  	chisq 9.33618 (12 df)

Saving state to vegas_last_iter87.
Vegas input parameters:
  ndim 11
  ncomp 1
  epsrel 0
  epsabs 0
  flags 291
  seed 1329
  mineval 1
  maxeval 1
  nstart 1000000
  nincrease 500000
  nbatch 1000
  gridno 1
  statefile "vegas_last_iter87"

Restoring state from vegas_last_iter87.

Iteration 14:  59500000 integrand evaluations so far
[1] 5.62992e-08 +- 1.91064e-11  	chisq 9.59397 (13 df)

Saving state to vegas_last_iter87.
Vegas input parameters:
  ndim 11
  ncomp 1
  epsrel 0
  epsabs 0
  flags 291
  seed 1416
  mineval 1
  maxeval 1
  nstart 1000000
  nincrease 500000
  nbatch 1000
  gridno 1
  statefile "vegas_last_iter87"

Restoring state from vegas_last_iter87.

Iteration 15:  67500000 integrand evaluations so far
[1] 5.62974e-08 +- 1.76588e-11  	chisq 9.653 (14 df)

Saving state to vegas_last_iter87.
Vegas input parameters:
  ndim 11
  ncomp 1
  epsrel 0
  epsabs 0
  flags 291
  seed 1503
  mineval 1
  maxeval 1
  nstart 1000000
  nincrease 500000
  nbatch 1000
  gridno 1
  statefile "vegas_last_iter87"

Restoring state from vegas_last_iter87.

Iteration 16:  76000000 integrand evaluations so far
[1] 5.62937e-08 +- 1.64327e-11  	chisq 9.98637 (15 df)

Saving state to vegas_last_iter87.
Vegas input parameters:
  ndim 11
  ncomp 1
  epsrel 0
  epsabs 0
  flags 291
  seed 1590
  mineval 1
  maxeval 1
  nstart 1000000
  nincrease 500000
  nbatch 1000
  gridno 1
  statefile "vegas_last_iter87"

Restoring state from vegas_last_iter87.

Iteration 17:  85000000 integrand evaluations so far
[1] 5.62851e-08 +- 1.53781e-11  	chisq 12.1902 (16 df)

Saving state to vegas_last_iter87.
Vegas input parameters:
  ndim 11
  ncomp 1
  epsrel 0
  epsabs 0
  flags 291
  seed 1677
  mineval 1
  maxeval 1
  nstart 1000000
  nincrease 500000
  nbatch 1000
  gridno 1
  statefile "vegas_last_iter87"

Restoring state from vegas_last_iter87.

Iteration 18:  94500000 integrand evaluations so far
[1] 5.62918e-08 +- 1.44578e-11  	chisq 13.8339 (17 df)

Saving state to vegas_last_iter87.
Vegas input parameters:
  ndim 11
  ncomp 1
  epsrel 0
  epsabs 0
  flags 291
  seed 1764
  mineval 1
  maxeval 1
  nstart 1000000
  nincrease 500000
  nbatch 1000
  gridno 1
  statefile "vegas_last_iter87"

Restoring state from vegas_last_iter87.

Iteration 19:  104500000 integrand evaluations so far
[1] 5.62938e-08 +- 1.36499e-11  	chisq 14.0069 (18 df)

Saving state to vegas_last_iter87.
Vegas input parameters:
  ndim 11
  ncomp 1
  epsrel 0
  epsabs 0
  flags 291
  seed 1851
  mineval 1
  maxeval 1
  nstart 1000000
  nincrease 500000
  nbatch 1000
  gridno 1
  statefile "vegas_last_iter87"

Restoring state from vegas_last_iter87.

Iteration 20:  115000000 integrand evaluations so far
[1] 5.62908e-08 +- 1.2931e-11  	chisq 14.4579 (19 df)

Saving state to vegas_last_iter87.
Vegas input parameters:
  ndim 11
  ncomp 1
  epsrel 0
  epsabs 0
  flags 291
  seed 1938
  mineval 1
  maxeval 1
  nstart 1000000
  nincrease 500000
  nbatch 1000
  gridno 1
  statefile "vegas_last_iter87"

Restoring state from vegas_last_iter87.

Iteration 21:  126000000 integrand evaluations so far
[1] 5.62917e-08 +- 1.22869e-11  	chisq 14.5008 (20 df)

Saving state to vegas_last_iter87.
Vegas input parameters:
  ndim 11
  ncomp 1
  epsrel 0
  epsabs 0
  flags 291
  seed 2025
  mineval 1
  maxeval 1
  nstart 1000000
  nincrease 500000
  nbatch 1000
  gridno 1
  statefile "vegas_last_iter87"

Restoring state from vegas_last_iter87.

Iteration 22:  137500000 integrand evaluations so far
[1] 5.62912e-08 +- 1.17073e-11  	chisq 14.5156 (21 df)

Saving state to vegas_last_iter87.
Vegas input parameters:
  ndim 11
  ncomp 1
  epsrel 0
  epsabs 0
  flags 291
  seed 2112
  mineval 1
  maxeval 1
  nstart 1000000
  nincrease 500000
  nbatch 1000
  gridno 1
  statefile "vegas_last_iter87"

Restoring state from vegas_last_iter87.

Iteration 23:  149500000 integrand evaluations so far
[1] 5.62903e-08 +- 1.11822e-11  	chisq 14.5817 (22 df)

Saving state to vegas_last_iter87.
Vegas input parameters:
  ndim 11
  ncomp 1
  epsrel 0
  epsabs 0
  flags 291
  seed 2199
  mineval 1
  maxeval 1
  nstart 1000000
  nincrease 500000
  nbatch 1000
  gridno 1
  statefile "vegas_last_iter87"

Restoring state from vegas_last_iter87.

Iteration 24:  162000000 integrand evaluations so far
[1] 5.62924e-08 +- 1.07048e-11  	chisq 14.9854 (23 df)

Saving state to vegas_last_iter87.
Vegas input parameters:
  ndim 11
  ncomp 1
  epsrel 0
  epsabs 0
  flags 291
  seed 2286
  mineval 1
  maxeval 1
  nstart 1000000
  nincrease 500000
  nbatch 1000
  gridno 1
  statefile "vegas_last_iter87"

Restoring state from vegas_last_iter87.

Iteration 25:  175000000 integrand evaluations so far
[1] 5.62926e-08 +- 1.02672e-11  	chisq 14.9912 (24 df)

Saving state to vegas_last_iter87.
Vegas input parameters:
  ndim 11
  ncomp 1
  epsrel 0
  epsabs 0
  flags 291
  seed 2373
  mineval 1
  maxeval 1
  nstart 1000000
  nincrease 500000
  nbatch 1000
  gridno 1
  statefile "vegas_last_iter87"

Restoring state from vegas_last_iter87.

Iteration 26:  188500000 integrand evaluations so far
[1] 5.62903e-08 +- 9.86563e-12  	chisq 15.6254 (25 df)

Saving state to vegas_last_iter87.
Vegas input parameters:
  ndim 11
  ncomp 1
  epsrel 0
  epsabs 0
  flags 291
  seed 2460
  mineval 1
  maxeval 1
  nstart 1000000
  nincrease 500000
  nbatch 1000
  gridno 1
  statefile "vegas_last_iter87"

Restoring state from vegas_last_iter87.

Iteration 27:  202500000 integrand evaluations so far
[1] 5.62924e-08 +- 9.49539e-12  	chisq 16.2153 (26 df)

Saving state to vegas_last_iter87.
Thanks for using LHAPDF 6.2.1. Please make sure to cite the paper:
  Eur.Phys.J. C75 (2015) 3, 132  (http://arxiv.org/abs/1412.7420)
 method   =Vegas  
 nregions =           1
 neval    =   202500000
 fail     =           1
  0.562923874112E-07 +-   0.949539136223E-11   p =    0.051
