LHAPDF 6.2.1 loading /cvmfs/cms.cern.ch/slc6_amd64_gcc630/external/lhapdf/6.2.1-omkpbe3/share/LHAPDF/NNPDF31_nnlo_as_0118_nf_4/NNPDF31_nnlo_as_0118_nf_4_0000.dat
NNPDF31_nnlo_as_0118_nf_4 PDF set, member #0, version 1; LHAPDF ID = 320900
Vegas input parameters:
  ndim 11
  ncomp 1
  epsrel 0
  epsabs 0
  flags 291
  seed 254
  mineval 1
  maxeval 1
  nstart 1000000
  nincrease 500000
  nbatch 1000
  gridno 1
  statefile "vegas_last_iter143"

Iteration 1:  1000000 integrand evaluations so far
[1] 2.57476e-08 +- 4.35019e-08  	chisq 0 (0 df)

Saving state to vegas_last_iter143.
Vegas input parameters:
  ndim 11
  ncomp 1
  epsrel 0
  epsabs 0
  flags 291
  seed 397
  mineval 1
  maxeval 1
  nstart 1000000
  nincrease 500000
  nbatch 1000
  gridno 1
  statefile "vegas_last_iter143"

Restoring state from vegas_last_iter143.

Iteration 2:  2500000 integrand evaluations so far
[1] -2.30179e-09 +- 2.25871e-08  	chisq 0.569201 (1 df)

Saving state to vegas_last_iter143.
Vegas input parameters:
  ndim 11
  ncomp 1
  epsrel 0
  epsabs 0
  flags 291
  seed 540
  mineval 1
  maxeval 1
  nstart 1000000
  nincrease 500000
  nbatch 1000
  gridno 1
  statefile "vegas_last_iter143"

Restoring state from vegas_last_iter143.

Iteration 3:  4500000 integrand evaluations so far
[1] -3.16621e-08 +- 1.72443e-08  	chisq 4.61988 (2 df)

Saving state to vegas_last_iter143.
Vegas input parameters:
  ndim 11
  ncomp 1
  epsrel 0
  epsabs 0
  flags 291
  seed 683
  mineval 1
  maxeval 1
  nstart 1000000
  nincrease 500000
  nbatch 1000
  gridno 1
  statefile "vegas_last_iter143"

Restoring state from vegas_last_iter143.

Iteration 4:  7000000 integrand evaluations so far
[1] -4.99347e-08 +- 3.69261e-09  	chisq 5.79665 (3 df)

Saving state to vegas_last_iter143.
Vegas input parameters:
  ndim 11
  ncomp 1
  epsrel 0
  epsabs 0
  flags 291
  seed 826
  mineval 1
  maxeval 1
  nstart 1000000
  nincrease 500000
  nbatch 1000
  gridno 1
  statefile "vegas_last_iter143"

Restoring state from vegas_last_iter143.

Iteration 5:  10000000 integrand evaluations so far
[1] -4.71044e-08 +- 7.61325e-10  	chisq 6.41022 (4 df)

Saving state to vegas_last_iter143.
Vegas input parameters:
  ndim 11
  ncomp 1
  epsrel 0
  epsabs 0
  flags 291
  seed 969
  mineval 1
  maxeval 1
  nstart 1000000
  nincrease 500000
  nbatch 1000
  gridno 1
  statefile "vegas_last_iter143"

Restoring state from vegas_last_iter143.

Iteration 6:  13500000 integrand evaluations so far
[1] -4.82052e-08 +- 2.60449e-10  	chisq 8.77818 (5 df)

Saving state to vegas_last_iter143.
Vegas input parameters:
  ndim 11
  ncomp 1
  epsrel 0
  epsabs 0
  flags 291
  seed 1112
  mineval 1
  maxeval 1
  nstart 1000000
  nincrease 500000
  nbatch 1000
  gridno 1
  statefile "vegas_last_iter143"

Restoring state from vegas_last_iter143.

Iteration 7:  17500000 integrand evaluations so far
[1] -4.84341e-08 +- 1.52483e-10  	chisq 9.95316 (6 df)

Saving state to vegas_last_iter143.
Vegas input parameters:
  ndim 11
  ncomp 1
  epsrel 0
  epsabs 0
  flags 291
  seed 1255
  mineval 1
  maxeval 1
  nstart 1000000
  nincrease 500000
  nbatch 1000
  gridno 1
  statefile "vegas_last_iter143"

Restoring state from vegas_last_iter143.

Iteration 8:  22000000 integrand evaluations so far
[1] -4.83823e-08 +- 1.10716e-10  	chisq 10.1977 (7 df)

Saving state to vegas_last_iter143.
Vegas input parameters:
  ndim 11
  ncomp 1
  epsrel 0
  epsabs 0
  flags 291
  seed 1398
  mineval 1
  maxeval 1
  nstart 1000000
  nincrease 500000
  nbatch 1000
  gridno 1
  statefile "vegas_last_iter143"

Restoring state from vegas_last_iter143.

Iteration 9:  27000000 integrand evaluations so far
[1] -4.83357e-08 +- 8.87731e-11  	chisq 10.6939 (8 df)

Saving state to vegas_last_iter143.
Vegas input parameters:
  ndim 11
  ncomp 1
  epsrel 0
  epsabs 0
  flags 291
  seed 1541
  mineval 1
  maxeval 1
  nstart 1000000
  nincrease 500000
  nbatch 1000
  gridno 1
  statefile "vegas_last_iter143"

Restoring state from vegas_last_iter143.

Iteration 10:  32500000 integrand evaluations so far
[1] -4.83398e-08 +- 7.49828e-11  	chisq 10.7016 (9 df)

Saving state to vegas_last_iter143.
Vegas input parameters:
  ndim 11
  ncomp 1
  epsrel 0
  epsabs 0
  flags 291
  seed 1684
  mineval 1
  maxeval 1
  nstart 1000000
  nincrease 500000
  nbatch 1000
  gridno 1
  statefile "vegas_last_iter143"

Restoring state from vegas_last_iter143.

Iteration 11:  38500000 integrand evaluations so far
[1] -4.83015e-08 +- 6.54032e-11  	chisq 11.7947 (10 df)

Saving state to vegas_last_iter143.
Vegas input parameters:
  ndim 11
  ncomp 1
  epsrel 0
  epsabs 0
  flags 291
  seed 1827
  mineval 1
  maxeval 1
  nstart 1000000
  nincrease 500000
  nbatch 1000
  gridno 1
  statefile "vegas_last_iter143"

Restoring state from vegas_last_iter143.

Iteration 12:  45000000 integrand evaluations so far
[1] -4.83125e-08 +- 5.8256e-11  	chisq 11.9322 (11 df)

Saving state to vegas_last_iter143.
Vegas input parameters:
  ndim 11
  ncomp 1
  epsrel 0
  epsabs 0
  flags 291
  seed 1970
  mineval 1
  maxeval 1
  nstart 1000000
  nincrease 500000
  nbatch 1000
  gridno 1
  statefile "vegas_last_iter143"

Restoring state from vegas_last_iter143.

Iteration 13:  52000000 integrand evaluations so far
[1] -4.82622e-08 +- 5.26843e-11  	chisq 16.0204 (12 df)

Saving state to vegas_last_iter143.
Vegas input parameters:
  ndim 11
  ncomp 1
  epsrel 0
  epsabs 0
  flags 291
  seed 2113
  mineval 1
  maxeval 1
  nstart 1000000
  nincrease 500000
  nbatch 1000
  gridno 1
  statefile "vegas_last_iter143"

Restoring state from vegas_last_iter143.

Iteration 14:  59500000 integrand evaluations so far
[1] -4.82454e-08 +- 4.81817e-11  	chisq 16.6434 (13 df)

Saving state to vegas_last_iter143.
Vegas input parameters:
  ndim 11
  ncomp 1
  epsrel 0
  epsabs 0
  flags 291
  seed 2256
  mineval 1
  maxeval 1
  nstart 1000000
  nincrease 500000
  nbatch 1000
  gridno 1
  statefile "vegas_last_iter143"

Restoring state from vegas_last_iter143.

Iteration 15:  67500000 integrand evaluations so far
[1] -4.82563e-08 +- 4.44534e-11  	chisq 16.9876 (14 df)

Saving state to vegas_last_iter143.
Vegas input parameters:
  ndim 11
  ncomp 1
  epsrel 0
  epsabs 0
  flags 291
  seed 2399
  mineval 1
  maxeval 1
  nstart 1000000
  nincrease 500000
  nbatch 1000
  gridno 1
  statefile "vegas_last_iter143"

Restoring state from vegas_last_iter143.

Iteration 16:  76000000 integrand evaluations so far
[1] -4.82649e-08 +- 4.13111e-11  	chisq 17.26 (15 df)

Saving state to vegas_last_iter143.
Vegas input parameters:
  ndim 11
  ncomp 1
  epsrel 0
  epsabs 0
  flags 291
  seed 2542
  mineval 1
  maxeval 1
  nstart 1000000
  nincrease 500000
  nbatch 1000
  gridno 1
  statefile "vegas_last_iter143"

Restoring state from vegas_last_iter143.

Iteration 17:  85000000 integrand evaluations so far
[1] -4.82695e-08 +- 3.86078e-11  	chisq 17.3586 (16 df)

Saving state to vegas_last_iter143.
Vegas input parameters:
  ndim 11
  ncomp 1
  epsrel 0
  epsabs 0
  flags 291
  seed 2685
  mineval 1
  maxeval 1
  nstart 1000000
  nincrease 500000
  nbatch 1000
  gridno 1
  statefile "vegas_last_iter143"

Restoring state from vegas_last_iter143.

Iteration 18:  94500000 integrand evaluations so far
[1] -4.82626e-08 +- 3.62591e-11  	chisq 17.6289 (17 df)

Saving state to vegas_last_iter143.
Vegas input parameters:
  ndim 11
  ncomp 1
  epsrel 0
  epsabs 0
  flags 291
  seed 2828
  mineval 1
  maxeval 1
  nstart 1000000
  nincrease 500000
  nbatch 1000
  gridno 1
  statefile "vegas_last_iter143"

Restoring state from vegas_last_iter143.

Iteration 19:  104500000 integrand evaluations so far
[1] -4.82604e-08 +- 3.41945e-11  	chisq 17.6615 (18 df)

Saving state to vegas_last_iter143.
Vegas input parameters:
  ndim 11
  ncomp 1
  epsrel 0
  epsabs 0
  flags 291
  seed 2971
  mineval 1
  maxeval 1
  nstart 1000000
  nincrease 500000
  nbatch 1000
  gridno 1
  statefile "vegas_last_iter143"

Restoring state from vegas_last_iter143.

Iteration 20:  115000000 integrand evaluations so far
[1] -4.82718e-08 +- 3.2362e-11  	chisq 18.721 (19 df)

Saving state to vegas_last_iter143.
Vegas input parameters:
  ndim 11
  ncomp 1
  epsrel 0
  epsabs 0
  flags 291
  seed 3114
  mineval 1
  maxeval 1
  nstart 1000000
  nincrease 500000
  nbatch 1000
  gridno 1
  statefile "vegas_last_iter143"

Restoring state from vegas_last_iter143.

Iteration 21:  126000000 integrand evaluations so far
[1] -4.82757e-08 +- 3.07251e-11  	chisq 18.8677 (20 df)

Saving state to vegas_last_iter143.
Vegas input parameters:
  ndim 11
  ncomp 1
  epsrel 0
  epsabs 0
  flags 291
  seed 3257
  mineval 1
  maxeval 1
  nstart 1000000
  nincrease 500000
  nbatch 1000
  gridno 1
  statefile "vegas_last_iter143"

Restoring state from vegas_last_iter143.

Iteration 22:  137500000 integrand evaluations so far
[1] -4.82649e-08 +- 2.92556e-11  	chisq 20.1891 (21 df)

Saving state to vegas_last_iter143.
Vegas input parameters:
  ndim 11
  ncomp 1
  epsrel 0
  epsabs 0
  flags 291
  seed 3400
  mineval 1
  maxeval 1
  nstart 1000000
  nincrease 500000
  nbatch 1000
  gridno 1
  statefile "vegas_last_iter143"

Restoring state from vegas_last_iter143.

Iteration 23:  149500000 integrand evaluations so far
[1] -4.82673e-08 +- 2.79259e-11  	chisq 20.2639 (22 df)

Saving state to vegas_last_iter143.
Vegas input parameters:
  ndim 11
  ncomp 1
  epsrel 0
  epsabs 0
  flags 291
  seed 3543
  mineval 1
  maxeval 1
  nstart 1000000
  nincrease 500000
  nbatch 1000
  gridno 1
  statefile "vegas_last_iter143"

Restoring state from vegas_last_iter143.

Iteration 24:  162000000 integrand evaluations so far
[1] -4.82586e-08 +- 2.67155e-11  	chisq 21.4041 (23 df)

Saving state to vegas_last_iter143.
Vegas input parameters:
  ndim 11
  ncomp 1
  epsrel 0
  epsabs 0
  flags 291
  seed 3686
  mineval 1
  maxeval 1
  nstart 1000000
  nincrease 500000
  nbatch 1000
  gridno 1
  statefile "vegas_last_iter143"

Restoring state from vegas_last_iter143.

Iteration 25:  175000000 integrand evaluations so far
[1] -4.82584e-08 +- 2.56101e-11  	chisq 21.4047 (24 df)

Saving state to vegas_last_iter143.
Vegas input parameters:
  ndim 11
  ncomp 1
  epsrel 0
  epsabs 0
  flags 291
  seed 3829
  mineval 1
  maxeval 1
  nstart 1000000
  nincrease 500000
  nbatch 1000
  gridno 1
  statefile "vegas_last_iter143"

Restoring state from vegas_last_iter143.

Iteration 26:  188500000 integrand evaluations so far
[1] -4.82623e-08 +- 2.45945e-11  	chisq 21.6978 (25 df)

Saving state to vegas_last_iter143.
Vegas input parameters:
  ndim 11
  ncomp 1
  epsrel 0
  epsabs 0
  flags 291
  seed 3972
  mineval 1
  maxeval 1
  nstart 1000000
  nincrease 500000
  nbatch 1000
  gridno 1
  statefile "vegas_last_iter143"

Restoring state from vegas_last_iter143.

Iteration 27:  202500000 integrand evaluations so far
[1] -4.82686e-08 +- 2.36598e-11  	chisq 22.5729 (26 df)

Saving state to vegas_last_iter143.
Thanks for using LHAPDF 6.2.1. Please make sure to cite the paper:
  Eur.Phys.J. C75 (2015) 3, 132  (http://arxiv.org/abs/1412.7420)
 method   =Vegas  
 nregions =           1
 neval    =   202500000
 fail     =           1
 -0.482685741549E-07 +-   0.236598477019E-10   p =    0.292
