LHAPDF 6.2.1 loading /cvmfs/cms.cern.ch/slc6_amd64_gcc630/external/lhapdf/6.2.1-omkpbe3/share/LHAPDF/NNPDF31_nnlo_as_0118_nf_4/NNPDF31_nnlo_as_0118_nf_4_0000.dat
NNPDF31_nnlo_as_0118_nf_4 PDF set, member #0, version 1; LHAPDF ID = 320900
Vegas input parameters:
  ndim 11
  ncomp 1
  epsrel 0
  epsabs 0
  flags 291
  seed 148
  mineval 1
  maxeval 1
  nstart 1000000
  nincrease 500000
  nbatch 1000
  gridno 1
  statefile "vegas_last_iter37"

Iteration 1:  1000000 integrand evaluations so far
[1] 5.04544e-08 +- 2.08412e-08  	chisq 0 (0 df)

Saving state to vegas_last_iter37.
Vegas input parameters:
  ndim 11
  ncomp 1
  epsrel 0
  epsabs 0
  flags 291
  seed 185
  mineval 1
  maxeval 1
  nstart 1000000
  nincrease 500000
  nbatch 1000
  gridno 1
  statefile "vegas_last_iter37"

Restoring state from vegas_last_iter37.

Iteration 2:  2500000 integrand evaluations so far
[1] 2.90475e-08 +- 3.57179e-09  	chisq 1.08695 (1 df)

Saving state to vegas_last_iter37.
Vegas input parameters:
  ndim 11
  ncomp 1
  epsrel 0
  epsabs 0
  flags 291
  seed 222
  mineval 1
  maxeval 1
  nstart 1000000
  nincrease 500000
  nbatch 1000
  gridno 1
  statefile "vegas_last_iter37"

Restoring state from vegas_last_iter37.

Iteration 3:  4500000 integrand evaluations so far
[1] 3.05844e-08 +- 3.53409e-09  	chisq 9.90493 (2 df)

Saving state to vegas_last_iter37.
Vegas input parameters:
  ndim 11
  ncomp 1
  epsrel 0
  epsabs 0
  flags 291
  seed 259
  mineval 1
  maxeval 1
  nstart 1000000
  nincrease 500000
  nbatch 1000
  gridno 1
  statefile "vegas_last_iter37"

Restoring state from vegas_last_iter37.

Iteration 4:  7000000 integrand evaluations so far
[1] 6.23005e-08 +- 1.93719e-09  	chisq 125.036 (3 df)

Saving state to vegas_last_iter37.
Vegas input parameters:
  ndim 11
  ncomp 1
  epsrel 0
  epsabs 0
  flags 291
  seed 296
  mineval 1
  maxeval 1
  nstart 1000000
  nincrease 500000
  nbatch 1000
  gridno 1
  statefile "vegas_last_iter37"

Restoring state from vegas_last_iter37.

Iteration 5:  10000000 integrand evaluations so far
[1] 7.57598e-08 +- 3.71926e-10  	chisq 175.156 (4 df)

Saving state to vegas_last_iter37.
Vegas input parameters:
  ndim 11
  ncomp 1
  epsrel 0
  epsabs 0
  flags 291
  seed 333
  mineval 1
  maxeval 1
  nstart 1000000
  nincrease 500000
  nbatch 1000
  gridno 1
  statefile "vegas_last_iter37"

Restoring state from vegas_last_iter37.

Iteration 6:  13500000 integrand evaluations so far
[1] 7.6229e-08 +- 8.75373e-11  	chisq 176.841 (5 df)

Saving state to vegas_last_iter37.
Vegas input parameters:
  ndim 11
  ncomp 1
  epsrel 0
  epsabs 0
  flags 291
  seed 370
  mineval 1
  maxeval 1
  nstart 1000000
  nincrease 500000
  nbatch 1000
  gridno 1
  statefile "vegas_last_iter37"

Restoring state from vegas_last_iter37.

Iteration 7:  17500000 integrand evaluations so far
[1] 7.63205e-08 +- 4.34905e-11  	chisq 178.291 (6 df)

Saving state to vegas_last_iter37.
Vegas input parameters:
  ndim 11
  ncomp 1
  epsrel 0
  epsabs 0
  flags 291
  seed 407
  mineval 1
  maxeval 1
  nstart 1000000
  nincrease 500000
  nbatch 1000
  gridno 1
  statefile "vegas_last_iter37"

Restoring state from vegas_last_iter37.

Iteration 8:  22000000 integrand evaluations so far
[1] 7.6247e-08 +- 2.94023e-11  	chisq 183.548 (7 df)

Saving state to vegas_last_iter37.
Vegas input parameters:
  ndim 11
  ncomp 1
  epsrel 0
  epsabs 0
  flags 291
  seed 444
  mineval 1
  maxeval 1
  nstart 1000000
  nincrease 500000
  nbatch 1000
  gridno 1
  statefile "vegas_last_iter37"

Restoring state from vegas_last_iter37.

Iteration 9:  27000000 integrand evaluations so far
[1] 7.62664e-08 +- 2.26395e-11  	chisq 184.616 (8 df)

Saving state to vegas_last_iter37.
Vegas input parameters:
  ndim 11
  ncomp 1
  epsrel 0
  epsabs 0
  flags 291
  seed 481
  mineval 1
  maxeval 1
  nstart 1000000
  nincrease 500000
  nbatch 1000
  gridno 1
  statefile "vegas_last_iter37"

Restoring state from vegas_last_iter37.

Iteration 10:  32500000 integrand evaluations so far
[1] 7.62898e-08 +- 1.87617e-11  	chisq 188.004 (9 df)

Saving state to vegas_last_iter37.
Vegas input parameters:
  ndim 11
  ncomp 1
  epsrel 0
  epsabs 0
  flags 291
  seed 518
  mineval 1
  maxeval 1
  nstart 1000000
  nincrease 500000
  nbatch 1000
  gridno 1
  statefile "vegas_last_iter37"

Restoring state from vegas_last_iter37.

Iteration 11:  38500000 integrand evaluations so far
[1] 7.62948e-08 +- 1.60838e-11  	chisq 188.282 (10 df)

Saving state to vegas_last_iter37.
Vegas input parameters:
  ndim 11
  ncomp 1
  epsrel 0
  epsabs 0
  flags 291
  seed 555
  mineval 1
  maxeval 1
  nstart 1000000
  nincrease 500000
  nbatch 1000
  gridno 1
  statefile "vegas_last_iter37"

Restoring state from vegas_last_iter37.

Iteration 12:  45000000 integrand evaluations so far
[1] 7.62878e-08 +- 1.41348e-11  	chisq 189.133 (11 df)

Saving state to vegas_last_iter37.
Vegas input parameters:
  ndim 11
  ncomp 1
  epsrel 0
  epsabs 0
  flags 291
  seed 592
  mineval 1
  maxeval 1
  nstart 1000000
  nincrease 500000
  nbatch 1000
  gridno 1
  statefile "vegas_last_iter37"

Restoring state from vegas_last_iter37.

Iteration 13:  52000000 integrand evaluations so far
[1] 7.62795e-08 +- 1.26376e-11  	chisq 190.842 (12 df)

Saving state to vegas_last_iter37.
Vegas input parameters:
  ndim 11
  ncomp 1
  epsrel 0
  epsabs 0
  flags 291
  seed 629
  mineval 1
  maxeval 1
  nstart 1000000
  nincrease 500000
  nbatch 1000
  gridno 1
  statefile "vegas_last_iter37"

Restoring state from vegas_last_iter37.

Iteration 14:  59500000 integrand evaluations so far
[1] 7.62739e-08 +- 1.14442e-11  	chisq 191.913 (13 df)

Saving state to vegas_last_iter37.
Vegas input parameters:
  ndim 11
  ncomp 1
  epsrel 0
  epsabs 0
  flags 291
  seed 666
  mineval 1
  maxeval 1
  nstart 1000000
  nincrease 500000
  nbatch 1000
  gridno 1
  statefile "vegas_last_iter37"

Restoring state from vegas_last_iter37.

Iteration 15:  67500000 integrand evaluations so far
[1] 7.62783e-08 +- 1.0461e-11  	chisq 192.802 (14 df)

Saving state to vegas_last_iter37.
Vegas input parameters:
  ndim 11
  ncomp 1
  epsrel 0
  epsabs 0
  flags 291
  seed 703
  mineval 1
  maxeval 1
  nstart 1000000
  nincrease 500000
  nbatch 1000
  gridno 1
  statefile "vegas_last_iter37"

Restoring state from vegas_last_iter37.

Iteration 16:  76000000 integrand evaluations so far
[1] 7.62856e-08 +- 9.64019e-12  	chisq 196.024 (15 df)

Saving state to vegas_last_iter37.
Vegas input parameters:
  ndim 11
  ncomp 1
  epsrel 0
  epsabs 0
  flags 291
  seed 740
  mineval 1
  maxeval 1
  nstart 1000000
  nincrease 500000
  nbatch 1000
  gridno 1
  statefile "vegas_last_iter37"

Restoring state from vegas_last_iter37.

Iteration 17:  85000000 integrand evaluations so far
[1] 7.62855e-08 +- 8.95318e-12  	chisq 196.024 (16 df)

Saving state to vegas_last_iter37.
Vegas input parameters:
  ndim 11
  ncomp 1
  epsrel 0
  epsabs 0
  flags 291
  seed 777
  mineval 1
  maxeval 1
  nstart 1000000
  nincrease 500000
  nbatch 1000
  gridno 1
  statefile "vegas_last_iter37"

Restoring state from vegas_last_iter37.

Iteration 18:  94500000 integrand evaluations so far
[1] 7.62836e-08 +- 8.3745e-12  	chisq 196.391 (17 df)

Saving state to vegas_last_iter37.
Vegas input parameters:
  ndim 11
  ncomp 1
  epsrel 0
  epsabs 0
  flags 291
  seed 814
  mineval 1
  maxeval 1
  nstart 1000000
  nincrease 500000
  nbatch 1000
  gridno 1
  statefile "vegas_last_iter37"

Restoring state from vegas_last_iter37.

Iteration 19:  104500000 integrand evaluations so far
[1] 7.62796e-08 +- 7.90065e-12  	chisq 198.51 (18 df)

Saving state to vegas_last_iter37.
Vegas input parameters:
  ndim 11
  ncomp 1
  epsrel 0
  epsabs 0
  flags 291
  seed 851
  mineval 1
  maxeval 1
  nstart 1000000
  nincrease 500000
  nbatch 1000
  gridno 1
  statefile "vegas_last_iter37"

Restoring state from vegas_last_iter37.

Iteration 20:  115000000 integrand evaluations so far
[1] 7.62821e-08 +- 7.47947e-12  	chisq 199.551 (19 df)

Saving state to vegas_last_iter37.
Vegas input parameters:
  ndim 11
  ncomp 1
  epsrel 0
  epsabs 0
  flags 291
  seed 888
  mineval 1
  maxeval 1
  nstart 1000000
  nincrease 500000
  nbatch 1000
  gridno 1
  statefile "vegas_last_iter37"

Restoring state from vegas_last_iter37.

Iteration 21:  126000000 integrand evaluations so far
[1] 7.62818e-08 +- 7.10047e-12  	chisq 199.567 (20 df)

Saving state to vegas_last_iter37.
Vegas input parameters:
  ndim 11
  ncomp 1
  epsrel 0
  epsabs 0
  flags 291
  seed 925
  mineval 1
  maxeval 1
  nstart 1000000
  nincrease 500000
  nbatch 1000
  gridno 1
  statefile "vegas_last_iter37"

Restoring state from vegas_last_iter37.

Iteration 22:  137500000 integrand evaluations so far
[1] 7.62834e-08 +- 6.75226e-12  	chisq 200.054 (21 df)

Saving state to vegas_last_iter37.
Vegas input parameters:
  ndim 11
  ncomp 1
  epsrel 0
  epsabs 0
  flags 291
  seed 962
  mineval 1
  maxeval 1
  nstart 1000000
  nincrease 500000
  nbatch 1000
  gridno 1
  statefile "vegas_last_iter37"

Restoring state from vegas_last_iter37.

Iteration 23:  149500000 integrand evaluations so far
[1] 7.62805e-08 +- 6.43561e-12  	chisq 201.995 (22 df)

Saving state to vegas_last_iter37.
Vegas input parameters:
  ndim 11
  ncomp 1
  epsrel 0
  epsabs 0
  flags 291
  seed 999
  mineval 1
  maxeval 1
  nstart 1000000
  nincrease 500000
  nbatch 1000
  gridno 1
  statefile "vegas_last_iter37"

Restoring state from vegas_last_iter37.

Iteration 24:  162000000 integrand evaluations so far
[1] 7.62781e-08 +- 6.14395e-12  	chisq 203.576 (23 df)

Saving state to vegas_last_iter37.
Vegas input parameters:
  ndim 11
  ncomp 1
  epsrel 0
  epsabs 0
  flags 291
  seed 1036
  mineval 1
  maxeval 1
  nstart 1000000
  nincrease 500000
  nbatch 1000
  gridno 1
  statefile "vegas_last_iter37"

Restoring state from vegas_last_iter37.

Iteration 25:  175000000 integrand evaluations so far
[1] 7.62762e-08 +- 5.87497e-12  	chisq 204.715 (24 df)

Saving state to vegas_last_iter37.
Vegas input parameters:
  ndim 11
  ncomp 1
  epsrel 0
  epsabs 0
  flags 291
  seed 1073
  mineval 1
  maxeval 1
  nstart 1000000
  nincrease 500000
  nbatch 1000
  gridno 1
  statefile "vegas_last_iter37"

Restoring state from vegas_last_iter37.

Iteration 26:  188500000 integrand evaluations so far
[1] 7.62776e-08 +- 5.62833e-12  	chisq 205.443 (25 df)

Saving state to vegas_last_iter37.
Vegas input parameters:
  ndim 11
  ncomp 1
  epsrel 0
  epsabs 0
  flags 291
  seed 1110
  mineval 1
  maxeval 1
  nstart 1000000
  nincrease 500000
  nbatch 1000
  gridno 1
  statefile "vegas_last_iter37"

Restoring state from vegas_last_iter37.

Iteration 27:  202500000 integrand evaluations so far
[1] 7.62787e-08 +- 5.40526e-12  	chisq 205.891 (26 df)

Saving state to vegas_last_iter37.
Thanks for using LHAPDF 6.2.1. Please make sure to cite the paper:
  Eur.Phys.J. C75 (2015) 3, 132  (http://arxiv.org/abs/1412.7420)
 method   =Vegas  
 nregions =           1
 neval    =   202500000
 fail     =           1
  0.762786935209E-07 +-   0.540526378121E-11   p =    1.000
