LHAPDF 6.2.1 loading /cvmfs/cms.cern.ch/slc6_amd64_gcc630/external/lhapdf/6.2.1-omkpbe3/share/LHAPDF/NNPDF31_nnlo_as_0118_nf_4/NNPDF31_nnlo_as_0118_nf_4_0000.dat
NNPDF31_nnlo_as_0118_nf_4 PDF set, member #0, version 1; LHAPDF ID = 320900
Vegas input parameters:
  ndim 11
  ncomp 1
  epsrel 0
  epsabs 0
  flags 291
  seed 236
  mineval 1
  maxeval 1
  nstart 1000000
  nincrease 500000
  nbatch 1000
  gridno 1
  statefile "vegas_last_iter125"

Iteration 1:  1000000 integrand evaluations so far
[1] 1.02291e-07 +- 2.17791e-07  	chisq 0 (0 df)

Saving state to vegas_last_iter125.
Vegas input parameters:
  ndim 11
  ncomp 1
  epsrel 0
  epsabs 0
  flags 291
  seed 361
  mineval 1
  maxeval 1
  nstart 1000000
  nincrease 500000
  nbatch 1000
  gridno 1
  statefile "vegas_last_iter125"

Restoring state from vegas_last_iter125.

Iteration 2:  2500000 integrand evaluations so far
[1] -1.12628e-07 +- 5.90133e-08  	chisq 1.05096 (1 df)

Saving state to vegas_last_iter125.
Vegas input parameters:
  ndim 11
  ncomp 1
  epsrel 0
  epsabs 0
  flags 291
  seed 486
  mineval 1
  maxeval 1
  nstart 1000000
  nincrease 500000
  nbatch 1000
  gridno 1
  statefile "vegas_last_iter125"

Restoring state from vegas_last_iter125.

Iteration 3:  4500000 integrand evaluations so far
[1] -1.1407e-07 +- 8.37758e-09  	chisq 1.05157 (2 df)

Saving state to vegas_last_iter125.
Vegas input parameters:
  ndim 11
  ncomp 1
  epsrel 0
  epsabs 0
  flags 291
  seed 611
  mineval 1
  maxeval 1
  nstart 1000000
  nincrease 500000
  nbatch 1000
  gridno 1
  statefile "vegas_last_iter125"

Restoring state from vegas_last_iter125.

Iteration 4:  7000000 integrand evaluations so far
[1] -1.10136e-07 +- 3.39583e-09  	chisq 1.3154 (3 df)

Saving state to vegas_last_iter125.
Vegas input parameters:
  ndim 11
  ncomp 1
  epsrel 0
  epsabs 0
  flags 291
  seed 736
  mineval 1
  maxeval 1
  nstart 1000000
  nincrease 500000
  nbatch 1000
  gridno 1
  statefile "vegas_last_iter125"

Restoring state from vegas_last_iter125.

Iteration 5:  10000000 integrand evaluations so far
[1] -1.12039e-07 +- 8.63738e-10  	chisq 1.65108 (4 df)

Saving state to vegas_last_iter125.
Vegas input parameters:
  ndim 11
  ncomp 1
  epsrel 0
  epsabs 0
  flags 291
  seed 861
  mineval 1
  maxeval 1
  nstart 1000000
  nincrease 500000
  nbatch 1000
  gridno 1
  statefile "vegas_last_iter125"

Restoring state from vegas_last_iter125.

Iteration 6:  13500000 integrand evaluations so far
[1] -1.12255e-07 +- 3.21416e-10  	chisq 1.72345 (5 df)

Saving state to vegas_last_iter125.
Vegas input parameters:
  ndim 11
  ncomp 1
  epsrel 0
  epsabs 0
  flags 291
  seed 986
  mineval 1
  maxeval 1
  nstart 1000000
  nincrease 500000
  nbatch 1000
  gridno 1
  statefile "vegas_last_iter125"

Restoring state from vegas_last_iter125.

Iteration 7:  17500000 integrand evaluations so far
[1] -1.12522e-07 +- 1.92192e-10  	chisq 2.80235 (6 df)

Saving state to vegas_last_iter125.
Vegas input parameters:
  ndim 11
  ncomp 1
  epsrel 0
  epsabs 0
  flags 291
  seed 1111
  mineval 1
  maxeval 1
  nstart 1000000
  nincrease 500000
  nbatch 1000
  gridno 1
  statefile "vegas_last_iter125"

Restoring state from vegas_last_iter125.

Iteration 8:  22000000 integrand evaluations so far
[1] -1.12418e-07 +- 1.40039e-10  	chisq 3.42895 (7 df)

Saving state to vegas_last_iter125.
Vegas input parameters:
  ndim 11
  ncomp 1
  epsrel 0
  epsabs 0
  flags 291
  seed 1236
  mineval 1
  maxeval 1
  nstart 1000000
  nincrease 500000
  nbatch 1000
  gridno 1
  statefile "vegas_last_iter125"

Restoring state from vegas_last_iter125.

Iteration 9:  27000000 integrand evaluations so far
[1] -1.12363e-07 +- 1.12e-10  	chisq 3.86201 (8 df)

Saving state to vegas_last_iter125.
Vegas input parameters:
  ndim 11
  ncomp 1
  epsrel 0
  epsabs 0
  flags 291
  seed 1361
  mineval 1
  maxeval 1
  nstart 1000000
  nincrease 500000
  nbatch 1000
  gridno 1
  statefile "vegas_last_iter125"

Restoring state from vegas_last_iter125.

Iteration 10:  32500000 integrand evaluations so far
[1] -1.12361e-07 +- 9.44577e-11  	chisq 3.86284 (9 df)

Saving state to vegas_last_iter125.
Vegas input parameters:
  ndim 11
  ncomp 1
  epsrel 0
  epsabs 0
  flags 291
  seed 1486
  mineval 1
  maxeval 1
  nstart 1000000
  nincrease 500000
  nbatch 1000
  gridno 1
  statefile "vegas_last_iter125"

Restoring state from vegas_last_iter125.

Iteration 11:  38500000 integrand evaluations so far
[1] -1.124e-07 +- 8.2278e-11  	chisq 4.57049 (10 df)

Saving state to vegas_last_iter125.
Vegas input parameters:
  ndim 11
  ncomp 1
  epsrel 0
  epsabs 0
  flags 291
  seed 1611
  mineval 1
  maxeval 1
  nstart 1000000
  nincrease 500000
  nbatch 1000
  gridno 1
  statefile "vegas_last_iter125"

Restoring state from vegas_last_iter125.

Iteration 12:  45000000 integrand evaluations so far
[1] -1.1239e-07 +- 7.32305e-11  	chisq 4.64775 (11 df)

Saving state to vegas_last_iter125.
Vegas input parameters:
  ndim 11
  ncomp 1
  epsrel 0
  epsabs 0
  flags 291
  seed 1736
  mineval 1
  maxeval 1
  nstart 1000000
  nincrease 500000
  nbatch 1000
  gridno 1
  statefile "vegas_last_iter125"

Restoring state from vegas_last_iter125.

Iteration 13:  52000000 integrand evaluations so far
[1] -1.12354e-07 +- 6.61847e-11  	chisq 5.90174 (12 df)

Saving state to vegas_last_iter125.
Vegas input parameters:
  ndim 11
  ncomp 1
  epsrel 0
  epsabs 0
  flags 291
  seed 1861
  mineval 1
  maxeval 1
  nstart 1000000
  nincrease 500000
  nbatch 1000
  gridno 1
  statefile "vegas_last_iter125"

Restoring state from vegas_last_iter125.

Iteration 14:  59500000 integrand evaluations so far
[1] -1.1233e-07 +- 6.04875e-11  	chisq 6.70142 (13 df)

Saving state to vegas_last_iter125.
Vegas input parameters:
  ndim 11
  ncomp 1
  epsrel 0
  epsabs 0
  flags 291
  seed 1986
  mineval 1
  maxeval 1
  nstart 1000000
  nincrease 500000
  nbatch 1000
  gridno 1
  statefile "vegas_last_iter125"

Restoring state from vegas_last_iter125.

Iteration 15:  67500000 integrand evaluations so far
[1] -1.12325e-07 +- 5.57756e-11  	chisq 6.75057 (14 df)

Saving state to vegas_last_iter125.
Vegas input parameters:
  ndim 11
  ncomp 1
  epsrel 0
  epsabs 0
  flags 291
  seed 2111
  mineval 1
  maxeval 1
  nstart 1000000
  nincrease 500000
  nbatch 1000
  gridno 1
  statefile "vegas_last_iter125"

Restoring state from vegas_last_iter125.

Iteration 16:  76000000 integrand evaluations so far
[1] -1.12295e-07 +- 5.1807e-11  	chisq 8.94486 (15 df)

Saving state to vegas_last_iter125.
Vegas input parameters:
  ndim 11
  ncomp 1
  epsrel 0
  epsabs 0
  flags 291
  seed 2236
  mineval 1
  maxeval 1
  nstart 1000000
  nincrease 500000
  nbatch 1000
  gridno 1
  statefile "vegas_last_iter125"

Restoring state from vegas_last_iter125.

Iteration 17:  85000000 integrand evaluations so far
[1] -1.12311e-07 +- 4.84096e-11  	chisq 9.71655 (16 df)

Saving state to vegas_last_iter125.
Vegas input parameters:
  ndim 11
  ncomp 1
  epsrel 0
  epsabs 0
  flags 291
  seed 2361
  mineval 1
  maxeval 1
  nstart 1000000
  nincrease 500000
  nbatch 1000
  gridno 1
  statefile "vegas_last_iter125"

Restoring state from vegas_last_iter125.

Iteration 18:  94500000 integrand evaluations so far
[1] -1.12326e-07 +- 4.5444e-11  	chisq 10.5593 (17 df)

Saving state to vegas_last_iter125.
Vegas input parameters:
  ndim 11
  ncomp 1
  epsrel 0
  epsabs 0
  flags 291
  seed 2486
  mineval 1
  maxeval 1
  nstart 1000000
  nincrease 500000
  nbatch 1000
  gridno 1
  statefile "vegas_last_iter125"

Restoring state from vegas_last_iter125.

Iteration 19:  104500000 integrand evaluations so far
[1] -1.12336e-07 +- 4.28437e-11  	chisq 10.9651 (18 df)

Saving state to vegas_last_iter125.
Vegas input parameters:
  ndim 11
  ncomp 1
  epsrel 0
  epsabs 0
  flags 291
  seed 2611
  mineval 1
  maxeval 1
  nstart 1000000
  nincrease 500000
  nbatch 1000
  gridno 1
  statefile "vegas_last_iter125"

Restoring state from vegas_last_iter125.

Iteration 20:  115000000 integrand evaluations so far
[1] -1.12348e-07 +- 4.05368e-11  	chisq 11.7371 (19 df)

Saving state to vegas_last_iter125.
Vegas input parameters:
  ndim 11
  ncomp 1
  epsrel 0
  epsabs 0
  flags 291
  seed 2736
  mineval 1
  maxeval 1
  nstart 1000000
  nincrease 500000
  nbatch 1000
  gridno 1
  statefile "vegas_last_iter125"

Restoring state from vegas_last_iter125.

Iteration 21:  126000000 integrand evaluations so far
[1] -1.12353e-07 +- 3.84806e-11  	chisq 11.8918 (20 df)

Saving state to vegas_last_iter125.
Vegas input parameters:
  ndim 11
  ncomp 1
  epsrel 0
  epsabs 0
  flags 291
  seed 2861
  mineval 1
  maxeval 1
  nstart 1000000
  nincrease 500000
  nbatch 1000
  gridno 1
  statefile "vegas_last_iter125"

Restoring state from vegas_last_iter125.

Iteration 22:  137500000 integrand evaluations so far
[1] -1.1234e-07 +- 3.66307e-11  	chisq 13.0944 (21 df)

Saving state to vegas_last_iter125.
Vegas input parameters:
  ndim 11
  ncomp 1
  epsrel 0
  epsabs 0
  flags 291
  seed 2986
  mineval 1
  maxeval 1
  nstart 1000000
  nincrease 500000
  nbatch 1000
  gridno 1
  statefile "vegas_last_iter125"

Restoring state from vegas_last_iter125.

Iteration 23:  149500000 integrand evaluations so far
[1] -1.12335e-07 +- 3.49601e-11  	chisq 13.3112 (22 df)

Saving state to vegas_last_iter125.
Vegas input parameters:
  ndim 11
  ncomp 1
  epsrel 0
  epsabs 0
  flags 291
  seed 3111
  mineval 1
  maxeval 1
  nstart 1000000
  nincrease 500000
  nbatch 1000
  gridno 1
  statefile "vegas_last_iter125"

Restoring state from vegas_last_iter125.

Iteration 24:  162000000 integrand evaluations so far
[1] -1.12327e-07 +- 3.34402e-11  	chisq 13.991 (23 df)

Saving state to vegas_last_iter125.
Vegas input parameters:
  ndim 11
  ncomp 1
  epsrel 0
  epsabs 0
  flags 291
  seed 3236
  mineval 1
  maxeval 1
  nstart 1000000
  nincrease 500000
  nbatch 1000
  gridno 1
  statefile "vegas_last_iter125"

Restoring state from vegas_last_iter125.

Iteration 25:  175000000 integrand evaluations so far
[1] -1.1231e-07 +- 3.2053e-11  	chisq 17.0407 (24 df)

Saving state to vegas_last_iter125.
Vegas input parameters:
  ndim 11
  ncomp 1
  epsrel 0
  epsabs 0
  flags 291
  seed 3361
  mineval 1
  maxeval 1
  nstart 1000000
  nincrease 500000
  nbatch 1000
  gridno 1
  statefile "vegas_last_iter125"

Restoring state from vegas_last_iter125.

Iteration 26:  188500000 integrand evaluations so far
[1] -1.12315e-07 +- 3.07805e-11  	chisq 17.371 (25 df)

Saving state to vegas_last_iter125.
Vegas input parameters:
  ndim 11
  ncomp 1
  epsrel 0
  epsabs 0
  flags 291
  seed 3486
  mineval 1
  maxeval 1
  nstart 1000000
  nincrease 500000
  nbatch 1000
  gridno 1
  statefile "vegas_last_iter125"

Restoring state from vegas_last_iter125.

Iteration 27:  202500000 integrand evaluations so far
[1] -1.12323e-07 +- 2.96047e-11  	chisq 18.3193 (26 df)

Saving state to vegas_last_iter125.
Thanks for using LHAPDF 6.2.1. Please make sure to cite the paper:
  Eur.Phys.J. C75 (2015) 3, 132  (http://arxiv.org/abs/1412.7420)
 method   =Vegas  
 nregions =           1
 neval    =   202500000
 fail     =           1
 -0.112323271499E-06 +-   0.296047340895E-10   p =    0.107
