LHAPDF 6.2.1 loading /cvmfs/cms.cern.ch/slc6_amd64_gcc630/external/lhapdf/6.2.1-omkpbe3/share/LHAPDF/NNPDF31_nnlo_as_0118_nf_4/NNPDF31_nnlo_as_0118_nf_4_0000.dat
NNPDF31_nnlo_as_0118_nf_4 PDF set, member #0, version 1; LHAPDF ID = 320900
Vegas input parameters:
  ndim 11
  ncomp 1
  epsrel 0
  epsabs 0
  flags 291
  seed 201
  mineval 1
  maxeval 1
  nstart 1000000
  nincrease 500000
  nbatch 1000
  gridno 1
  statefile "vegas_last_iter90"

Iteration 1:  1000000 integrand evaluations so far
[1] 2.24239e-07 +- 2.95102e-08  	chisq 0 (0 df)

Saving state to vegas_last_iter90.
Vegas input parameters:
  ndim 11
  ncomp 1
  epsrel 0
  epsabs 0
  flags 291
  seed 291
  mineval 1
  maxeval 1
  nstart 1000000
  nincrease 500000
  nbatch 1000
  gridno 1
  statefile "vegas_last_iter90"

Restoring state from vegas_last_iter90.

Iteration 2:  2500000 integrand evaluations so far
[1] 3.23463e-07 +- 2.00408e-08  	chisq 20.9824 (1 df)

Saving state to vegas_last_iter90.
Vegas input parameters:
  ndim 11
  ncomp 1
  epsrel 0
  epsabs 0
  flags 291
  seed 381
  mineval 1
  maxeval 1
  nstart 1000000
  nincrease 500000
  nbatch 1000
  gridno 1
  statefile "vegas_last_iter90"

Restoring state from vegas_last_iter90.

Iteration 3:  4500000 integrand evaluations so far
[1] 4.09323e-07 +- 9.15034e-09  	chisq 44.1716 (2 df)

Saving state to vegas_last_iter90.
Vegas input parameters:
  ndim 11
  ncomp 1
  epsrel 0
  epsabs 0
  flags 291
  seed 471
  mineval 1
  maxeval 1
  nstart 1000000
  nincrease 500000
  nbatch 1000
  gridno 1
  statefile "vegas_last_iter90"

Restoring state from vegas_last_iter90.

Iteration 4:  7000000 integrand evaluations so far
[1] 4.15051e-07 +- 2.70359e-09  	chisq 44.6009 (3 df)

Saving state to vegas_last_iter90.
Vegas input parameters:
  ndim 11
  ncomp 1
  epsrel 0
  epsabs 0
  flags 291
  seed 561
  mineval 1
  maxeval 1
  nstart 1000000
  nincrease 500000
  nbatch 1000
  gridno 1
  statefile "vegas_last_iter90"

Restoring state from vegas_last_iter90.

Iteration 5:  10000000 integrand evaluations so far
[1] 4.16887e-07 +- 9.92115e-10  	chisq 45.1339 (4 df)

Saving state to vegas_last_iter90.
Vegas input parameters:
  ndim 11
  ncomp 1
  epsrel 0
  epsabs 0
  flags 291
  seed 651
  mineval 1
  maxeval 1
  nstart 1000000
  nincrease 500000
  nbatch 1000
  gridno 1
  statefile "vegas_last_iter90"

Restoring state from vegas_last_iter90.

Iteration 6:  13500000 integrand evaluations so far
[1] 4.17098e-07 +- 4.58986e-10  	chisq 45.1916 (5 df)

Saving state to vegas_last_iter90.
Vegas input parameters:
  ndim 11
  ncomp 1
  epsrel 0
  epsabs 0
  flags 291
  seed 741
  mineval 1
  maxeval 1
  nstart 1000000
  nincrease 500000
  nbatch 1000
  gridno 1
  statefile "vegas_last_iter90"

Restoring state from vegas_last_iter90.

Iteration 7:  17500000 integrand evaluations so far
[1] 4.17282e-07 +- 2.8586e-10  	chisq 45.4528 (6 df)

Saving state to vegas_last_iter90.
Vegas input parameters:
  ndim 11
  ncomp 1
  epsrel 0
  epsabs 0
  flags 291
  seed 831
  mineval 1
  maxeval 1
  nstart 1000000
  nincrease 500000
  nbatch 1000
  gridno 1
  statefile "vegas_last_iter90"

Restoring state from vegas_last_iter90.

Iteration 8:  22000000 integrand evaluations so far
[1] 4.17486e-07 +- 2.11138e-10  	chisq 46.5817 (7 df)

Saving state to vegas_last_iter90.
Vegas input parameters:
  ndim 11
  ncomp 1
  epsrel 0
  epsabs 0
  flags 291
  seed 921
  mineval 1
  maxeval 1
  nstart 1000000
  nincrease 500000
  nbatch 1000
  gridno 1
  statefile "vegas_last_iter90"

Restoring state from vegas_last_iter90.

Iteration 9:  27000000 integrand evaluations so far
[1] 4.17348e-07 +- 1.70279e-10  	chisq 47.8076 (8 df)

Saving state to vegas_last_iter90.
Vegas input parameters:
  ndim 11
  ncomp 1
  epsrel 0
  epsabs 0
  flags 291
  seed 1011
  mineval 1
  maxeval 1
  nstart 1000000
  nincrease 500000
  nbatch 1000
  gridno 1
  statefile "vegas_last_iter90"

Restoring state from vegas_last_iter90.

Iteration 10:  32500000 integrand evaluations so far
[1] 4.17259e-07 +- 1.44325e-10  	chisq 48.7737 (9 df)

Saving state to vegas_last_iter90.
Vegas input parameters:
  ndim 11
  ncomp 1
  epsrel 0
  epsabs 0
  flags 291
  seed 1101
  mineval 1
  maxeval 1
  nstart 1000000
  nincrease 500000
  nbatch 1000
  gridno 1
  statefile "vegas_last_iter90"

Restoring state from vegas_last_iter90.

Iteration 11:  38500000 integrand evaluations so far
[1] 4.17309e-07 +- 1.26138e-10  	chisq 49.2707 (10 df)

Saving state to vegas_last_iter90.
Vegas input parameters:
  ndim 11
  ncomp 1
  epsrel 0
  epsabs 0
  flags 291
  seed 1191
  mineval 1
  maxeval 1
  nstart 1000000
  nincrease 500000
  nbatch 1000
  gridno 1
  statefile "vegas_last_iter90"

Restoring state from vegas_last_iter90.

Iteration 12:  45000000 integrand evaluations so far
[1] 4.1731e-07 +- 1.12528e-10  	chisq 49.2715 (11 df)

Saving state to vegas_last_iter90.
Vegas input parameters:
  ndim 11
  ncomp 1
  epsrel 0
  epsabs 0
  flags 291
  seed 1281
  mineval 1
  maxeval 1
  nstart 1000000
  nincrease 500000
  nbatch 1000
  gridno 1
  statefile "vegas_last_iter90"

Restoring state from vegas_last_iter90.

Iteration 13:  52000000 integrand evaluations so far
[1] 4.17262e-07 +- 1.01868e-10  	chisq 50.3081 (12 df)

Saving state to vegas_last_iter90.
Vegas input parameters:
  ndim 11
  ncomp 1
  epsrel 0
  epsabs 0
  flags 291
  seed 1371
  mineval 1
  maxeval 1
  nstart 1000000
  nincrease 500000
  nbatch 1000
  gridno 1
  statefile "vegas_last_iter90"

Restoring state from vegas_last_iter90.

Iteration 14:  59500000 integrand evaluations so far
[1] 4.17296e-07 +- 9.32242e-11  	chisq 50.9947 (13 df)

Saving state to vegas_last_iter90.
Vegas input parameters:
  ndim 11
  ncomp 1
  epsrel 0
  epsabs 0
  flags 291
  seed 1461
  mineval 1
  maxeval 1
  nstart 1000000
  nincrease 500000
  nbatch 1000
  gridno 1
  statefile "vegas_last_iter90"

Restoring state from vegas_last_iter90.

Iteration 15:  67500000 integrand evaluations so far
[1] 4.17294e-07 +- 8.60695e-11  	chisq 50.9962 (14 df)

Saving state to vegas_last_iter90.
Vegas input parameters:
  ndim 11
  ncomp 1
  epsrel 0
  epsabs 0
  flags 291
  seed 1551
  mineval 1
  maxeval 1
  nstart 1000000
  nincrease 500000
  nbatch 1000
  gridno 1
  statefile "vegas_last_iter90"

Restoring state from vegas_last_iter90.

Iteration 16:  76000000 integrand evaluations so far
[1] 4.1732e-07 +- 8.00179e-11  	chisq 51.6423 (15 df)

Saving state to vegas_last_iter90.
Vegas input parameters:
  ndim 11
  ncomp 1
  epsrel 0
  epsabs 0
  flags 291
  seed 1641
  mineval 1
  maxeval 1
  nstart 1000000
  nincrease 500000
  nbatch 1000
  gridno 1
  statefile "vegas_last_iter90"

Restoring state from vegas_last_iter90.

Iteration 17:  85000000 integrand evaluations so far
[1] 4.17314e-07 +- 7.48271e-11  	chisq 51.6802 (16 df)

Saving state to vegas_last_iter90.
Vegas input parameters:
  ndim 11
  ncomp 1
  epsrel 0
  epsabs 0
  flags 291
  seed 1731
  mineval 1
  maxeval 1
  nstart 1000000
  nincrease 500000
  nbatch 1000
  gridno 1
  statefile "vegas_last_iter90"

Restoring state from vegas_last_iter90.

Iteration 18:  94500000 integrand evaluations so far
[1] 4.17318e-07 +- 7.03152e-11  	chisq 51.702 (17 df)

Saving state to vegas_last_iter90.
Vegas input parameters:
  ndim 11
  ncomp 1
  epsrel 0
  epsabs 0
  flags 291
  seed 1821
  mineval 1
  maxeval 1
  nstart 1000000
  nincrease 500000
  nbatch 1000
  gridno 1
  statefile "vegas_last_iter90"

Restoring state from vegas_last_iter90.

Iteration 19:  104500000 integrand evaluations so far
[1] 4.17336e-07 +- 6.63543e-11  	chisq 52.29 (18 df)

Saving state to vegas_last_iter90.
Vegas input parameters:
  ndim 11
  ncomp 1
  epsrel 0
  epsabs 0
  flags 291
  seed 1911
  mineval 1
  maxeval 1
  nstart 1000000
  nincrease 500000
  nbatch 1000
  gridno 1
  statefile "vegas_last_iter90"

Restoring state from vegas_last_iter90.

Iteration 20:  115000000 integrand evaluations so far
[1] 4.17314e-07 +- 6.28392e-11  	chisq 53.3223 (19 df)

Saving state to vegas_last_iter90.
Vegas input parameters:
  ndim 11
  ncomp 1
  epsrel 0
  epsabs 0
  flags 291
  seed 2001
  mineval 1
  maxeval 1
  nstart 1000000
  nincrease 500000
  nbatch 1000
  gridno 1
  statefile "vegas_last_iter90"

Restoring state from vegas_last_iter90.

Iteration 21:  126000000 integrand evaluations so far
[1] 4.17314e-07 +- 5.97032e-11  	chisq 53.3223 (20 df)

Saving state to vegas_last_iter90.
Vegas input parameters:
  ndim 11
  ncomp 1
  epsrel 0
  epsabs 0
  flags 291
  seed 2091
  mineval 1
  maxeval 1
  nstart 1000000
  nincrease 500000
  nbatch 1000
  gridno 1
  statefile "vegas_last_iter90"

Restoring state from vegas_last_iter90.

Iteration 22:  137500000 integrand evaluations so far
[1] 4.17292e-07 +- 5.68829e-11  	chisq 54.7394 (21 df)

Saving state to vegas_last_iter90.
Vegas input parameters:
  ndim 11
  ncomp 1
  epsrel 0
  epsabs 0
  flags 291
  seed 2181
  mineval 1
  maxeval 1
  nstart 1000000
  nincrease 500000
  nbatch 1000
  gridno 1
  statefile "vegas_last_iter90"

Restoring state from vegas_last_iter90.

Iteration 23:  149500000 integrand evaluations so far
[1] 4.17311e-07 +- 5.43299e-11  	chisq 56.0098 (22 df)

Saving state to vegas_last_iter90.
Vegas input parameters:
  ndim 11
  ncomp 1
  epsrel 0
  epsabs 0
  flags 291
  seed 2271
  mineval 1
  maxeval 1
  nstart 1000000
  nincrease 500000
  nbatch 1000
  gridno 1
  statefile "vegas_last_iter90"

Restoring state from vegas_last_iter90.

Iteration 24:  162000000 integrand evaluations so far
[1] 4.17327e-07 +- 5.20082e-11  	chisq 57.0437 (23 df)

Saving state to vegas_last_iter90.
Vegas input parameters:
  ndim 11
  ncomp 1
  epsrel 0
  epsabs 0
  flags 291
  seed 2361
  mineval 1
  maxeval 1
  nstart 1000000
  nincrease 500000
  nbatch 1000
  gridno 1
  statefile "vegas_last_iter90"

Restoring state from vegas_last_iter90.

Iteration 25:  175000000 integrand evaluations so far
[1] 4.17332e-07 +- 4.98902e-11  	chisq 57.1419 (24 df)

Saving state to vegas_last_iter90.
Vegas input parameters:
  ndim 11
  ncomp 1
  epsrel 0
  epsabs 0
  flags 291
  seed 2451
  mineval 1
  maxeval 1
  nstart 1000000
  nincrease 500000
  nbatch 1000
  gridno 1
  statefile "vegas_last_iter90"

Restoring state from vegas_last_iter90.

Iteration 26:  188500000 integrand evaluations so far
[1] 4.17321e-07 +- 4.79459e-11  	chisq 57.8381 (25 df)

Saving state to vegas_last_iter90.
Vegas input parameters:
  ndim 11
  ncomp 1
  epsrel 0
  epsabs 0
  flags 291
  seed 2541
  mineval 1
  maxeval 1
  nstart 1000000
  nincrease 500000
  nbatch 1000
  gridno 1
  statefile "vegas_last_iter90"

Restoring state from vegas_last_iter90.

Iteration 27:  202500000 integrand evaluations so far
[1] 4.17329e-07 +- 4.61551e-11  	chisq 58.2679 (26 df)

Saving state to vegas_last_iter90.
Thanks for using LHAPDF 6.2.1. Please make sure to cite the paper:
  Eur.Phys.J. C75 (2015) 3, 132  (http://arxiv.org/abs/1412.7420)
 method   =Vegas  
 nregions =           1
 neval    =   202500000
 fail     =           1
  0.417329068284E-06 +-   0.461550843647E-10   p =    1.000
