LHAPDF 6.2.1 loading /cvmfs/cms.cern.ch/slc6_amd64_gcc630/external/lhapdf/6.2.1-omkpbe3/share/LHAPDF/NNPDF31_nnlo_as_0118_nf_4/NNPDF31_nnlo_as_0118_nf_4_0000.dat
NNPDF31_nnlo_as_0118_nf_4 PDF set, member #0, version 1; LHAPDF ID = 320900
Vegas input parameters:
  ndim 11
  ncomp 1
  epsrel 0
  epsabs 0
  flags 291
  seed 199
  mineval 1
  maxeval 1
  nstart 1000000
  nincrease 500000
  nbatch 1000
  gridno 1
  statefile "vegas_last_iter88"

Iteration 1:  1000000 integrand evaluations so far
[1] -3.30158e-09 +- 2.55608e-09  	chisq 0 (0 df)

Saving state to vegas_last_iter88.
Vegas input parameters:
  ndim 11
  ncomp 1
  epsrel 0
  epsabs 0
  flags 291
  seed 287
  mineval 1
  maxeval 1
  nstart 1000000
  nincrease 500000
  nbatch 1000
  gridno 1
  statefile "vegas_last_iter88"

Restoring state from vegas_last_iter88.

Iteration 2:  2500000 integrand evaluations so far
[1] -2.06647e-09 +- 1.19753e-09  	chisq 0.29915 (1 df)

Saving state to vegas_last_iter88.
Vegas input parameters:
  ndim 11
  ncomp 1
  epsrel 0
  epsabs 0
  flags 291
  seed 375
  mineval 1
  maxeval 1
  nstart 1000000
  nincrease 500000
  nbatch 1000
  gridno 1
  statefile "vegas_last_iter88"

Restoring state from vegas_last_iter88.

Iteration 3:  4500000 integrand evaluations so far
[1] -6.9213e-10 +- 3.05833e-10  	chisq 1.70813 (2 df)

Saving state to vegas_last_iter88.
Vegas input parameters:
  ndim 11
  ncomp 1
  epsrel 0
  epsabs 0
  flags 291
  seed 463
  mineval 1
  maxeval 1
  nstart 1000000
  nincrease 500000
  nbatch 1000
  gridno 1
  statefile "vegas_last_iter88"

Restoring state from vegas_last_iter88.

Iteration 4:  7000000 integrand evaluations so far
[1] -6.40351e-11 +- 6.48491e-11  	chisq 6.12446 (3 df)

Saving state to vegas_last_iter88.
Vegas input parameters:
  ndim 11
  ncomp 1
  epsrel 0
  epsabs 0
  flags 291
  seed 551
  mineval 1
  maxeval 1
  nstart 1000000
  nincrease 500000
  nbatch 1000
  gridno 1
  statefile "vegas_last_iter88"

Restoring state from vegas_last_iter88.

Iteration 5:  10000000 integrand evaluations so far
[1] -5.14765e-11 +- 2.6361e-11  	chisq 6.16939 (4 df)

Saving state to vegas_last_iter88.
Vegas input parameters:
  ndim 11
  ncomp 1
  epsrel 0
  epsabs 0
  flags 291
  seed 639
  mineval 1
  maxeval 1
  nstart 1000000
  nincrease 500000
  nbatch 1000
  gridno 1
  statefile "vegas_last_iter88"

Restoring state from vegas_last_iter88.

Iteration 6:  13500000 integrand evaluations so far
[1] -5.26412e-12 +- 1.48462e-11  	chisq 10.6702 (5 df)

Saving state to vegas_last_iter88.
Vegas input parameters:
  ndim 11
  ncomp 1
  epsrel 0
  epsabs 0
  flags 291
  seed 727
  mineval 1
  maxeval 1
  nstart 1000000
  nincrease 500000
  nbatch 1000
  gridno 1
  statefile "vegas_last_iter88"

Restoring state from vegas_last_iter88.

Iteration 7:  17500000 integrand evaluations so far
[1] -7.1095e-12 +- 1.03945e-11  	chisq 10.7005 (6 df)

Saving state to vegas_last_iter88.
Vegas input parameters:
  ndim 11
  ncomp 1
  epsrel 0
  epsabs 0
  flags 291
  seed 815
  mineval 1
  maxeval 1
  nstart 1000000
  nincrease 500000
  nbatch 1000
  gridno 1
  statefile "vegas_last_iter88"

Restoring state from vegas_last_iter88.

Iteration 8:  22000000 integrand evaluations so far
[1] -5.98452e-12 +- 8.11203e-12  	chisq 10.7304 (7 df)

Saving state to vegas_last_iter88.
Vegas input parameters:
  ndim 11
  ncomp 1
  epsrel 0
  epsabs 0
  flags 291
  seed 903
  mineval 1
  maxeval 1
  nstart 1000000
  nincrease 500000
  nbatch 1000
  gridno 1
  statefile "vegas_last_iter88"

Restoring state from vegas_last_iter88.

Iteration 9:  27000000 integrand evaluations so far
[1] 2.02154e-13 +- 6.72978e-12  	chisq 12.5961 (8 df)

Saving state to vegas_last_iter88.
Vegas input parameters:
  ndim 11
  ncomp 1
  epsrel 0
  epsabs 0
  flags 291
  seed 991
  mineval 1
  maxeval 1
  nstart 1000000
  nincrease 500000
  nbatch 1000
  gridno 1
  statefile "vegas_last_iter88"

Restoring state from vegas_last_iter88.

Iteration 10:  32500000 integrand evaluations so far
[1] -3.47732e-12 +- 5.79241e-12  	chisq 13.7495 (9 df)

Saving state to vegas_last_iter88.
Vegas input parameters:
  ndim 11
  ncomp 1
  epsrel 0
  epsabs 0
  flags 291
  seed 1079
  mineval 1
  maxeval 1
  nstart 1000000
  nincrease 500000
  nbatch 1000
  gridno 1
  statefile "vegas_last_iter88"

Restoring state from vegas_last_iter88.

Iteration 11:  38500000 integrand evaluations so far
[1] -5.16064e-13 +- 5.10947e-12  	chisq 14.9273 (10 df)

Saving state to vegas_last_iter88.
Vegas input parameters:
  ndim 11
  ncomp 1
  epsrel 0
  epsabs 0
  flags 291
  seed 1167
  mineval 1
  maxeval 1
  nstart 1000000
  nincrease 500000
  nbatch 1000
  gridno 1
  statefile "vegas_last_iter88"

Restoring state from vegas_last_iter88.

Iteration 12:  45000000 integrand evaluations so far
[1] -1.06494e-12 +- 4.58636e-12  	chisq 14.9867 (11 df)

Saving state to vegas_last_iter88.
Vegas input parameters:
  ndim 11
  ncomp 1
  epsrel 0
  epsabs 0
  flags 291
  seed 1255
  mineval 1
  maxeval 1
  nstart 1000000
  nincrease 500000
  nbatch 1000
  gridno 1
  statefile "vegas_last_iter88"

Restoring state from vegas_last_iter88.

Iteration 13:  52000000 integrand evaluations so far
[1] 3.47809e-13 +- 4.1702e-12  	chisq 15.5344 (12 df)

Saving state to vegas_last_iter88.
Vegas input parameters:
  ndim 11
  ncomp 1
  epsrel 0
  epsabs 0
  flags 291
  seed 1343
  mineval 1
  maxeval 1
  nstart 1000000
  nincrease 500000
  nbatch 1000
  gridno 1
  statefile "vegas_last_iter88"

Restoring state from vegas_last_iter88.

Iteration 14:  59500000 integrand evaluations so far
[1] -2.73384e-13 +- 3.8289e-12  	chisq 15.6758 (13 df)

Saving state to vegas_last_iter88.
Vegas input parameters:
  ndim 11
  ncomp 1
  epsrel 0
  epsabs 0
  flags 291
  seed 1431
  mineval 1
  maxeval 1
  nstart 1000000
  nincrease 500000
  nbatch 1000
  gridno 1
  statefile "vegas_last_iter88"

Restoring state from vegas_last_iter88.

Iteration 15:  67500000 integrand evaluations so far
[1] -1.33684e-12 +- 3.544e-12  	chisq 16.2142 (14 df)

Saving state to vegas_last_iter88.
Vegas input parameters:
  ndim 11
  ncomp 1
  epsrel 0
  epsabs 0
  flags 291
  seed 1519
  mineval 1
  maxeval 1
  nstart 1000000
  nincrease 500000
  nbatch 1000
  gridno 1
  statefile "vegas_last_iter88"

Restoring state from vegas_last_iter88.

Iteration 16:  76000000 integrand evaluations so far
[1] -2.11485e-12 +- 3.30149e-12  	chisq 16.5788 (15 df)

Saving state to vegas_last_iter88.
Vegas input parameters:
  ndim 11
  ncomp 1
  epsrel 0
  epsabs 0
  flags 291
  seed 1607
  mineval 1
  maxeval 1
  nstart 1000000
  nincrease 500000
  nbatch 1000
  gridno 1
  statefile "vegas_last_iter88"

Restoring state from vegas_last_iter88.

Iteration 17:  85000000 integrand evaluations so far
[1] -1.14126e-13 +- 3.09176e-12  	chisq 19.5641 (16 df)

Saving state to vegas_last_iter88.
Vegas input parameters:
  ndim 11
  ncomp 1
  epsrel 0
  epsabs 0
  flags 291
  seed 1695
  mineval 1
  maxeval 1
  nstart 1000000
  nincrease 500000
  nbatch 1000
  gridno 1
  statefile "vegas_last_iter88"

Restoring state from vegas_last_iter88.

Iteration 18:  94500000 integrand evaluations so far
[1] -9.11706e-13 +- 2.90877e-12  	chisq 20.1435 (17 df)

Saving state to vegas_last_iter88.
Vegas input parameters:
  ndim 11
  ncomp 1
  epsrel 0
  epsabs 0
  flags 291
  seed 1783
  mineval 1
  maxeval 1
  nstart 1000000
  nincrease 500000
  nbatch 1000
  gridno 1
  statefile "vegas_last_iter88"

Restoring state from vegas_last_iter88.

Iteration 19:  104500000 integrand evaluations so far
[1] -1.50365e-12 +- 2.74734e-12  	chisq 20.5272 (18 df)

Saving state to vegas_last_iter88.
Vegas input parameters:
  ndim 11
  ncomp 1
  epsrel 0
  epsabs 0
  flags 291
  seed 1871
  mineval 1
  maxeval 1
  nstart 1000000
  nincrease 500000
  nbatch 1000
  gridno 1
  statefile "vegas_last_iter88"

Restoring state from vegas_last_iter88.

Iteration 20:  115000000 integrand evaluations so far
[1] -1.35041e-12 +- 2.60351e-12  	chisq 20.5577 (19 df)

Saving state to vegas_last_iter88.
Vegas input parameters:
  ndim 11
  ncomp 1
  epsrel 0
  epsabs 0
  flags 291
  seed 1959
  mineval 1
  maxeval 1
  nstart 1000000
  nincrease 500000
  nbatch 1000
  gridno 1
  statefile "vegas_last_iter88"

Restoring state from vegas_last_iter88.

Iteration 21:  126000000 integrand evaluations so far
[1] -1.29559e-12 +- 2.47488e-12  	chisq 20.5623 (20 df)

Saving state to vegas_last_iter88.
Vegas input parameters:
  ndim 11
  ncomp 1
  epsrel 0
  epsabs 0
  flags 291
  seed 2047
  mineval 1
  maxeval 1
  nstart 1000000
  nincrease 500000
  nbatch 1000
  gridno 1
  statefile "vegas_last_iter88"

Restoring state from vegas_last_iter88.

Iteration 22:  137500000 integrand evaluations so far
[1] -6.41772e-13 +- 2.35878e-12  	chisq 21.3241 (21 df)

Saving state to vegas_last_iter88.
Vegas input parameters:
  ndim 11
  ncomp 1
  epsrel 0
  epsabs 0
  flags 291
  seed 2135
  mineval 1
  maxeval 1
  nstart 1000000
  nincrease 500000
  nbatch 1000
  gridno 1
  statefile "vegas_last_iter88"

Restoring state from vegas_last_iter88.

Iteration 23:  149500000 integrand evaluations so far
[1] -1.00081e-12 +- 2.2536e-12  	chisq 21.5898 (22 df)

Saving state to vegas_last_iter88.
Vegas input parameters:
  ndim 11
  ncomp 1
  epsrel 0
  epsabs 0
  flags 291
  seed 2223
  mineval 1
  maxeval 1
  nstart 1000000
  nincrease 500000
  nbatch 1000
  gridno 1
  statefile "vegas_last_iter88"

Restoring state from vegas_last_iter88.

Iteration 24:  162000000 integrand evaluations so far
[1] -7.46102e-13 +- 2.15771e-12  	chisq 21.7432 (23 df)

Saving state to vegas_last_iter88.
Vegas input parameters:
  ndim 11
  ncomp 1
  epsrel 0
  epsabs 0
  flags 291
  seed 2311
  mineval 1
  maxeval 1
  nstart 1000000
  nincrease 500000
  nbatch 1000
  gridno 1
  statefile "vegas_last_iter88"

Restoring state from vegas_last_iter88.

Iteration 25:  175000000 integrand evaluations so far
[1] 4.3623e-13 +- 2.06985e-12  	chisq 25.5067 (24 df)

Saving state to vegas_last_iter88.
Vegas input parameters:
  ndim 11
  ncomp 1
  epsrel 0
  epsabs 0
  flags 291
  seed 2399
  mineval 1
  maxeval 1
  nstart 1000000
  nincrease 500000
  nbatch 1000
  gridno 1
  statefile "vegas_last_iter88"

Restoring state from vegas_last_iter88.

Iteration 26:  188500000 integrand evaluations so far
[1] 1.11148e-12 +- 1.98908e-12  	chisq 26.8975 (25 df)

Saving state to vegas_last_iter88.
Vegas input parameters:
  ndim 11
  ncomp 1
  epsrel 0
  epsabs 0
  flags 291
  seed 2487
  mineval 1
  maxeval 1
  nstart 1000000
  nincrease 500000
  nbatch 1000
  gridno 1
  statefile "vegas_last_iter88"

Restoring state from vegas_last_iter88.

Iteration 27:  202500000 integrand evaluations so far
[1] 3.67551e-13 +- 1.91457e-12  	chisq 28.8002 (26 df)

Saving state to vegas_last_iter88.
Thanks for using LHAPDF 6.2.1. Please make sure to cite the paper:
  Eur.Phys.J. C75 (2015) 3, 132  (http://arxiv.org/abs/1412.7420)
 method   =Vegas  
 nregions =           1
 neval    =   202500000
 fail     =           1
  0.367550632538E-12 +-   0.191456865713E-11   p =    0.629
