LHAPDF 6.2.1 loading /cvmfs/cms.cern.ch/slc6_amd64_gcc630/external/lhapdf/6.2.1-omkpbe3/share/LHAPDF/NNPDF31_nnlo_as_0118_nf_4/NNPDF31_nnlo_as_0118_nf_4_0000.dat
NNPDF31_nnlo_as_0118_nf_4 PDF set, member #0, version 1; LHAPDF ID = 320900
Vegas input parameters:
  ndim 11
  ncomp 1
  epsrel 0
  epsabs 0
  flags 291
  seed 200
  mineval 1
  maxeval 1
  nstart 1000000
  nincrease 500000
  nbatch 1000
  gridno 1
  statefile "vegas_last_iter89"

Iteration 1:  1000000 integrand evaluations so far
[1] -8.4233e-09 +- 1.07295e-08  	chisq 0 (0 df)

Saving state to vegas_last_iter89.
Vegas input parameters:
  ndim 11
  ncomp 1
  epsrel 0
  epsabs 0
  flags 291
  seed 289
  mineval 1
  maxeval 1
  nstart 1000000
  nincrease 500000
  nbatch 1000
  gridno 1
  statefile "vegas_last_iter89"

Restoring state from vegas_last_iter89.

Iteration 2:  2500000 integrand evaluations so far
[1] 1.19866e-09 +- 1.52798e-09  	chisq 0.820854 (1 df)

Saving state to vegas_last_iter89.
Vegas input parameters:
  ndim 11
  ncomp 1
  epsrel 0
  epsabs 0
  flags 291
  seed 378
  mineval 1
  maxeval 1
  nstart 1000000
  nincrease 500000
  nbatch 1000
  gridno 1
  statefile "vegas_last_iter89"

Restoring state from vegas_last_iter89.

Iteration 3:  4500000 integrand evaluations so far
[1] -5.88996e-12 +- 9.97251e-10  	chisq 1.90346 (2 df)

Saving state to vegas_last_iter89.
Vegas input parameters:
  ndim 11
  ncomp 1
  epsrel 0
  epsabs 0
  flags 291
  seed 467
  mineval 1
  maxeval 1
  nstart 1000000
  nincrease 500000
  nbatch 1000
  gridno 1
  statefile "vegas_last_iter89"

Restoring state from vegas_last_iter89.

Iteration 4:  7000000 integrand evaluations so far
[1] -2.03138e-10 +- 6.34976e-10  	chisq 1.96926 (3 df)

Saving state to vegas_last_iter89.
Vegas input parameters:
  ndim 11
  ncomp 1
  epsrel 0
  epsabs 0
  flags 291
  seed 556
  mineval 1
  maxeval 1
  nstart 1000000
  nincrease 500000
  nbatch 1000
  gridno 1
  statefile "vegas_last_iter89"

Restoring state from vegas_last_iter89.

Iteration 5:  10000000 integrand evaluations so far
[1] 3.20772e-10 +- 2.72218e-10  	chisq 2.80331 (4 df)

Saving state to vegas_last_iter89.
Vegas input parameters:
  ndim 11
  ncomp 1
  epsrel 0
  epsabs 0
  flags 291
  seed 645
  mineval 1
  maxeval 1
  nstart 1000000
  nincrease 500000
  nbatch 1000
  gridno 1
  statefile "vegas_last_iter89"

Restoring state from vegas_last_iter89.

Iteration 6:  13500000 integrand evaluations so far
[1] 2.29563e-10 +- 1.27826e-10  	chisq 2.94734 (5 df)

Saving state to vegas_last_iter89.
Vegas input parameters:
  ndim 11
  ncomp 1
  epsrel 0
  epsabs 0
  flags 291
  seed 734
  mineval 1
  maxeval 1
  nstart 1000000
  nincrease 500000
  nbatch 1000
  gridno 1
  statefile "vegas_last_iter89"

Restoring state from vegas_last_iter89.

Iteration 7:  17500000 integrand evaluations so far
[1] 1.2764e-10 +- 8.20319e-11  	chisq 4.02828 (6 df)

Saving state to vegas_last_iter89.
Vegas input parameters:
  ndim 11
  ncomp 1
  epsrel 0
  epsabs 0
  flags 291
  seed 823
  mineval 1
  maxeval 1
  nstart 1000000
  nincrease 500000
  nbatch 1000
  gridno 1
  statefile "vegas_last_iter89"

Restoring state from vegas_last_iter89.

Iteration 8:  22000000 integrand evaluations so far
[1] 1.226e-10 +- 6.1646e-11  	chisq 4.03696 (7 df)

Saving state to vegas_last_iter89.
Vegas input parameters:
  ndim 11
  ncomp 1
  epsrel 0
  epsabs 0
  flags 291
  seed 912
  mineval 1
  maxeval 1
  nstart 1000000
  nincrease 500000
  nbatch 1000
  gridno 1
  statefile "vegas_last_iter89"

Restoring state from vegas_last_iter89.

Iteration 9:  27000000 integrand evaluations so far
[1] 9.60658e-11 +- 5.0307e-11  	chisq 4.59157 (8 df)

Saving state to vegas_last_iter89.
Vegas input parameters:
  ndim 11
  ncomp 1
  epsrel 0
  epsabs 0
  flags 291
  seed 1001
  mineval 1
  maxeval 1
  nstart 1000000
  nincrease 500000
  nbatch 1000
  gridno 1
  statefile "vegas_last_iter89"

Restoring state from vegas_last_iter89.

Iteration 10:  32500000 integrand evaluations so far
[1] 8.96691e-11 +- 4.29086e-11  	chisq 4.6509 (9 df)

Saving state to vegas_last_iter89.
Vegas input parameters:
  ndim 11
  ncomp 1
  epsrel 0
  epsabs 0
  flags 291
  seed 1090
  mineval 1
  maxeval 1
  nstart 1000000
  nincrease 500000
  nbatch 1000
  gridno 1
  statefile "vegas_last_iter89"

Restoring state from vegas_last_iter89.

Iteration 11:  38500000 integrand evaluations so far
[1] 8.84762e-11 +- 3.76529e-11  	chisq 4.65426 (10 df)

Saving state to vegas_last_iter89.
Vegas input parameters:
  ndim 11
  ncomp 1
  epsrel 0
  epsabs 0
  flags 291
  seed 1179
  mineval 1
  maxeval 1
  nstart 1000000
  nincrease 500000
  nbatch 1000
  gridno 1
  statefile "vegas_last_iter89"

Restoring state from vegas_last_iter89.

Iteration 12:  45000000 integrand evaluations so far
[1] 8.5022e-11 +- 3.3693e-11  	chisq 4.69649 (11 df)

Saving state to vegas_last_iter89.
Vegas input parameters:
  ndim 11
  ncomp 1
  epsrel 0
  epsabs 0
  flags 291
  seed 1268
  mineval 1
  maxeval 1
  nstart 1000000
  nincrease 500000
  nbatch 1000
  gridno 1
  statefile "vegas_last_iter89"

Restoring state from vegas_last_iter89.

Iteration 13:  52000000 integrand evaluations so far
[1] 7.38563e-11 +- 3.05588e-11  	chisq 5.31558 (12 df)

Saving state to vegas_last_iter89.
Vegas input parameters:
  ndim 11
  ncomp 1
  epsrel 0
  epsabs 0
  flags 291
  seed 1357
  mineval 1
  maxeval 1
  nstart 1000000
  nincrease 500000
  nbatch 1000
  gridno 1
  statefile "vegas_last_iter89"

Restoring state from vegas_last_iter89.

Iteration 14:  59500000 integrand evaluations so far
[1] 6.86984e-11 +- 2.80181e-11  	chisq 5.49435 (13 df)

Saving state to vegas_last_iter89.
Vegas input parameters:
  ndim 11
  ncomp 1
  epsrel 0
  epsabs 0
  flags 291
  seed 1446
  mineval 1
  maxeval 1
  nstart 1000000
  nincrease 500000
  nbatch 1000
  gridno 1
  statefile "vegas_last_iter89"

Restoring state from vegas_last_iter89.

Iteration 15:  67500000 integrand evaluations so far
[1] 5.91844e-11 +- 2.58944e-11  	chisq 6.28492 (14 df)

Saving state to vegas_last_iter89.
Vegas input parameters:
  ndim 11
  ncomp 1
  epsrel 0
  epsabs 0
  flags 291
  seed 1535
  mineval 1
  maxeval 1
  nstart 1000000
  nincrease 500000
  nbatch 1000
  gridno 1
  statefile "vegas_last_iter89"

Restoring state from vegas_last_iter89.

Iteration 16:  76000000 integrand evaluations so far
[1] 6.36491e-11 +- 2.40876e-11  	chisq 6.50564 (15 df)

Saving state to vegas_last_iter89.
Vegas input parameters:
  ndim 11
  ncomp 1
  epsrel 0
  epsabs 0
  flags 291
  seed 1624
  mineval 1
  maxeval 1
  nstart 1000000
  nincrease 500000
  nbatch 1000
  gridno 1
  statefile "vegas_last_iter89"

Restoring state from vegas_last_iter89.

Iteration 17:  85000000 integrand evaluations so far
[1] 4.8091e-11 +- 2.25394e-11  	chisq 9.85871 (16 df)

Saving state to vegas_last_iter89.
Vegas input parameters:
  ndim 11
  ncomp 1
  epsrel 0
  epsabs 0
  flags 291
  seed 1713
  mineval 1
  maxeval 1
  nstart 1000000
  nincrease 500000
  nbatch 1000
  gridno 1
  statefile "vegas_last_iter89"

Restoring state from vegas_last_iter89.

Iteration 18:  94500000 integrand evaluations so far
[1] 4.1358e-11 +- 2.11893e-11  	chisq 10.6266 (17 df)

Saving state to vegas_last_iter89.
Vegas input parameters:
  ndim 11
  ncomp 1
  epsrel 0
  epsabs 0
  flags 291
  seed 1802
  mineval 1
  maxeval 1
  nstart 1000000
  nincrease 500000
  nbatch 1000
  gridno 1
  statefile "vegas_last_iter89"

Restoring state from vegas_last_iter89.

Iteration 19:  104500000 integrand evaluations so far
[1] 4.61935e-11 +- 2.00011e-11  	chisq 11.1043 (18 df)

Saving state to vegas_last_iter89.
Vegas input parameters:
  ndim 11
  ncomp 1
  epsrel 0
  epsabs 0
  flags 291
  seed 1891
  mineval 1
  maxeval 1
  nstart 1000000
  nincrease 500000
  nbatch 1000
  gridno 1
  statefile "vegas_last_iter89"

Restoring state from vegas_last_iter89.

Iteration 20:  115000000 integrand evaluations so far
[1] 4.77069e-11 +- 1.89456e-11  	chisq 11.1601 (19 df)

Saving state to vegas_last_iter89.
Vegas input parameters:
  ndim 11
  ncomp 1
  epsrel 0
  epsabs 0
  flags 291
  seed 1980
  mineval 1
  maxeval 1
  nstart 1000000
  nincrease 500000
  nbatch 1000
  gridno 1
  statefile "vegas_last_iter89"

Restoring state from vegas_last_iter89.

Iteration 21:  126000000 integrand evaluations so far
[1] 3.95265e-11 +- 1.80008e-11  	chisq 13.077 (20 df)

Saving state to vegas_last_iter89.
Vegas input parameters:
  ndim 11
  ncomp 1
  epsrel 0
  epsabs 0
  flags 291
  seed 2069
  mineval 1
  maxeval 1
  nstart 1000000
  nincrease 500000
  nbatch 1000
  gridno 1
  statefile "vegas_last_iter89"

Restoring state from vegas_last_iter89.

Iteration 22:  137500000 integrand evaluations so far
[1] 3.60593e-11 +- 1.71503e-11  	chisq 13.4791 (21 df)

Saving state to vegas_last_iter89.
Vegas input parameters:
  ndim 11
  ncomp 1
  epsrel 0
  epsabs 0
  flags 291
  seed 2158
  mineval 1
  maxeval 1
  nstart 1000000
  nincrease 500000
  nbatch 1000
  gridno 1
  statefile "vegas_last_iter89"

Restoring state from vegas_last_iter89.

Iteration 23:  149500000 integrand evaluations so far
[1] 3.73953e-11 +- 1.63806e-11  	chisq 13.5483 (22 df)

Saving state to vegas_last_iter89.
Vegas input parameters:
  ndim 11
  ncomp 1
  epsrel 0
  epsabs 0
  flags 291
  seed 2247
  mineval 1
  maxeval 1
  nstart 1000000
  nincrease 500000
  nbatch 1000
  gridno 1
  statefile "vegas_last_iter89"

Restoring state from vegas_last_iter89.

Iteration 24:  162000000 integrand evaluations so far
[1] 3.03658e-11 +- 1.56777e-11  	chisq 15.7414 (23 df)

Saving state to vegas_last_iter89.
Vegas input parameters:
  ndim 11
  ncomp 1
  epsrel 0
  epsabs 0
  flags 291
  seed 2336
  mineval 1
  maxeval 1
  nstart 1000000
  nincrease 500000
  nbatch 1000
  gridno 1
  statefile "vegas_last_iter89"

Restoring state from vegas_last_iter89.

Iteration 25:  175000000 integrand evaluations so far
[1] 2.88893e-11 +- 1.50359e-11  	chisq 15.852 (24 df)

Saving state to vegas_last_iter89.
Vegas input parameters:
  ndim 11
  ncomp 1
  epsrel 0
  epsabs 0
  flags 291
  seed 2425
  mineval 1
  maxeval 1
  nstart 1000000
  nincrease 500000
  nbatch 1000
  gridno 1
  statefile "vegas_last_iter89"

Restoring state from vegas_last_iter89.

Iteration 26:  188500000 integrand evaluations so far
[1] 2.53709e-11 +- 1.44461e-11  	chisq 16.5639 (25 df)

Saving state to vegas_last_iter89.
Vegas input parameters:
  ndim 11
  ncomp 1
  epsrel 0
  epsabs 0
  flags 291
  seed 2514
  mineval 1
  maxeval 1
  nstart 1000000
  nincrease 500000
  nbatch 1000
  gridno 1
  statefile "vegas_last_iter89"

Restoring state from vegas_last_iter89.

Iteration 27:  202500000 integrand evaluations so far
[1] 1.79052e-11 +- 1.39016e-11  	chisq 20.1753 (26 df)

Saving state to vegas_last_iter89.
Thanks for using LHAPDF 6.2.1. Please make sure to cite the paper:
  Eur.Phys.J. C75 (2015) 3, 132  (http://arxiv.org/abs/1412.7420)
 method   =Vegas  
 nregions =           1
 neval    =   202500000
 fail     =           1
  0.179052433074E-10 +-   0.139016359446E-10   p =    0.177
