LHAPDF 6.2.1 loading /cvmfs/cms.cern.ch/slc6_amd64_gcc630/external/lhapdf/6.2.1-omkpbe3/share/LHAPDF/NNPDF31_nnlo_as_0118_nf_4/NNPDF31_nnlo_as_0118_nf_4_0000.dat
NNPDF31_nnlo_as_0118_nf_4 PDF set, member #0, version 1; LHAPDF ID = 320900
Vegas input parameters:
  ndim 11
  ncomp 1
  epsrel 0
  epsabs 0
  flags 291
  seed 184
  mineval 1
  maxeval 1
  nstart 1000000
  nincrease 500000
  nbatch 1000
  gridno 1
  statefile "vegas_last_iter73"

Iteration 1:  1000000 integrand evaluations so far
[1] 1.3045e-06 +- 2.8687e-07  	chisq 0 (0 df)

Saving state to vegas_last_iter73.
Vegas input parameters:
  ndim 11
  ncomp 1
  epsrel 0
  epsabs 0
  flags 291
  seed 257
  mineval 1
  maxeval 1
  nstart 1000000
  nincrease 500000
  nbatch 1000
  gridno 1
  statefile "vegas_last_iter73"

Restoring state from vegas_last_iter73.

Iteration 2:  2500000 integrand evaluations so far
[1] 1.01041e-06 +- 9.88562e-08  	chisq 1.1926 (1 df)

Saving state to vegas_last_iter73.
Vegas input parameters:
  ndim 11
  ncomp 1
  epsrel 0
  epsabs 0
  flags 291
  seed 330
  mineval 1
  maxeval 1
  nstart 1000000
  nincrease 500000
  nbatch 1000
  gridno 1
  statefile "vegas_last_iter73"

Restoring state from vegas_last_iter73.

Iteration 3:  4500000 integrand evaluations so far
[1] 9.36035e-07 +- 2.79349e-08  	chisq 1.80769 (2 df)

Saving state to vegas_last_iter73.
Vegas input parameters:
  ndim 11
  ncomp 1
  epsrel 0
  epsabs 0
  flags 291
  seed 403
  mineval 1
  maxeval 1
  nstart 1000000
  nincrease 500000
  nbatch 1000
  gridno 1
  statefile "vegas_last_iter73"

Restoring state from vegas_last_iter73.

Iteration 4:  7000000 integrand evaluations so far
[1] 8.97642e-07 +- 8.77904e-09  	chisq 3.90358 (3 df)

Saving state to vegas_last_iter73.
Vegas input parameters:
  ndim 11
  ncomp 1
  epsrel 0
  epsabs 0
  flags 291
  seed 476
  mineval 1
  maxeval 1
  nstart 1000000
  nincrease 500000
  nbatch 1000
  gridno 1
  statefile "vegas_last_iter73"

Restoring state from vegas_last_iter73.

Iteration 5:  10000000 integrand evaluations so far
[1] 9.1557e-07 +- 4.531e-09  	chisq 9.58864 (4 df)

Saving state to vegas_last_iter73.
Vegas input parameters:
  ndim 11
  ncomp 1
  epsrel 0
  epsabs 0
  flags 291
  seed 549
  mineval 1
  maxeval 1
  nstart 1000000
  nincrease 500000
  nbatch 1000
  gridno 1
  statefile "vegas_last_iter73"

Restoring state from vegas_last_iter73.

Iteration 6:  13500000 integrand evaluations so far
[1] 9.17507e-07 +- 2.6836e-09  	chisq 9.87015 (5 df)

Saving state to vegas_last_iter73.
Vegas input parameters:
  ndim 11
  ncomp 1
  epsrel 0
  epsabs 0
  flags 291
  seed 622
  mineval 1
  maxeval 1
  nstart 1000000
  nincrease 500000
  nbatch 1000
  gridno 1
  statefile "vegas_last_iter73"

Restoring state from vegas_last_iter73.

Iteration 7:  17500000 integrand evaluations so far
[1] 9.17088e-07 +- 1.90295e-09  	chisq 9.9192 (6 df)

Saving state to vegas_last_iter73.
Vegas input parameters:
  ndim 11
  ncomp 1
  epsrel 0
  epsabs 0
  flags 291
  seed 695
  mineval 1
  maxeval 1
  nstart 1000000
  nincrease 500000
  nbatch 1000
  gridno 1
  statefile "vegas_last_iter73"

Restoring state from vegas_last_iter73.

Iteration 8:  22000000 integrand evaluations so far
[1] 9.1813e-07 +- 1.49393e-09  	chisq 10.6997 (7 df)

Saving state to vegas_last_iter73.
Vegas input parameters:
  ndim 11
  ncomp 1
  epsrel 0
  epsabs 0
  flags 291
  seed 768
  mineval 1
  maxeval 1
  nstart 1000000
  nincrease 500000
  nbatch 1000
  gridno 1
  statefile "vegas_last_iter73"

Restoring state from vegas_last_iter73.

Iteration 9:  27000000 integrand evaluations so far
[1] 9.19095e-07 +- 1.24492e-09  	chisq 12.0669 (8 df)

Saving state to vegas_last_iter73.
Vegas input parameters:
  ndim 11
  ncomp 1
  epsrel 0
  epsabs 0
  flags 291
  seed 841
  mineval 1
  maxeval 1
  nstart 1000000
  nincrease 500000
  nbatch 1000
  gridno 1
  statefile "vegas_last_iter73"

Restoring state from vegas_last_iter73.

Iteration 10:  32500000 integrand evaluations so far
[1] 9.18794e-07 +- 1.07581e-09  	chisq 12.2986 (9 df)

Saving state to vegas_last_iter73.
Vegas input parameters:
  ndim 11
  ncomp 1
  epsrel 0
  epsabs 0
  flags 291
  seed 914
  mineval 1
  maxeval 1
  nstart 1000000
  nincrease 500000
  nbatch 1000
  gridno 1
  statefile "vegas_last_iter73"

Restoring state from vegas_last_iter73.

Iteration 11:  38500000 integrand evaluations so far
[1] 9.1859e-07 +- 9.51669e-10  	chisq 12.4642 (10 df)

Saving state to vegas_last_iter73.
Vegas input parameters:
  ndim 11
  ncomp 1
  epsrel 0
  epsabs 0
  flags 291
  seed 987
  mineval 1
  maxeval 1
  nstart 1000000
  nincrease 500000
  nbatch 1000
  gridno 1
  statefile "vegas_last_iter73"

Restoring state from vegas_last_iter73.

Iteration 12:  45000000 integrand evaluations so far
[1] 9.18665e-07 +- 8.55678e-10  	chisq 12.4967 (11 df)

Saving state to vegas_last_iter73.
Vegas input parameters:
  ndim 11
  ncomp 1
  epsrel 0
  epsabs 0
  flags 291
  seed 1060
  mineval 1
  maxeval 1
  nstart 1000000
  nincrease 500000
  nbatch 1000
  gridno 1
  statefile "vegas_last_iter73"

Restoring state from vegas_last_iter73.

Iteration 13:  52000000 integrand evaluations so far
[1] 9.1905e-07 +- 7.79078e-10  	chisq 13.6827 (12 df)

Saving state to vegas_last_iter73.
Vegas input parameters:
  ndim 11
  ncomp 1
  epsrel 0
  epsabs 0
  flags 291
  seed 1133
  mineval 1
  maxeval 1
  nstart 1000000
  nincrease 500000
  nbatch 1000
  gridno 1
  statefile "vegas_last_iter73"

Restoring state from vegas_last_iter73.

Iteration 14:  59500000 integrand evaluations so far
[1] 9.19199e-07 +- 7.16172e-10  	chisq 13.9185 (13 df)

Saving state to vegas_last_iter73.
Vegas input parameters:
  ndim 11
  ncomp 1
  epsrel 0
  epsabs 0
  flags 291
  seed 1206
  mineval 1
  maxeval 1
  nstart 1000000
  nincrease 500000
  nbatch 1000
  gridno 1
  statefile "vegas_last_iter73"

Restoring state from vegas_last_iter73.

Iteration 15:  67500000 integrand evaluations so far
[1] 9.19128e-07 +- 6.63422e-10  	chisq 13.9887 (14 df)

Saving state to vegas_last_iter73.
Vegas input parameters:
  ndim 11
  ncomp 1
  epsrel 0
  epsabs 0
  flags 291
  seed 1279
  mineval 1
  maxeval 1
  nstart 1000000
  nincrease 500000
  nbatch 1000
  gridno 1
  statefile "vegas_last_iter73"

Restoring state from vegas_last_iter73.

Iteration 16:  76000000 integrand evaluations so far
[1] 9.19161e-07 +- 6.18512e-10  	chisq 14.0083 (15 df)

Saving state to vegas_last_iter73.
Vegas input parameters:
  ndim 11
  ncomp 1
  epsrel 0
  epsabs 0
  flags 291
  seed 1352
  mineval 1
  maxeval 1
  nstart 1000000
  nincrease 500000
  nbatch 1000
  gridno 1
  statefile "vegas_last_iter73"

Restoring state from vegas_last_iter73.

Iteration 17:  85000000 integrand evaluations so far
[1] 9.19338e-07 +- 5.79516e-10  	chisq 14.6759 (16 df)

Saving state to vegas_last_iter73.
Vegas input parameters:
  ndim 11
  ncomp 1
  epsrel 0
  epsabs 0
  flags 291
  seed 1425
  mineval 1
  maxeval 1
  nstart 1000000
  nincrease 500000
  nbatch 1000
  gridno 1
  statefile "vegas_last_iter73"

Restoring state from vegas_last_iter73.

Iteration 18:  94500000 integrand evaluations so far
[1] 9.19565e-07 +- 5.45402e-10  	chisq 16.0191 (17 df)

Saving state to vegas_last_iter73.
Vegas input parameters:
  ndim 11
  ncomp 1
  epsrel 0
  epsabs 0
  flags 291
  seed 1498
  mineval 1
  maxeval 1
  nstart 1000000
  nincrease 500000
  nbatch 1000
  gridno 1
  statefile "vegas_last_iter73"

Restoring state from vegas_last_iter73.

Iteration 19:  104500000 integrand evaluations so far
[1] 9.19698e-07 +- 5.15288e-10  	chisq 16.5764 (18 df)

Saving state to vegas_last_iter73.
Vegas input parameters:
  ndim 11
  ncomp 1
  epsrel 0
  epsabs 0
  flags 291
  seed 1571
  mineval 1
  maxeval 1
  nstart 1000000
  nincrease 500000
  nbatch 1000
  gridno 1
  statefile "vegas_last_iter73"

Restoring state from vegas_last_iter73.

Iteration 20:  115000000 integrand evaluations so far
[1] 9.19857e-07 +- 4.88479e-10  	chisq 17.5118 (19 df)

Saving state to vegas_last_iter73.
Vegas input parameters:
  ndim 11
  ncomp 1
  epsrel 0
  epsabs 0
  flags 291
  seed 1644
  mineval 1
  maxeval 1
  nstart 1000000
  nincrease 500000
  nbatch 1000
  gridno 1
  statefile "vegas_last_iter73"

Restoring state from vegas_last_iter73.

Iteration 21:  126000000 integrand evaluations so far
[1] 9.19972e-07 +- 4.64461e-10  	chisq 18.0875 (20 df)

Saving state to vegas_last_iter73.
Vegas input parameters:
  ndim 11
  ncomp 1
  epsrel 0
  epsabs 0
  flags 291
  seed 1717
  mineval 1
  maxeval 1
  nstart 1000000
  nincrease 500000
  nbatch 1000
  gridno 1
  statefile "vegas_last_iter73"

Restoring state from vegas_last_iter73.

Iteration 22:  137500000 integrand evaluations so far
[1] 9.19991e-07 +- 4.42741e-10  	chisq 18.1055 (21 df)

Saving state to vegas_last_iter73.
Vegas input parameters:
  ndim 11
  ncomp 1
  epsrel 0
  epsabs 0
  flags 291
  seed 1790
  mineval 1
  maxeval 1
  nstart 1000000
  nincrease 500000
  nbatch 1000
  gridno 1
  statefile "vegas_last_iter73"

Restoring state from vegas_last_iter73.

Iteration 23:  149500000 integrand evaluations so far
[1] 9.20116e-07 +- 4.23056e-10  	chisq 19.0321 (22 df)

Saving state to vegas_last_iter73.
Vegas input parameters:
  ndim 11
  ncomp 1
  epsrel 0
  epsabs 0
  flags 291
  seed 1863
  mineval 1
  maxeval 1
  nstart 1000000
  nincrease 500000
  nbatch 1000
  gridno 1
  statefile "vegas_last_iter73"

Restoring state from vegas_last_iter73.

Iteration 24:  162000000 integrand evaluations so far
[1] 9.20022e-07 +- 4.05098e-10  	chisq 19.6231 (23 df)

Saving state to vegas_last_iter73.
Vegas input parameters:
  ndim 11
  ncomp 1
  epsrel 0
  epsabs 0
  flags 291
  seed 1936
  mineval 1
  maxeval 1
  nstart 1000000
  nincrease 500000
  nbatch 1000
  gridno 1
  statefile "vegas_last_iter73"

Restoring state from vegas_last_iter73.

Iteration 25:  175000000 integrand evaluations so far
[1] 9.19979e-07 +- 3.8867e-10  	chisq 19.7679 (24 df)

Saving state to vegas_last_iter73.
Vegas input parameters:
  ndim 11
  ncomp 1
  epsrel 0
  epsabs 0
  flags 291
  seed 2009
  mineval 1
  maxeval 1
  nstart 1000000
  nincrease 500000
  nbatch 1000
  gridno 1
  statefile "vegas_last_iter73"

Restoring state from vegas_last_iter73.

Iteration 26:  188500000 integrand evaluations so far
[1] 9.1967e-07 +- 3.73569e-10  	chisq 28.0836 (25 df)

Saving state to vegas_last_iter73.
Vegas input parameters:
  ndim 11
  ncomp 1
  epsrel 0
  epsabs 0
  flags 291
  seed 2082
  mineval 1
  maxeval 1
  nstart 1000000
  nincrease 500000
  nbatch 1000
  gridno 1
  statefile "vegas_last_iter73"

Restoring state from vegas_last_iter73.

Iteration 27:  202500000 integrand evaluations so far
[1] 9.19813e-07 +- 3.59606e-10  	chisq 30.0896 (26 df)

Saving state to vegas_last_iter73.
Thanks for using LHAPDF 6.2.1. Please make sure to cite the paper:
  Eur.Phys.J. C75 (2015) 3, 132  (http://arxiv.org/abs/1412.7420)
 method   =Vegas  
 nregions =           1
 neval    =   202500000
 fail     =           1
  0.919812886579E-06 +-   0.359605950414E-09   p =    0.690
