LHAPDF 6.2.1 loading /cvmfs/cms.cern.ch/slc6_amd64_gcc630/external/lhapdf/6.2.1-omkpbe3/share/LHAPDF/NNPDF31_nnlo_as_0118_nf_4/NNPDF31_nnlo_as_0118_nf_4_0000.dat
NNPDF31_nnlo_as_0118_nf_4 PDF set, member #0, version 1; LHAPDF ID = 320900
Vegas input parameters:
  ndim 11
  ncomp 1
  epsrel 0
  epsabs 0
  flags 291
  seed 233
  mineval 1
  maxeval 1
  nstart 1000000
  nincrease 500000
  nbatch 1000
  gridno 1
  statefile "vegas_last_iter122"

Iteration 1:  1000000 integrand evaluations so far
[1] -3.38823e-08 +- 1.2196e-08  	chisq 0 (0 df)

Saving state to vegas_last_iter122.
Vegas input parameters:
  ndim 11
  ncomp 1
  epsrel 0
  epsabs 0
  flags 291
  seed 355
  mineval 1
  maxeval 1
  nstart 1000000
  nincrease 500000
  nbatch 1000
  gridno 1
  statefile "vegas_last_iter122"

Restoring state from vegas_last_iter122.

Iteration 2:  2500000 integrand evaluations so far
[1] -3.10311e-08 +- 3.84313e-09  	chisq 0.0606798 (1 df)

Saving state to vegas_last_iter122.
Vegas input parameters:
  ndim 11
  ncomp 1
  epsrel 0
  epsabs 0
  flags 291
  seed 477
  mineval 1
  maxeval 1
  nstart 1000000
  nincrease 500000
  nbatch 1000
  gridno 1
  statefile "vegas_last_iter122"

Restoring state from vegas_last_iter122.

Iteration 3:  4500000 integrand evaluations so far
[1] -3.07368e-08 +- 2.29237e-09  	chisq 0.069782 (2 df)

Saving state to vegas_last_iter122.
Vegas input parameters:
  ndim 11
  ncomp 1
  epsrel 0
  epsabs 0
  flags 291
  seed 599
  mineval 1
  maxeval 1
  nstart 1000000
  nincrease 500000
  nbatch 1000
  gridno 1
  statefile "vegas_last_iter122"

Restoring state from vegas_last_iter122.

Iteration 4:  7000000 integrand evaluations so far
[1] -3.18289e-08 +- 5.25008e-10  	chisq 0.309324 (3 df)

Saving state to vegas_last_iter122.
Vegas input parameters:
  ndim 11
  ncomp 1
  epsrel 0
  epsabs 0
  flags 291
  seed 721
  mineval 1
  maxeval 1
  nstart 1000000
  nincrease 500000
  nbatch 1000
  gridno 1
  statefile "vegas_last_iter122"

Restoring state from vegas_last_iter122.

Iteration 5:  10000000 integrand evaluations so far
[1] -3.22561e-08 +- 1.79596e-10  	chisq 1.05898 (4 df)

Saving state to vegas_last_iter122.
Vegas input parameters:
  ndim 11
  ncomp 1
  epsrel 0
  epsabs 0
  flags 291
  seed 843
  mineval 1
  maxeval 1
  nstart 1000000
  nincrease 500000
  nbatch 1000
  gridno 1
  statefile "vegas_last_iter122"

Restoring state from vegas_last_iter122.

Iteration 6:  13500000 integrand evaluations so far
[1] -3.2186e-08 +- 5.87966e-11  	chisq 1.22959 (5 df)

Saving state to vegas_last_iter122.
Vegas input parameters:
  ndim 11
  ncomp 1
  epsrel 0
  epsabs 0
  flags 291
  seed 965
  mineval 1
  maxeval 1
  nstart 1000000
  nincrease 500000
  nbatch 1000
  gridno 1
  statefile "vegas_last_iter122"

Restoring state from vegas_last_iter122.

Iteration 7:  17500000 integrand evaluations so far
[1] -3.20724e-08 +- 2.90406e-11  	chisq 6.16471 (6 df)

Saving state to vegas_last_iter122.
Vegas input parameters:
  ndim 11
  ncomp 1
  epsrel 0
  epsabs 0
  flags 291
  seed 1087
  mineval 1
  maxeval 1
  nstart 1000000
  nincrease 500000
  nbatch 1000
  gridno 1
  statefile "vegas_last_iter122"

Restoring state from vegas_last_iter122.

Iteration 8:  22000000 integrand evaluations so far
[1] -3.20867e-08 +- 1.94435e-11  	chisq 6.60262 (7 df)

Saving state to vegas_last_iter122.
Vegas input parameters:
  ndim 11
  ncomp 1
  epsrel 0
  epsabs 0
  flags 291
  seed 1209
  mineval 1
  maxeval 1
  nstart 1000000
  nincrease 500000
  nbatch 1000
  gridno 1
  statefile "vegas_last_iter122"

Restoring state from vegas_last_iter122.

Iteration 9:  27000000 integrand evaluations so far
[1] -3.2096e-08 +- 1.4943e-11  	chisq 7.1654 (8 df)

Saving state to vegas_last_iter122.
Vegas input parameters:
  ndim 11
  ncomp 1
  epsrel 0
  epsabs 0
  flags 291
  seed 1331
  mineval 1
  maxeval 1
  nstart 1000000
  nincrease 500000
  nbatch 1000
  gridno 1
  statefile "vegas_last_iter122"

Restoring state from vegas_last_iter122.

Iteration 10:  32500000 integrand evaluations so far
[1] -3.21011e-08 +- 1.23221e-11  	chisq 7.52965 (9 df)

Saving state to vegas_last_iter122.
Vegas input parameters:
  ndim 11
  ncomp 1
  epsrel 0
  epsabs 0
  flags 291
  seed 1453
  mineval 1
  maxeval 1
  nstart 1000000
  nincrease 500000
  nbatch 1000
  gridno 1
  statefile "vegas_last_iter122"

Restoring state from vegas_last_iter122.

Iteration 11:  38500000 integrand evaluations so far
[1] -3.21073e-08 +- 1.05791e-11  	chisq 8.4899 (10 df)

Saving state to vegas_last_iter122.
Vegas input parameters:
  ndim 11
  ncomp 1
  epsrel 0
  epsabs 0
  flags 291
  seed 1575
  mineval 1
  maxeval 1
  nstart 1000000
  nincrease 500000
  nbatch 1000
  gridno 1
  statefile "vegas_last_iter122"

Restoring state from vegas_last_iter122.

Iteration 12:  45000000 integrand evaluations so far
[1] -3.21086e-08 +- 9.32637e-12  	chisq 8.55276 (11 df)

Saving state to vegas_last_iter122.
Vegas input parameters:
  ndim 11
  ncomp 1
  epsrel 0
  epsabs 0
  flags 291
  seed 1697
  mineval 1
  maxeval 1
  nstart 1000000
  nincrease 500000
  nbatch 1000
  gridno 1
  statefile "vegas_last_iter122"

Restoring state from vegas_last_iter122.

Iteration 13:  52000000 integrand evaluations so far
[1] -3.21109e-08 +- 8.3748e-12  	chisq 8.88698 (12 df)

Saving state to vegas_last_iter122.
Vegas input parameters:
  ndim 11
  ncomp 1
  epsrel 0
  epsabs 0
  flags 291
  seed 1819
  mineval 1
  maxeval 1
  nstart 1000000
  nincrease 500000
  nbatch 1000
  gridno 1
  statefile "vegas_last_iter122"

Restoring state from vegas_last_iter122.

Iteration 14:  59500000 integrand evaluations so far
[1] -3.2111e-08 +- 7.61783e-12  	chisq 8.88783 (13 df)

Saving state to vegas_last_iter122.
Vegas input parameters:
  ndim 11
  ncomp 1
  epsrel 0
  epsabs 0
  flags 291
  seed 1941
  mineval 1
  maxeval 1
  nstart 1000000
  nincrease 500000
  nbatch 1000
  gridno 1
  statefile "vegas_last_iter122"

Restoring state from vegas_last_iter122.

Iteration 15:  67500000 integrand evaluations so far
[1] -3.21063e-08 +- 6.9997e-12  	chisq 11.3235 (14 df)

Saving state to vegas_last_iter122.
Vegas input parameters:
  ndim 11
  ncomp 1
  epsrel 0
  epsabs 0
  flags 291
  seed 2063
  mineval 1
  maxeval 1
  nstart 1000000
  nincrease 500000
  nbatch 1000
  gridno 1
  statefile "vegas_last_iter122"

Restoring state from vegas_last_iter122.

Iteration 16:  76000000 integrand evaluations so far
[1] -3.21045e-08 +- 6.48403e-12  	chisq 11.7915 (15 df)

Saving state to vegas_last_iter122.
Vegas input parameters:
  ndim 11
  ncomp 1
  epsrel 0
  epsabs 0
  flags 291
  seed 2185
  mineval 1
  maxeval 1
  nstart 1000000
  nincrease 500000
  nbatch 1000
  gridno 1
  statefile "vegas_last_iter122"

Restoring state from vegas_last_iter122.

Iteration 17:  85000000 integrand evaluations so far
[1] -3.21061e-08 +- 6.045e-12  	chisq 12.2347 (16 df)

Saving state to vegas_last_iter122.
Vegas input parameters:
  ndim 11
  ncomp 1
  epsrel 0
  epsabs 0
  flags 291
  seed 2307
  mineval 1
  maxeval 1
  nstart 1000000
  nincrease 500000
  nbatch 1000
  gridno 1
  statefile "vegas_last_iter122"

Restoring state from vegas_last_iter122.

Iteration 18:  94500000 integrand evaluations so far
[1] -3.21067e-08 +- 5.66522e-12  	chisq 12.3044 (17 df)

Saving state to vegas_last_iter122.
Vegas input parameters:
  ndim 11
  ncomp 1
  epsrel 0
  epsabs 0
  flags 291
  seed 2429
  mineval 1
  maxeval 1
  nstart 1000000
  nincrease 500000
  nbatch 1000
  gridno 1
  statefile "vegas_last_iter122"

Restoring state from vegas_last_iter122.

Iteration 19:  104500000 integrand evaluations so far
[1] -3.21094e-08 +- 5.33299e-12  	chisq 14.3046 (18 df)

Saving state to vegas_last_iter122.
Vegas input parameters:
  ndim 11
  ncomp 1
  epsrel 0
  epsabs 0
  flags 291
  seed 2551
  mineval 1
  maxeval 1
  nstart 1000000
  nincrease 500000
  nbatch 1000
  gridno 1
  statefile "vegas_last_iter122"

Restoring state from vegas_last_iter122.

Iteration 20:  115000000 integrand evaluations so far
[1] -3.21082e-08 +- 5.03941e-12  	chisq 14.7742 (19 df)

Saving state to vegas_last_iter122.
Vegas input parameters:
  ndim 11
  ncomp 1
  epsrel 0
  epsabs 0
  flags 291
  seed 2673
  mineval 1
  maxeval 1
  nstart 1000000
  nincrease 500000
  nbatch 1000
  gridno 1
  statefile "vegas_last_iter122"

Restoring state from vegas_last_iter122.

Iteration 21:  126000000 integrand evaluations so far
[1] -3.21049e-08 +- 4.77874e-12  	chisq 19.0252 (20 df)

Saving state to vegas_last_iter122.
Vegas input parameters:
  ndim 11
  ncomp 1
  epsrel 0
  epsabs 0
  flags 291
  seed 2795
  mineval 1
  maxeval 1
  nstart 1000000
  nincrease 500000
  nbatch 1000
  gridno 1
  statefile "vegas_last_iter122"

Restoring state from vegas_last_iter122.

Iteration 22:  137500000 integrand evaluations so far
[1] -3.21077e-08 +- 4.54552e-12  	chisq 22.7073 (21 df)

Saving state to vegas_last_iter122.
Vegas input parameters:
  ndim 11
  ncomp 1
  epsrel 0
  epsabs 0
  flags 291
  seed 2917
  mineval 1
  maxeval 1
  nstart 1000000
  nincrease 500000
  nbatch 1000
  gridno 1
  statefile "vegas_last_iter122"

Restoring state from vegas_last_iter122.

Iteration 23:  149500000 integrand evaluations so far
[1] -3.211e-08 +- 4.33511e-12  	chisq 25.5139 (22 df)

Saving state to vegas_last_iter122.
Vegas input parameters:
  ndim 11
  ncomp 1
  epsrel 0
  epsabs 0
  flags 291
  seed 3039
  mineval 1
  maxeval 1
  nstart 1000000
  nincrease 500000
  nbatch 1000
  gridno 1
  statefile "vegas_last_iter122"

Restoring state from vegas_last_iter122.

Iteration 24:  162000000 integrand evaluations so far
[1] -3.21081e-08 +- 4.14393e-12  	chisq 27.7366 (23 df)

Saving state to vegas_last_iter122.
Vegas input parameters:
  ndim 11
  ncomp 1
  epsrel 0
  epsabs 0
  flags 291
  seed 3161
  mineval 1
  maxeval 1
  nstart 1000000
  nincrease 500000
  nbatch 1000
  gridno 1
  statefile "vegas_last_iter122"

Restoring state from vegas_last_iter122.

Iteration 25:  175000000 integrand evaluations so far
[1] -3.21077e-08 +- 3.96974e-12  	chisq 27.8474 (24 df)

Saving state to vegas_last_iter122.
Vegas input parameters:
  ndim 11
  ncomp 1
  epsrel 0
  epsabs 0
  flags 291
  seed 3283
  mineval 1
  maxeval 1
  nstart 1000000
  nincrease 500000
  nbatch 1000
  gridno 1
  statefile "vegas_last_iter122"

Restoring state from vegas_last_iter122.

Iteration 26:  188500000 integrand evaluations so far
[1] -3.21088e-08 +- 3.80972e-12  	chisq 28.7585 (25 df)

Saving state to vegas_last_iter122.
Vegas input parameters:
  ndim 11
  ncomp 1
  epsrel 0
  epsabs 0
  flags 291
  seed 3405
  mineval 1
  maxeval 1
  nstart 1000000
  nincrease 500000
  nbatch 1000
  gridno 1
  statefile "vegas_last_iter122"

Restoring state from vegas_last_iter122.

Iteration 27:  202500000 integrand evaluations so far
[1] -3.21094e-08 +- 3.66292e-12  	chisq 29.1631 (26 df)

Saving state to vegas_last_iter122.
Thanks for using LHAPDF 6.2.1. Please make sure to cite the paper:
  Eur.Phys.J. C75 (2015) 3, 132  (http://arxiv.org/abs/1412.7420)
 method   =Vegas  
 nregions =           1
 neval    =   202500000
 fail     =           1
 -0.321094243358E-07 +-   0.366291995217E-11   p =    0.647
