LHAPDF 6.2.1 loading /cvmfs/cms.cern.ch/slc6_amd64_gcc630/external/lhapdf/6.2.1-omkpbe3/share/LHAPDF/NNPDF31_nnlo_as_0118_nf_4/NNPDF31_nnlo_as_0118_nf_4_0000.dat
NNPDF31_nnlo_as_0118_nf_4 PDF set, member #0, version 1; LHAPDF ID = 320900
Vegas input parameters:
  ndim 11
  ncomp 1
  epsrel 0
  epsabs 0
  flags 291
  seed 197
  mineval 1
  maxeval 1
  nstart 1000000
  nincrease 500000
  nbatch 1000
  gridno 1
  statefile "vegas_last_iter86"

Iteration 1:  1000000 integrand evaluations so far
[1] -2.93695e-09 +- 4.92504e-09  	chisq 0 (0 df)

Saving state to vegas_last_iter86.
Vegas input parameters:
  ndim 11
  ncomp 1
  epsrel 0
  epsabs 0
  flags 291
  seed 283
  mineval 1
  maxeval 1
  nstart 1000000
  nincrease 500000
  nbatch 1000
  gridno 1
  statefile "vegas_last_iter86"

Restoring state from vegas_last_iter86.

Iteration 2:  2500000 integrand evaluations so far
[1] 1.12958e-09 +- 3.57228e-09  	chisq 1.43862 (1 df)

Saving state to vegas_last_iter86.
Vegas input parameters:
  ndim 11
  ncomp 1
  epsrel 0
  epsabs 0
  flags 291
  seed 369
  mineval 1
  maxeval 1
  nstart 1000000
  nincrease 500000
  nbatch 1000
  gridno 1
  statefile "vegas_last_iter86"

Restoring state from vegas_last_iter86.

Iteration 3:  4500000 integrand evaluations so far
[1] -4.72713e-10 +- 6.55108e-10  	chisq 1.6468 (2 df)

Saving state to vegas_last_iter86.
Vegas input parameters:
  ndim 11
  ncomp 1
  epsrel 0
  epsabs 0
  flags 291
  seed 455
  mineval 1
  maxeval 1
  nstart 1000000
  nincrease 500000
  nbatch 1000
  gridno 1
  statefile "vegas_last_iter86"

Restoring state from vegas_last_iter86.

Iteration 4:  7000000 integrand evaluations so far
[1] 1.56393e-10 +- 2.44411e-10  	chisq 2.71811 (3 df)

Saving state to vegas_last_iter86.
Vegas input parameters:
  ndim 11
  ncomp 1
  epsrel 0
  epsabs 0
  flags 291
  seed 541
  mineval 1
  maxeval 1
  nstart 1000000
  nincrease 500000
  nbatch 1000
  gridno 1
  statefile "vegas_last_iter86"

Restoring state from vegas_last_iter86.

Iteration 5:  10000000 integrand evaluations so far
[1] 1.12866e-10 +- 1.06117e-10  	chisq 2.7572 (4 df)

Saving state to vegas_last_iter86.
Vegas input parameters:
  ndim 11
  ncomp 1
  epsrel 0
  epsabs 0
  flags 291
  seed 627
  mineval 1
  maxeval 1
  nstart 1000000
  nincrease 500000
  nbatch 1000
  gridno 1
  statefile "vegas_last_iter86"

Restoring state from vegas_last_iter86.

Iteration 6:  13500000 integrand evaluations so far
[1] 1.00849e-10 +- 6.03087e-11  	chisq 2.77614 (5 df)

Saving state to vegas_last_iter86.
Vegas input parameters:
  ndim 11
  ncomp 1
  epsrel 0
  epsabs 0
  flags 291
  seed 713
  mineval 1
  maxeval 1
  nstart 1000000
  nincrease 500000
  nbatch 1000
  gridno 1
  statefile "vegas_last_iter86"

Restoring state from vegas_last_iter86.

Iteration 7:  17500000 integrand evaluations so far
[1] 8.24774e-11 +- 4.22262e-11  	chisq 2.95818 (6 df)

Saving state to vegas_last_iter86.
Vegas input parameters:
  ndim 11
  ncomp 1
  epsrel 0
  epsabs 0
  flags 291
  seed 799
  mineval 1
  maxeval 1
  nstart 1000000
  nincrease 500000
  nbatch 1000
  gridno 1
  statefile "vegas_last_iter86"

Restoring state from vegas_last_iter86.

Iteration 8:  22000000 integrand evaluations so far
[1] 4.32858e-11 +- 3.30424e-11  	chisq 5.18021 (7 df)

Saving state to vegas_last_iter86.
Vegas input parameters:
  ndim 11
  ncomp 1
  epsrel 0
  epsabs 0
  flags 291
  seed 885
  mineval 1
  maxeval 1
  nstart 1000000
  nincrease 500000
  nbatch 1000
  gridno 1
  statefile "vegas_last_iter86"

Restoring state from vegas_last_iter86.

Iteration 9:  27000000 integrand evaluations so far
[1] 2.3908e-11 +- 2.74912e-11  	chisq 6.29765 (8 df)

Saving state to vegas_last_iter86.
Vegas input parameters:
  ndim 11
  ncomp 1
  epsrel 0
  epsabs 0
  flags 291
  seed 971
  mineval 1
  maxeval 1
  nstart 1000000
  nincrease 500000
  nbatch 1000
  gridno 1
  statefile "vegas_last_iter86"

Restoring state from vegas_last_iter86.

Iteration 10:  32500000 integrand evaluations so far
[1] 1.30294e-11 +- 2.37252e-11  	chisq 6.91121 (9 df)

Saving state to vegas_last_iter86.
Vegas input parameters:
  ndim 11
  ncomp 1
  epsrel 0
  epsabs 0
  flags 291
  seed 1057
  mineval 1
  maxeval 1
  nstart 1000000
  nincrease 500000
  nbatch 1000
  gridno 1
  statefile "vegas_last_iter86"

Restoring state from vegas_last_iter86.

Iteration 11:  38500000 integrand evaluations so far
[1] 7.65936e-12 +- 2.09742e-11  	chisq 7.14572 (10 df)

Saving state to vegas_last_iter86.
Vegas input parameters:
  ndim 11
  ncomp 1
  epsrel 0
  epsabs 0
  flags 291
  seed 1143
  mineval 1
  maxeval 1
  nstart 1000000
  nincrease 500000
  nbatch 1000
  gridno 1
  statefile "vegas_last_iter86"

Restoring state from vegas_last_iter86.

Iteration 12:  45000000 integrand evaluations so far
[1] 4.38476e-12 +- 1.8855e-11  	chisq 7.27276 (11 df)

Saving state to vegas_last_iter86.
Vegas input parameters:
  ndim 11
  ncomp 1
  epsrel 0
  epsabs 0
  flags 291
  seed 1229
  mineval 1
  maxeval 1
  nstart 1000000
  nincrease 500000
  nbatch 1000
  gridno 1
  statefile "vegas_last_iter86"

Restoring state from vegas_last_iter86.

Iteration 13:  52000000 integrand evaluations so far
[1] 4.38463e-12 +- 1.71641e-11  	chisq 7.27276 (12 df)

Saving state to vegas_last_iter86.
Vegas input parameters:
  ndim 11
  ncomp 1
  epsrel 0
  epsabs 0
  flags 291
  seed 1315
  mineval 1
  maxeval 1
  nstart 1000000
  nincrease 500000
  nbatch 1000
  gridno 1
  statefile "vegas_last_iter86"

Restoring state from vegas_last_iter86.

Iteration 14:  59500000 integrand evaluations so far
[1] 9.54966e-12 +- 1.57745e-11  	chisq 7.85563 (13 df)

Saving state to vegas_last_iter86.
Vegas input parameters:
  ndim 11
  ncomp 1
  epsrel 0
  epsabs 0
  flags 291
  seed 1401
  mineval 1
  maxeval 1
  nstart 1000000
  nincrease 500000
  nbatch 1000
  gridno 1
  statefile "vegas_last_iter86"

Restoring state from vegas_last_iter86.

Iteration 15:  67500000 integrand evaluations so far
[1] 1.32308e-11 +- 1.46094e-11  	chisq 8.23842 (14 df)

Saving state to vegas_last_iter86.
Vegas input parameters:
  ndim 11
  ncomp 1
  epsrel 0
  epsabs 0
  flags 291
  seed 1487
  mineval 1
  maxeval 1
  nstart 1000000
  nincrease 500000
  nbatch 1000
  gridno 1
  statefile "vegas_last_iter86"

Restoring state from vegas_last_iter86.

Iteration 16:  76000000 integrand evaluations so far
[1] 6.78883e-12 +- 1.36174e-11  	chisq 9.72045 (15 df)

Saving state to vegas_last_iter86.
Vegas input parameters:
  ndim 11
  ncomp 1
  epsrel 0
  epsabs 0
  flags 291
  seed 1573
  mineval 1
  maxeval 1
  nstart 1000000
  nincrease 500000
  nbatch 1000
  gridno 1
  statefile "vegas_last_iter86"

Restoring state from vegas_last_iter86.

Iteration 17:  85000000 integrand evaluations so far
[1] 1.25345e-11 +- 1.27584e-11  	chisq 11.1775 (16 df)

Saving state to vegas_last_iter86.
Vegas input parameters:
  ndim 11
  ncomp 1
  epsrel 0
  epsabs 0
  flags 291
  seed 1659
  mineval 1
  maxeval 1
  nstart 1000000
  nincrease 500000
  nbatch 1000
  gridno 1
  statefile "vegas_last_iter86"

Restoring state from vegas_last_iter86.

Iteration 18:  94500000 integrand evaluations so far
[1] 1.14929e-11 +- 1.20069e-11  	chisq 11.2358 (17 df)

Saving state to vegas_last_iter86.
Vegas input parameters:
  ndim 11
  ncomp 1
  epsrel 0
  epsabs 0
  flags 291
  seed 1745
  mineval 1
  maxeval 1
  nstart 1000000
  nincrease 500000
  nbatch 1000
  gridno 1
  statefile "vegas_last_iter86"

Restoring state from vegas_last_iter86.

Iteration 19:  104500000 integrand evaluations so far
[1] 9.9906e-12 +- 1.13438e-11  	chisq 11.3815 (18 df)

Saving state to vegas_last_iter86.
Vegas input parameters:
  ndim 11
  ncomp 1
  epsrel 0
  epsabs 0
  flags 291
  seed 1831
  mineval 1
  maxeval 1
  nstart 1000000
  nincrease 500000
  nbatch 1000
  gridno 1
  statefile "vegas_last_iter86"

Restoring state from vegas_last_iter86.

Iteration 20:  115000000 integrand evaluations so far
[1] 5.02027e-12 +- 1.0753e-11  	chisq 13.2738 (19 df)

Saving state to vegas_last_iter86.
Vegas input parameters:
  ndim 11
  ncomp 1
  epsrel 0
  epsabs 0
  flags 291
  seed 1917
  mineval 1
  maxeval 1
  nstart 1000000
  nincrease 500000
  nbatch 1000
  gridno 1
  statefile "vegas_last_iter86"

Restoring state from vegas_last_iter86.

Iteration 21:  126000000 integrand evaluations so far
[1] 3.67604e-12 +- 1.02238e-11  	chisq 13.4366 (20 df)

Saving state to vegas_last_iter86.
Vegas input parameters:
  ndim 11
  ncomp 1
  epsrel 0
  epsabs 0
  flags 291
  seed 2003
  mineval 1
  maxeval 1
  nstart 1000000
  nincrease 500000
  nbatch 1000
  gridno 1
  statefile "vegas_last_iter86"

Restoring state from vegas_last_iter86.

Iteration 22:  137500000 integrand evaluations so far
[1] 1.49886e-12 +- 9.74564e-12  	chisq 13.933 (21 df)

Saving state to vegas_last_iter86.
Vegas input parameters:
  ndim 11
  ncomp 1
  epsrel 0
  epsabs 0
  flags 291
  seed 2089
  mineval 1
  maxeval 1
  nstart 1000000
  nincrease 500000
  nbatch 1000
  gridno 1
  statefile "vegas_last_iter86"

Restoring state from vegas_last_iter86.

Iteration 23:  149500000 integrand evaluations so far
[1] 8.10946e-12 +- 9.31242e-12  	chisq 19.226 (22 df)

Saving state to vegas_last_iter86.
Vegas input parameters:
  ndim 11
  ncomp 1
  epsrel 0
  epsabs 0
  flags 291
  seed 2175
  mineval 1
  maxeval 1
  nstart 1000000
  nincrease 500000
  nbatch 1000
  gridno 1
  statefile "vegas_last_iter86"

Restoring state from vegas_last_iter86.

Iteration 24:  162000000 integrand evaluations so far
[1] 5.75934e-12 +- 8.91705e-12  	chisq 19.9923 (23 df)

Saving state to vegas_last_iter86.
Vegas input parameters:
  ndim 11
  ncomp 1
  epsrel 0
  epsabs 0
  flags 291
  seed 2261
  mineval 1
  maxeval 1
  nstart 1000000
  nincrease 500000
  nbatch 1000
  gridno 1
  statefile "vegas_last_iter86"

Restoring state from vegas_last_iter86.

Iteration 25:  175000000 integrand evaluations so far
[1] 3.95551e-12 +- 8.55465e-12  	chisq 20.5062 (24 df)

Saving state to vegas_last_iter86.
Vegas input parameters:
  ndim 11
  ncomp 1
  epsrel 0
  epsabs 0
  flags 291
  seed 2347
  mineval 1
  maxeval 1
  nstart 1000000
  nincrease 500000
  nbatch 1000
  gridno 1
  statefile "vegas_last_iter86"

Restoring state from vegas_last_iter86.

Iteration 26:  188500000 integrand evaluations so far
[1] 4.27699e-12 +- 8.22163e-12  	chisq 20.5247 (25 df)

Saving state to vegas_last_iter86.
Vegas input parameters:
  ndim 11
  ncomp 1
  epsrel 0
  epsabs 0
  flags 291
  seed 2433
  mineval 1
  maxeval 1
  nstart 1000000
  nincrease 500000
  nbatch 1000
  gridno 1
  statefile "vegas_last_iter86"

Restoring state from vegas_last_iter86.

Iteration 27:  202500000 integrand evaluations so far
[1] 3.0617e-12 +- 7.91414e-12  	chisq 20.8224 (26 df)

Saving state to vegas_last_iter86.
Thanks for using LHAPDF 6.2.1. Please make sure to cite the paper:
  Eur.Phys.J. C75 (2015) 3, 132  (http://arxiv.org/abs/1412.7420)
 method   =Vegas  
 nregions =           1
 neval    =   202500000
 fail     =           1
  0.306170262059E-11 +-   0.791413554682E-11   p =    0.205
