LHAPDF 6.2.1 loading /cvmfs/cms.cern.ch/slc6_amd64_gcc630/external/lhapdf/6.2.1-omkpbe3/share/LHAPDF/NNPDF31_nnlo_as_0118_nf_4/NNPDF31_nnlo_as_0118_nf_4_0000.dat
NNPDF31_nnlo_as_0118_nf_4 PDF set, member #0, version 1; LHAPDF ID = 320900
Vegas input parameters:
  ndim 11
  ncomp 1
  epsrel 0
  epsabs 0
  flags 291
  seed 225
  mineval 1
  maxeval 1
  nstart 1000000
  nincrease 500000
  nbatch 1000
  gridno 1
  statefile "vegas_last_iter114"

Iteration 1:  1000000 integrand evaluations so far
[1] -2.36971e-07 +- 2.20365e-07  	chisq 0 (0 df)

Saving state to vegas_last_iter114.
Vegas input parameters:
  ndim 11
  ncomp 1
  epsrel 0
  epsabs 0
  flags 291
  seed 339
  mineval 1
  maxeval 1
  nstart 1000000
  nincrease 500000
  nbatch 1000
  gridno 1
  statefile "vegas_last_iter114"

Restoring state from vegas_last_iter114.

Iteration 2:  2500000 integrand evaluations so far
[1] -6.50857e-08 +- 1.86102e-07  	chisq 2.12142 (1 df)

Saving state to vegas_last_iter114.
Vegas input parameters:
  ndim 11
  ncomp 1
  epsrel 0
  epsabs 0
  flags 291
  seed 453
  mineval 1
  maxeval 1
  nstart 1000000
  nincrease 500000
  nbatch 1000
  gridno 1
  statefile "vegas_last_iter114"

Restoring state from vegas_last_iter114.

Iteration 3:  4500000 integrand evaluations so far
[1] -3.24461e-08 +- 1.10833e-07  	chisq 2.16909 (2 df)

Saving state to vegas_last_iter114.
Vegas input parameters:
  ndim 11
  ncomp 1
  epsrel 0
  epsabs 0
  flags 291
  seed 567
  mineval 1
  maxeval 1
  nstart 1000000
  nincrease 500000
  nbatch 1000
  gridno 1
  statefile "vegas_last_iter114"

Restoring state from vegas_last_iter114.

Iteration 4:  7000000 integrand evaluations so far
[1] -3.30409e-08 +- 2.52191e-08  	chisq 2.16912 (3 df)

Saving state to vegas_last_iter114.
Vegas input parameters:
  ndim 11
  ncomp 1
  epsrel 0
  epsabs 0
  flags 291
  seed 681
  mineval 1
  maxeval 1
  nstart 1000000
  nincrease 500000
  nbatch 1000
  gridno 1
  statefile "vegas_last_iter114"

Restoring state from vegas_last_iter114.

Iteration 5:  10000000 integrand evaluations so far
[1] -4.15404e-08 +- 8.2296e-09  	chisq 2.29624 (4 df)

Saving state to vegas_last_iter114.
Vegas input parameters:
  ndim 11
  ncomp 1
  epsrel 0
  epsabs 0
  flags 291
  seed 795
  mineval 1
  maxeval 1
  nstart 1000000
  nincrease 500000
  nbatch 1000
  gridno 1
  statefile "vegas_last_iter114"

Restoring state from vegas_last_iter114.

Iteration 6:  13500000 integrand evaluations so far
[1] -4.79179e-08 +- 3.30561e-09  	chisq 3.01233 (5 df)

Saving state to vegas_last_iter114.
Vegas input parameters:
  ndim 11
  ncomp 1
  epsrel 0
  epsabs 0
  flags 291
  seed 909
  mineval 1
  maxeval 1
  nstart 1000000
  nincrease 500000
  nbatch 1000
  gridno 1
  statefile "vegas_last_iter114"

Restoring state from vegas_last_iter114.

Iteration 7:  17500000 integrand evaluations so far
[1] -4.90744e-08 +- 2.00123e-09  	chisq 3.20553 (6 df)

Saving state to vegas_last_iter114.
Vegas input parameters:
  ndim 11
  ncomp 1
  epsrel 0
  epsabs 0
  flags 291
  seed 1023
  mineval 1
  maxeval 1
  nstart 1000000
  nincrease 500000
  nbatch 1000
  gridno 1
  statefile "vegas_last_iter114"

Restoring state from vegas_last_iter114.

Iteration 8:  22000000 integrand evaluations so far
[1] -4.98203e-08 +- 1.47723e-09  	chisq 3.51081 (7 df)

Saving state to vegas_last_iter114.
Vegas input parameters:
  ndim 11
  ncomp 1
  epsrel 0
  epsabs 0
  flags 291
  seed 1137
  mineval 1
  maxeval 1
  nstart 1000000
  nincrease 500000
  nbatch 1000
  gridno 1
  statefile "vegas_last_iter114"

Restoring state from vegas_last_iter114.

Iteration 9:  27000000 integrand evaluations so far
[1] -4.99469e-08 +- 1.19266e-09  	chisq 3.5319 (8 df)

Saving state to vegas_last_iter114.
Vegas input parameters:
  ndim 11
  ncomp 1
  epsrel 0
  epsabs 0
  flags 291
  seed 1251
  mineval 1
  maxeval 1
  nstart 1000000
  nincrease 500000
  nbatch 1000
  gridno 1
  statefile "vegas_last_iter114"

Restoring state from vegas_last_iter114.

Iteration 10:  32500000 integrand evaluations so far
[1] -4.9763e-08 +- 1.01077e-09  	chisq 3.61628 (9 df)

Saving state to vegas_last_iter114.
Vegas input parameters:
  ndim 11
  ncomp 1
  epsrel 0
  epsabs 0
  flags 291
  seed 1365
  mineval 1
  maxeval 1
  nstart 1000000
  nincrease 500000
  nbatch 1000
  gridno 1
  statefile "vegas_last_iter114"

Restoring state from vegas_last_iter114.

Iteration 11:  38500000 integrand evaluations so far
[1] -5.03497e-08 +- 8.82916e-10  	chisq 5.03807 (10 df)

Saving state to vegas_last_iter114.
Vegas input parameters:
  ndim 11
  ncomp 1
  epsrel 0
  epsabs 0
  flags 291
  seed 1479
  mineval 1
  maxeval 1
  nstart 1000000
  nincrease 500000
  nbatch 1000
  gridno 1
  statefile "vegas_last_iter114"

Restoring state from vegas_last_iter114.

Iteration 12:  45000000 integrand evaluations so far
[1] -5.06198e-08 +- 7.87425e-10  	chisq 5.4954 (11 df)

Saving state to vegas_last_iter114.
Vegas input parameters:
  ndim 11
  ncomp 1
  epsrel 0
  epsabs 0
  flags 291
  seed 1593
  mineval 1
  maxeval 1
  nstart 1000000
  nincrease 500000
  nbatch 1000
  gridno 1
  statefile "vegas_last_iter114"

Restoring state from vegas_last_iter114.

Iteration 13:  52000000 integrand evaluations so far
[1] -5.07556e-08 +- 7.12668e-10  	chisq 5.65978 (12 df)

Saving state to vegas_last_iter114.
Vegas input parameters:
  ndim 11
  ncomp 1
  epsrel 0
  epsabs 0
  flags 291
  seed 1707
  mineval 1
  maxeval 1
  nstart 1000000
  nincrease 500000
  nbatch 1000
  gridno 1
  statefile "vegas_last_iter114"

Restoring state from vegas_last_iter114.

Iteration 14:  59500000 integrand evaluations so far
[1] -5.09771e-08 +- 6.52097e-10  	chisq 6.25319 (13 df)

Saving state to vegas_last_iter114.
Vegas input parameters:
  ndim 11
  ncomp 1
  epsrel 0
  epsabs 0
  flags 291
  seed 1821
  mineval 1
  maxeval 1
  nstart 1000000
  nincrease 500000
  nbatch 1000
  gridno 1
  statefile "vegas_last_iter114"

Restoring state from vegas_last_iter114.

Iteration 15:  67500000 integrand evaluations so far
[1] -5.09168e-08 +- 6.02056e-10  	chisq 6.31104 (14 df)

Saving state to vegas_last_iter114.
Vegas input parameters:
  ndim 11
  ncomp 1
  epsrel 0
  epsabs 0
  flags 291
  seed 1935
  mineval 1
  maxeval 1
  nstart 1000000
  nincrease 500000
  nbatch 1000
  gridno 1
  statefile "vegas_last_iter114"

Restoring state from vegas_last_iter114.

Iteration 16:  76000000 integrand evaluations so far
[1] -5.09292e-08 +- 5.59576e-10  	chisq 6.31416 (15 df)

Saving state to vegas_last_iter114.
Vegas input parameters:
  ndim 11
  ncomp 1
  epsrel 0
  epsabs 0
  flags 291
  seed 2049
  mineval 1
  maxeval 1
  nstart 1000000
  nincrease 500000
  nbatch 1000
  gridno 1
  statefile "vegas_last_iter114"

Restoring state from vegas_last_iter114.

Iteration 17:  85000000 integrand evaluations so far
[1] -5.11732e-08 +- 5.23083e-10  	chisq 7.82098 (16 df)

Saving state to vegas_last_iter114.
Vegas input parameters:
  ndim 11
  ncomp 1
  epsrel 0
  epsabs 0
  flags 291
  seed 2163
  mineval 1
  maxeval 1
  nstart 1000000
  nincrease 500000
  nbatch 1000
  gridno 1
  statefile "vegas_last_iter114"

Restoring state from vegas_last_iter114.

Iteration 18:  94500000 integrand evaluations so far
[1] -5.12608e-08 +- 4.9146e-10  	chisq 8.05989 (17 df)

Saving state to vegas_last_iter114.
Vegas input parameters:
  ndim 11
  ncomp 1
  epsrel 0
  epsabs 0
  flags 291
  seed 2277
  mineval 1
  maxeval 1
  nstart 1000000
  nincrease 500000
  nbatch 1000
  gridno 1
  statefile "vegas_last_iter114"

Restoring state from vegas_last_iter114.

Iteration 19:  104500000 integrand evaluations so far
[1] -5.13111e-08 +- 4.63614e-10  	chisq 8.15525 (18 df)

Saving state to vegas_last_iter114.
Vegas input parameters:
  ndim 11
  ncomp 1
  epsrel 0
  epsabs 0
  flags 291
  seed 2391
  mineval 1
  maxeval 1
  nstart 1000000
  nincrease 500000
  nbatch 1000
  gridno 1
  statefile "vegas_last_iter114"

Restoring state from vegas_last_iter114.

Iteration 20:  115000000 integrand evaluations so far
[1] -5.14971e-08 +- 4.38986e-10  	chisq 9.7112 (19 df)

Saving state to vegas_last_iter114.
Vegas input parameters:
  ndim 11
  ncomp 1
  epsrel 0
  epsabs 0
  flags 291
  seed 2505
  mineval 1
  maxeval 1
  nstart 1000000
  nincrease 500000
  nbatch 1000
  gridno 1
  statefile "vegas_last_iter114"

Restoring state from vegas_last_iter114.

Iteration 21:  126000000 integrand evaluations so far
[1] -5.15991e-08 +- 4.16932e-10  	chisq 10.2625 (20 df)

Saving state to vegas_last_iter114.
Vegas input parameters:
  ndim 11
  ncomp 1
  epsrel 0
  epsabs 0
  flags 291
  seed 2619
  mineval 1
  maxeval 1
  nstart 1000000
  nincrease 500000
  nbatch 1000
  gridno 1
  statefile "vegas_last_iter114"

Restoring state from vegas_last_iter114.

Iteration 22:  137500000 integrand evaluations so far
[1] -5.15125e-08 +- 3.97067e-10  	chisq 10.7269 (21 df)

Saving state to vegas_last_iter114.
Vegas input parameters:
  ndim 11
  ncomp 1
  epsrel 0
  epsabs 0
  flags 291
  seed 2733
  mineval 1
  maxeval 1
  nstart 1000000
  nincrease 500000
  nbatch 1000
  gridno 1
  statefile "vegas_last_iter114"

Restoring state from vegas_last_iter114.

Iteration 23:  149500000 integrand evaluations so far
[1] -5.15066e-08 +- 3.7911e-10  	chisq 10.7294 (22 df)

Saving state to vegas_last_iter114.
Vegas input parameters:
  ndim 11
  ncomp 1
  epsrel 0
  epsabs 0
  flags 291
  seed 2847
  mineval 1
  maxeval 1
  nstart 1000000
  nincrease 500000
  nbatch 1000
  gridno 1
  statefile "vegas_last_iter114"

Restoring state from vegas_last_iter114.
