LHAPDF 6.2.1 loading /cvmfs/cms.cern.ch/slc6_amd64_gcc630/external/lhapdf/6.2.1-omkpbe3/share/LHAPDF/NNPDF31_nnlo_as_0118_nf_4/NNPDF31_nnlo_as_0118_nf_4_0000.dat
NNPDF31_nnlo_as_0118_nf_4 PDF set, member #0, version 1; LHAPDF ID = 320900
Vegas input parameters:
  ndim 11
  ncomp 1
  epsrel 0
  epsabs 0
  flags 291
  seed 145
  mineval 1
  maxeval 1
  nstart 1000000
  nincrease 500000
  nbatch 1000
  gridno 1
  statefile "vegas_last_iter34"

Iteration 1:  1000000 integrand evaluations so far
[1] 3.02237e-08 +- 9.24042e-09  	chisq 0 (0 df)

Saving state to vegas_last_iter34.
Vegas input parameters:
  ndim 11
  ncomp 1
  epsrel 0
  epsabs 0
  flags 291
  seed 179
  mineval 1
  maxeval 1
  nstart 1000000
  nincrease 500000
  nbatch 1000
  gridno 1
  statefile "vegas_last_iter34"

Restoring state from vegas_last_iter34.

Iteration 2:  2500000 integrand evaluations so far
[1] 4.81931e-08 +- 6.6667e-09  	chisq 7.88699 (1 df)

Saving state to vegas_last_iter34.
Vegas input parameters:
  ndim 11
  ncomp 1
  epsrel 0
  epsabs 0
  flags 291
  seed 213
  mineval 1
  maxeval 1
  nstart 1000000
  nincrease 500000
  nbatch 1000
  gridno 1
  statefile "vegas_last_iter34"

Restoring state from vegas_last_iter34.

Iteration 3:  4500000 integrand evaluations so far
[1] 6.73323e-08 +- 5.87211e-09  	chisq 44.6536 (2 df)

Saving state to vegas_last_iter34.
Vegas input parameters:
  ndim 11
  ncomp 1
  epsrel 0
  epsabs 0
  flags 291
  seed 247
  mineval 1
  maxeval 1
  nstart 1000000
  nincrease 500000
  nbatch 1000
  gridno 1
  statefile "vegas_last_iter34"

Restoring state from vegas_last_iter34.

Iteration 4:  7000000 integrand evaluations so far
[1] 1.19615e-07 +- 2.21838e-09  	chisq 137.124 (3 df)

Saving state to vegas_last_iter34.
Vegas input parameters:
  ndim 11
  ncomp 1
  epsrel 0
  epsabs 0
  flags 291
  seed 281
  mineval 1
  maxeval 1
  nstart 1000000
  nincrease 500000
  nbatch 1000
  gridno 1
  statefile "vegas_last_iter34"

Restoring state from vegas_last_iter34.

Iteration 5:  10000000 integrand evaluations so far
[1] 1.26905e-07 +- 3.91384e-10  	chisq 148.271 (4 df)

Saving state to vegas_last_iter34.
Vegas input parameters:
  ndim 11
  ncomp 1
  epsrel 0
  epsabs 0
  flags 291
  seed 315
  mineval 1
  maxeval 1
  nstart 1000000
  nincrease 500000
  nbatch 1000
  gridno 1
  statefile "vegas_last_iter34"

Restoring state from vegas_last_iter34.

Iteration 6:  13500000 integrand evaluations so far
[1] 1.26482e-07 +- 1.05824e-10  	chisq 149.534 (5 df)

Saving state to vegas_last_iter34.
Vegas input parameters:
  ndim 11
  ncomp 1
  epsrel 0
  epsabs 0
  flags 291
  seed 349
  mineval 1
  maxeval 1
  nstart 1000000
  nincrease 500000
  nbatch 1000
  gridno 1
  statefile "vegas_last_iter34"

Restoring state from vegas_last_iter34.

Iteration 7:  17500000 integrand evaluations so far
[1] 1.26436e-07 +- 5.40786e-11  	chisq 149.784 (6 df)

Saving state to vegas_last_iter34.
Vegas input parameters:
  ndim 11
  ncomp 1
  epsrel 0
  epsabs 0
  flags 291
  seed 383
  mineval 1
  maxeval 1
  nstart 1000000
  nincrease 500000
  nbatch 1000
  gridno 1
  statefile "vegas_last_iter34"

Restoring state from vegas_last_iter34.

Iteration 8:  22000000 integrand evaluations so far
[1] 1.26417e-07 +- 3.72581e-11  	chisq 150.031 (7 df)

Saving state to vegas_last_iter34.
Vegas input parameters:
  ndim 11
  ncomp 1
  epsrel 0
  epsabs 0
  flags 291
  seed 417
  mineval 1
  maxeval 1
  nstart 1000000
  nincrease 500000
  nbatch 1000
  gridno 1
  statefile "vegas_last_iter34"

Restoring state from vegas_last_iter34.

Iteration 9:  27000000 integrand evaluations so far
[1] 1.26446e-07 +- 2.83384e-11  	chisq 151.461 (8 df)

Saving state to vegas_last_iter34.
Vegas input parameters:
  ndim 11
  ncomp 1
  epsrel 0
  epsabs 0
  flags 291
  seed 451
  mineval 1
  maxeval 1
  nstart 1000000
  nincrease 500000
  nbatch 1000
  gridno 1
  statefile "vegas_last_iter34"

Restoring state from vegas_last_iter34.

Iteration 10:  32500000 integrand evaluations so far
[1] 1.26488e-07 +- 2.29471e-11  	chisq 157.822 (9 df)

Saving state to vegas_last_iter34.
Vegas input parameters:
  ndim 11
  ncomp 1
  epsrel 0
  epsabs 0
  flags 291
  seed 485
  mineval 1
  maxeval 1
  nstart 1000000
  nincrease 500000
  nbatch 1000
  gridno 1
  statefile "vegas_last_iter34"

Restoring state from vegas_last_iter34.

Iteration 11:  38500000 integrand evaluations so far
[1] 1.26508e-07 +- 1.94191e-11  	chisq 160.626 (10 df)

Saving state to vegas_last_iter34.
Vegas input parameters:
  ndim 11
  ncomp 1
  epsrel 0
  epsabs 0
  flags 291
  seed 519
  mineval 1
  maxeval 1
  nstart 1000000
  nincrease 500000
  nbatch 1000
  gridno 1
  statefile "vegas_last_iter34"

Restoring state from vegas_last_iter34.

Iteration 12:  45000000 integrand evaluations so far
[1] 1.26499e-07 +- 1.68963e-11  	chisq 161.637 (11 df)

Saving state to vegas_last_iter34.
Vegas input parameters:
  ndim 11
  ncomp 1
  epsrel 0
  epsabs 0
  flags 291
  seed 553
  mineval 1
  maxeval 1
  nstart 1000000
  nincrease 500000
  nbatch 1000
  gridno 1
  statefile "vegas_last_iter34"

Restoring state from vegas_last_iter34.

Iteration 13:  52000000 integrand evaluations so far
[1] 1.26495e-07 +- 1.50019e-11  	chisq 161.845 (12 df)

Saving state to vegas_last_iter34.
Vegas input parameters:
  ndim 11
  ncomp 1
  epsrel 0
  epsabs 0
  flags 291
  seed 587
  mineval 1
  maxeval 1
  nstart 1000000
  nincrease 500000
  nbatch 1000
  gridno 1
  statefile "vegas_last_iter34"

Restoring state from vegas_last_iter34.

Iteration 14:  59500000 integrand evaluations so far
[1] 1.26505e-07 +- 1.35283e-11  	chisq 164.351 (13 df)

Saving state to vegas_last_iter34.
Vegas input parameters:
  ndim 11
  ncomp 1
  epsrel 0
  epsabs 0
  flags 291
  seed 621
  mineval 1
  maxeval 1
  nstart 1000000
  nincrease 500000
  nbatch 1000
  gridno 1
  statefile "vegas_last_iter34"

Restoring state from vegas_last_iter34.

Iteration 15:  67500000 integrand evaluations so far
[1] 1.26511e-07 +- 1.23488e-11  	chisq 165.456 (14 df)

Saving state to vegas_last_iter34.
Vegas input parameters:
  ndim 11
  ncomp 1
  epsrel 0
  epsabs 0
  flags 291
  seed 655
  mineval 1
  maxeval 1
  nstart 1000000
  nincrease 500000
  nbatch 1000
  gridno 1
  statefile "vegas_last_iter34"

Restoring state from vegas_last_iter34.

Iteration 16:  76000000 integrand evaluations so far
[1] 1.26516e-07 +- 1.13854e-11  	chisq 166.555 (15 df)

Saving state to vegas_last_iter34.
Vegas input parameters:
  ndim 11
  ncomp 1
  epsrel 0
  epsabs 0
  flags 291
  seed 689
  mineval 1
  maxeval 1
  nstart 1000000
  nincrease 500000
  nbatch 1000
  gridno 1
  statefile "vegas_last_iter34"

Restoring state from vegas_last_iter34.

Iteration 17:  85000000 integrand evaluations so far
[1] 1.26519e-07 +- 1.05945e-11  	chisq 166.857 (16 df)

Saving state to vegas_last_iter34.
Vegas input parameters:
  ndim 11
  ncomp 1
  epsrel 0
  epsabs 0
  flags 291
  seed 723
  mineval 1
  maxeval 1
  nstart 1000000
  nincrease 500000
  nbatch 1000
  gridno 1
  statefile "vegas_last_iter34"

Restoring state from vegas_last_iter34.

Iteration 18:  94500000 integrand evaluations so far
[1] 1.26519e-07 +- 9.97966e-12  	chisq 166.857 (17 df)

Saving state to vegas_last_iter34.
Vegas input parameters:
  ndim 11
  ncomp 1
  epsrel 0
  epsabs 0
  flags 291
  seed 757
  mineval 1
  maxeval 1
  nstart 1000000
  nincrease 500000
  nbatch 1000
  gridno 1
  statefile "vegas_last_iter34"

Restoring state from vegas_last_iter34.

Iteration 19:  104500000 integrand evaluations so far
[1] 1.26516e-07 +- 9.42648e-12  	chisq 167.592 (18 df)

Saving state to vegas_last_iter34.
Vegas input parameters:
  ndim 11
  ncomp 1
  epsrel 0
  epsabs 0
  flags 291
  seed 791
  mineval 1
  maxeval 1
  nstart 1000000
  nincrease 500000
  nbatch 1000
  gridno 1
  statefile "vegas_last_iter34"

Restoring state from vegas_last_iter34.

Iteration 20:  115000000 integrand evaluations so far
[1] 1.26513e-07 +- 8.92915e-12  	chisq 168.512 (19 df)

Saving state to vegas_last_iter34.
Vegas input parameters:
  ndim 11
  ncomp 1
  epsrel 0
  epsabs 0
  flags 291
  seed 825
  mineval 1
  maxeval 1
  nstart 1000000
  nincrease 500000
  nbatch 1000
  gridno 1
  statefile "vegas_last_iter34"

Restoring state from vegas_last_iter34.

Iteration 21:  126000000 integrand evaluations so far
[1] 1.26517e-07 +- 8.48288e-12  	chisq 170.732 (20 df)

Saving state to vegas_last_iter34.
Vegas input parameters:
  ndim 11
  ncomp 1
  epsrel 0
  epsabs 0
  flags 291
  seed 859
  mineval 1
  maxeval 1
  nstart 1000000
  nincrease 500000
  nbatch 1000
  gridno 1
  statefile "vegas_last_iter34"

Restoring state from vegas_last_iter34.

Iteration 22:  137500000 integrand evaluations so far
[1] 1.26515e-07 +- 8.0671e-12  	chisq 171.468 (21 df)

Saving state to vegas_last_iter34.
Vegas input parameters:
  ndim 11
  ncomp 1
  epsrel 0
  epsabs 0
  flags 291
  seed 893
  mineval 1
  maxeval 1
  nstart 1000000
  nincrease 500000
  nbatch 1000
  gridno 1
  statefile "vegas_last_iter34"

Restoring state from vegas_last_iter34.

Iteration 23:  149500000 integrand evaluations so far
[1] 1.26515e-07 +- 7.67907e-12  	chisq 171.472 (22 df)

Saving state to vegas_last_iter34.
Vegas input parameters:
  ndim 11
  ncomp 1
  epsrel 0
  epsabs 0
  flags 291
  seed 927
  mineval 1
  maxeval 1
  nstart 1000000
  nincrease 500000
  nbatch 1000
  gridno 1
  statefile "vegas_last_iter34"

Restoring state from vegas_last_iter34.

Iteration 24:  162000000 integrand evaluations so far
[1] 1.26513e-07 +- 7.31654e-12  	chisq 172.154 (23 df)

Saving state to vegas_last_iter34.
Vegas input parameters:
  ndim 11
  ncomp 1
  epsrel 0
  epsabs 0
  flags 291
  seed 961
  mineval 1
  maxeval 1
  nstart 1000000
  nincrease 500000
  nbatch 1000
  gridno 1
  statefile "vegas_last_iter34"

Restoring state from vegas_last_iter34.

Iteration 25:  175000000 integrand evaluations so far
[1] 1.26511e-07 +- 6.98028e-12  	chisq 172.769 (24 df)

Saving state to vegas_last_iter34.
Vegas input parameters:
  ndim 11
  ncomp 1
  epsrel 0
  epsabs 0
  flags 291
  seed 995
  mineval 1
  maxeval 1
  nstart 1000000
  nincrease 500000
  nbatch 1000
  gridno 1
  statefile "vegas_last_iter34"

Restoring state from vegas_last_iter34.

Iteration 26:  188500000 integrand evaluations so far
[1] 1.2651e-07 +- 6.67583e-12  	chisq 173.018 (25 df)

Saving state to vegas_last_iter34.
Vegas input parameters:
  ndim 11
  ncomp 1
  epsrel 0
  epsabs 0
  flags 291
  seed 1029
  mineval 1
  maxeval 1
  nstart 1000000
  nincrease 500000
  nbatch 1000
  gridno 1
  statefile "vegas_last_iter34"

Restoring state from vegas_last_iter34.

Iteration 27:  202500000 integrand evaluations so far
[1] 1.2651e-07 +- 6.39996e-12  	chisq 173.067 (26 df)

Saving state to vegas_last_iter34.
Thanks for using LHAPDF 6.2.1. Please make sure to cite the paper:
  Eur.Phys.J. C75 (2015) 3, 132  (http://arxiv.org/abs/1412.7420)
 method   =Vegas  
 nregions =           1
 neval    =   202500000
 fail     =           1
  0.126510308844E-06 +-   0.639996348364E-11   p =    1.000
