LHAPDF 6.2.1 loading /cvmfs/cms.cern.ch/slc6_amd64_gcc630/external/lhapdf/6.2.1-omkpbe3/share/LHAPDF/NNPDF31_nnlo_as_0118_nf_4/NNPDF31_nnlo_as_0118_nf_4_0000.dat
NNPDF31_nnlo_as_0118_nf_4 PDF set, member #0, version 1; LHAPDF ID = 320900
Vegas input parameters:
  ndim 11
  ncomp 1
  epsrel 0
  epsabs 0
  flags 291
  seed 208
  mineval 1
  maxeval 1
  nstart 1000000
  nincrease 500000
  nbatch 1000
  gridno 1
  statefile "vegas_last_iter97"

Iteration 1:  1000000 integrand evaluations so far
[1] 3.62544e-07 +- 6.0964e-07  	chisq 0 (0 df)

Saving state to vegas_last_iter97.
Vegas input parameters:
  ndim 11
  ncomp 1
  epsrel 0
  epsabs 0
  flags 291
  seed 305
  mineval 1
  maxeval 1
  nstart 1000000
  nincrease 500000
  nbatch 1000
  gridno 1
  statefile "vegas_last_iter97"

Restoring state from vegas_last_iter97.

Iteration 2:  2500000 integrand evaluations so far
[1] 6.42591e-07 +- 3.52759e-07  	chisq 0.317233 (1 df)

Saving state to vegas_last_iter97.
Vegas input parameters:
  ndim 11
  ncomp 1
  epsrel 0
  epsabs 0
  flags 291
  seed 402
  mineval 1
  maxeval 1
  nstart 1000000
  nincrease 500000
  nbatch 1000
  gridno 1
  statefile "vegas_last_iter97"

Restoring state from vegas_last_iter97.

Iteration 3:  4500000 integrand evaluations so far
[1] 4.56636e-07 +- 7.53306e-08  	chisq 0.608393 (2 df)

Saving state to vegas_last_iter97.
Vegas input parameters:
  ndim 11
  ncomp 1
  epsrel 0
  epsabs 0
  flags 291
  seed 499
  mineval 1
  maxeval 1
  nstart 1000000
  nincrease 500000
  nbatch 1000
  gridno 1
  statefile "vegas_last_iter97"

Restoring state from vegas_last_iter97.

Iteration 4:  7000000 integrand evaluations so far
[1] 4.24163e-07 +- 2.42665e-08  	chisq 0.81573 (3 df)

Saving state to vegas_last_iter97.
Vegas input parameters:
  ndim 11
  ncomp 1
  epsrel 0
  epsabs 0
  flags 291
  seed 596
  mineval 1
  maxeval 1
  nstart 1000000
  nincrease 500000
  nbatch 1000
  gridno 1
  statefile "vegas_last_iter97"

Restoring state from vegas_last_iter97.

Iteration 5:  10000000 integrand evaluations so far
[1] 4.38347e-07 +- 7.38567e-09  	chisq 1.19225 (4 df)

Saving state to vegas_last_iter97.
Vegas input parameters:
  ndim 11
  ncomp 1
  epsrel 0
  epsabs 0
  flags 291
  seed 693
  mineval 1
  maxeval 1
  nstart 1000000
  nincrease 500000
  nbatch 1000
  gridno 1
  statefile "vegas_last_iter97"

Restoring state from vegas_last_iter97.

Iteration 6:  13500000 integrand evaluations so far
[1] 4.391e-07 +- 3.19622e-09  	chisq 1.20505 (5 df)

Saving state to vegas_last_iter97.
Vegas input parameters:
  ndim 11
  ncomp 1
  epsrel 0
  epsabs 0
  flags 291
  seed 790
  mineval 1
  maxeval 1
  nstart 1000000
  nincrease 500000
  nbatch 1000
  gridno 1
  statefile "vegas_last_iter97"

Restoring state from vegas_last_iter97.

Iteration 7:  17500000 integrand evaluations so far
[1] 4.3884e-07 +- 2.02559e-09  	chisq 1.21616 (6 df)

Saving state to vegas_last_iter97.
Vegas input parameters:
  ndim 11
  ncomp 1
  epsrel 0
  epsabs 0
  flags 291
  seed 887
  mineval 1
  maxeval 1
  nstart 1000000
  nincrease 500000
  nbatch 1000
  gridno 1
  statefile "vegas_last_iter97"

Restoring state from vegas_last_iter97.

Iteration 8:  22000000 integrand evaluations so far
[1] 4.39354e-07 +- 1.52294e-09  	chisq 1.36427 (7 df)

Saving state to vegas_last_iter97.
Vegas input parameters:
  ndim 11
  ncomp 1
  epsrel 0
  epsabs 0
  flags 291
  seed 984
  mineval 1
  maxeval 1
  nstart 1000000
  nincrease 500000
  nbatch 1000
  gridno 1
  statefile "vegas_last_iter97"

Restoring state from vegas_last_iter97.

Iteration 9:  27000000 integrand evaluations so far
[1] 4.37986e-07 +- 1.24252e-09  	chisq 3.77509 (8 df)

Saving state to vegas_last_iter97.
Vegas input parameters:
  ndim 11
  ncomp 1
  epsrel 0
  epsabs 0
  flags 291
  seed 1081
  mineval 1
  maxeval 1
  nstart 1000000
  nincrease 500000
  nbatch 1000
  gridno 1
  statefile "vegas_last_iter97"

Restoring state from vegas_last_iter97.

Iteration 10:  32500000 integrand evaluations so far
[1] 4.38042e-07 +- 1.06071e-09  	chisq 3.78262 (9 df)

Saving state to vegas_last_iter97.
Vegas input parameters:
  ndim 11
  ncomp 1
  epsrel 0
  epsabs 0
  flags 291
  seed 1178
  mineval 1
  maxeval 1
  nstart 1000000
  nincrease 500000
  nbatch 1000
  gridno 1
  statefile "vegas_last_iter97"

Restoring state from vegas_last_iter97.

Iteration 11:  38500000 integrand evaluations so far
[1] 4.36989e-07 +- 9.31397e-10  	chisq 8.0906 (10 df)

Saving state to vegas_last_iter97.
Vegas input parameters:
  ndim 11
  ncomp 1
  epsrel 0
  epsabs 0
  flags 291
  seed 1275
  mineval 1
  maxeval 1
  nstart 1000000
  nincrease 500000
  nbatch 1000
  gridno 1
  statefile "vegas_last_iter97"

Restoring state from vegas_last_iter97.

Iteration 12:  45000000 integrand evaluations so far
[1] 4.36622e-07 +- 8.33362e-10  	chisq 8.86979 (11 df)

Saving state to vegas_last_iter97.
Vegas input parameters:
  ndim 11
  ncomp 1
  epsrel 0
  epsabs 0
  flags 291
  seed 1372
  mineval 1
  maxeval 1
  nstart 1000000
  nincrease 500000
  nbatch 1000
  gridno 1
  statefile "vegas_last_iter97"

Restoring state from vegas_last_iter97.

Iteration 13:  52000000 integrand evaluations so far
[1] 4.36835e-07 +- 7.55884e-10  	chisq 9.23748 (12 df)

Saving state to vegas_last_iter97.
Vegas input parameters:
  ndim 11
  ncomp 1
  epsrel 0
  epsabs 0
  flags 291
  seed 1469
  mineval 1
  maxeval 1
  nstart 1000000
  nincrease 500000
  nbatch 1000
  gridno 1
  statefile "vegas_last_iter97"

Restoring state from vegas_last_iter97.

Iteration 14:  59500000 integrand evaluations so far
[1] 4.36262e-07 +- 6.92832e-10  	chisq 12.8309 (13 df)

Saving state to vegas_last_iter97.
Vegas input parameters:
  ndim 11
  ncomp 1
  epsrel 0
  epsabs 0
  flags 291
  seed 1566
  mineval 1
  maxeval 1
  nstart 1000000
  nincrease 500000
  nbatch 1000
  gridno 1
  statefile "vegas_last_iter97"

Restoring state from vegas_last_iter97.

Iteration 15:  67500000 integrand evaluations so far
[1] 4.36379e-07 +- 6.40154e-10  	chisq 13.0258 (14 df)

Saving state to vegas_last_iter97.
Vegas input parameters:
  ndim 11
  ncomp 1
  epsrel 0
  epsabs 0
  flags 291
  seed 1663
  mineval 1
  maxeval 1
  nstart 1000000
  nincrease 500000
  nbatch 1000
  gridno 1
  statefile "vegas_last_iter97"

Restoring state from vegas_last_iter97.

Iteration 16:  76000000 integrand evaluations so far
[1] 4.36223e-07 +- 5.9551e-10  	chisq 13.4639 (15 df)

Saving state to vegas_last_iter97.
Vegas input parameters:
  ndim 11
  ncomp 1
  epsrel 0
  epsabs 0
  flags 291
  seed 1760
  mineval 1
  maxeval 1
  nstart 1000000
  nincrease 500000
  nbatch 1000
  gridno 1
  statefile "vegas_last_iter97"

Restoring state from vegas_last_iter97.

Iteration 17:  85000000 integrand evaluations so far
[1] 4.35851e-07 +- 5.57176e-10  	chisq 16.5918 (16 df)

Saving state to vegas_last_iter97.
Vegas input parameters:
  ndim 11
  ncomp 1
  epsrel 0
  epsabs 0
  flags 291
  seed 1857
  mineval 1
  maxeval 1
  nstart 1000000
  nincrease 500000
  nbatch 1000
  gridno 1
  statefile "vegas_last_iter97"

Restoring state from vegas_last_iter97.

Iteration 18:  94500000 integrand evaluations so far
[1] 4.3592e-07 +- 5.23734e-10  	chisq 16.7238 (17 df)

Saving state to vegas_last_iter97.
Vegas input parameters:
  ndim 11
  ncomp 1
  epsrel 0
  epsabs 0
  flags 291
  seed 1954
  mineval 1
  maxeval 1
  nstart 1000000
  nincrease 500000
  nbatch 1000
  gridno 1
  statefile "vegas_last_iter97"

Restoring state from vegas_last_iter97.

Iteration 19:  104500000 integrand evaluations so far
[1] 4.36099e-07 +- 4.94233e-10  	chisq 17.7815 (18 df)

Saving state to vegas_last_iter97.
Vegas input parameters:
  ndim 11
  ncomp 1
  epsrel 0
  epsabs 0
  flags 291
  seed 2051
  mineval 1
  maxeval 1
  nstart 1000000
  nincrease 500000
  nbatch 1000
  gridno 1
  statefile "vegas_last_iter97"

Restoring state from vegas_last_iter97.

Iteration 20:  115000000 integrand evaluations so far
[1] 4.36201e-07 +- 4.68058e-10  	chisq 18.1958 (19 df)

Saving state to vegas_last_iter97.
Vegas input parameters:
  ndim 11
  ncomp 1
  epsrel 0
  epsabs 0
  flags 291
  seed 2148
  mineval 1
  maxeval 1
  nstart 1000000
  nincrease 500000
  nbatch 1000
  gridno 1
  statefile "vegas_last_iter97"

Restoring state from vegas_last_iter97.

Iteration 21:  126000000 integrand evaluations so far
[1] 4.36104e-07 +- 4.44661e-10  	chisq 18.6361 (20 df)

Saving state to vegas_last_iter97.
Vegas input parameters:
  ndim 11
  ncomp 1
  epsrel 0
  epsabs 0
  flags 291
  seed 2245
  mineval 1
  maxeval 1
  nstart 1000000
  nincrease 500000
  nbatch 1000
  gridno 1
  statefile "vegas_last_iter97"

Restoring state from vegas_last_iter97.

Iteration 22:  137500000 integrand evaluations so far
[1] 4.36318e-07 +- 4.23584e-10  	chisq 21.1401 (21 df)

Saving state to vegas_last_iter97.
Vegas input parameters:
  ndim 11
  ncomp 1
  epsrel 0
  epsabs 0
  flags 291
  seed 2342
  mineval 1
  maxeval 1
  nstart 1000000
  nincrease 500000
  nbatch 1000
  gridno 1
  statefile "vegas_last_iter97"

Restoring state from vegas_last_iter97.

Iteration 23:  149500000 integrand evaluations so far
[1] 4.36376e-07 +- 4.04479e-10  	chisq 21.3535 (22 df)

Saving state to vegas_last_iter97.
Vegas input parameters:
  ndim 11
  ncomp 1
  epsrel 0
  epsabs 0
  flags 291
  seed 2439
  mineval 1
  maxeval 1
  nstart 1000000
  nincrease 500000
  nbatch 1000
  gridno 1
  statefile "vegas_last_iter97"

Restoring state from vegas_last_iter97.

Iteration 24:  162000000 integrand evaluations so far
[1] 4.36579e-07 +- 3.87088e-10  	chisq 24.3352 (23 df)

Saving state to vegas_last_iter97.
Vegas input parameters:
  ndim 11
  ncomp 1
  epsrel 0
  epsabs 0
  flags 291
  seed 2536
  mineval 1
  maxeval 1
  nstart 1000000
  nincrease 500000
  nbatch 1000
  gridno 1
  statefile "vegas_last_iter97"

Restoring state from vegas_last_iter97.

Iteration 25:  175000000 integrand evaluations so far
[1] 4.36436e-07 +- 3.71173e-10  	chisq 26.0114 (24 df)

Saving state to vegas_last_iter97.
Vegas input parameters:
  ndim 11
  ncomp 1
  epsrel 0
  epsabs 0
  flags 291
  seed 2633
  mineval 1
  maxeval 1
  nstart 1000000
  nincrease 500000
  nbatch 1000
  gridno 1
  statefile "vegas_last_iter97"

Restoring state from vegas_last_iter97.

Iteration 26:  188500000 integrand evaluations so far
[1] 4.36356e-07 +- 3.56585e-10  	chisq 26.6237 (25 df)

Saving state to vegas_last_iter97.
Vegas input parameters:
  ndim 11
  ncomp 1
  epsrel 0
  epsabs 0
  flags 291
  seed 2730
  mineval 1
  maxeval 1
  nstart 1000000
  nincrease 500000
  nbatch 1000
  gridno 1
  statefile "vegas_last_iter97"

Restoring state from vegas_last_iter97.

Iteration 27:  202500000 integrand evaluations so far
[1] 4.36293e-07 +- 3.43112e-10  	chisq 27.0443 (26 df)

Saving state to vegas_last_iter97.
Thanks for using LHAPDF 6.2.1. Please make sure to cite the paper:
  Eur.Phys.J. C75 (2015) 3, 132  (http://arxiv.org/abs/1412.7420)
 method   =Vegas  
 nregions =           1
 neval    =   202500000
 fail     =           1
  0.436292845941E-06 +-   0.343112224539E-09   p =    0.539
