LHAPDF 6.2.1 loading /cvmfs/cms.cern.ch/slc6_amd64_gcc630/external/lhapdf/6.2.1-omkpbe3/share/LHAPDF/NNPDF31_nnlo_as_0118_nf_4/NNPDF31_nnlo_as_0118_nf_4_0000.dat
NNPDF31_nnlo_as_0118_nf_4 PDF set, member #0, version 1; LHAPDF ID = 320900
Vegas input parameters:
  ndim 11
  ncomp 1
  epsrel 0
  epsabs 0
  flags 291
  seed 185
  mineval 1
  maxeval 1
  nstart 1000000
  nincrease 500000
  nbatch 1000
  gridno 1
  statefile "vegas_last_iter74"

Iteration 1:  1000000 integrand evaluations so far
[1] -4.34417e-09 +- 4.71519e-09  	chisq 0 (0 df)

Saving state to vegas_last_iter74.
Vegas input parameters:
  ndim 11
  ncomp 1
  epsrel 0
  epsabs 0
  flags 291
  seed 259
  mineval 1
  maxeval 1
  nstart 1000000
  nincrease 500000
  nbatch 1000
  gridno 1
  statefile "vegas_last_iter74"

Restoring state from vegas_last_iter74.

Iteration 2:  2500000 integrand evaluations so far
[1] -3.12815e-09 +- 1.15756e-09  	chisq 0.0707749 (1 df)

Saving state to vegas_last_iter74.
Vegas input parameters:
  ndim 11
  ncomp 1
  epsrel 0
  epsabs 0
  flags 291
  seed 333
  mineval 1
  maxeval 1
  nstart 1000000
  nincrease 500000
  nbatch 1000
  gridno 1
  statefile "vegas_last_iter74"

Restoring state from vegas_last_iter74.

Iteration 3:  4500000 integrand evaluations so far
[1] -7.78412e-10 +- 2.88755e-10  	chisq 4.46475 (2 df)

Saving state to vegas_last_iter74.
Vegas input parameters:
  ndim 11
  ncomp 1
  epsrel 0
  epsabs 0
  flags 291
  seed 407
  mineval 1
  maxeval 1
  nstart 1000000
  nincrease 500000
  nbatch 1000
  gridno 1
  statefile "vegas_last_iter74"

Restoring state from vegas_last_iter74.

Iteration 4:  7000000 integrand evaluations so far
[1] -5.76293e-10 +- 1.03779e-10  	chisq 5.02738 (3 df)

Saving state to vegas_last_iter74.
Vegas input parameters:
  ndim 11
  ncomp 1
  epsrel 0
  epsabs 0
  flags 291
  seed 481
  mineval 1
  maxeval 1
  nstart 1000000
  nincrease 500000
  nbatch 1000
  gridno 1
  statefile "vegas_last_iter74"

Restoring state from vegas_last_iter74.

Iteration 5:  10000000 integrand evaluations so far
[1] -3.24641e-10 +- 2.8556e-11  	chisq 11.3891 (4 df)

Saving state to vegas_last_iter74.
Vegas input parameters:
  ndim 11
  ncomp 1
  epsrel 0
  epsabs 0
  flags 291
  seed 555
  mineval 1
  maxeval 1
  nstart 1000000
  nincrease 500000
  nbatch 1000
  gridno 1
  statefile "vegas_last_iter74"

Restoring state from vegas_last_iter74.

Iteration 6:  13500000 integrand evaluations so far
[1] -3.05176e-10 +- 1.29318e-11  	chisq 11.9736 (5 df)

Saving state to vegas_last_iter74.
Vegas input parameters:
  ndim 11
  ncomp 1
  epsrel 0
  epsabs 0
  flags 291
  seed 629
  mineval 1
  maxeval 1
  nstart 1000000
  nincrease 500000
  nbatch 1000
  gridno 1
  statefile "vegas_last_iter74"

Restoring state from vegas_last_iter74.

Iteration 7:  17500000 integrand evaluations so far
[1] -2.93365e-10 +- 7.92936e-12  	chisq 13.3103 (6 df)

Saving state to vegas_last_iter74.
Vegas input parameters:
  ndim 11
  ncomp 1
  epsrel 0
  epsabs 0
  flags 291
  seed 703
  mineval 1
  maxeval 1
  nstart 1000000
  nincrease 500000
  nbatch 1000
  gridno 1
  statefile "vegas_last_iter74"

Restoring state from vegas_last_iter74.

Iteration 8:  22000000 integrand evaluations so far
[1] -2.9824e-10 +- 5.73861e-12  	chisq 14.1038 (7 df)

Saving state to vegas_last_iter74.
Vegas input parameters:
  ndim 11
  ncomp 1
  epsrel 0
  epsabs 0
  flags 291
  seed 777
  mineval 1
  maxeval 1
  nstart 1000000
  nincrease 500000
  nbatch 1000
  gridno 1
  statefile "vegas_last_iter74"

Restoring state from vegas_last_iter74.

Iteration 9:  27000000 integrand evaluations so far
[1] -2.99012e-10 +- 4.57322e-12  	chisq 14.1534 (8 df)

Saving state to vegas_last_iter74.
Vegas input parameters:
  ndim 11
  ncomp 1
  epsrel 0
  epsabs 0
  flags 291
  seed 851
  mineval 1
  maxeval 1
  nstart 1000000
  nincrease 500000
  nbatch 1000
  gridno 1
  statefile "vegas_last_iter74"

Restoring state from vegas_last_iter74.

Iteration 10:  32500000 integrand evaluations so far
[1] -3.01069e-10 +- 3.86015e-12  	chisq 14.8574 (9 df)

Saving state to vegas_last_iter74.
Vegas input parameters:
  ndim 11
  ncomp 1
  epsrel 0
  epsabs 0
  flags 291
  seed 925
  mineval 1
  maxeval 1
  nstart 1000000
  nincrease 500000
  nbatch 1000
  gridno 1
  statefile "vegas_last_iter74"

Restoring state from vegas_last_iter74.

Iteration 11:  38500000 integrand evaluations so far
[1] -2.99744e-10 +- 3.35748e-12  	chisq 15.3419 (10 df)

Saving state to vegas_last_iter74.
Vegas input parameters:
  ndim 11
  ncomp 1
  epsrel 0
  epsabs 0
  flags 291
  seed 999
  mineval 1
  maxeval 1
  nstart 1000000
  nincrease 500000
  nbatch 1000
  gridno 1
  statefile "vegas_last_iter74"

Restoring state from vegas_last_iter74.

Iteration 12:  45000000 integrand evaluations so far
[1] -2.98568e-10 +- 2.98512e-12  	chisq 15.9273 (11 df)

Saving state to vegas_last_iter74.
Vegas input parameters:
  ndim 11
  ncomp 1
  epsrel 0
  epsabs 0
  flags 291
  seed 1073
  mineval 1
  maxeval 1
  nstart 1000000
  nincrease 500000
  nbatch 1000
  gridno 1
  statefile "vegas_last_iter74"

Restoring state from vegas_last_iter74.

Iteration 13:  52000000 integrand evaluations so far
[1] -2.97033e-10 +- 2.69273e-12  	chisq 17.3463 (12 df)

Saving state to vegas_last_iter74.
Vegas input parameters:
  ndim 11
  ncomp 1
  epsrel 0
  epsabs 0
  flags 291
  seed 1147
  mineval 1
  maxeval 1
  nstart 1000000
  nincrease 500000
  nbatch 1000
  gridno 1
  statefile "vegas_last_iter74"

Restoring state from vegas_last_iter74.

Iteration 14:  59500000 integrand evaluations so far
[1] -2.96155e-10 +- 2.45911e-12  	chisq 17.9862 (13 df)

Saving state to vegas_last_iter74.
Vegas input parameters:
  ndim 11
  ncomp 1
  epsrel 0
  epsabs 0
  flags 291
  seed 1221
  mineval 1
  maxeval 1
  nstart 1000000
  nincrease 500000
  nbatch 1000
  gridno 1
  statefile "vegas_last_iter74"

Restoring state from vegas_last_iter74.

Iteration 15:  67500000 integrand evaluations so far
[1] -2.95099e-10 +- 2.26843e-12  	chisq 19.2245 (14 df)

Saving state to vegas_last_iter74.
Vegas input parameters:
  ndim 11
  ncomp 1
  epsrel 0
  epsabs 0
  flags 291
  seed 1295
  mineval 1
  maxeval 1
  nstart 1000000
  nincrease 500000
  nbatch 1000
  gridno 1
  statefile "vegas_last_iter74"

Restoring state from vegas_last_iter74.

Iteration 16:  76000000 integrand evaluations so far
[1] -2.94216e-10 +- 2.10606e-12  	chisq 20.3216 (15 df)

Saving state to vegas_last_iter74.
Vegas input parameters:
  ndim 11
  ncomp 1
  epsrel 0
  epsabs 0
  flags 291
  seed 1369
  mineval 1
  maxeval 1
  nstart 1000000
  nincrease 500000
  nbatch 1000
  gridno 1
  statefile "vegas_last_iter74"

Restoring state from vegas_last_iter74.

Iteration 17:  85000000 integrand evaluations so far
[1] -2.94112e-10 +- 1.96929e-12  	chisq 20.3411 (16 df)

Saving state to vegas_last_iter74.
Vegas input parameters:
  ndim 11
  ncomp 1
  epsrel 0
  epsabs 0
  flags 291
  seed 1443
  mineval 1
  maxeval 1
  nstart 1000000
  nincrease 500000
  nbatch 1000
  gridno 1
  statefile "vegas_last_iter74"

Restoring state from vegas_last_iter74.

Iteration 18:  94500000 integrand evaluations so far
[1] -2.96005e-10 +- 1.8491e-12  	chisq 28.1498 (17 df)

Saving state to vegas_last_iter74.
Vegas input parameters:
  ndim 11
  ncomp 1
  epsrel 0
  epsabs 0
  flags 291
  seed 1517
  mineval 1
  maxeval 1
  nstart 1000000
  nincrease 500000
  nbatch 1000
  gridno 1
  statefile "vegas_last_iter74"

Restoring state from vegas_last_iter74.

Iteration 19:  104500000 integrand evaluations so far
[1] -2.94849e-10 +- 1.74376e-12  	chisq 31.6786 (18 df)

Saving state to vegas_last_iter74.
Vegas input parameters:
  ndim 11
  ncomp 1
  epsrel 0
  epsabs 0
  flags 291
  seed 1591
  mineval 1
  maxeval 1
  nstart 1000000
  nincrease 500000
  nbatch 1000
  gridno 1
  statefile "vegas_last_iter74"

Restoring state from vegas_last_iter74.

Iteration 20:  115000000 integrand evaluations so far
[1] -2.94357e-10 +- 1.65075e-12  	chisq 32.4476 (19 df)

Saving state to vegas_last_iter74.
Vegas input parameters:
  ndim 11
  ncomp 1
  epsrel 0
  epsabs 0
  flags 291
  seed 1665
  mineval 1
  maxeval 1
  nstart 1000000
  nincrease 500000
  nbatch 1000
  gridno 1
  statefile "vegas_last_iter74"

Restoring state from vegas_last_iter74.

Iteration 21:  126000000 integrand evaluations so far
[1] -2.9482e-10 +- 1.56755e-12  	chisq 33.2502 (20 df)

Saving state to vegas_last_iter74.
Vegas input parameters:
  ndim 11
  ncomp 1
  epsrel 0
  epsabs 0
  flags 291
  seed 1739
  mineval 1
  maxeval 1
  nstart 1000000
  nincrease 500000
  nbatch 1000
  gridno 1
  statefile "vegas_last_iter74"

Restoring state from vegas_last_iter74.

Iteration 22:  137500000 integrand evaluations so far
[1] -2.94849e-10 +- 1.49245e-12  	chisq 33.2538 (21 df)

Saving state to vegas_last_iter74.
Vegas input parameters:
  ndim 11
  ncomp 1
  epsrel 0
  epsabs 0
  flags 291
  seed 1813
  mineval 1
  maxeval 1
  nstart 1000000
  nincrease 500000
  nbatch 1000
  gridno 1
  statefile "vegas_last_iter74"

Restoring state from vegas_last_iter74.

Iteration 23:  149500000 integrand evaluations so far
[1] -2.95067e-10 +- 1.42494e-12  	chisq 33.4955 (22 df)

Saving state to vegas_last_iter74.
Vegas input parameters:
  ndim 11
  ncomp 1
  epsrel 0
  epsabs 0
  flags 291
  seed 1887
  mineval 1
  maxeval 1
  nstart 1000000
  nincrease 500000
  nbatch 1000
  gridno 1
  statefile "vegas_last_iter74"

Restoring state from vegas_last_iter74.

Iteration 24:  162000000 integrand evaluations so far
[1] -2.95327e-10 +- 1.36309e-12  	chisq 33.8881 (23 df)

Saving state to vegas_last_iter74.
Vegas input parameters:
  ndim 11
  ncomp 1
  epsrel 0
  epsabs 0
  flags 291
  seed 1961
  mineval 1
  maxeval 1
  nstart 1000000
  nincrease 500000
  nbatch 1000
  gridno 1
  statefile "vegas_last_iter74"

Restoring state from vegas_last_iter74.

Iteration 25:  175000000 integrand evaluations so far
[1] -2.95196e-10 +- 1.30657e-12  	chisq 34.0021 (24 df)

Saving state to vegas_last_iter74.
Vegas input parameters:
  ndim 11
  ncomp 1
  epsrel 0
  epsabs 0
  flags 291
  seed 2035
  mineval 1
  maxeval 1
  nstart 1000000
  nincrease 500000
  nbatch 1000
  gridno 1
  statefile "vegas_last_iter74"

Restoring state from vegas_last_iter74.

Iteration 26:  188500000 integrand evaluations so far
[1] -2.95345e-10 +- 1.25486e-12  	chisq 34.1686 (25 df)

Saving state to vegas_last_iter74.
Vegas input parameters:
  ndim 11
  ncomp 1
  epsrel 0
  epsabs 0
  flags 291
  seed 2109
  mineval 1
  maxeval 1
  nstart 1000000
  nincrease 500000
  nbatch 1000
  gridno 1
  statefile "vegas_last_iter74"

Restoring state from vegas_last_iter74.

Iteration 27:  202500000 integrand evaluations so far
[1] -2.95072e-10 +- 1.20687e-12  	chisq 34.7973 (26 df)

Saving state to vegas_last_iter74.
Thanks for using LHAPDF 6.2.1. Please make sure to cite the paper:
  Eur.Phys.J. C75 (2015) 3, 132  (http://arxiv.org/abs/1412.7420)
 method   =Vegas  
 nregions =           1
 neval    =   202500000
 fail     =           1
 -0.295072014598E-09 +-   0.120687009471E-11   p =    0.856
