LHAPDF 6.2.1 loading /cvmfs/cms.cern.ch/slc6_amd64_gcc630/external/lhapdf/6.2.1-omkpbe3/share/LHAPDF/NNPDF31_nnlo_as_0118_nf_4/NNPDF31_nnlo_as_0118_nf_4_0000.dat
NNPDF31_nnlo_as_0118_nf_4 PDF set, member #0, version 1; LHAPDF ID = 320900
Vegas input parameters:
  ndim 11
  ncomp 1
  epsrel 0
  epsabs 0
  flags 291
  seed 113
  mineval 1
  maxeval 1
  nstart 1000000
  nincrease 500000
  nbatch 1000
  gridno 1
  statefile "vegas_last_iter2"

Iteration 1:  1000000 integrand evaluations so far
[1] 1.542e-06 +- 4.45948e-07  	chisq 0 (0 df)

Saving state to vegas_last_iter2.
Vegas input parameters:
  ndim 11
  ncomp 1
  epsrel 0
  epsabs 0
  flags 291
  seed 115
  mineval 1
  maxeval 1
  nstart 1000000
  nincrease 500000
  nbatch 1000
  gridno 1
  statefile "vegas_last_iter2"

Restoring state from vegas_last_iter2.

Iteration 2:  2500000 integrand evaluations so far
[1] 2.25128e-06 +- 1.6616e-07  	chisq 2.93747 (1 df)

Saving state to vegas_last_iter2.
Vegas input parameters:
  ndim 11
  ncomp 1
  epsrel 0
  epsabs 0
  flags 291
  seed 117
  mineval 1
  maxeval 1
  nstart 1000000
  nincrease 500000
  nbatch 1000
  gridno 1
  statefile "vegas_last_iter2"

Restoring state from vegas_last_iter2.

Iteration 3:  4500000 integrand evaluations so far
[1] 2.40114e-06 +- 1.02886e-07  	chisq 4.25679 (2 df)

Saving state to vegas_last_iter2.
Vegas input parameters:
  ndim 11
  ncomp 1
  epsrel 0
  epsabs 0
  flags 291
  seed 119
  mineval 1
  maxeval 1
  nstart 1000000
  nincrease 500000
  nbatch 1000
  gridno 1
  statefile "vegas_last_iter2"

Restoring state from vegas_last_iter2.

Iteration 4:  7000000 integrand evaluations so far
[1] 2.37962e-06 +- 4.13001e-08  	chisq 4.30896 (3 df)

Saving state to vegas_last_iter2.
Vegas input parameters:
  ndim 11
  ncomp 1
  epsrel 0
  epsabs 0
  flags 291
  seed 121
  mineval 1
  maxeval 1
  nstart 1000000
  nincrease 500000
  nbatch 1000
  gridno 1
  statefile "vegas_last_iter2"

Restoring state from vegas_last_iter2.

Iteration 5:  10000000 integrand evaluations so far
[1] 2.38233e-06 +- 1.51093e-08  	chisq 4.31392 (4 df)

Saving state to vegas_last_iter2.
Vegas input parameters:
  ndim 11
  ncomp 1
  epsrel 0
  epsabs 0
  flags 291
  seed 123
  mineval 1
  maxeval 1
  nstart 1000000
  nincrease 500000
  nbatch 1000
  gridno 1
  statefile "vegas_last_iter2"

Restoring state from vegas_last_iter2.

Iteration 6:  13500000 integrand evaluations so far
[1] 2.38291e-06 +- 7.245e-09  	chisq 4.31585 (5 df)

Saving state to vegas_last_iter2.
Vegas input parameters:
  ndim 11
  ncomp 1
  epsrel 0
  epsabs 0
  flags 291
  seed 125
  mineval 1
  maxeval 1
  nstart 1000000
  nincrease 500000
  nbatch 1000
  gridno 1
  statefile "vegas_last_iter2"

Restoring state from vegas_last_iter2.

Iteration 7:  17500000 integrand evaluations so far
[1] 2.38513e-06 +- 4.7958e-09  	chisq 4.48308 (6 df)

Saving state to vegas_last_iter2.
Vegas input parameters:
  ndim 11
  ncomp 1
  epsrel 0
  epsabs 0
  flags 291
  seed 127
  mineval 1
  maxeval 1
  nstart 1000000
  nincrease 500000
  nbatch 1000
  gridno 1
  statefile "vegas_last_iter2"

Restoring state from vegas_last_iter2.

Iteration 8:  22000000 integrand evaluations so far
[1] 2.38902e-06 +- 3.65975e-09  	chisq 6.05968 (7 df)

Saving state to vegas_last_iter2.
Vegas input parameters:
  ndim 11
  ncomp 1
  epsrel 0
  epsabs 0
  flags 291
  seed 129
  mineval 1
  maxeval 1
  nstart 1000000
  nincrease 500000
  nbatch 1000
  gridno 1
  statefile "vegas_last_iter2"

Restoring state from vegas_last_iter2.

Iteration 9:  27000000 integrand evaluations so far
[1] 2.38785e-06 +- 3.03323e-09  	chisq 6.38935 (8 df)

Saving state to vegas_last_iter2.
Vegas input parameters:
  ndim 11
  ncomp 1
  epsrel 0
  epsabs 0
  flags 291
  seed 131
  mineval 1
  maxeval 1
  nstart 1000000
  nincrease 500000
  nbatch 1000
  gridno 1
  statefile "vegas_last_iter2"

Restoring state from vegas_last_iter2.

Iteration 10:  32500000 integrand evaluations so far
[1] 2.38816e-06 +- 2.6056e-09  	chisq 6.43099 (9 df)

Saving state to vegas_last_iter2.
Vegas input parameters:
  ndim 11
  ncomp 1
  epsrel 0
  epsabs 0
  flags 291
  seed 133
  mineval 1
  maxeval 1
  nstart 1000000
  nincrease 500000
  nbatch 1000
  gridno 1
  statefile "vegas_last_iter2"

Restoring state from vegas_last_iter2.

Iteration 11:  38500000 integrand evaluations so far
[1] 2.38889e-06 +- 2.28897e-09  	chisq 6.77472 (10 df)

Saving state to vegas_last_iter2.
Vegas input parameters:
  ndim 11
  ncomp 1
  epsrel 0
  epsabs 0
  flags 291
  seed 135
  mineval 1
  maxeval 1
  nstart 1000000
  nincrease 500000
  nbatch 1000
  gridno 1
  statefile "vegas_last_iter2"

Restoring state from vegas_last_iter2.

Iteration 12:  45000000 integrand evaluations so far
[1] 2.3887e-06 +- 2.04949e-09  	chisq 6.80938 (11 df)

Saving state to vegas_last_iter2.
Vegas input parameters:
  ndim 11
  ncomp 1
  epsrel 0
  epsabs 0
  flags 291
  seed 137
  mineval 1
  maxeval 1
  nstart 1000000
  nincrease 500000
  nbatch 1000
  gridno 1
  statefile "vegas_last_iter2"

Restoring state from vegas_last_iter2.

Iteration 13:  52000000 integrand evaluations so far
[1] 2.3886e-06 +- 1.85897e-09  	chisq 6.82415 (12 df)

Saving state to vegas_last_iter2.
Vegas input parameters:
  ndim 11
  ncomp 1
  epsrel 0
  epsabs 0
  flags 291
  seed 139
  mineval 1
  maxeval 1
  nstart 1000000
  nincrease 500000
  nbatch 1000
  gridno 1
  statefile "vegas_last_iter2"

Restoring state from vegas_last_iter2.

Iteration 14:  59500000 integrand evaluations so far
[1] 2.38736e-06 +- 1.70417e-09  	chisq 9.57734 (13 df)

Saving state to vegas_last_iter2.
Vegas input parameters:
  ndim 11
  ncomp 1
  epsrel 0
  epsabs 0
  flags 291
  seed 141
  mineval 1
  maxeval 1
  nstart 1000000
  nincrease 500000
  nbatch 1000
  gridno 1
  statefile "vegas_last_iter2"

Restoring state from vegas_last_iter2.

Iteration 15:  67500000 integrand evaluations so far
[1] 2.38746e-06 +- 1.57664e-09  	chisq 9.59821 (14 df)

Saving state to vegas_last_iter2.
Vegas input parameters:
  ndim 11
  ncomp 1
  epsrel 0
  epsabs 0
  flags 291
  seed 143
  mineval 1
  maxeval 1
  nstart 1000000
  nincrease 500000
  nbatch 1000
  gridno 1
  statefile "vegas_last_iter2"

Restoring state from vegas_last_iter2.

Iteration 16:  76000000 integrand evaluations so far
[1] 2.3873e-06 +- 1.4673e-09  	chisq 9.67545 (15 df)

Saving state to vegas_last_iter2.
Vegas input parameters:
  ndim 11
  ncomp 1
  epsrel 0
  epsabs 0
  flags 291
  seed 145
  mineval 1
  maxeval 1
  nstart 1000000
  nincrease 500000
  nbatch 1000
  gridno 1
  statefile "vegas_last_iter2"

Restoring state from vegas_last_iter2.

Iteration 17:  85000000 integrand evaluations so far
[1] 2.38715e-06 +- 1.37287e-09  	chisq 9.75907 (16 df)

Saving state to vegas_last_iter2.
Vegas input parameters:
  ndim 11
  ncomp 1
  epsrel 0
  epsabs 0
  flags 291
  seed 147
  mineval 1
  maxeval 1
  nstart 1000000
  nincrease 500000
  nbatch 1000
  gridno 1
  statefile "vegas_last_iter2"

Restoring state from vegas_last_iter2.

Iteration 18:  94500000 integrand evaluations so far
[1] 2.38728e-06 +- 1.29103e-09  	chisq 9.84063 (17 df)

Saving state to vegas_last_iter2.
Vegas input parameters:
  ndim 11
  ncomp 1
  epsrel 0
  epsabs 0
  flags 291
  seed 149
  mineval 1
  maxeval 1
  nstart 1000000
  nincrease 500000
  nbatch 1000
  gridno 1
  statefile "vegas_last_iter2"

Restoring state from vegas_last_iter2.

Iteration 19:  104500000 integrand evaluations so far
[1] 2.38781e-06 +- 1.21901e-09  	chisq 11.4135 (18 df)

Saving state to vegas_last_iter2.
Vegas input parameters:
  ndim 11
  ncomp 1
  epsrel 0
  epsabs 0
  flags 291
  seed 151
  mineval 1
  maxeval 1
  nstart 1000000
  nincrease 500000
  nbatch 1000
  gridno 1
  statefile "vegas_last_iter2"

Restoring state from vegas_last_iter2.

Iteration 20:  115000000 integrand evaluations so far
[1] 2.38753e-06 +- 1.15534e-09  	chisq 11.932 (19 df)

Saving state to vegas_last_iter2.
Vegas input parameters:
  ndim 11
  ncomp 1
  epsrel 0
  epsabs 0
  flags 291
  seed 153
  mineval 1
  maxeval 1
  nstart 1000000
  nincrease 500000
  nbatch 1000
  gridno 1
  statefile "vegas_last_iter2"

Restoring state from vegas_last_iter2.

Iteration 21:  126000000 integrand evaluations so far
[1] 2.38827e-06 +- 1.09776e-09  	chisq 16.0683 (20 df)

Saving state to vegas_last_iter2.
Vegas input parameters:
  ndim 11
  ncomp 1
  epsrel 0
  epsabs 0
  flags 291
  seed 155
  mineval 1
  maxeval 1
  nstart 1000000
  nincrease 500000
  nbatch 1000
  gridno 1
  statefile "vegas_last_iter2"

Restoring state from vegas_last_iter2.

Iteration 22:  137500000 integrand evaluations so far
[1] 2.38946e-06 +- 1.04574e-09  	chisq 28.8374 (21 df)

Saving state to vegas_last_iter2.
Vegas input parameters:
  ndim 11
  ncomp 1
  epsrel 0
  epsabs 0
  flags 291
  seed 157
  mineval 1
  maxeval 1
  nstart 1000000
  nincrease 500000
  nbatch 1000
  gridno 1
  statefile "vegas_last_iter2"

Restoring state from vegas_last_iter2.

Iteration 23:  149500000 integrand evaluations so far
[1] 2.38982e-06 +- 1.00308e-09  	chisq 30.2797 (22 df)

Saving state to vegas_last_iter2.
Vegas input parameters:
  ndim 11
  ncomp 1
  epsrel 0
  epsabs 0
  flags 291
  seed 159
  mineval 1
  maxeval 1
  nstart 1000000
  nincrease 500000
  nbatch 1000
  gridno 1
  statefile "vegas_last_iter2"

Restoring state from vegas_last_iter2.

Iteration 24:  162000000 integrand evaluations so far
[1] 2.38995e-06 +- 9.62655e-10  	chisq 30.5067 (23 df)

Saving state to vegas_last_iter2.
Vegas input parameters:
  ndim 11
  ncomp 1
  epsrel 0
  epsabs 0
  flags 291
  seed 161
  mineval 1
  maxeval 1
  nstart 1000000
  nincrease 500000
  nbatch 1000
  gridno 1
  statefile "vegas_last_iter2"

Restoring state from vegas_last_iter2.

Iteration 25:  175000000 integrand evaluations so far
[1] 2.38961e-06 +- 9.23378e-10  	chisq 32.0896 (24 df)

Saving state to vegas_last_iter2.
Vegas input parameters:
  ndim 11
  ncomp 1
  epsrel 0
  epsabs 0
  flags 291
  seed 163
  mineval 1
  maxeval 1
  nstart 1000000
  nincrease 500000
  nbatch 1000
  gridno 1
  statefile "vegas_last_iter2"

Restoring state from vegas_last_iter2.

Iteration 26:  188500000 integrand evaluations so far
[1] 2.38945e-06 +- 8.86779e-10  	chisq 32.4567 (25 df)

Saving state to vegas_last_iter2.
Vegas input parameters:
  ndim 11
  ncomp 1
  epsrel 0
  epsabs 0
  flags 291
  seed 165
  mineval 1
  maxeval 1
  nstart 1000000
  nincrease 500000
  nbatch 1000
  gridno 1
  statefile "vegas_last_iter2"

Restoring state from vegas_last_iter2.

Iteration 27:  202500000 integrand evaluations so far
[1] 2.38985e-06 +- 8.52993e-10  	chisq 35.2255 (26 df)

Saving state to vegas_last_iter2.
Thanks for using LHAPDF 6.2.1. Please make sure to cite the paper:
  Eur.Phys.J. C75 (2015) 3, 132  (http://arxiv.org/abs/1412.7420)
 method   =Vegas  
 nregions =           1
 neval    =   202500000
 fail     =           1
  0.238985487797E-05 +-   0.852993438053E-09   p =    0.867
