LHAPDF 6.2.1 loading /cvmfs/cms.cern.ch/slc6_amd64_gcc630/external/lhapdf/6.2.1-omkpbe3/share/LHAPDF/NNPDF31_nnlo_as_0118_nf_4/NNPDF31_nnlo_as_0118_nf_4_0000.dat
NNPDF31_nnlo_as_0118_nf_4 PDF set, member #0, version 1; LHAPDF ID = 320900
Vegas input parameters:
  ndim 11
  ncomp 1
  epsrel 0
  epsabs 0
  flags 291
  seed 188
  mineval 1
  maxeval 1
  nstart 1000000
  nincrease 500000
  nbatch 1000
  gridno 1
  statefile "vegas_last_iter77"

Iteration 1:  1000000 integrand evaluations so far
[1] -1.24887e-07 +- 3.61052e-07  	chisq 0 (0 df)

Saving state to vegas_last_iter77.
Vegas input parameters:
  ndim 11
  ncomp 1
  epsrel 0
  epsabs 0
  flags 291
  seed 265
  mineval 1
  maxeval 1
  nstart 1000000
  nincrease 500000
  nbatch 1000
  gridno 1
  statefile "vegas_last_iter77"

Restoring state from vegas_last_iter77.

Iteration 2:  2500000 integrand evaluations so far
[1] -2.89025e-07 +- 1.46367e-07  	chisq 0.247313 (1 df)

Saving state to vegas_last_iter77.
Vegas input parameters:
  ndim 11
  ncomp 1
  epsrel 0
  epsabs 0
  flags 291
  seed 342
  mineval 1
  maxeval 1
  nstart 1000000
  nincrease 500000
  nbatch 1000
  gridno 1
  statefile "vegas_last_iter77"

Restoring state from vegas_last_iter77.

Iteration 3:  4500000 integrand evaluations so far
[1] -3.57351e-07 +- 5.2369e-08  	chisq 0.497223 (2 df)

Saving state to vegas_last_iter77.
Vegas input parameters:
  ndim 11
  ncomp 1
  epsrel 0
  epsabs 0
  flags 291
  seed 419
  mineval 1
  maxeval 1
  nstart 1000000
  nincrease 500000
  nbatch 1000
  gridno 1
  statefile "vegas_last_iter77"

Restoring state from vegas_last_iter77.

Iteration 4:  7000000 integrand evaluations so far
[1] -4.40123e-07 +- 1.89938e-08  	chisq 3.37376 (3 df)

Saving state to vegas_last_iter77.
Vegas input parameters:
  ndim 11
  ncomp 1
  epsrel 0
  epsabs 0
  flags 291
  seed 496
  mineval 1
  maxeval 1
  nstart 1000000
  nincrease 500000
  nbatch 1000
  gridno 1
  statefile "vegas_last_iter77"

Restoring state from vegas_last_iter77.

Iteration 5:  10000000 integrand evaluations so far
[1] -4.27809e-07 +- 7.66464e-09  	chisq 3.87583 (4 df)

Saving state to vegas_last_iter77.
Vegas input parameters:
  ndim 11
  ncomp 1
  epsrel 0
  epsabs 0
  flags 291
  seed 573
  mineval 1
  maxeval 1
  nstart 1000000
  nincrease 500000
  nbatch 1000
  gridno 1
  statefile "vegas_last_iter77"

Restoring state from vegas_last_iter77.

Iteration 6:  13500000 integrand evaluations so far
[1] -4.26309e-07 +- 3.81253e-09  	chisq 3.92673 (5 df)

Saving state to vegas_last_iter77.
Vegas input parameters:
  ndim 11
  ncomp 1
  epsrel 0
  epsabs 0
  flags 291
  seed 650
  mineval 1
  maxeval 1
  nstart 1000000
  nincrease 500000
  nbatch 1000
  gridno 1
  statefile "vegas_last_iter77"

Restoring state from vegas_last_iter77.

Iteration 7:  17500000 integrand evaluations so far
[1] -4.31104e-07 +- 2.53529e-09  	chisq 6.76251 (6 df)

Saving state to vegas_last_iter77.
Vegas input parameters:
  ndim 11
  ncomp 1
  epsrel 0
  epsabs 0
  flags 291
  seed 727
  mineval 1
  maxeval 1
  nstart 1000000
  nincrease 500000
  nbatch 1000
  gridno 1
  statefile "vegas_last_iter77"

Restoring state from vegas_last_iter77.

Iteration 8:  22000000 integrand evaluations so far
[1] -4.3099e-07 +- 1.93887e-09  	chisq 6.76735 (7 df)

Saving state to vegas_last_iter77.
Vegas input parameters:
  ndim 11
  ncomp 1
  epsrel 0
  epsabs 0
  flags 291
  seed 804
  mineval 1
  maxeval 1
  nstart 1000000
  nincrease 500000
  nbatch 1000
  gridno 1
  statefile "vegas_last_iter77"

Restoring state from vegas_last_iter77.

Iteration 9:  27000000 integrand evaluations so far
[1] -4.3095e-07 +- 1.5947e-09  	chisq 6.76872 (8 df)

Saving state to vegas_last_iter77.
Vegas input parameters:
  ndim 11
  ncomp 1
  epsrel 0
  epsabs 0
  flags 291
  seed 881
  mineval 1
  maxeval 1
  nstart 1000000
  nincrease 500000
  nbatch 1000
  gridno 1
  statefile "vegas_last_iter77"

Restoring state from vegas_last_iter77.

Iteration 10:  32500000 integrand evaluations so far
[1] -4.31812e-07 +- 1.36766e-09  	chisq 7.87559 (9 df)

Saving state to vegas_last_iter77.
Vegas input parameters:
  ndim 11
  ncomp 1
  epsrel 0
  epsabs 0
  flags 291
  seed 958
  mineval 1
  maxeval 1
  nstart 1000000
  nincrease 500000
  nbatch 1000
  gridno 1
  statefile "vegas_last_iter77"

Restoring state from vegas_last_iter77.

Iteration 11:  38500000 integrand evaluations so far
[1] -4.30953e-07 +- 1.20386e-09  	chisq 9.62754 (10 df)

Saving state to vegas_last_iter77.
Vegas input parameters:
  ndim 11
  ncomp 1
  epsrel 0
  epsabs 0
  flags 291
  seed 1035
  mineval 1
  maxeval 1
  nstart 1000000
  nincrease 500000
  nbatch 1000
  gridno 1
  statefile "vegas_last_iter77"

Restoring state from vegas_last_iter77.

Iteration 12:  45000000 integrand evaluations so far
[1] -4.30514e-07 +- 1.07892e-09  	chisq 10.3036 (11 df)

Saving state to vegas_last_iter77.
Vegas input parameters:
  ndim 11
  ncomp 1
  epsrel 0
  epsabs 0
  flags 291
  seed 1112
  mineval 1
  maxeval 1
  nstart 1000000
  nincrease 500000
  nbatch 1000
  gridno 1
  statefile "vegas_last_iter77"

Restoring state from vegas_last_iter77.

Iteration 13:  52000000 integrand evaluations so far
[1] -4.30368e-07 +- 9.80029e-10  	chisq 10.4089 (12 df)

Saving state to vegas_last_iter77.
Vegas input parameters:
  ndim 11
  ncomp 1
  epsrel 0
  epsabs 0
  flags 291
  seed 1189
  mineval 1
  maxeval 1
  nstart 1000000
  nincrease 500000
  nbatch 1000
  gridno 1
  statefile "vegas_last_iter77"

Restoring state from vegas_last_iter77.

Iteration 14:  59500000 integrand evaluations so far
[1] -4.30371e-07 +- 8.99311e-10  	chisq 10.409 (13 df)

Saving state to vegas_last_iter77.
Vegas input parameters:
  ndim 11
  ncomp 1
  epsrel 0
  epsabs 0
  flags 291
  seed 1266
  mineval 1
  maxeval 1
  nstart 1000000
  nincrease 500000
  nbatch 1000
  gridno 1
  statefile "vegas_last_iter77"

Restoring state from vegas_last_iter77.

Iteration 15:  67500000 integrand evaluations so far
[1] -4.29948e-07 +- 8.31913e-10  	chisq 11.9446 (14 df)

Saving state to vegas_last_iter77.
Vegas input parameters:
  ndim 11
  ncomp 1
  epsrel 0
  epsabs 0
  flags 291
  seed 1343
  mineval 1
  maxeval 1
  nstart 1000000
  nincrease 500000
  nbatch 1000
  gridno 1
  statefile "vegas_last_iter77"

Restoring state from vegas_last_iter77.

Iteration 16:  76000000 integrand evaluations so far
[1] -4.30207e-07 +- 7.74563e-10  	chisq 12.6752 (15 df)

Saving state to vegas_last_iter77.
Vegas input parameters:
  ndim 11
  ncomp 1
  epsrel 0
  epsabs 0
  flags 291
  seed 1420
  mineval 1
  maxeval 1
  nstart 1000000
  nincrease 500000
  nbatch 1000
  gridno 1
  statefile "vegas_last_iter77"

Restoring state from vegas_last_iter77.

Iteration 17:  85000000 integrand evaluations so far
[1] -4.30142e-07 +- 7.25194e-10  	chisq 12.7322 (16 df)

Saving state to vegas_last_iter77.
Vegas input parameters:
  ndim 11
  ncomp 1
  epsrel 0
  epsabs 0
  flags 291
  seed 1497
  mineval 1
  maxeval 1
  nstart 1000000
  nincrease 500000
  nbatch 1000
  gridno 1
  statefile "vegas_last_iter77"

Restoring state from vegas_last_iter77.

Iteration 18:  94500000 integrand evaluations so far
[1] -4.30521e-07 +- 6.82094e-10  	chisq 15.1024 (17 df)

Saving state to vegas_last_iter77.
Vegas input parameters:
  ndim 11
  ncomp 1
  epsrel 0
  epsabs 0
  flags 291
  seed 1574
  mineval 1
  maxeval 1
  nstart 1000000
  nincrease 500000
  nbatch 1000
  gridno 1
  statefile "vegas_last_iter77"

Restoring state from vegas_last_iter77.

Iteration 19:  104500000 integrand evaluations so far
[1] -4.30464e-07 +- 6.4402e-10  	chisq 15.1667 (18 df)

Saving state to vegas_last_iter77.
Vegas input parameters:
  ndim 11
  ncomp 1
  epsrel 0
  epsabs 0
  flags 291
  seed 1651
  mineval 1
  maxeval 1
  nstart 1000000
  nincrease 500000
  nbatch 1000
  gridno 1
  statefile "vegas_last_iter77"

Restoring state from vegas_last_iter77.

Iteration 20:  115000000 integrand evaluations so far
[1] -4.30592e-07 +- 6.10121e-10  	chisq 15.551 (19 df)

Saving state to vegas_last_iter77.
Vegas input parameters:
  ndim 11
  ncomp 1
  epsrel 0
  epsabs 0
  flags 291
  seed 1728
  mineval 1
  maxeval 1
  nstart 1000000
  nincrease 500000
  nbatch 1000
  gridno 1
  statefile "vegas_last_iter77"

Restoring state from vegas_last_iter77.

Iteration 21:  126000000 integrand evaluations so far
[1] -4.30567e-07 +- 5.79823e-10  	chisq 15.5684 (20 df)

Saving state to vegas_last_iter77.
Vegas input parameters:
  ndim 11
  ncomp 1
  epsrel 0
  epsabs 0
  flags 291
  seed 1805
  mineval 1
  maxeval 1
  nstart 1000000
  nincrease 500000
  nbatch 1000
  gridno 1
  statefile "vegas_last_iter77"

Restoring state from vegas_last_iter77.

Iteration 22:  137500000 integrand evaluations so far
[1] -4.30659e-07 +- 5.52526e-10  	chisq 15.841 (21 df)

Saving state to vegas_last_iter77.
Vegas input parameters:
  ndim 11
  ncomp 1
  epsrel 0
  epsabs 0
  flags 291
  seed 1882
  mineval 1
  maxeval 1
  nstart 1000000
  nincrease 500000
  nbatch 1000
  gridno 1
  statefile "vegas_last_iter77"

Restoring state from vegas_last_iter77.

Iteration 23:  149500000 integrand evaluations so far
[1] -4.30583e-07 +- 5.27783e-10  	chisq 16.0561 (22 df)

Saving state to vegas_last_iter77.
Vegas input parameters:
  ndim 11
  ncomp 1
  epsrel 0
  epsabs 0
  flags 291
  seed 1959
  mineval 1
  maxeval 1
  nstart 1000000
  nincrease 500000
  nbatch 1000
  gridno 1
  statefile "vegas_last_iter77"

Restoring state from vegas_last_iter77.

Iteration 24:  162000000 integrand evaluations so far
[1] -4.30428e-07 +- 5.05245e-10  	chisq 17.0949 (23 df)

Saving state to vegas_last_iter77.
Vegas input parameters:
  ndim 11
  ncomp 1
  epsrel 0
  epsabs 0
  flags 291
  seed 2036
  mineval 1
  maxeval 1
  nstart 1000000
  nincrease 500000
  nbatch 1000
  gridno 1
  statefile "vegas_last_iter77"

Restoring state from vegas_last_iter77.

Iteration 25:  175000000 integrand evaluations so far
[1] -4.30453e-07 +- 4.84613e-10  	chisq 17.1252 (24 df)

Saving state to vegas_last_iter77.
Vegas input parameters:
  ndim 11
  ncomp 1
  epsrel 0
  epsabs 0
  flags 291
  seed 2113
  mineval 1
  maxeval 1
  nstart 1000000
  nincrease 500000
  nbatch 1000
  gridno 1
  statefile "vegas_last_iter77"

Restoring state from vegas_last_iter77.

Iteration 26:  188500000 integrand evaluations so far
[1] -4.30347e-07 +- 4.65638e-10  	chisq 17.739 (25 df)

Saving state to vegas_last_iter77.
Vegas input parameters:
  ndim 11
  ncomp 1
  epsrel 0
  epsabs 0
  flags 291
  seed 2190
  mineval 1
  maxeval 1
  nstart 1000000
  nincrease 500000
  nbatch 1000
  gridno 1
  statefile "vegas_last_iter77"

Restoring state from vegas_last_iter77.

Iteration 27:  202500000 integrand evaluations so far
[1] -4.30326e-07 +- 4.4812e-10  	chisq 17.7674 (26 df)

Saving state to vegas_last_iter77.
Thanks for using LHAPDF 6.2.1. Please make sure to cite the paper:
  Eur.Phys.J. C75 (2015) 3, 132  (http://arxiv.org/abs/1412.7420)
 method   =Vegas  
 nregions =           1
 neval    =   202500000
 fail     =           1
 -0.430326006558E-06 +-   0.448120310047E-09   p =    0.090
