LHAPDF 6.2.1 loading /cvmfs/cms.cern.ch/slc6_amd64_gcc630/external/lhapdf/6.2.1-omkpbe3/share/LHAPDF/NNPDF31_nnlo_as_0118_nf_4/NNPDF31_nnlo_as_0118_nf_4_0000.dat
NNPDF31_nnlo_as_0118_nf_4 PDF set, member #0, version 1; LHAPDF ID = 320900
Vegas input parameters:
  ndim 11
  ncomp 1
  epsrel 0
  epsabs 0
  flags 291
  seed 259
  mineval 1
  maxeval 1
  nstart 1000000
  nincrease 500000
  nbatch 1000
  gridno 1
  statefile "vegas_last_iter148"

Iteration 1:  1000000 integrand evaluations so far
[1] -8.83983e-08 +- 1.65466e-07  	chisq 0 (0 df)

Saving state to vegas_last_iter148.
Vegas input parameters:
  ndim 11
  ncomp 1
  epsrel 0
  epsabs 0
  flags 291
  seed 407
  mineval 1
  maxeval 1
  nstart 1000000
  nincrease 500000
  nbatch 1000
  gridno 1
  statefile "vegas_last_iter148"

Restoring state from vegas_last_iter148.

Iteration 2:  2500000 integrand evaluations so far
[1] -2.48424e-08 +- 6.14876e-08  	chisq 0.171171 (1 df)

Saving state to vegas_last_iter148.
Vegas input parameters:
  ndim 11
  ncomp 1
  epsrel 0
  epsabs 0
  flags 291
  seed 555
  mineval 1
  maxeval 1
  nstart 1000000
  nincrease 500000
  nbatch 1000
  gridno 1
  statefile "vegas_last_iter148"

Restoring state from vegas_last_iter148.

Iteration 3:  4500000 integrand evaluations so far
[1] -3.26314e-08 +- 3.92274e-08  	chisq 0.198231 (2 df)

Saving state to vegas_last_iter148.
Vegas input parameters:
  ndim 11
  ncomp 1
  epsrel 0
  epsabs 0
  flags 291
  seed 703
  mineval 1
  maxeval 1
  nstart 1000000
  nincrease 500000
  nbatch 1000
  gridno 1
  statefile "vegas_last_iter148"

Restoring state from vegas_last_iter148.

Iteration 4:  7000000 integrand evaluations so far
[1] -4.18535e-08 +- 8.8335e-09  	chisq 0.256453 (3 df)

Saving state to vegas_last_iter148.
Vegas input parameters:
  ndim 11
  ncomp 1
  epsrel 0
  epsabs 0
  flags 291
  seed 851
  mineval 1
  maxeval 1
  nstart 1000000
  nincrease 500000
  nbatch 1000
  gridno 1
  statefile "vegas_last_iter148"

Restoring state from vegas_last_iter148.

Iteration 5:  10000000 integrand evaluations so far
[1] -4.25939e-08 +- 2.45537e-09  	chisq 0.264065 (4 df)

Saving state to vegas_last_iter148.
Vegas input parameters:
  ndim 11
  ncomp 1
  epsrel 0
  epsabs 0
  flags 291
  seed 999
  mineval 1
  maxeval 1
  nstart 1000000
  nincrease 500000
  nbatch 1000
  gridno 1
  statefile "vegas_last_iter148"

Restoring state from vegas_last_iter148.

Iteration 6:  13500000 integrand evaluations so far
[1] -4.35538e-08 +- 1.04378e-09  	chisq 0.450626 (5 df)

Saving state to vegas_last_iter148.
Vegas input parameters:
  ndim 11
  ncomp 1
  epsrel 0
  epsabs 0
  flags 291
  seed 1147
  mineval 1
  maxeval 1
  nstart 1000000
  nincrease 500000
  nbatch 1000
  gridno 1
  statefile "vegas_last_iter148"

Restoring state from vegas_last_iter148.

Iteration 7:  17500000 integrand evaluations so far
[1] -4.46365e-08 +- 6.59951e-10  	chisq 2.24326 (6 df)

Saving state to vegas_last_iter148.
Vegas input parameters:
  ndim 11
  ncomp 1
  epsrel 0
  epsabs 0
  flags 291
  seed 1295
  mineval 1
  maxeval 1
  nstart 1000000
  nincrease 500000
  nbatch 1000
  gridno 1
  statefile "vegas_last_iter148"

Restoring state from vegas_last_iter148.

Iteration 8:  22000000 integrand evaluations so far
[1] -4.45246e-08 +- 4.94272e-10  	chisq 2.30882 (7 df)

Saving state to vegas_last_iter148.
Vegas input parameters:
  ndim 11
  ncomp 1
  epsrel 0
  epsabs 0
  flags 291
  seed 1443
  mineval 1
  maxeval 1
  nstart 1000000
  nincrease 500000
  nbatch 1000
  gridno 1
  statefile "vegas_last_iter148"

Restoring state from vegas_last_iter148.

Iteration 9:  27000000 integrand evaluations so far
[1] -4.45137e-08 +- 4.01516e-10  	chisq 2.31024 (8 df)

Saving state to vegas_last_iter148.
Vegas input parameters:
  ndim 11
  ncomp 1
  epsrel 0
  epsabs 0
  flags 291
  seed 1591
  mineval 1
  maxeval 1
  nstart 1000000
  nincrease 500000
  nbatch 1000
  gridno 1
  statefile "vegas_last_iter148"

Restoring state from vegas_last_iter148.

Iteration 10:  32500000 integrand evaluations so far
[1] -4.47178e-08 +- 3.41852e-10  	chisq 3.24893 (9 df)

Saving state to vegas_last_iter148.
Vegas input parameters:
  ndim 11
  ncomp 1
  epsrel 0
  epsabs 0
  flags 291
  seed 1739
  mineval 1
  maxeval 1
  nstart 1000000
  nincrease 500000
  nbatch 1000
  gridno 1
  statefile "vegas_last_iter148"

Restoring state from vegas_last_iter148.

Iteration 11:  38500000 integrand evaluations so far
[1] -4.45047e-08 +- 2.99557e-10  	chisq 4.92205 (10 df)

Saving state to vegas_last_iter148.
Vegas input parameters:
  ndim 11
  ncomp 1
  epsrel 0
  epsabs 0
  flags 291
  seed 1887
  mineval 1
  maxeval 1
  nstart 1000000
  nincrease 500000
  nbatch 1000
  gridno 1
  statefile "vegas_last_iter148"

Restoring state from vegas_last_iter148.

Iteration 12:  45000000 integrand evaluations so far
[1] -4.46367e-08 +- 2.67665e-10  	chisq 5.88424 (11 df)

Saving state to vegas_last_iter148.
Vegas input parameters:
  ndim 11
  ncomp 1
  epsrel 0
  epsabs 0
  flags 291
  seed 2035
  mineval 1
  maxeval 1
  nstart 1000000
  nincrease 500000
  nbatch 1000
  gridno 1
  statefile "vegas_last_iter148"

Restoring state from vegas_last_iter148.

Iteration 13:  52000000 integrand evaluations so far
[1] -4.44698e-08 +- 2.42592e-10  	chisq 8.05925 (12 df)

Saving state to vegas_last_iter148.
Vegas input parameters:
  ndim 11
  ncomp 1
  epsrel 0
  epsabs 0
  flags 291
  seed 2183
  mineval 1
  maxeval 1
  nstart 1000000
  nincrease 500000
  nbatch 1000
  gridno 1
  statefile "vegas_last_iter148"

Restoring state from vegas_last_iter148.

Iteration 14:  59500000 integrand evaluations so far
[1] -4.47097e-08 +- 2.22269e-10  	chisq 14.1513 (13 df)

Saving state to vegas_last_iter148.
Vegas input parameters:
  ndim 11
  ncomp 1
  epsrel 0
  epsabs 0
  flags 291
  seed 2331
  mineval 1
  maxeval 1
  nstart 1000000
  nincrease 500000
  nbatch 1000
  gridno 1
  statefile "vegas_last_iter148"

Restoring state from vegas_last_iter148.

Iteration 15:  67500000 integrand evaluations so far
[1] -4.46092e-08 +- 2.05372e-10  	chisq 15.5498 (14 df)

Saving state to vegas_last_iter148.
Vegas input parameters:
  ndim 11
  ncomp 1
  epsrel 0
  epsabs 0
  flags 291
  seed 2479
  mineval 1
  maxeval 1
  nstart 1000000
  nincrease 500000
  nbatch 1000
  gridno 1
  statefile "vegas_last_iter148"

Restoring state from vegas_last_iter148.

Iteration 16:  76000000 integrand evaluations so far
[1] -4.46878e-08 +- 1.91064e-10  	chisq 16.6384 (15 df)

Saving state to vegas_last_iter148.
Vegas input parameters:
  ndim 11
  ncomp 1
  epsrel 0
  epsabs 0
  flags 291
  seed 2627
  mineval 1
  maxeval 1
  nstart 1000000
  nincrease 500000
  nbatch 1000
  gridno 1
  statefile "vegas_last_iter148"

Restoring state from vegas_last_iter148.

Iteration 17:  85000000 integrand evaluations so far
[1] -4.46291e-08 +- 1.78748e-10  	chisq 17.3939 (16 df)

Saving state to vegas_last_iter148.
Vegas input parameters:
  ndim 11
  ncomp 1
  epsrel 0
  epsabs 0
  flags 291
  seed 2775
  mineval 1
  maxeval 1
  nstart 1000000
  nincrease 500000
  nbatch 1000
  gridno 1
  statefile "vegas_last_iter148"

Restoring state from vegas_last_iter148.

Iteration 18:  94500000 integrand evaluations so far
[1] -4.45845e-08 +- 1.68025e-10  	chisq 17.9293 (17 df)

Saving state to vegas_last_iter148.
Vegas input parameters:
  ndim 11
  ncomp 1
  epsrel 0
  epsabs 0
  flags 291
  seed 2923
  mineval 1
  maxeval 1
  nstart 1000000
  nincrease 500000
  nbatch 1000
  gridno 1
  statefile "vegas_last_iter148"

Restoring state from vegas_last_iter148.

Iteration 19:  104500000 integrand evaluations so far
[1] -4.46681e-08 +- 1.5857e-10  	chisq 20.1928 (18 df)

Saving state to vegas_last_iter148.
Vegas input parameters:
  ndim 11
  ncomp 1
  epsrel 0
  epsabs 0
  flags 291
  seed 3071
  mineval 1
  maxeval 1
  nstart 1000000
  nincrease 500000
  nbatch 1000
  gridno 1
  statefile "vegas_last_iter148"

Restoring state from vegas_last_iter148.

Iteration 20:  115000000 integrand evaluations so far
[1] -4.46116e-08 +- 1.50178e-10  	chisq 21.4253 (19 df)

Saving state to vegas_last_iter148.
Vegas input parameters:
  ndim 11
  ncomp 1
  epsrel 0
  epsabs 0
  flags 291
  seed 3219
  mineval 1
  maxeval 1
  nstart 1000000
  nincrease 500000
  nbatch 1000
  gridno 1
  statefile "vegas_last_iter148"

Restoring state from vegas_last_iter148.

Iteration 21:  126000000 integrand evaluations so far
[1] -4.46449e-08 +- 1.42688e-10  	chisq 21.9306 (20 df)

Saving state to vegas_last_iter148.
Vegas input parameters:
  ndim 11
  ncomp 1
  epsrel 0
  epsabs 0
  flags 291
  seed 3367
  mineval 1
  maxeval 1
  nstart 1000000
  nincrease 500000
  nbatch 1000
  gridno 1
  statefile "vegas_last_iter148"

Restoring state from vegas_last_iter148.

Iteration 22:  137500000 integrand evaluations so far
[1] -4.47401e-08 +- 1.35922e-10  	chisq 26.7383 (21 df)

Saving state to vegas_last_iter148.
Vegas input parameters:
  ndim 11
  ncomp 1
  epsrel 0
  epsabs 0
  flags 291
  seed 3515
  mineval 1
  maxeval 1
  nstart 1000000
  nincrease 500000
  nbatch 1000
  gridno 1
  statefile "vegas_last_iter148"

Restoring state from vegas_last_iter148.

Iteration 23:  149500000 integrand evaluations so far
[1] -4.47509e-08 +- 1.29803e-10  	chisq 26.8096 (22 df)

Saving state to vegas_last_iter148.
Vegas input parameters:
  ndim 11
  ncomp 1
  epsrel 0
  epsabs 0
  flags 291
  seed 3663
  mineval 1
  maxeval 1
  nstart 1000000
  nincrease 500000
  nbatch 1000
  gridno 1
  statefile "vegas_last_iter148"

Restoring state from vegas_last_iter148.

Iteration 24:  162000000 integrand evaluations so far
[1] -4.47673e-08 +- 1.24231e-10  	chisq 27.0014 (23 df)

Saving state to vegas_last_iter148.
Vegas input parameters:
  ndim 11
  ncomp 1
  epsrel 0
  epsabs 0
  flags 291
  seed 3811
  mineval 1
  maxeval 1
  nstart 1000000
  nincrease 500000
  nbatch 1000
  gridno 1
  statefile "vegas_last_iter148"

Restoring state from vegas_last_iter148.

Iteration 25:  175000000 integrand evaluations so far
[1] -4.47984e-08 +- 1.19131e-10  	chisq 27.7779 (24 df)

Saving state to vegas_last_iter148.
Vegas input parameters:
  ndim 11
  ncomp 1
  epsrel 0
  epsabs 0
  flags 291
  seed 3959
  mineval 1
  maxeval 1
  nstart 1000000
  nincrease 500000
  nbatch 1000
  gridno 1
  statefile "vegas_last_iter148"

Restoring state from vegas_last_iter148.

Iteration 26:  188500000 integrand evaluations so far
[1] -4.48644e-08 +- 1.14455e-10  	chisq 31.7724 (25 df)

Saving state to vegas_last_iter148.
Vegas input parameters:
  ndim 11
  ncomp 1
  epsrel 0
  epsabs 0
  flags 291
  seed 4107
  mineval 1
  maxeval 1
  nstart 1000000
  nincrease 500000
  nbatch 1000
  gridno 1
  statefile "vegas_last_iter148"

Restoring state from vegas_last_iter148.

Iteration 27:  202500000 integrand evaluations so far
[1] -4.48562e-08 +- 1.10139e-10  	chisq 31.8426 (26 df)

Saving state to vegas_last_iter148.
Thanks for using LHAPDF 6.2.1. Please make sure to cite the paper:
  Eur.Phys.J. C75 (2015) 3, 132  (http://arxiv.org/abs/1412.7420)
 method   =Vegas  
 nregions =           1
 neval    =   202500000
 fail     =           1
 -0.448561938200E-07 +-   0.110138754772E-09   p =    0.762
