LHAPDF 6.2.1 loading /cvmfs/cms.cern.ch/slc6_amd64_gcc630/external/lhapdf/6.2.1-omkpbe3/share/LHAPDF/NNPDF31_nnlo_as_0118_nf_4/NNPDF31_nnlo_as_0118_nf_4_0000.dat
NNPDF31_nnlo_as_0118_nf_4 PDF set, member #0, version 1; LHAPDF ID = 320900
Vegas input parameters:
  ndim 11
  ncomp 1
  epsrel 0
  epsabs 0
  flags 291
  seed 167
  mineval 1
  maxeval 1
  nstart 1000000
  nincrease 500000
  nbatch 1000
  gridno 1
  statefile "vegas_last_iter56"

Iteration 1:  1000000 integrand evaluations so far
[1] -1.13762e-08 +- 6.77289e-08  	chisq 0 (0 df)

Saving state to vegas_last_iter56.
Vegas input parameters:
  ndim 11
  ncomp 1
  epsrel 0
  epsabs 0
  flags 291
  seed 223
  mineval 1
  maxeval 1
  nstart 1000000
  nincrease 500000
  nbatch 1000
  gridno 1
  statefile "vegas_last_iter56"

Restoring state from vegas_last_iter56.

Iteration 2:  2500000 integrand evaluations so far
[1] -6.21814e-08 +- 5.57172e-08  	chisq 1.74073 (1 df)

Saving state to vegas_last_iter56.
Vegas input parameters:
  ndim 11
  ncomp 1
  epsrel 0
  epsabs 0
  flags 291
  seed 279
  mineval 1
  maxeval 1
  nstart 1000000
  nincrease 500000
  nbatch 1000
  gridno 1
  statefile "vegas_last_iter56"

Restoring state from vegas_last_iter56.

Iteration 3:  4500000 integrand evaluations so far
[1] -1.13599e-07 +- 2.20205e-08  	chisq 2.74999 (2 df)

Saving state to vegas_last_iter56.
Vegas input parameters:
  ndim 11
  ncomp 1
  epsrel 0
  epsabs 0
  flags 291
  seed 335
  mineval 1
  maxeval 1
  nstart 1000000
  nincrease 500000
  nbatch 1000
  gridno 1
  statefile "vegas_last_iter56"

Restoring state from vegas_last_iter56.

Iteration 4:  7000000 integrand evaluations so far
[1] -8.69176e-08 +- 2.98014e-09  	chisq 4.24549 (3 df)

Saving state to vegas_last_iter56.
Vegas input parameters:
  ndim 11
  ncomp 1
  epsrel 0
  epsabs 0
  flags 291
  seed 391
  mineval 1
  maxeval 1
  nstart 1000000
  nincrease 500000
  nbatch 1000
  gridno 1
  statefile "vegas_last_iter56"

Restoring state from vegas_last_iter56.

Iteration 5:  10000000 integrand evaluations so far
[1] -8.60587e-08 +- 1.02095e-09  	chisq 4.3396 (4 df)

Saving state to vegas_last_iter56.
Vegas input parameters:
  ndim 11
  ncomp 1
  epsrel 0
  epsabs 0
  flags 291
  seed 447
  mineval 1
  maxeval 1
  nstart 1000000
  nincrease 500000
  nbatch 1000
  gridno 1
  statefile "vegas_last_iter56"

Restoring state from vegas_last_iter56.

Iteration 6:  13500000 integrand evaluations so far
[1] -8.66556e-08 +- 7.27931e-10  	chisq 5.0348 (5 df)

Saving state to vegas_last_iter56.
Vegas input parameters:
  ndim 11
  ncomp 1
  epsrel 0
  epsabs 0
  flags 291
  seed 503
  mineval 1
  maxeval 1
  nstart 1000000
  nincrease 500000
  nbatch 1000
  gridno 1
  statefile "vegas_last_iter56"

Restoring state from vegas_last_iter56.

Iteration 7:  17500000 integrand evaluations so far
[1] -8.71051e-08 +- 4.51279e-10  	chisq 5.65414 (6 df)

Saving state to vegas_last_iter56.
Vegas input parameters:
  ndim 11
  ncomp 1
  epsrel 0
  epsabs 0
  flags 291
  seed 559
  mineval 1
  maxeval 1
  nstart 1000000
  nincrease 500000
  nbatch 1000
  gridno 1
  statefile "vegas_last_iter56"

Restoring state from vegas_last_iter56.

Iteration 8:  22000000 integrand evaluations so far
[1] -8.71213e-08 +- 2.77515e-10  	chisq 5.65622 (7 df)

Saving state to vegas_last_iter56.
Vegas input parameters:
  ndim 11
  ncomp 1
  epsrel 0
  epsabs 0
  flags 291
  seed 615
  mineval 1
  maxeval 1
  nstart 1000000
  nincrease 500000
  nbatch 1000
  gridno 1
  statefile "vegas_last_iter56"

Restoring state from vegas_last_iter56.

Iteration 9:  27000000 integrand evaluations so far
[1] -8.71766e-08 +- 2.00908e-10  	chisq 5.73978 (8 df)

Saving state to vegas_last_iter56.
Vegas input parameters:
  ndim 11
  ncomp 1
  epsrel 0
  epsabs 0
  flags 291
  seed 671
  mineval 1
  maxeval 1
  nstart 1000000
  nincrease 500000
  nbatch 1000
  gridno 1
  statefile "vegas_last_iter56"

Restoring state from vegas_last_iter56.

Iteration 10:  32500000 integrand evaluations so far
[1] -8.72333e-08 +- 1.60886e-10  	chisq 5.96156 (9 df)

Saving state to vegas_last_iter56.
Vegas input parameters:
  ndim 11
  ncomp 1
  epsrel 0
  epsabs 0
  flags 291
  seed 727
  mineval 1
  maxeval 1
  nstart 1000000
  nincrease 500000
  nbatch 1000
  gridno 1
  statefile "vegas_last_iter56"

Restoring state from vegas_last_iter56.

Iteration 11:  38500000 integrand evaluations so far
[1] -8.71804e-08 +- 1.35464e-10  	chisq 6.333 (10 df)

Saving state to vegas_last_iter56.
Vegas input parameters:
  ndim 11
  ncomp 1
  epsrel 0
  epsabs 0
  flags 291
  seed 783
  mineval 1
  maxeval 1
  nstart 1000000
  nincrease 500000
  nbatch 1000
  gridno 1
  statefile "vegas_last_iter56"

Restoring state from vegas_last_iter56.

Iteration 12:  45000000 integrand evaluations so far
[1] -8.71088e-08 +- 1.1778e-10  	chisq 7.47627 (11 df)

Saving state to vegas_last_iter56.
Vegas input parameters:
  ndim 11
  ncomp 1
  epsrel 0
  epsabs 0
  flags 291
  seed 839
  mineval 1
  maxeval 1
  nstart 1000000
  nincrease 500000
  nbatch 1000
  gridno 1
  statefile "vegas_last_iter56"

Restoring state from vegas_last_iter56.

Iteration 13:  52000000 integrand evaluations so far
[1] -8.70274e-08 +- 1.04716e-10  	chisq 9.75461 (12 df)

Saving state to vegas_last_iter56.
Vegas input parameters:
  ndim 11
  ncomp 1
  epsrel 0
  epsabs 0
  flags 291
  seed 895
  mineval 1
  maxeval 1
  nstart 1000000
  nincrease 500000
  nbatch 1000
  gridno 1
  statefile "vegas_last_iter56"

Restoring state from vegas_last_iter56.

Iteration 14:  59500000 integrand evaluations so far
[1] -8.70454e-08 +- 9.47148e-11  	chisq 9.91545 (13 df)

Saving state to vegas_last_iter56.
Vegas input parameters:
  ndim 11
  ncomp 1
  epsrel 0
  epsabs 0
  flags 291
  seed 951
  mineval 1
  maxeval 1
  nstart 1000000
  nincrease 500000
  nbatch 1000
  gridno 1
  statefile "vegas_last_iter56"

Restoring state from vegas_last_iter56.

Iteration 15:  67500000 integrand evaluations so far
[1] -8.70671e-08 +- 8.6657e-11  	chisq 10.239 (14 df)

Saving state to vegas_last_iter56.
Vegas input parameters:
  ndim 11
  ncomp 1
  epsrel 0
  epsabs 0
  flags 291
  seed 1007
  mineval 1
  maxeval 1
  nstart 1000000
  nincrease 500000
  nbatch 1000
  gridno 1
  statefile "vegas_last_iter56"

Restoring state from vegas_last_iter56.

Iteration 16:  76000000 integrand evaluations so far
[1] -8.70201e-08 +- 8.00407e-11  	chisq 12.2416 (15 df)

Saving state to vegas_last_iter56.
Vegas input parameters:
  ndim 11
  ncomp 1
  epsrel 0
  epsabs 0
  flags 291
  seed 1063
  mineval 1
  maxeval 1
  nstart 1000000
  nincrease 500000
  nbatch 1000
  gridno 1
  statefile "vegas_last_iter56"

Restoring state from vegas_last_iter56.

Iteration 17:  85000000 integrand evaluations so far
[1] -8.70563e-08 +- 7.44187e-11  	chisq 13.7538 (16 df)

Saving state to vegas_last_iter56.
Vegas input parameters:
  ndim 11
  ncomp 1
  epsrel 0
  epsabs 0
  flags 291
  seed 1119
  mineval 1
  maxeval 1
  nstart 1000000
  nincrease 500000
  nbatch 1000
  gridno 1
  statefile "vegas_last_iter56"

Restoring state from vegas_last_iter56.

Iteration 18:  94500000 integrand evaluations so far
[1] -8.70438e-08 +- 6.95539e-11  	chisq 13.9769 (17 df)

Saving state to vegas_last_iter56.
Vegas input parameters:
  ndim 11
  ncomp 1
  epsrel 0
  epsabs 0
  flags 291
  seed 1175
  mineval 1
  maxeval 1
  nstart 1000000
  nincrease 500000
  nbatch 1000
  gridno 1
  statefile "vegas_last_iter56"

Restoring state from vegas_last_iter56.

Iteration 19:  104500000 integrand evaluations so far
[1] -8.70467e-08 +- 6.53835e-11  	chisq 13.9919 (18 df)

Saving state to vegas_last_iter56.
Vegas input parameters:
  ndim 11
  ncomp 1
  epsrel 0
  epsabs 0
  flags 291
  seed 1231
  mineval 1
  maxeval 1
  nstart 1000000
  nincrease 500000
  nbatch 1000
  gridno 1
  statefile "vegas_last_iter56"

Restoring state from vegas_last_iter56.

Iteration 20:  115000000 integrand evaluations so far
[1] -8.70362e-08 +- 6.17293e-11  	chisq 14.2291 (19 df)

Saving state to vegas_last_iter56.
Vegas input parameters:
  ndim 11
  ncomp 1
  epsrel 0
  epsabs 0
  flags 291
  seed 1287
  mineval 1
  maxeval 1
  nstart 1000000
  nincrease 500000
  nbatch 1000
  gridno 1
  statefile "vegas_last_iter56"

Restoring state from vegas_last_iter56.

Iteration 21:  126000000 integrand evaluations so far
[1] -8.69773e-08 +- 5.86051e-11  	chisq 23.4577 (20 df)

Saving state to vegas_last_iter56.
Vegas input parameters:
  ndim 11
  ncomp 1
  epsrel 0
  epsabs 0
  flags 291
  seed 1343
  mineval 1
  maxeval 1
  nstart 1000000
  nincrease 500000
  nbatch 1000
  gridno 1
  statefile "vegas_last_iter56"

Restoring state from vegas_last_iter56.

Iteration 22:  137500000 integrand evaluations so far
[1] -8.70165e-08 +- 5.57432e-11  	chisq 28.1399 (21 df)

Saving state to vegas_last_iter56.
Vegas input parameters:
  ndim 11
  ncomp 1
  epsrel 0
  epsabs 0
  flags 291
  seed 1399
  mineval 1
  maxeval 1
  nstart 1000000
  nincrease 500000
  nbatch 1000
  gridno 1
  statefile "vegas_last_iter56"

Restoring state from vegas_last_iter56.

Iteration 23:  149500000 integrand evaluations so far
[1] -8.70143e-08 +- 5.31155e-11  	chisq 28.1564 (22 df)

Saving state to vegas_last_iter56.
Vegas input parameters:
  ndim 11
  ncomp 1
  epsrel 0
  epsabs 0
  flags 291
  seed 1455
  mineval 1
  maxeval 1
  nstart 1000000
  nincrease 500000
  nbatch 1000
  gridno 1
  statefile "vegas_last_iter56"

Restoring state from vegas_last_iter56.

Iteration 24:  162000000 integrand evaluations so far
[1] -8.70261e-08 +- 5.07705e-11  	chisq 28.7237 (23 df)

Saving state to vegas_last_iter56.
Vegas input parameters:
  ndim 11
  ncomp 1
  epsrel 0
  epsabs 0
  flags 291
  seed 1511
  mineval 1
  maxeval 1
  nstart 1000000
  nincrease 500000
  nbatch 1000
  gridno 1
  statefile "vegas_last_iter56"

Restoring state from vegas_last_iter56.

Iteration 25:  175000000 integrand evaluations so far
[1] -8.70203e-08 +- 4.86501e-11  	chisq 28.8837 (24 df)

Saving state to vegas_last_iter56.
Vegas input parameters:
  ndim 11
  ncomp 1
  epsrel 0
  epsabs 0
  flags 291
  seed 1567
  mineval 1
  maxeval 1
  nstart 1000000
  nincrease 500000
  nbatch 1000
  gridno 1
  statefile "vegas_last_iter56"

Restoring state from vegas_last_iter56.

Iteration 26:  188500000 integrand evaluations so far
[1] -8.70029e-08 +- 4.66773e-11  	chisq 30.4934 (25 df)

Saving state to vegas_last_iter56.
Vegas input parameters:
  ndim 11
  ncomp 1
  epsrel 0
  epsabs 0
  flags 291
  seed 1623
  mineval 1
  maxeval 1
  nstart 1000000
  nincrease 500000
  nbatch 1000
  gridno 1
  statefile "vegas_last_iter56"

Restoring state from vegas_last_iter56.

Iteration 27:  202500000 integrand evaluations so far
[1] -8.69697e-08 +- 4.48576e-11  	chisq 37.0821 (26 df)

Saving state to vegas_last_iter56.
Thanks for using LHAPDF 6.2.1. Please make sure to cite the paper:
  Eur.Phys.J. C75 (2015) 3, 132  (http://arxiv.org/abs/1412.7420)
 method   =Vegas  
 nregions =           1
 neval    =   202500000
 fail     =           1
 -0.869697385407E-07 +-   0.448576278005E-10   p =    0.906
