LHAPDF 6.2.1 loading /cvmfs/cms.cern.ch/slc6_amd64_gcc630/external/lhapdf/6.2.1-omkpbe3/share/LHAPDF/NNPDF31_nnlo_as_0118_nf_4/NNPDF31_nnlo_as_0118_nf_4_0000.dat
NNPDF31_nnlo_as_0118_nf_4 PDF set, member #0, version 1; LHAPDF ID = 320900
Vegas input parameters:
  ndim 11
  ncomp 1
  epsrel 0
  epsabs 0
  flags 291
  seed 215
  mineval 1
  maxeval 1
  nstart 1000000
  nincrease 500000
  nbatch 1000
  gridno 1
  statefile "vegas_last_iter104"

Iteration 1:  1000000 integrand evaluations so far
[1] 1.08174e-06 +- 2.28238e-07  	chisq 0 (0 df)

Saving state to vegas_last_iter104.
Vegas input parameters:
  ndim 11
  ncomp 1
  epsrel 0
  epsabs 0
  flags 291
  seed 319
  mineval 1
  maxeval 1
  nstart 1000000
  nincrease 500000
  nbatch 1000
  gridno 1
  statefile "vegas_last_iter104"

Restoring state from vegas_last_iter104.

Iteration 2:  2500000 integrand evaluations so far
[1] 1.07263e-06 +- 2.28046e-07  	chisq 0.944237 (1 df)

Saving state to vegas_last_iter104.
Vegas input parameters:
  ndim 11
  ncomp 1
  epsrel 0
  epsabs 0
  flags 291
  seed 423
  mineval 1
  maxeval 1
  nstart 1000000
  nincrease 500000
  nbatch 1000
  gridno 1
  statefile "vegas_last_iter104"

Restoring state from vegas_last_iter104.

Iteration 3:  4500000 integrand evaluations so far
[1] 1.38632e-06 +- 1.27835e-07  	chisq 3.70336 (2 df)

Saving state to vegas_last_iter104.
Vegas input parameters:
  ndim 11
  ncomp 1
  epsrel 0
  epsabs 0
  flags 291
  seed 527
  mineval 1
  maxeval 1
  nstart 1000000
  nincrease 500000
  nbatch 1000
  gridno 1
  statefile "vegas_last_iter104"

Restoring state from vegas_last_iter104.

Iteration 4:  7000000 integrand evaluations so far
[1] 1.42587e-06 +- 1.91096e-08  	chisq 3.80126 (3 df)

Saving state to vegas_last_iter104.
Vegas input parameters:
  ndim 11
  ncomp 1
  epsrel 0
  epsabs 0
  flags 291
  seed 631
  mineval 1
  maxeval 1
  nstart 1000000
  nincrease 500000
  nbatch 1000
  gridno 1
  statefile "vegas_last_iter104"

Restoring state from vegas_last_iter104.

Iteration 5:  10000000 integrand evaluations so far
[1] 1.46127e-06 +- 4.53799e-09  	chisq 7.43968 (4 df)

Saving state to vegas_last_iter104.
Vegas input parameters:
  ndim 11
  ncomp 1
  epsrel 0
  epsabs 0
  flags 291
  seed 735
  mineval 1
  maxeval 1
  nstart 1000000
  nincrease 500000
  nbatch 1000
  gridno 1
  statefile "vegas_last_iter104"

Restoring state from vegas_last_iter104.

Iteration 6:  13500000 integrand evaluations so far
[1] 1.46631e-06 +- 1.2991e-09  	chisq 8.7807 (5 df)

Saving state to vegas_last_iter104.
Vegas input parameters:
  ndim 11
  ncomp 1
  epsrel 0
  epsabs 0
  flags 291
  seed 839
  mineval 1
  maxeval 1
  nstart 1000000
  nincrease 500000
  nbatch 1000
  gridno 1
  statefile "vegas_last_iter104"

Restoring state from vegas_last_iter104.

Iteration 7:  17500000 integrand evaluations so far
[1] 1.466e-06 +- 6.41452e-10  	chisq 8.85537 (6 df)

Saving state to vegas_last_iter104.
Vegas input parameters:
  ndim 11
  ncomp 1
  epsrel 0
  epsabs 0
  flags 291
  seed 943
  mineval 1
  maxeval 1
  nstart 1000000
  nincrease 500000
  nbatch 1000
  gridno 1
  statefile "vegas_last_iter104"

Restoring state from vegas_last_iter104.

Iteration 8:  22000000 integrand evaluations so far
[1] 1.46636e-06 +- 4.21078e-10  	chisq 9.39753 (7 df)

Saving state to vegas_last_iter104.
Vegas input parameters:
  ndim 11
  ncomp 1
  epsrel 0
  epsabs 0
  flags 291
  seed 1047
  mineval 1
  maxeval 1
  nstart 1000000
  nincrease 500000
  nbatch 1000
  gridno 1
  statefile "vegas_last_iter104"

Restoring state from vegas_last_iter104.

Iteration 9:  27000000 integrand evaluations so far
[1] 1.46673e-06 +- 3.18691e-10  	chisq 11.2323 (8 df)

Saving state to vegas_last_iter104.
Vegas input parameters:
  ndim 11
  ncomp 1
  epsrel 0
  epsabs 0
  flags 291
  seed 1151
  mineval 1
  maxeval 1
  nstart 1000000
  nincrease 500000
  nbatch 1000
  gridno 1
  statefile "vegas_last_iter104"

Restoring state from vegas_last_iter104.

Iteration 10:  32500000 integrand evaluations so far
[1] 1.46683e-06 +- 2.6211e-10  	chisq 11.5213 (9 df)

Saving state to vegas_last_iter104.
Vegas input parameters:
  ndim 11
  ncomp 1
  epsrel 0
  epsabs 0
  flags 291
  seed 1255
  mineval 1
  maxeval 1
  nstart 1000000
  nincrease 500000
  nbatch 1000
  gridno 1
  statefile "vegas_last_iter104"

Restoring state from vegas_last_iter104.

Iteration 11:  38500000 integrand evaluations so far
[1] 1.46686e-06 +- 2.25969e-10  	chisq 11.5737 (10 df)

Saving state to vegas_last_iter104.
Vegas input parameters:
  ndim 11
  ncomp 1
  epsrel 0
  epsabs 0
  flags 291
  seed 1359
  mineval 1
  maxeval 1
  nstart 1000000
  nincrease 500000
  nbatch 1000
  gridno 1
  statefile "vegas_last_iter104"

Restoring state from vegas_last_iter104.

Iteration 12:  45000000 integrand evaluations so far
[1] 1.46685e-06 +- 2.00166e-10  	chisq 11.586 (11 df)

Saving state to vegas_last_iter104.
Vegas input parameters:
  ndim 11
  ncomp 1
  epsrel 0
  epsabs 0
  flags 291
  seed 1463
  mineval 1
  maxeval 1
  nstart 1000000
  nincrease 500000
  nbatch 1000
  gridno 1
  statefile "vegas_last_iter104"

Restoring state from vegas_last_iter104.

Iteration 13:  52000000 integrand evaluations so far
[1] 1.46695e-06 +- 1.79866e-10  	chisq 12.9334 (12 df)

Saving state to vegas_last_iter104.
Vegas input parameters:
  ndim 11
  ncomp 1
  epsrel 0
  epsabs 0
  flags 291
  seed 1567
  mineval 1
  maxeval 1
  nstart 1000000
  nincrease 500000
  nbatch 1000
  gridno 1
  statefile "vegas_last_iter104"

Restoring state from vegas_last_iter104.

Iteration 14:  59500000 integrand evaluations so far
[1] 1.46706e-06 +- 1.63427e-10  	chisq 15.0794 (13 df)

Saving state to vegas_last_iter104.
Vegas input parameters:
  ndim 11
  ncomp 1
  epsrel 0
  epsabs 0
  flags 291
  seed 1671
  mineval 1
  maxeval 1
  nstart 1000000
  nincrease 500000
  nbatch 1000
  gridno 1
  statefile "vegas_last_iter104"

Restoring state from vegas_last_iter104.

Iteration 15:  67500000 integrand evaluations so far
[1] 1.46697e-06 +- 1.49796e-10  	chisq 16.7513 (14 df)

Saving state to vegas_last_iter104.
Vegas input parameters:
  ndim 11
  ncomp 1
  epsrel 0
  epsabs 0
  flags 291
  seed 1775
  mineval 1
  maxeval 1
  nstart 1000000
  nincrease 500000
  nbatch 1000
  gridno 1
  statefile "vegas_last_iter104"

Restoring state from vegas_last_iter104.

Iteration 16:  76000000 integrand evaluations so far
[1] 1.46695e-06 +- 1.38304e-10  	chisq 16.9962 (15 df)

Saving state to vegas_last_iter104.
Vegas input parameters:
  ndim 11
  ncomp 1
  epsrel 0
  epsabs 0
  flags 291
  seed 1879
  mineval 1
  maxeval 1
  nstart 1000000
  nincrease 500000
  nbatch 1000
  gridno 1
  statefile "vegas_last_iter104"

Restoring state from vegas_last_iter104.

Iteration 17:  85000000 integrand evaluations so far
[1] 1.467e-06 +- 1.28419e-10  	chisq 18.2239 (16 df)

Saving state to vegas_last_iter104.
Vegas input parameters:
  ndim 11
  ncomp 1
  epsrel 0
  epsabs 0
  flags 291
  seed 1983
  mineval 1
  maxeval 1
  nstart 1000000
  nincrease 500000
  nbatch 1000
  gridno 1
  statefile "vegas_last_iter104"

Restoring state from vegas_last_iter104.

Iteration 18:  94500000 integrand evaluations so far
[1] 1.46703e-06 +- 1.19858e-10  	chisq 18.4743 (17 df)

Saving state to vegas_last_iter104.
Vegas input parameters:
  ndim 11
  ncomp 1
  epsrel 0
  epsabs 0
  flags 291
  seed 2087
  mineval 1
  maxeval 1
  nstart 1000000
  nincrease 500000
  nbatch 1000
  gridno 1
  statefile "vegas_last_iter104"

Restoring state from vegas_last_iter104.

Iteration 19:  104500000 integrand evaluations so far
[1] 1.46699e-06 +- 1.12444e-10  	chisq 19.3527 (18 df)

Saving state to vegas_last_iter104.
Vegas input parameters:
  ndim 11
  ncomp 1
  epsrel 0
  epsabs 0
  flags 291
  seed 2191
  mineval 1
  maxeval 1
  nstart 1000000
  nincrease 500000
  nbatch 1000
  gridno 1
  statefile "vegas_last_iter104"

Restoring state from vegas_last_iter104.

Iteration 20:  115000000 integrand evaluations so far
[1] 1.46696e-06 +- 1.05992e-10  	chisq 20.0517 (19 df)

Saving state to vegas_last_iter104.
Vegas input parameters:
  ndim 11
  ncomp 1
  epsrel 0
  epsabs 0
  flags 291
  seed 2295
  mineval 1
  maxeval 1
  nstart 1000000
  nincrease 500000
  nbatch 1000
  gridno 1
  statefile "vegas_last_iter104"

Restoring state from vegas_last_iter104.

Iteration 21:  126000000 integrand evaluations so far
[1] 1.46698e-06 +- 1.00295e-10  	chisq 20.4887 (20 df)

Saving state to vegas_last_iter104.
Vegas input parameters:
  ndim 11
  ncomp 1
  epsrel 0
  epsabs 0
  flags 291
  seed 2399
  mineval 1
  maxeval 1
  nstart 1000000
  nincrease 500000
  nbatch 1000
  gridno 1
  statefile "vegas_last_iter104"

Restoring state from vegas_last_iter104.

Iteration 22:  137500000 integrand evaluations so far
[1] 1.46699e-06 +- 9.52046e-11  	chisq 20.6482 (21 df)

Saving state to vegas_last_iter104.
Vegas input parameters:
  ndim 11
  ncomp 1
  epsrel 0
  epsabs 0
  flags 291
  seed 2503
  mineval 1
  maxeval 1
  nstart 1000000
  nincrease 500000
  nbatch 1000
  gridno 1
  statefile "vegas_last_iter104"

Restoring state from vegas_last_iter104.

Iteration 23:  149500000 integrand evaluations so far
[1] 1.46699e-06 +- 9.06365e-11  	chisq 20.6539 (22 df)

Saving state to vegas_last_iter104.
Vegas input parameters:
  ndim 11
  ncomp 1
  epsrel 0
  epsabs 0
  flags 291
  seed 2607
  mineval 1
  maxeval 1
  nstart 1000000
  nincrease 500000
  nbatch 1000
  gridno 1
  statefile "vegas_last_iter104"

Restoring state from vegas_last_iter104.

Iteration 24:  162000000 integrand evaluations so far
[1] 1.46698e-06 +- 8.6517e-11  	chisq 20.8574 (23 df)

Saving state to vegas_last_iter104.
Vegas input parameters:
  ndim 11
  ncomp 1
  epsrel 0
  epsabs 0
  flags 291
  seed 2711
  mineval 1
  maxeval 1
  nstart 1000000
  nincrease 500000
  nbatch 1000
  gridno 1
  statefile "vegas_last_iter104"

Restoring state from vegas_last_iter104.

Iteration 25:  175000000 integrand evaluations so far
[1] 1.46697e-06 +- 8.28921e-11  	chisq 20.9624 (24 df)

Saving state to vegas_last_iter104.
Vegas input parameters:
  ndim 11
  ncomp 1
  epsrel 0
  epsabs 0
  flags 291
  seed 2815
  mineval 1
  maxeval 1
  nstart 1000000
  nincrease 500000
  nbatch 1000
  gridno 1
  statefile "vegas_last_iter104"

Restoring state from vegas_last_iter104.

Iteration 26:  188500000 integrand evaluations so far
[1] 1.46696e-06 +- 7.96174e-11  	chisq 21.1151 (25 df)

Saving state to vegas_last_iter104.
Vegas input parameters:
  ndim 11
  ncomp 1
  epsrel 0
  epsabs 0
  flags 291
  seed 2919
  mineval 1
  maxeval 1
  nstart 1000000
  nincrease 500000
  nbatch 1000
  gridno 1
  statefile "vegas_last_iter104"

Restoring state from vegas_last_iter104.

Iteration 27:  202500000 integrand evaluations so far
[1] 1.46699e-06 +- 7.65553e-11  	chisq 23.1136 (26 df)

Saving state to vegas_last_iter104.
Thanks for using LHAPDF 6.2.1. Please make sure to cite the paper:
  Eur.Phys.J. C75 (2015) 3, 132  (http://arxiv.org/abs/1412.7420)
 method   =Vegas  
 nregions =           1
 neval    =   202500000
 fail     =           1
  0.146699459444E-05 +-   0.765552984933E-10   p =    0.321
