LHAPDF 6.2.1 loading /cvmfs/cms.cern.ch/slc6_amd64_gcc630/external/lhapdf/6.2.1-omkpbe3/share/LHAPDF/NNPDF31_nnlo_as_0118_nf_4/NNPDF31_nnlo_as_0118_nf_4_0000.dat
NNPDF31_nnlo_as_0118_nf_4 PDF set, member #0, version 1; LHAPDF ID = 320900
Vegas input parameters:
  ndim 11
  ncomp 1
  epsrel 0
  epsabs 0
  flags 291
  seed 195
  mineval 1
  maxeval 1
  nstart 1000000
  nincrease 500000
  nbatch 1000
  gridno 1
  statefile "vegas_last_iter84"

Iteration 1:  1000000 integrand evaluations so far
[1] -3.66464e-08 +- 1.17515e-08  	chisq 0 (0 df)

Saving state to vegas_last_iter84.
Vegas input parameters:
  ndim 11
  ncomp 1
  epsrel 0
  epsabs 0
  flags 291
  seed 279
  mineval 1
  maxeval 1
  nstart 1000000
  nincrease 500000
  nbatch 1000
  gridno 1
  statefile "vegas_last_iter84"

Restoring state from vegas_last_iter84.

Iteration 2:  2500000 integrand evaluations so far
[1] -3.36836e-08 +- 3.59778e-09  	chisq 0.0701381 (1 df)

Saving state to vegas_last_iter84.
Vegas input parameters:
  ndim 11
  ncomp 1
  epsrel 0
  epsabs 0
  flags 291
  seed 363
  mineval 1
  maxeval 1
  nstart 1000000
  nincrease 500000
  nbatch 1000
  gridno 1
  statefile "vegas_last_iter84"

Restoring state from vegas_last_iter84.

Iteration 3:  4500000 integrand evaluations so far
[1] -3.68698e-08 +- 1.39301e-09  	chisq 0.992757 (2 df)

Saving state to vegas_last_iter84.
Vegas input parameters:
  ndim 11
  ncomp 1
  epsrel 0
  epsabs 0
  flags 291
  seed 447
  mineval 1
  maxeval 1
  nstart 1000000
  nincrease 500000
  nbatch 1000
  gridno 1
  statefile "vegas_last_iter84"

Restoring state from vegas_last_iter84.

Iteration 4:  7000000 integrand evaluations so far
[1] -3.53834e-08 +- 4.32734e-10  	chisq 2.25296 (3 df)

Saving state to vegas_last_iter84.
Vegas input parameters:
  ndim 11
  ncomp 1
  epsrel 0
  epsabs 0
  flags 291
  seed 531
  mineval 1
  maxeval 1
  nstart 1000000
  nincrease 500000
  nbatch 1000
  gridno 1
  statefile "vegas_last_iter84"

Restoring state from vegas_last_iter84.

Iteration 5:  10000000 integrand evaluations so far
[1] -3.50665e-08 +- 1.59957e-10  	chisq 2.87427 (4 df)

Saving state to vegas_last_iter84.
Vegas input parameters:
  ndim 11
  ncomp 1
  epsrel 0
  epsabs 0
  flags 291
  seed 615
  mineval 1
  maxeval 1
  nstart 1000000
  nincrease 500000
  nbatch 1000
  gridno 1
  statefile "vegas_last_iter84"

Restoring state from vegas_last_iter84.

Iteration 6:  13500000 integrand evaluations so far
[1] -3.49599e-08 +- 7.43887e-11  	chisq 3.4401 (5 df)

Saving state to vegas_last_iter84.
Vegas input parameters:
  ndim 11
  ncomp 1
  epsrel 0
  epsabs 0
  flags 291
  seed 699
  mineval 1
  maxeval 1
  nstart 1000000
  nincrease 500000
  nbatch 1000
  gridno 1
  statefile "vegas_last_iter84"

Restoring state from vegas_last_iter84.

Iteration 7:  17500000 integrand evaluations so far
[1] -3.5041e-08 +- 4.75555e-11  	chisq 5.44661 (6 df)

Saving state to vegas_last_iter84.
Vegas input parameters:
  ndim 11
  ncomp 1
  epsrel 0
  epsabs 0
  flags 291
  seed 783
  mineval 1
  maxeval 1
  nstart 1000000
  nincrease 500000
  nbatch 1000
  gridno 1
  statefile "vegas_last_iter84"

Restoring state from vegas_last_iter84.

Iteration 8:  22000000 integrand evaluations so far
[1] -3.50608e-08 +- 3.56972e-11  	chisq 5.84355 (7 df)

Saving state to vegas_last_iter84.
Vegas input parameters:
  ndim 11
  ncomp 1
  epsrel 0
  epsabs 0
  flags 291
  seed 867
  mineval 1
  maxeval 1
  nstart 1000000
  nincrease 500000
  nbatch 1000
  gridno 1
  statefile "vegas_last_iter84"

Restoring state from vegas_last_iter84.

Iteration 9:  27000000 integrand evaluations so far
[1] -3.507e-08 +- 2.90642e-11  	chisq 6.0434 (8 df)

Saving state to vegas_last_iter84.
Vegas input parameters:
  ndim 11
  ncomp 1
  epsrel 0
  epsabs 0
  flags 291
  seed 951
  mineval 1
  maxeval 1
  nstart 1000000
  nincrease 500000
  nbatch 1000
  gridno 1
  statefile "vegas_last_iter84"

Restoring state from vegas_last_iter84.

Iteration 10:  32500000 integrand evaluations so far
[1] -3.50982e-08 +- 2.47783e-11  	chisq 9.48144 (9 df)

Saving state to vegas_last_iter84.
Vegas input parameters:
  ndim 11
  ncomp 1
  epsrel 0
  epsabs 0
  flags 291
  seed 1035
  mineval 1
  maxeval 1
  nstart 1000000
  nincrease 500000
  nbatch 1000
  gridno 1
  statefile "vegas_last_iter84"

Restoring state from vegas_last_iter84.

Iteration 11:  38500000 integrand evaluations so far
[1] -3.51159e-08 +- 2.17337e-11  	chisq 11.7007 (10 df)

Saving state to vegas_last_iter84.
Vegas input parameters:
  ndim 11
  ncomp 1
  epsrel 0
  epsabs 0
  flags 291
  seed 1119
  mineval 1
  maxeval 1
  nstart 1000000
  nincrease 500000
  nbatch 1000
  gridno 1
  statefile "vegas_last_iter84"

Restoring state from vegas_last_iter84.

Iteration 12:  45000000 integrand evaluations so far
[1] -3.51063e-08 +- 1.94369e-11  	chisq 12.678 (11 df)

Saving state to vegas_last_iter84.
Vegas input parameters:
  ndim 11
  ncomp 1
  epsrel 0
  epsabs 0
  flags 291
  seed 1203
  mineval 1
  maxeval 1
  nstart 1000000
  nincrease 500000
  nbatch 1000
  gridno 1
  statefile "vegas_last_iter84"

Restoring state from vegas_last_iter84.

Iteration 13:  52000000 integrand evaluations so far
[1] -3.51024e-08 +- 1.76269e-11  	chisq 12.9126 (12 df)

Saving state to vegas_last_iter84.
Vegas input parameters:
  ndim 11
  ncomp 1
  epsrel 0
  epsabs 0
  flags 291
  seed 1287
  mineval 1
  maxeval 1
  nstart 1000000
  nincrease 500000
  nbatch 1000
  gridno 1
  statefile "vegas_last_iter84"

Restoring state from vegas_last_iter84.

Iteration 14:  59500000 integrand evaluations so far
[1] -3.50949e-08 +- 1.61553e-11  	chisq 14.0434 (13 df)

Saving state to vegas_last_iter84.
Vegas input parameters:
  ndim 11
  ncomp 1
  epsrel 0
  epsabs 0
  flags 291
  seed 1371
  mineval 1
  maxeval 1
  nstart 1000000
  nincrease 500000
  nbatch 1000
  gridno 1
  statefile "vegas_last_iter84"

Restoring state from vegas_last_iter84.

Iteration 15:  67500000 integrand evaluations so far
[1] -3.50946e-08 +- 1.49305e-11  	chisq 14.0454 (14 df)

Saving state to vegas_last_iter84.
Vegas input parameters:
  ndim 11
  ncomp 1
  epsrel 0
  epsabs 0
  flags 291
  seed 1455
  mineval 1
  maxeval 1
  nstart 1000000
  nincrease 500000
  nbatch 1000
  gridno 1
  statefile "vegas_last_iter84"

Restoring state from vegas_last_iter84.

Iteration 16:  76000000 integrand evaluations so far
[1] -3.50975e-08 +- 1.38899e-11  	chisq 14.3302 (15 df)

Saving state to vegas_last_iter84.
Vegas input parameters:
  ndim 11
  ncomp 1
  epsrel 0
  epsabs 0
  flags 291
  seed 1539
  mineval 1
  maxeval 1
  nstart 1000000
  nincrease 500000
  nbatch 1000
  gridno 1
  statefile "vegas_last_iter84"

Restoring state from vegas_last_iter84.

Iteration 17:  85000000 integrand evaluations so far
[1] -3.51009e-08 +- 1.29944e-11  	chisq 14.823 (16 df)

Saving state to vegas_last_iter84.
Vegas input parameters:
  ndim 11
  ncomp 1
  epsrel 0
  epsabs 0
  flags 291
  seed 1623
  mineval 1
  maxeval 1
  nstart 1000000
  nincrease 500000
  nbatch 1000
  gridno 1
  statefile "vegas_last_iter84"

Restoring state from vegas_last_iter84.

Iteration 18:  94500000 integrand evaluations so far
[1] -3.50963e-08 +- 1.22142e-11  	chisq 15.9323 (17 df)

Saving state to vegas_last_iter84.
Vegas input parameters:
  ndim 11
  ncomp 1
  epsrel 0
  epsabs 0
  flags 291
  seed 1707
  mineval 1
  maxeval 1
  nstart 1000000
  nincrease 500000
  nbatch 1000
  gridno 1
  statefile "vegas_last_iter84"

Restoring state from vegas_last_iter84.

Iteration 19:  104500000 integrand evaluations so far
[1] -3.51031e-08 +- 1.15275e-11  	chisq 18.7865 (18 df)

Saving state to vegas_last_iter84.
Vegas input parameters:
  ndim 11
  ncomp 1
  epsrel 0
  epsabs 0
  flags 291
  seed 1791
  mineval 1
  maxeval 1
  nstart 1000000
  nincrease 500000
  nbatch 1000
  gridno 1
  statefile "vegas_last_iter84"

Restoring state from vegas_last_iter84.

Iteration 20:  115000000 integrand evaluations so far
[1] -3.51014e-08 +- 1.09186e-11  	chisq 18.9958 (19 df)

Saving state to vegas_last_iter84.
Vegas input parameters:
  ndim 11
  ncomp 1
  epsrel 0
  epsabs 0
  flags 291
  seed 1875
  mineval 1
  maxeval 1
  nstart 1000000
  nincrease 500000
  nbatch 1000
  gridno 1
  statefile "vegas_last_iter84"

Restoring state from vegas_last_iter84.

Iteration 21:  126000000 integrand evaluations so far
[1] -3.51037e-08 +- 1.03736e-11  	chisq 19.4576 (20 df)

Saving state to vegas_last_iter84.
Vegas input parameters:
  ndim 11
  ncomp 1
  epsrel 0
  epsabs 0
  flags 291
  seed 1959
  mineval 1
  maxeval 1
  nstart 1000000
  nincrease 500000
  nbatch 1000
  gridno 1
  statefile "vegas_last_iter84"

Restoring state from vegas_last_iter84.

Iteration 22:  137500000 integrand evaluations so far
[1] -3.51072e-08 +- 9.8825e-12  	chisq 20.6791 (21 df)

Saving state to vegas_last_iter84.
Vegas input parameters:
  ndim 11
  ncomp 1
  epsrel 0
  epsabs 0
  flags 291
  seed 2043
  mineval 1
  maxeval 1
  nstart 1000000
  nincrease 500000
  nbatch 1000
  gridno 1
  statefile "vegas_last_iter84"

Restoring state from vegas_last_iter84.

Iteration 23:  149500000 integrand evaluations so far
[1] -3.51104e-08 +- 9.43818e-12  	chisq 21.8916 (22 df)

Saving state to vegas_last_iter84.
Vegas input parameters:
  ndim 11
  ncomp 1
  epsrel 0
  epsabs 0
  flags 291
  seed 2127
  mineval 1
  maxeval 1
  nstart 1000000
  nincrease 500000
  nbatch 1000
  gridno 1
  statefile "vegas_last_iter84"

Restoring state from vegas_last_iter84.

Iteration 24:  162000000 integrand evaluations so far
[1] -3.51089e-08 +- 9.03302e-12  	chisq 22.2137 (23 df)

Saving state to vegas_last_iter84.
Vegas input parameters:
  ndim 11
  ncomp 1
  epsrel 0
  epsabs 0
  flags 291
  seed 2211
  mineval 1
  maxeval 1
  nstart 1000000
  nincrease 500000
  nbatch 1000
  gridno 1
  statefile "vegas_last_iter84"

Restoring state from vegas_last_iter84.

Iteration 25:  175000000 integrand evaluations so far
[1] -3.51071e-08 +- 8.66252e-12  	chisq 22.6808 (24 df)

Saving state to vegas_last_iter84.
Vegas input parameters:
  ndim 11
  ncomp 1
  epsrel 0
  epsabs 0
  flags 291
  seed 2295
  mineval 1
  maxeval 1
  nstart 1000000
  nincrease 500000
  nbatch 1000
  gridno 1
  statefile "vegas_last_iter84"

Restoring state from vegas_last_iter84.

Iteration 26:  188500000 integrand evaluations so far
[1] -3.51073e-08 +- 8.32184e-12  	chisq 22.684 (25 df)

Saving state to vegas_last_iter84.
Vegas input parameters:
  ndim 11
  ncomp 1
  epsrel 0
  epsabs 0
  flags 291
  seed 2379
  mineval 1
  maxeval 1
  nstart 1000000
  nincrease 500000
  nbatch 1000
  gridno 1
  statefile "vegas_last_iter84"

Restoring state from vegas_last_iter84.

Iteration 27:  202500000 integrand evaluations so far
[1] -3.5107e-08 +- 8.00805e-12  	chisq 22.6934 (26 df)

Saving state to vegas_last_iter84.
Thanks for using LHAPDF 6.2.1. Please make sure to cite the paper:
  Eur.Phys.J. C75 (2015) 3, 132  (http://arxiv.org/abs/1412.7420)
 method   =Vegas  
 nregions =           1
 neval    =   202500000
 fail     =           1
 -0.351070397481E-07 +-   0.800805460969E-11   p =    0.299
