LHAPDF 6.2.1 loading /cvmfs/cms.cern.ch/slc6_amd64_gcc630/external/lhapdf/6.2.1-omkpbe3/share/LHAPDF/NNPDF31_nnlo_as_0118_nf_4/NNPDF31_nnlo_as_0118_nf_4_0000.dat
NNPDF31_nnlo_as_0118_nf_4 PDF set, member #0, version 1; LHAPDF ID = 320900
Vegas input parameters:
  ndim 11
  ncomp 1
  epsrel 0
  epsabs 0
  flags 291
  seed 152
  mineval 1
  maxeval 1
  nstart 1000000
  nincrease 500000
  nbatch 1000
  gridno 1
  statefile "vegas_last_iter41"

Iteration 1:  1000000 integrand evaluations so far
[1] 2.93253e-08 +- 2.18408e-08  	chisq 0 (0 df)

Saving state to vegas_last_iter41.
Vegas input parameters:
  ndim 11
  ncomp 1
  epsrel 0
  epsabs 0
  flags 291
  seed 193
  mineval 1
  maxeval 1
  nstart 1000000
  nincrease 500000
  nbatch 1000
  gridno 1
  statefile "vegas_last_iter41"

Restoring state from vegas_last_iter41.

Iteration 2:  2500000 integrand evaluations so far
[1] 1.05293e-08 +- 1.66721e-08  	chisq 1.77477 (1 df)

Saving state to vegas_last_iter41.
Vegas input parameters:
  ndim 11
  ncomp 1
  epsrel 0
  epsabs 0
  flags 291
  seed 234
  mineval 1
  maxeval 1
  nstart 1000000
  nincrease 500000
  nbatch 1000
  gridno 1
  statefile "vegas_last_iter41"

Restoring state from vegas_last_iter41.

Iteration 3:  4500000 integrand evaluations so far
[1] 1.52553e-08 +- 6.77848e-09  	chisq 1.87104 (2 df)

Saving state to vegas_last_iter41.
Vegas input parameters:
  ndim 11
  ncomp 1
  epsrel 0
  epsabs 0
  flags 291
  seed 275
  mineval 1
  maxeval 1
  nstart 1000000
  nincrease 500000
  nbatch 1000
  gridno 1
  statefile "vegas_last_iter41"

Restoring state from vegas_last_iter41.

Iteration 4:  7000000 integrand evaluations so far
[1] 7.49461e-09 +- 2.40325e-09  	chisq 3.3703 (3 df)

Saving state to vegas_last_iter41.
Vegas input parameters:
  ndim 11
  ncomp 1
  epsrel 0
  epsabs 0
  flags 291
  seed 316
  mineval 1
  maxeval 1
  nstart 1000000
  nincrease 500000
  nbatch 1000
  gridno 1
  statefile "vegas_last_iter41"

Restoring state from vegas_last_iter41.

Iteration 5:  10000000 integrand evaluations so far
[1] 6.16318e-09 +- 4.87876e-10  	chisq 3.69043 (4 df)

Saving state to vegas_last_iter41.
Vegas input parameters:
  ndim 11
  ncomp 1
  epsrel 0
  epsabs 0
  flags 291
  seed 357
  mineval 1
  maxeval 1
  nstart 1000000
  nincrease 500000
  nbatch 1000
  gridno 1
  statefile "vegas_last_iter41"

Restoring state from vegas_last_iter41.

Iteration 6:  13500000 integrand evaluations so far
[1] 6.13065e-09 +- 1.31012e-10  	chisq 3.69522 (5 df)

Saving state to vegas_last_iter41.
Vegas input parameters:
  ndim 11
  ncomp 1
  epsrel 0
  epsabs 0
  flags 291
  seed 398
  mineval 1
  maxeval 1
  nstart 1000000
  nincrease 500000
  nbatch 1000
  gridno 1
  statefile "vegas_last_iter41"

Restoring state from vegas_last_iter41.

Iteration 7:  17500000 integrand evaluations so far
[1] 6.17361e-09 +- 6.96614e-11  	chisq 3.84513 (6 df)

Saving state to vegas_last_iter41.
Vegas input parameters:
  ndim 11
  ncomp 1
  epsrel 0
  epsabs 0
  flags 291
  seed 439
  mineval 1
  maxeval 1
  nstart 1000000
  nincrease 500000
  nbatch 1000
  gridno 1
  statefile "vegas_last_iter41"

Restoring state from vegas_last_iter41.

Iteration 8:  22000000 integrand evaluations so far
[1] 6.09129e-09 +- 4.89028e-11  	chisq 6.59877 (7 df)

Saving state to vegas_last_iter41.
Vegas input parameters:
  ndim 11
  ncomp 1
  epsrel 0
  epsabs 0
  flags 291
  seed 480
  mineval 1
  maxeval 1
  nstart 1000000
  nincrease 500000
  nbatch 1000
  gridno 1
  statefile "vegas_last_iter41"

Restoring state from vegas_last_iter41.

Iteration 9:  27000000 integrand evaluations so far
[1] 6.04432e-09 +- 3.84624e-11  	chisq 9.01748 (8 df)

Saving state to vegas_last_iter41.
Vegas input parameters:
  ndim 11
  ncomp 1
  epsrel 0
  epsabs 0
  flags 291
  seed 521
  mineval 1
  maxeval 1
  nstart 1000000
  nincrease 500000
  nbatch 1000
  gridno 1
  statefile "vegas_last_iter41"

Restoring state from vegas_last_iter41.

Iteration 10:  32500000 integrand evaluations so far
[1] 6.02778e-09 +- 3.24062e-11  	chisq 9.6549 (9 df)

Saving state to vegas_last_iter41.
Vegas input parameters:
  ndim 11
  ncomp 1
  epsrel 0
  epsabs 0
  flags 291
  seed 562
  mineval 1
  maxeval 1
  nstart 1000000
  nincrease 500000
  nbatch 1000
  gridno 1
  statefile "vegas_last_iter41"

Restoring state from vegas_last_iter41.

Iteration 11:  38500000 integrand evaluations so far
[1] 6.02568e-09 +- 2.80376e-11  	chisq 9.6715 (10 df)

Saving state to vegas_last_iter41.
Vegas input parameters:
  ndim 11
  ncomp 1
  epsrel 0
  epsabs 0
  flags 291
  seed 603
  mineval 1
  maxeval 1
  nstart 1000000
  nincrease 500000
  nbatch 1000
  gridno 1
  statefile "vegas_last_iter41"

Restoring state from vegas_last_iter41.

Iteration 12:  45000000 integrand evaluations so far
[1] 6.03504e-09 +- 2.479e-11  	chisq 10.1815 (11 df)

Saving state to vegas_last_iter41.
Vegas input parameters:
  ndim 11
  ncomp 1
  epsrel 0
  epsabs 0
  flags 291
  seed 644
  mineval 1
  maxeval 1
  nstart 1000000
  nincrease 500000
  nbatch 1000
  gridno 1
  statefile "vegas_last_iter41"

Restoring state from vegas_last_iter41.

Iteration 13:  52000000 integrand evaluations so far
[1] 6.03548e-09 +- 2.22879e-11  	chisq 10.1831 (12 df)

Saving state to vegas_last_iter41.
Vegas input parameters:
  ndim 11
  ncomp 1
  epsrel 0
  epsabs 0
  flags 291
  seed 685
  mineval 1
  maxeval 1
  nstart 1000000
  nincrease 500000
  nbatch 1000
  gridno 1
  statefile "vegas_last_iter41"

Restoring state from vegas_last_iter41.

Iteration 14:  59500000 integrand evaluations so far
[1] 6.024e-09 +- 2.02808e-11  	chisq 11.7257 (13 df)

Saving state to vegas_last_iter41.
Vegas input parameters:
  ndim 11
  ncomp 1
  epsrel 0
  epsabs 0
  flags 291
  seed 726
  mineval 1
  maxeval 1
  nstart 1000000
  nincrease 500000
  nbatch 1000
  gridno 1
  statefile "vegas_last_iter41"

Restoring state from vegas_last_iter41.

Iteration 15:  67500000 integrand evaluations so far
[1] 6.02729e-09 +- 1.8641e-11  	chisq 11.8957 (14 df)

Saving state to vegas_last_iter41.
Vegas input parameters:
  ndim 11
  ncomp 1
  epsrel 0
  epsabs 0
  flags 291
  seed 767
  mineval 1
  maxeval 1
  nstart 1000000
  nincrease 500000
  nbatch 1000
  gridno 1
  statefile "vegas_last_iter41"

Restoring state from vegas_last_iter41.

Iteration 16:  76000000 integrand evaluations so far
[1] 6.03077e-09 +- 1.72742e-11  	chisq 12.1418 (15 df)

Saving state to vegas_last_iter41.
Vegas input parameters:
  ndim 11
  ncomp 1
  epsrel 0
  epsabs 0
  flags 291
  seed 808
  mineval 1
  maxeval 1
  nstart 1000000
  nincrease 500000
  nbatch 1000
  gridno 1
  statefile "vegas_last_iter41"

Restoring state from vegas_last_iter41.

Iteration 17:  85000000 integrand evaluations so far
[1] 6.04406e-09 +- 1.61108e-11  	chisq 16.6908 (16 df)

Saving state to vegas_last_iter41.
Vegas input parameters:
  ndim 11
  ncomp 1
  epsrel 0
  epsabs 0
  flags 291
  seed 849
  mineval 1
  maxeval 1
  nstart 1000000
  nincrease 500000
  nbatch 1000
  gridno 1
  statefile "vegas_last_iter41"

Restoring state from vegas_last_iter41.

Iteration 18:  94500000 integrand evaluations so far
[1] 6.0479e-09 +- 1.51016e-11  	chisq 17.1587 (17 df)

Saving state to vegas_last_iter41.
Vegas input parameters:
  ndim 11
  ncomp 1
  epsrel 0
  epsabs 0
  flags 291
  seed 890
  mineval 1
  maxeval 1
  nstart 1000000
  nincrease 500000
  nbatch 1000
  gridno 1
  statefile "vegas_last_iter41"

Restoring state from vegas_last_iter41.

Iteration 19:  104500000 integrand evaluations so far
[1] 6.03926e-09 +- 1.42295e-11  	chisq 20.0762 (18 df)

Saving state to vegas_last_iter41.
Vegas input parameters:
  ndim 11
  ncomp 1
  epsrel 0
  epsabs 0
  flags 291
  seed 931
  mineval 1
  maxeval 1
  nstart 1000000
  nincrease 500000
  nbatch 1000
  gridno 1
  statefile "vegas_last_iter41"

Restoring state from vegas_last_iter41.

Iteration 20:  115000000 integrand evaluations so far
[1] 6.04305e-09 +- 1.34805e-11  	chisq 20.7696 (19 df)

Saving state to vegas_last_iter41.
Vegas input parameters:
  ndim 11
  ncomp 1
  epsrel 0
  epsabs 0
  flags 291
  seed 972
  mineval 1
  maxeval 1
  nstart 1000000
  nincrease 500000
  nbatch 1000
  gridno 1
  statefile "vegas_last_iter41"

Restoring state from vegas_last_iter41.

Iteration 21:  126000000 integrand evaluations so far
[1] 6.04382e-09 +- 1.28118e-11  	chisq 20.8027 (20 df)

Saving state to vegas_last_iter41.
Vegas input parameters:
  ndim 11
  ncomp 1
  epsrel 0
  epsabs 0
  flags 291
  seed 1013
  mineval 1
  maxeval 1
  nstart 1000000
  nincrease 500000
  nbatch 1000
  gridno 1
  statefile "vegas_last_iter41"

Restoring state from vegas_last_iter41.

Iteration 22:  137500000 integrand evaluations so far
[1] 6.04617e-09 +- 1.22055e-11  	chisq 21.1671 (21 df)

Saving state to vegas_last_iter41.
Vegas input parameters:
  ndim 11
  ncomp 1
  epsrel 0
  epsabs 0
  flags 291
  seed 1054
  mineval 1
  maxeval 1
  nstart 1000000
  nincrease 500000
  nbatch 1000
  gridno 1
  statefile "vegas_last_iter41"

Restoring state from vegas_last_iter41.

Iteration 23:  149500000 integrand evaluations so far
[1] 6.05568e-09 +- 1.16582e-11  	chisq 28.0973 (22 df)

Saving state to vegas_last_iter41.
Vegas input parameters:
  ndim 11
  ncomp 1
  epsrel 0
  epsabs 0
  flags 291
  seed 1095
  mineval 1
  maxeval 1
  nstart 1000000
  nincrease 500000
  nbatch 1000
  gridno 1
  statefile "vegas_last_iter41"

Restoring state from vegas_last_iter41.

Iteration 24:  162000000 integrand evaluations so far
[1] 6.05197e-09 +- 1.11555e-11  	chisq 29.2962 (23 df)

Saving state to vegas_last_iter41.
Vegas input parameters:
  ndim 11
  ncomp 1
  epsrel 0
  epsabs 0
  flags 291
  seed 1136
  mineval 1
  maxeval 1
  nstart 1000000
  nincrease 500000
  nbatch 1000
  gridno 1
  statefile "vegas_last_iter41"

Restoring state from vegas_last_iter41.

Iteration 25:  175000000 integrand evaluations so far
[1] 6.04923e-09 +- 1.06911e-11  	chisq 30.0395 (24 df)

Saving state to vegas_last_iter41.
Vegas input parameters:
  ndim 11
  ncomp 1
  epsrel 0
  epsabs 0
  flags 291
  seed 1177
  mineval 1
  maxeval 1
  nstart 1000000
  nincrease 500000
  nbatch 1000
  gridno 1
  statefile "vegas_last_iter41"

Restoring state from vegas_last_iter41.

Iteration 26:  188500000 integrand evaluations so far
[1] 6.04454e-09 +- 1.02625e-11  	chisq 32.4894 (25 df)

Saving state to vegas_last_iter41.
Vegas input parameters:
  ndim 11
  ncomp 1
  epsrel 0
  epsabs 0
  flags 291
  seed 1218
  mineval 1
  maxeval 1
  nstart 1000000
  nincrease 500000
  nbatch 1000
  gridno 1
  statefile "vegas_last_iter41"

Restoring state from vegas_last_iter41.

Iteration 27:  202500000 integrand evaluations so far
[1] 6.047e-09 +- 9.86505e-12  	chisq 33.2504 (26 df)

Saving state to vegas_last_iter41.
Thanks for using LHAPDF 6.2.1. Please make sure to cite the paper:
  Eur.Phys.J. C75 (2015) 3, 132  (http://arxiv.org/abs/1412.7420)
 method   =Vegas  
 nregions =           1
 neval    =   202500000
 fail     =           1
  0.604700497671E-08 +-   0.986505189097E-11   p =    0.811
