LHAPDF 6.2.1 loading /cvmfs/cms.cern.ch/slc6_amd64_gcc630/external/lhapdf/6.2.1-omkpbe3/share/LHAPDF/NNPDF31_nnlo_as_0118_nf_4/NNPDF31_nnlo_as_0118_nf_4_0000.dat
NNPDF31_nnlo_as_0118_nf_4 PDF set, member #0, version 1; LHAPDF ID = 320900
Vegas input parameters:
  ndim 11
  ncomp 1
  epsrel 0
  epsabs 0
  flags 291
  seed 240
  mineval 1
  maxeval 1
  nstart 1000000
  nincrease 500000
  nbatch 1000
  gridno 1
  statefile "vegas_last_iter129"

Iteration 1:  1000000 integrand evaluations so far
[1] -2.26437e-09 +- 6.77489e-10  	chisq 0 (0 df)

Saving state to vegas_last_iter129.
Vegas input parameters:
  ndim 11
  ncomp 1
  epsrel 0
  epsabs 0
  flags 291
  seed 369
  mineval 1
  maxeval 1
  nstart 1000000
  nincrease 500000
  nbatch 1000
  gridno 1
  statefile "vegas_last_iter129"

Restoring state from vegas_last_iter129.

Iteration 2:  2500000 integrand evaluations so far
[1] -2.93889e-09 +- 6.15226e-10  	chisq 5.65263 (1 df)

Saving state to vegas_last_iter129.
Vegas input parameters:
  ndim 11
  ncomp 1
  epsrel 0
  epsabs 0
  flags 291
  seed 498
  mineval 1
  maxeval 1
  nstart 1000000
  nincrease 500000
  nbatch 1000
  gridno 1
  statefile "vegas_last_iter129"

Restoring state from vegas_last_iter129.

Iteration 3:  4500000 integrand evaluations so far
[1] -3.68681e-09 +- 5.64677e-10  	chisq 15.0317 (2 df)

Saving state to vegas_last_iter129.
Vegas input parameters:
  ndim 11
  ncomp 1
  epsrel 0
  epsabs 0
  flags 291
  seed 627
  mineval 1
  maxeval 1
  nstart 1000000
  nincrease 500000
  nbatch 1000
  gridno 1
  statefile "vegas_last_iter129"

Restoring state from vegas_last_iter129.

Iteration 4:  7000000 integrand evaluations so far
[1] -4.97218e-09 +- 2.98449e-10  	chisq 22.2216 (3 df)

Saving state to vegas_last_iter129.
Vegas input parameters:
  ndim 11
  ncomp 1
  epsrel 0
  epsabs 0
  flags 291
  seed 756
  mineval 1
  maxeval 1
  nstart 1000000
  nincrease 500000
  nbatch 1000
  gridno 1
  statefile "vegas_last_iter129"

Restoring state from vegas_last_iter129.

Iteration 5:  10000000 integrand evaluations so far
[1] -4.72325e-09 +- 5.1125e-11  	chisq 22.9383 (4 df)

Saving state to vegas_last_iter129.
Vegas input parameters:
  ndim 11
  ncomp 1
  epsrel 0
  epsabs 0
  flags 291
  seed 885
  mineval 1
  maxeval 1
  nstart 1000000
  nincrease 500000
  nbatch 1000
  gridno 1
  statefile "vegas_last_iter129"

Restoring state from vegas_last_iter129.

Iteration 6:  13500000 integrand evaluations so far
[1] -4.80807e-09 +- 1.09088e-11  	chisq 25.8224 (5 df)

Saving state to vegas_last_iter129.
Vegas input parameters:
  ndim 11
  ncomp 1
  epsrel 0
  epsabs 0
  flags 291
  seed 1014
  mineval 1
  maxeval 1
  nstart 1000000
  nincrease 500000
  nbatch 1000
  gridno 1
  statefile "vegas_last_iter129"

Restoring state from vegas_last_iter129.

Iteration 7:  17500000 integrand evaluations so far
[1] -4.79783e-09 +- 5.63335e-12  	chisq 27.0229 (6 df)

Saving state to vegas_last_iter129.
Vegas input parameters:
  ndim 11
  ncomp 1
  epsrel 0
  epsabs 0
  flags 291
  seed 1143
  mineval 1
  maxeval 1
  nstart 1000000
  nincrease 500000
  nbatch 1000
  gridno 1
  statefile "vegas_last_iter129"

Restoring state from vegas_last_iter129.

Iteration 8:  22000000 integrand evaluations so far
[1] -4.80303e-09 +- 3.8917e-12  	chisq 28.6509 (7 df)

Saving state to vegas_last_iter129.
Vegas input parameters:
  ndim 11
  ncomp 1
  epsrel 0
  epsabs 0
  flags 291
  seed 1272
  mineval 1
  maxeval 1
  nstart 1000000
  nincrease 500000
  nbatch 1000
  gridno 1
  statefile "vegas_last_iter129"

Restoring state from vegas_last_iter129.

Iteration 9:  27000000 integrand evaluations so far
[1] -4.79871e-09 +- 3.03844e-12  	chisq 31.8127 (8 df)

Saving state to vegas_last_iter129.
Vegas input parameters:
  ndim 11
  ncomp 1
  epsrel 0
  epsabs 0
  flags 291
  seed 1401
  mineval 1
  maxeval 1
  nstart 1000000
  nincrease 500000
  nbatch 1000
  gridno 1
  statefile "vegas_last_iter129"

Restoring state from vegas_last_iter129.

Iteration 10:  32500000 integrand evaluations so far
[1] -4.79682e-09 +- 2.52666e-12  	chisq 33.0655 (9 df)

Saving state to vegas_last_iter129.
Vegas input parameters:
  ndim 11
  ncomp 1
  epsrel 0
  epsabs 0
  flags 291
  seed 1530
  mineval 1
  maxeval 1
  nstart 1000000
  nincrease 500000
  nbatch 1000
  gridno 1
  statefile "vegas_last_iter129"

Restoring state from vegas_last_iter129.

Iteration 11:  38500000 integrand evaluations so far
[1] -4.79871e-09 +- 2.18164e-12  	chisq 35.2752 (10 df)

Saving state to vegas_last_iter129.
Vegas input parameters:
  ndim 11
  ncomp 1
  epsrel 0
  epsabs 0
  flags 291
  seed 1659
  mineval 1
  maxeval 1
  nstart 1000000
  nincrease 500000
  nbatch 1000
  gridno 1
  statefile "vegas_last_iter129"

Restoring state from vegas_last_iter129.

Iteration 12:  45000000 integrand evaluations so far
[1] -4.79914e-09 +- 1.93034e-12  	chisq 35.449 (11 df)

Saving state to vegas_last_iter129.
Vegas input parameters:
  ndim 11
  ncomp 1
  epsrel 0
  epsabs 0
  flags 291
  seed 1788
  mineval 1
  maxeval 1
  nstart 1000000
  nincrease 500000
  nbatch 1000
  gridno 1
  statefile "vegas_last_iter129"

Restoring state from vegas_last_iter129.

Iteration 13:  52000000 integrand evaluations so far
[1] -4.7974e-09 +- 1.73769e-12  	chisq 39.737 (12 df)

Saving state to vegas_last_iter129.
Vegas input parameters:
  ndim 11
  ncomp 1
  epsrel 0
  epsabs 0
  flags 291
  seed 1917
  mineval 1
  maxeval 1
  nstart 1000000
  nincrease 500000
  nbatch 1000
  gridno 1
  statefile "vegas_last_iter129"

Restoring state from vegas_last_iter129.

Iteration 14:  59500000 integrand evaluations so far
[1] -4.79799e-09 +- 1.58337e-12  	chisq 40.4224 (13 df)

Saving state to vegas_last_iter129.
Vegas input parameters:
  ndim 11
  ncomp 1
  epsrel 0
  epsabs 0
  flags 291
  seed 2046
  mineval 1
  maxeval 1
  nstart 1000000
  nincrease 500000
  nbatch 1000
  gridno 1
  statefile "vegas_last_iter129"

Restoring state from vegas_last_iter129.

Iteration 15:  67500000 integrand evaluations so far
[1] -4.79895e-09 +- 1.45699e-12  	chisq 42.8374 (14 df)

Saving state to vegas_last_iter129.
Vegas input parameters:
  ndim 11
  ncomp 1
  epsrel 0
  epsabs 0
  flags 291
  seed 2175
  mineval 1
  maxeval 1
  nstart 1000000
  nincrease 500000
  nbatch 1000
  gridno 1
  statefile "vegas_last_iter129"

Restoring state from vegas_last_iter129.

Iteration 16:  76000000 integrand evaluations so far
[1] -4.79911e-09 +- 1.35101e-12  	chisq 42.9249 (15 df)

Saving state to vegas_last_iter129.
Vegas input parameters:
  ndim 11
  ncomp 1
  epsrel 0
  epsabs 0
  flags 291
  seed 2304
  mineval 1
  maxeval 1
  nstart 1000000
  nincrease 500000
  nbatch 1000
  gridno 1
  statefile "vegas_last_iter129"

Restoring state from vegas_last_iter129.

Iteration 17:  85000000 integrand evaluations so far
[1] -4.79905e-09 +- 1.26044e-12  	chisq 42.9428 (16 df)

Saving state to vegas_last_iter129.
Vegas input parameters:
  ndim 11
  ncomp 1
  epsrel 0
  epsabs 0
  flags 291
  seed 2433
  mineval 1
  maxeval 1
  nstart 1000000
  nincrease 500000
  nbatch 1000
  gridno 1
  statefile "vegas_last_iter129"

Restoring state from vegas_last_iter129.

Iteration 18:  94500000 integrand evaluations so far
[1] -4.79932e-09 +- 1.18224e-12  	chisq 43.3189 (17 df)

Saving state to vegas_last_iter129.
Vegas input parameters:
  ndim 11
  ncomp 1
  epsrel 0
  epsabs 0
  flags 291
  seed 2562
  mineval 1
  maxeval 1
  nstart 1000000
  nincrease 500000
  nbatch 1000
  gridno 1
  statefile "vegas_last_iter129"

Restoring state from vegas_last_iter129.

Iteration 19:  104500000 integrand evaluations so far
[1] -4.79968e-09 +- 1.11383e-12  	chisq 44.146 (18 df)

Saving state to vegas_last_iter129.
Vegas input parameters:
  ndim 11
  ncomp 1
  epsrel 0
  epsabs 0
  flags 291
  seed 2691
  mineval 1
  maxeval 1
  nstart 1000000
  nincrease 500000
  nbatch 1000
  gridno 1
  statefile "vegas_last_iter129"

Restoring state from vegas_last_iter129.

Iteration 20:  115000000 integrand evaluations so far
[1] -4.79933e-09 +- 1.05332e-12  	chisq 45.04 (19 df)

Saving state to vegas_last_iter129.
Vegas input parameters:
  ndim 11
  ncomp 1
  epsrel 0
  epsabs 0
  flags 291
  seed 2820
  mineval 1
  maxeval 1
  nstart 1000000
  nincrease 500000
  nbatch 1000
  gridno 1
  statefile "vegas_last_iter129"

Restoring state from vegas_last_iter129.

Iteration 21:  126000000 integrand evaluations so far
[1] -4.79979e-09 +- 9.99324e-13  	chisq 46.9415 (20 df)

Saving state to vegas_last_iter129.
Vegas input parameters:
  ndim 11
  ncomp 1
  epsrel 0
  epsabs 0
  flags 291
  seed 2949
  mineval 1
  maxeval 1
  nstart 1000000
  nincrease 500000
  nbatch 1000
  gridno 1
  statefile "vegas_last_iter129"

Restoring state from vegas_last_iter129.

Iteration 22:  137500000 integrand evaluations so far
[1] -4.79969e-09 +- 9.50966e-13  	chisq 47.0562 (21 df)

Saving state to vegas_last_iter129.
Vegas input parameters:
  ndim 11
  ncomp 1
  epsrel 0
  epsabs 0
  flags 291
  seed 3078
  mineval 1
  maxeval 1
  nstart 1000000
  nincrease 500000
  nbatch 1000
  gridno 1
  statefile "vegas_last_iter129"

Restoring state from vegas_last_iter129.

Iteration 23:  149500000 integrand evaluations so far
[1] -4.79926e-09 +- 9.07344e-13  	chisq 49.3313 (22 df)

Saving state to vegas_last_iter129.
Vegas input parameters:
  ndim 11
  ncomp 1
  epsrel 0
  epsabs 0
  flags 291
  seed 3207
  mineval 1
  maxeval 1
  nstart 1000000
  nincrease 500000
  nbatch 1000
  gridno 1
  statefile "vegas_last_iter129"

Restoring state from vegas_last_iter129.

Iteration 24:  162000000 integrand evaluations so far
[1] -4.79941e-09 +- 8.67576e-13  	chisq 49.6687 (23 df)

Saving state to vegas_last_iter129.
Vegas input parameters:
  ndim 11
  ncomp 1
  epsrel 0
  epsabs 0
  flags 291
  seed 3336
  mineval 1
  maxeval 1
  nstart 1000000
  nincrease 500000
  nbatch 1000
  gridno 1
  statefile "vegas_last_iter129"

Restoring state from vegas_last_iter129.

Iteration 25:  175000000 integrand evaluations so far
[1] -4.79944e-09 +- 8.31301e-13  	chisq 49.6827 (24 df)

Saving state to vegas_last_iter129.
Vegas input parameters:
  ndim 11
  ncomp 1
  epsrel 0
  epsabs 0
  flags 291
  seed 3465
  mineval 1
  maxeval 1
  nstart 1000000
  nincrease 500000
  nbatch 1000
  gridno 1
  statefile "vegas_last_iter129"

Restoring state from vegas_last_iter129.

Iteration 26:  188500000 integrand evaluations so far
[1] -4.79973e-09 +- 7.98047e-13  	chisq 51.2109 (25 df)

Saving state to vegas_last_iter129.
Vegas input parameters:
  ndim 11
  ncomp 1
  epsrel 0
  epsabs 0
  flags 291
  seed 3594
  mineval 1
  maxeval 1
  nstart 1000000
  nincrease 500000
  nbatch 1000
  gridno 1
  statefile "vegas_last_iter129"

Restoring state from vegas_last_iter129.

Iteration 27:  202500000 integrand evaluations so far
[1] -4.8001e-09 +- 7.67447e-13  	chisq 54.0014 (26 df)

Saving state to vegas_last_iter129.
Thanks for using LHAPDF 6.2.1. Please make sure to cite the paper:
  Eur.Phys.J. C75 (2015) 3, 132  (http://arxiv.org/abs/1412.7420)
 method   =Vegas  
 nregions =           1
 neval    =   202500000
 fail     =           1
 -0.480009724587E-08 +-   0.767447482617E-12   p =    0.998
