LHAPDF 6.2.1 loading /cvmfs/cms.cern.ch/slc6_amd64_gcc630/external/lhapdf/6.2.1-omkpbe3/share/LHAPDF/NNPDF31_nnlo_as_0118_nf_4/NNPDF31_nnlo_as_0118_nf_4_0000.dat
NNPDF31_nnlo_as_0118_nf_4 PDF set, member #0, version 1; LHAPDF ID = 320900
Vegas input parameters:
  ndim 11
  ncomp 1
  epsrel 0
  epsabs 0
  flags 291
  seed 244
  mineval 1
  maxeval 1
  nstart 1000000
  nincrease 500000
  nbatch 1000
  gridno 1
  statefile "vegas_last_iter133"

Iteration 1:  1000000 integrand evaluations so far
[1] -2.46856e-08 +- 2.2732e-08  	chisq 0 (0 df)

Saving state to vegas_last_iter133.
Vegas input parameters:
  ndim 11
  ncomp 1
  epsrel 0
  epsabs 0
  flags 291
  seed 377
  mineval 1
  maxeval 1
  nstart 1000000
  nincrease 500000
  nbatch 1000
  gridno 1
  statefile "vegas_last_iter133"

Restoring state from vegas_last_iter133.

Iteration 2:  2500000 integrand evaluations so far
[1] -3.38091e-08 +- 1.80879e-08  	chisq 0.439078 (1 df)

Saving state to vegas_last_iter133.
Vegas input parameters:
  ndim 11
  ncomp 1
  epsrel 0
  epsabs 0
  flags 291
  seed 510
  mineval 1
  maxeval 1
  nstart 1000000
  nincrease 500000
  nbatch 1000
  gridno 1
  statefile "vegas_last_iter133"

Restoring state from vegas_last_iter133.

Iteration 3:  4500000 integrand evaluations so far
[1] -2.84911e-08 +- 5.30362e-09  	chisq 0.533649 (2 df)

Saving state to vegas_last_iter133.
Vegas input parameters:
  ndim 11
  ncomp 1
  epsrel 0
  epsabs 0
  flags 291
  seed 643
  mineval 1
  maxeval 1
  nstart 1000000
  nincrease 500000
  nbatch 1000
  gridno 1
  statefile "vegas_last_iter133"

Restoring state from vegas_last_iter133.

Iteration 4:  7000000 integrand evaluations so far
[1] -2.70269e-08 +- 1.34156e-09  	chisq 0.61507 (3 df)

Saving state to vegas_last_iter133.
Vegas input parameters:
  ndim 11
  ncomp 1
  epsrel 0
  epsabs 0
  flags 291
  seed 776
  mineval 1
  maxeval 1
  nstart 1000000
  nincrease 500000
  nbatch 1000
  gridno 1
  statefile "vegas_last_iter133"

Restoring state from vegas_last_iter133.

Iteration 5:  10000000 integrand evaluations so far
[1] -2.72749e-08 +- 4.33364e-10  	chisq 0.653219 (4 df)

Saving state to vegas_last_iter133.
Vegas input parameters:
  ndim 11
  ncomp 1
  epsrel 0
  epsabs 0
  flags 291
  seed 909
  mineval 1
  maxeval 1
  nstart 1000000
  nincrease 500000
  nbatch 1000
  gridno 1
  statefile "vegas_last_iter133"

Restoring state from vegas_last_iter133.

Iteration 6:  13500000 integrand evaluations so far
[1] -2.71966e-08 +- 1.84462e-10  	chisq 0.693072 (5 df)

Saving state to vegas_last_iter133.
Vegas input parameters:
  ndim 11
  ncomp 1
  epsrel 0
  epsabs 0
  flags 291
  seed 1042
  mineval 1
  maxeval 1
  nstart 1000000
  nincrease 500000
  nbatch 1000
  gridno 1
  statefile "vegas_last_iter133"

Restoring state from vegas_last_iter133.

Iteration 7:  17500000 integrand evaluations so far
[1] -2.72463e-08 +- 1.12362e-10  	chisq 0.808285 (6 df)

Saving state to vegas_last_iter133.
Vegas input parameters:
  ndim 11
  ncomp 1
  epsrel 0
  epsabs 0
  flags 291
  seed 1175
  mineval 1
  maxeval 1
  nstart 1000000
  nincrease 500000
  nbatch 1000
  gridno 1
  statefile "vegas_last_iter133"

Restoring state from vegas_last_iter133.

Iteration 8:  22000000 integrand evaluations so far
[1] -2.7152e-08 +- 8.29131e-11  	chisq 2.35388 (7 df)

Saving state to vegas_last_iter133.
Vegas input parameters:
  ndim 11
  ncomp 1
  epsrel 0
  epsabs 0
  flags 291
  seed 1308
  mineval 1
  maxeval 1
  nstart 1000000
  nincrease 500000
  nbatch 1000
  gridno 1
  statefile "vegas_last_iter133"

Restoring state from vegas_last_iter133.

Iteration 9:  27000000 integrand evaluations so far
[1] -2.71763e-08 +- 6.69792e-11  	chisq 2.60045 (8 df)

Saving state to vegas_last_iter133.
Vegas input parameters:
  ndim 11
  ncomp 1
  epsrel 0
  epsabs 0
  flags 291
  seed 1441
  mineval 1
  maxeval 1
  nstart 1000000
  nincrease 500000
  nbatch 1000
  gridno 1
  statefile "vegas_last_iter133"

Restoring state from vegas_last_iter133.

Iteration 10:  32500000 integrand evaluations so far
[1] -2.71674e-08 +- 5.68219e-11  	chisq 2.66329 (9 df)

Saving state to vegas_last_iter133.
Vegas input parameters:
  ndim 11
  ncomp 1
  epsrel 0
  epsabs 0
  flags 291
  seed 1574
  mineval 1
  maxeval 1
  nstart 1000000
  nincrease 500000
  nbatch 1000
  gridno 1
  statefile "vegas_last_iter133"

Restoring state from vegas_last_iter133.

Iteration 11:  38500000 integrand evaluations so far
[1] -2.71419e-08 +- 4.96869e-11  	chisq 3.517 (10 df)

Saving state to vegas_last_iter133.
Vegas input parameters:
  ndim 11
  ncomp 1
  epsrel 0
  epsabs 0
  flags 291
  seed 1707
  mineval 1
  maxeval 1
  nstart 1000000
  nincrease 500000
  nbatch 1000
  gridno 1
  statefile "vegas_last_iter133"

Restoring state from vegas_last_iter133.

Iteration 12:  45000000 integrand evaluations so far
[1] -2.71524e-08 +- 4.4343e-11  	chisq 3.73493 (11 df)

Saving state to vegas_last_iter133.
Vegas input parameters:
  ndim 11
  ncomp 1
  epsrel 0
  epsabs 0
  flags 291
  seed 1840
  mineval 1
  maxeval 1
  nstart 1000000
  nincrease 500000
  nbatch 1000
  gridno 1
  statefile "vegas_last_iter133"

Restoring state from vegas_last_iter133.

Iteration 13:  52000000 integrand evaluations so far
[1] -2.71365e-08 +- 4.01523e-11  	chisq 4.44618 (12 df)

Saving state to vegas_last_iter133.
Vegas input parameters:
  ndim 11
  ncomp 1
  epsrel 0
  epsabs 0
  flags 291
  seed 1973
  mineval 1
  maxeval 1
  nstart 1000000
  nincrease 500000
  nbatch 1000
  gridno 1
  statefile "vegas_last_iter133"

Restoring state from vegas_last_iter133.

Iteration 14:  59500000 integrand evaluations so far
[1] -2.71309e-08 +- 3.67643e-11  	chisq 4.56652 (13 df)

Saving state to vegas_last_iter133.
Vegas input parameters:
  ndim 11
  ncomp 1
  epsrel 0
  epsabs 0
  flags 291
  seed 2106
  mineval 1
  maxeval 1
  nstart 1000000
  nincrease 500000
  nbatch 1000
  gridno 1
  statefile "vegas_last_iter133"

Restoring state from vegas_last_iter133.

Iteration 15:  67500000 integrand evaluations so far
[1] -2.71036e-08 +- 3.3948e-11  	chisq 8.3043 (14 df)

Saving state to vegas_last_iter133.
Vegas input parameters:
  ndim 11
  ncomp 1
  epsrel 0
  epsabs 0
  flags 291
  seed 2239
  mineval 1
  maxeval 1
  nstart 1000000
  nincrease 500000
  nbatch 1000
  gridno 1
  statefile "vegas_last_iter133"

Restoring state from vegas_last_iter133.

Iteration 16:  76000000 integrand evaluations so far
[1] -2.71047e-08 +- 3.15638e-11  	chisq 8.31196 (15 df)

Saving state to vegas_last_iter133.
Vegas input parameters:
  ndim 11
  ncomp 1
  epsrel 0
  epsabs 0
  flags 291
  seed 2372
  mineval 1
  maxeval 1
  nstart 1000000
  nincrease 500000
  nbatch 1000
  gridno 1
  statefile "vegas_last_iter133"

Restoring state from vegas_last_iter133.

Iteration 17:  85000000 integrand evaluations so far
[1] -2.71031e-08 +- 2.95146e-11  	chisq 8.33374 (16 df)

Saving state to vegas_last_iter133.
Vegas input parameters:
  ndim 11
  ncomp 1
  epsrel 0
  epsabs 0
  flags 291
  seed 2505
  mineval 1
  maxeval 1
  nstart 1000000
  nincrease 500000
  nbatch 1000
  gridno 1
  statefile "vegas_last_iter133"

Restoring state from vegas_last_iter133.

Iteration 18:  94500000 integrand evaluations so far
[1] -2.71106e-08 +- 2.77343e-11  	chisq 8.89258 (17 df)

Saving state to vegas_last_iter133.
Vegas input parameters:
  ndim 11
  ncomp 1
  epsrel 0
  epsabs 0
  flags 291
  seed 2638
  mineval 1
  maxeval 1
  nstart 1000000
  nincrease 500000
  nbatch 1000
  gridno 1
  statefile "vegas_last_iter133"

Restoring state from vegas_last_iter133.

Iteration 19:  104500000 integrand evaluations so far
[1] -2.71098e-08 +- 2.61687e-11  	chisq 8.90145 (18 df)

Saving state to vegas_last_iter133.
Vegas input parameters:
  ndim 11
  ncomp 1
  epsrel 0
  epsabs 0
  flags 291
  seed 2771
  mineval 1
  maxeval 1
  nstart 1000000
  nincrease 500000
  nbatch 1000
  gridno 1
  statefile "vegas_last_iter133"

Restoring state from vegas_last_iter133.

Iteration 20:  115000000 integrand evaluations so far
[1] -2.70986e-08 +- 2.47792e-11  	chisq 10.659 (19 df)

Saving state to vegas_last_iter133.
Vegas input parameters:
  ndim 11
  ncomp 1
  epsrel 0
  epsabs 0
  flags 291
  seed 2904
  mineval 1
  maxeval 1
  nstart 1000000
  nincrease 500000
  nbatch 1000
  gridno 1
  statefile "vegas_last_iter133"

Restoring state from vegas_last_iter133.

Iteration 21:  126000000 integrand evaluations so far
[1] -2.70895e-08 +- 2.35383e-11  	chisq 12.0584 (20 df)

Saving state to vegas_last_iter133.
Vegas input parameters:
  ndim 11
  ncomp 1
  epsrel 0
  epsabs 0
  flags 291
  seed 3037
  mineval 1
  maxeval 1
  nstart 1000000
  nincrease 500000
  nbatch 1000
  gridno 1
  statefile "vegas_last_iter133"

Restoring state from vegas_last_iter133.

Iteration 22:  137500000 integrand evaluations so far
[1] -2.71052e-08 +- 2.24176e-11  	chisq 16.8863 (21 df)

Saving state to vegas_last_iter133.
Vegas input parameters:
  ndim 11
  ncomp 1
  epsrel 0
  epsabs 0
  flags 291
  seed 3170
  mineval 1
  maxeval 1
  nstart 1000000
  nincrease 500000
  nbatch 1000
  gridno 1
  statefile "vegas_last_iter133"

Restoring state from vegas_last_iter133.

Iteration 23:  149500000 integrand evaluations so far
[1] -2.71103e-08 +- 2.14042e-11  	chisq 17.4784 (22 df)

Saving state to vegas_last_iter133.
Vegas input parameters:
  ndim 11
  ncomp 1
  epsrel 0
  epsabs 0
  flags 291
  seed 3303
  mineval 1
  maxeval 1
  nstart 1000000
  nincrease 500000
  nbatch 1000
  gridno 1
  statefile "vegas_last_iter133"

Restoring state from vegas_last_iter133.

Iteration 24:  162000000 integrand evaluations so far
[1] -2.7123e-08 +- 2.04842e-11  	chisq 21.6408 (23 df)

Saving state to vegas_last_iter133.
Vegas input parameters:
  ndim 11
  ncomp 1
  epsrel 0
  epsabs 0
  flags 291
  seed 3436
  mineval 1
  maxeval 1
  nstart 1000000
  nincrease 500000
  nbatch 1000
  gridno 1
  statefile "vegas_last_iter133"

Restoring state from vegas_last_iter133.

Iteration 25:  175000000 integrand evaluations so far
[1] -2.71247e-08 +- 1.96418e-11  	chisq 21.721 (24 df)

Saving state to vegas_last_iter133.
Vegas input parameters:
  ndim 11
  ncomp 1
  epsrel 0
  epsabs 0
  flags 291
  seed 3569
  mineval 1
  maxeval 1
  nstart 1000000
  nincrease 500000
  nbatch 1000
  gridno 1
  statefile "vegas_last_iter133"

Restoring state from vegas_last_iter133.

Iteration 26:  188500000 integrand evaluations so far
[1] -2.71271e-08 +- 1.88676e-11  	chisq 21.9271 (25 df)

Saving state to vegas_last_iter133.
Vegas input parameters:
  ndim 11
  ncomp 1
  epsrel 0
  epsabs 0
  flags 291
  seed 3702
  mineval 1
  maxeval 1
  nstart 1000000
  nincrease 500000
  nbatch 1000
  gridno 1
  statefile "vegas_last_iter133"

Restoring state from vegas_last_iter133.

Iteration 27:  202500000 integrand evaluations so far
[1] -2.7119e-08 +- 1.81542e-11  	chisq 24.451 (26 df)

Saving state to vegas_last_iter133.
Thanks for using LHAPDF 6.2.1. Please make sure to cite the paper:
  Eur.Phys.J. C75 (2015) 3, 132  (http://arxiv.org/abs/1412.7420)
 method   =Vegas  
 nregions =           1
 neval    =   202500000
 fail     =           1
 -0.271189726042E-07 +-   0.181541880668E-10   p =    0.395
