LHAPDF 6.2.1 loading /cvmfs/cms.cern.ch/slc6_amd64_gcc630/external/lhapdf/6.2.1-omkpbe3/share/LHAPDF/NNPDF31_nnlo_as_0118_nf_4/NNPDF31_nnlo_as_0118_nf_4_0000.dat
NNPDF31_nnlo_as_0118_nf_4 PDF set, member #0, version 1; LHAPDF ID = 320900
Vegas input parameters:
  ndim 11
  ncomp 1
  epsrel 0
  epsabs 0
  flags 291
  seed 170
  mineval 1
  maxeval 1
  nstart 1000000
  nincrease 500000
  nbatch 1000
  gridno 1
  statefile "vegas_last_iter59"

Iteration 1:  1000000 integrand evaluations so far
[1] 8.38669e-09 +- 1.12924e-08  	chisq 0 (0 df)

Saving state to vegas_last_iter59.
Vegas input parameters:
  ndim 11
  ncomp 1
  epsrel 0
  epsabs 0
  flags 291
  seed 229
  mineval 1
  maxeval 1
  nstart 1000000
  nincrease 500000
  nbatch 1000
  gridno 1
  statefile "vegas_last_iter59"

Restoring state from vegas_last_iter59.

Iteration 2:  2500000 integrand evaluations so far
[1] 7.35191e-10 +- 7.55419e-09  	chisq 0.831003 (1 df)

Saving state to vegas_last_iter59.
Vegas input parameters:
  ndim 11
  ncomp 1
  epsrel 0
  epsabs 0
  flags 291
  seed 288
  mineval 1
  maxeval 1
  nstart 1000000
  nincrease 500000
  nbatch 1000
  gridno 1
  statefile "vegas_last_iter59"

Restoring state from vegas_last_iter59.

Iteration 3:  4500000 integrand evaluations so far
[1] -1.32673e-08 +- 3.69718e-09  	chisq 5.34909 (2 df)

Saving state to vegas_last_iter59.
Vegas input parameters:
  ndim 11
  ncomp 1
  epsrel 0
  epsabs 0
  flags 291
  seed 347
  mineval 1
  maxeval 1
  nstart 1000000
  nincrease 500000
  nbatch 1000
  gridno 1
  statefile "vegas_last_iter59"

Restoring state from vegas_last_iter59.

Iteration 4:  7000000 integrand evaluations so far
[1] -1.83357e-08 +- 6.4707e-10  	chisq 7.28777 (3 df)

Saving state to vegas_last_iter59.
Vegas input parameters:
  ndim 11
  ncomp 1
  epsrel 0
  epsabs 0
  flags 291
  seed 406
  mineval 1
  maxeval 1
  nstart 1000000
  nincrease 500000
  nbatch 1000
  gridno 1
  statefile "vegas_last_iter59"

Restoring state from vegas_last_iter59.

Iteration 5:  10000000 integrand evaluations so far
[1] -1.89418e-08 +- 2.07112e-10  	chisq 8.26527 (4 df)

Saving state to vegas_last_iter59.
Vegas input parameters:
  ndim 11
  ncomp 1
  epsrel 0
  epsabs 0
  flags 291
  seed 465
  mineval 1
  maxeval 1
  nstart 1000000
  nincrease 500000
  nbatch 1000
  gridno 1
  statefile "vegas_last_iter59"

Restoring state from vegas_last_iter59.

Iteration 6:  13500000 integrand evaluations so far
[1] -1.89778e-08 +- 1.00385e-10  	chisq 8.3048 (5 df)

Saving state to vegas_last_iter59.
Vegas input parameters:
  ndim 11
  ncomp 1
  epsrel 0
  epsabs 0
  flags 291
  seed 524
  mineval 1
  maxeval 1
  nstart 1000000
  nincrease 500000
  nbatch 1000
  gridno 1
  statefile "vegas_last_iter59"

Restoring state from vegas_last_iter59.

Iteration 7:  17500000 integrand evaluations so far
[1] -1.90206e-08 +- 6.04366e-11  	chisq 8.58971 (6 df)

Saving state to vegas_last_iter59.
Vegas input parameters:
  ndim 11
  ncomp 1
  epsrel 0
  epsabs 0
  flags 291
  seed 583
  mineval 1
  maxeval 1
  nstart 1000000
  nincrease 500000
  nbatch 1000
  gridno 1
  statefile "vegas_last_iter59"

Restoring state from vegas_last_iter59.

Iteration 8:  22000000 integrand evaluations so far
[1] -1.89932e-08 +- 4.33709e-11  	chisq 9.01138 (7 df)

Saving state to vegas_last_iter59.
Vegas input parameters:
  ndim 11
  ncomp 1
  epsrel 0
  epsabs 0
  flags 291
  seed 642
  mineval 1
  maxeval 1
  nstart 1000000
  nincrease 500000
  nbatch 1000
  gridno 1
  statefile "vegas_last_iter59"

Restoring state from vegas_last_iter59.

Iteration 9:  27000000 integrand evaluations so far
[1] -1.90016e-08 +- 3.44811e-11  	chisq 9.11113 (8 df)

Saving state to vegas_last_iter59.
Vegas input parameters:
  ndim 11
  ncomp 1
  epsrel 0
  epsabs 0
  flags 291
  seed 701
  mineval 1
  maxeval 1
  nstart 1000000
  nincrease 500000
  nbatch 1000
  gridno 1
  statefile "vegas_last_iter59"

Restoring state from vegas_last_iter59.

Iteration 10:  32500000 integrand evaluations so far
[1] -1.90084e-08 +- 2.89343e-11  	chisq 9.24578 (9 df)

Saving state to vegas_last_iter59.
Vegas input parameters:
  ndim 11
  ncomp 1
  epsrel 0
  epsabs 0
  flags 291
  seed 760
  mineval 1
  maxeval 1
  nstart 1000000
  nincrease 500000
  nbatch 1000
  gridno 1
  statefile "vegas_last_iter59"

Restoring state from vegas_last_iter59.

Iteration 11:  38500000 integrand evaluations so far
[1] -1.90109e-08 +- 2.50888e-11  	chisq 9.2748 (10 df)

Saving state to vegas_last_iter59.
Vegas input parameters:
  ndim 11
  ncomp 1
  epsrel 0
  epsabs 0
  flags 291
  seed 819
  mineval 1
  maxeval 1
  nstart 1000000
  nincrease 500000
  nbatch 1000
  gridno 1
  statefile "vegas_last_iter59"

Restoring state from vegas_last_iter59.

Iteration 12:  45000000 integrand evaluations so far
[1] -1.90254e-08 +- 2.22952e-11  	chisq 10.8743 (11 df)

Saving state to vegas_last_iter59.
Vegas input parameters:
  ndim 11
  ncomp 1
  epsrel 0
  epsabs 0
  flags 291
  seed 878
  mineval 1
  maxeval 1
  nstart 1000000
  nincrease 500000
  nbatch 1000
  gridno 1
  statefile "vegas_last_iter59"

Restoring state from vegas_last_iter59.

Iteration 13:  52000000 integrand evaluations so far
[1] -1.90134e-08 +- 2.01003e-11  	chisq 12.4361 (12 df)

Saving state to vegas_last_iter59.
Vegas input parameters:
  ndim 11
  ncomp 1
  epsrel 0
  epsabs 0
  flags 291
  seed 937
  mineval 1
  maxeval 1
  nstart 1000000
  nincrease 500000
  nbatch 1000
  gridno 1
  statefile "vegas_last_iter59"

Restoring state from vegas_last_iter59.

Iteration 14:  59500000 integrand evaluations so far
[1] -1.90148e-08 +- 1.83531e-11  	chisq 12.4653 (13 df)

Saving state to vegas_last_iter59.
Vegas input parameters:
  ndim 11
  ncomp 1
  epsrel 0
  epsabs 0
  flags 291
  seed 996
  mineval 1
  maxeval 1
  nstart 1000000
  nincrease 500000
  nbatch 1000
  gridno 1
  statefile "vegas_last_iter59"

Restoring state from vegas_last_iter59.

Iteration 15:  67500000 integrand evaluations so far
[1] -1.90084e-08 +- 1.69046e-11  	chisq 13.2532 (14 df)

Saving state to vegas_last_iter59.
Vegas input parameters:
  ndim 11
  ncomp 1
  epsrel 0
  epsabs 0
  flags 291
  seed 1055
  mineval 1
  maxeval 1
  nstart 1000000
  nincrease 500000
  nbatch 1000
  gridno 1
  statefile "vegas_last_iter59"

Restoring state from vegas_last_iter59.

Iteration 16:  76000000 integrand evaluations so far
[1] -1.90084e-08 +- 1.57004e-11  	chisq 13.2534 (15 df)

Saving state to vegas_last_iter59.
Vegas input parameters:
  ndim 11
  ncomp 1
  epsrel 0
  epsabs 0
  flags 291
  seed 1114
  mineval 1
  maxeval 1
  nstart 1000000
  nincrease 500000
  nbatch 1000
  gridno 1
  statefile "vegas_last_iter59"

Restoring state from vegas_last_iter59.

Iteration 17:  85000000 integrand evaluations so far
[1] -1.90065e-08 +- 1.46638e-11  	chisq 13.3658 (16 df)

Saving state to vegas_last_iter59.
Vegas input parameters:
  ndim 11
  ncomp 1
  epsrel 0
  epsabs 0
  flags 291
  seed 1173
  mineval 1
  maxeval 1
  nstart 1000000
  nincrease 500000
  nbatch 1000
  gridno 1
  statefile "vegas_last_iter59"

Restoring state from vegas_last_iter59.

Iteration 18:  94500000 integrand evaluations so far
[1] -1.90006e-08 +- 1.37615e-11  	chisq 14.7311 (17 df)

Saving state to vegas_last_iter59.
Vegas input parameters:
  ndim 11
  ncomp 1
  epsrel 0
  epsabs 0
  flags 291
  seed 1232
  mineval 1
  maxeval 1
  nstart 1000000
  nincrease 500000
  nbatch 1000
  gridno 1
  statefile "vegas_last_iter59"

Restoring state from vegas_last_iter59.

Iteration 19:  104500000 integrand evaluations so far
[1] -1.8996e-08 +- 1.29752e-11  	chisq 15.7188 (18 df)

Saving state to vegas_last_iter59.
Vegas input parameters:
  ndim 11
  ncomp 1
  epsrel 0
  epsabs 0
  flags 291
  seed 1291
  mineval 1
  maxeval 1
  nstart 1000000
  nincrease 500000
  nbatch 1000
  gridno 1
  statefile "vegas_last_iter59"

Restoring state from vegas_last_iter59.

Iteration 20:  115000000 integrand evaluations so far
[1] -1.90033e-08 +- 1.22782e-11  	chisq 18.7362 (19 df)

Saving state to vegas_last_iter59.
Vegas input parameters:
  ndim 11
  ncomp 1
  epsrel 0
  epsabs 0
  flags 291
  seed 1350
  mineval 1
  maxeval 1
  nstart 1000000
  nincrease 500000
  nbatch 1000
  gridno 1
  statefile "vegas_last_iter59"

Restoring state from vegas_last_iter59.

Iteration 21:  126000000 integrand evaluations so far
[1] -1.89982e-08 +- 1.16539e-11  	chisq 20.4731 (20 df)

Saving state to vegas_last_iter59.
Vegas input parameters:
  ndim 11
  ncomp 1
  epsrel 0
  epsabs 0
  flags 291
  seed 1409
  mineval 1
  maxeval 1
  nstart 1000000
  nincrease 500000
  nbatch 1000
  gridno 1
  statefile "vegas_last_iter59"

Restoring state from vegas_last_iter59.

Iteration 22:  137500000 integrand evaluations so far
[1] -1.89956e-08 +- 1.1094e-11  	chisq 21.0175 (21 df)

Saving state to vegas_last_iter59.
Vegas input parameters:
  ndim 11
  ncomp 1
  epsrel 0
  epsabs 0
  flags 291
  seed 1468
  mineval 1
  maxeval 1
  nstart 1000000
  nincrease 500000
  nbatch 1000
  gridno 1
  statefile "vegas_last_iter59"

Restoring state from vegas_last_iter59.

Iteration 23:  149500000 integrand evaluations so far
[1] -1.89984e-08 +- 1.05884e-11  	chisq 21.7606 (22 df)

Saving state to vegas_last_iter59.
Vegas input parameters:
  ndim 11
  ncomp 1
  epsrel 0
  epsabs 0
  flags 291
  seed 1527
  mineval 1
  maxeval 1
  nstart 1000000
  nincrease 500000
  nbatch 1000
  gridno 1
  statefile "vegas_last_iter59"

Restoring state from vegas_last_iter59.

Iteration 24:  162000000 integrand evaluations so far
[1] -1.89987e-08 +- 1.01292e-11  	chisq 21.7667 (23 df)

Saving state to vegas_last_iter59.
Vegas input parameters:
  ndim 11
  ncomp 1
  epsrel 0
  epsabs 0
  flags 291
  seed 1586
  mineval 1
  maxeval 1
  nstart 1000000
  nincrease 500000
  nbatch 1000
  gridno 1
  statefile "vegas_last_iter59"

Restoring state from vegas_last_iter59.

Iteration 25:  175000000 integrand evaluations so far
[1] -1.89965e-08 +- 9.70826e-12  	chisq 22.3107 (24 df)

Saving state to vegas_last_iter59.
Vegas input parameters:
  ndim 11
  ncomp 1
  epsrel 0
  epsabs 0
  flags 291
  seed 1645
  mineval 1
  maxeval 1
  nstart 1000000
  nincrease 500000
  nbatch 1000
  gridno 1
  statefile "vegas_last_iter59"

Restoring state from vegas_last_iter59.

Iteration 26:  188500000 integrand evaluations so far
[1] -1.89987e-08 +- 9.32329e-12  	chisq 22.9567 (25 df)

Saving state to vegas_last_iter59.
Vegas input parameters:
  ndim 11
  ncomp 1
  epsrel 0
  epsabs 0
  flags 291
  seed 1704
  mineval 1
  maxeval 1
  nstart 1000000
  nincrease 500000
  nbatch 1000
  gridno 1
  statefile "vegas_last_iter59"

Restoring state from vegas_last_iter59.

Iteration 27:  202500000 integrand evaluations so far
[1] -1.89992e-08 +- 8.96936e-12  	chisq 22.9936 (26 df)

Saving state to vegas_last_iter59.
Thanks for using LHAPDF 6.2.1. Please make sure to cite the paper:
  Eur.Phys.J. C75 (2015) 3, 132  (http://arxiv.org/abs/1412.7420)
 method   =Vegas  
 nregions =           1
 neval    =   202500000
 fail     =           1
 -0.189991855528E-07 +-   0.896935720115E-11   p =    0.315
