LHAPDF 6.2.1 loading /cvmfs/cms.cern.ch/slc6_amd64_gcc630/external/lhapdf/6.2.1-omkpbe3/share/LHAPDF/NNPDF31_nnlo_as_0118_nf_4/NNPDF31_nnlo_as_0118_nf_4_0000.dat
NNPDF31_nnlo_as_0118_nf_4 PDF set, member #0, version 1; LHAPDF ID = 320900
Vegas input parameters:
  ndim 11
  ncomp 1
  epsrel 0
  epsabs 0
  flags 291
  seed 183
  mineval 1
  maxeval 1
  nstart 1000000
  nincrease 500000
  nbatch 1000
  gridno 1
  statefile "vegas_last_iter72"

Iteration 1:  1000000 integrand evaluations so far
[1] 3.55078e-07 +- 2.23484e-07  	chisq 0 (0 df)

Saving state to vegas_last_iter72.
Vegas input parameters:
  ndim 11
  ncomp 1
  epsrel 0
  epsabs 0
  flags 291
  seed 255
  mineval 1
  maxeval 1
  nstart 1000000
  nincrease 500000
  nbatch 1000
  gridno 1
  statefile "vegas_last_iter72"

Restoring state from vegas_last_iter72.

Iteration 2:  2500000 integrand evaluations so far
[1] 1.0804e-07 +- 9.92284e-08  	chisq 1.52192 (1 df)

Saving state to vegas_last_iter72.
Vegas input parameters:
  ndim 11
  ncomp 1
  epsrel 0
  epsabs 0
  flags 291
  seed 327
  mineval 1
  maxeval 1
  nstart 1000000
  nincrease 500000
  nbatch 1000
  gridno 1
  statefile "vegas_last_iter72"

Restoring state from vegas_last_iter72.

Iteration 3:  4500000 integrand evaluations so far
[1] 1.23173e-07 +- 5.55866e-08  	chisq 1.55581 (2 df)

Saving state to vegas_last_iter72.
Vegas input parameters:
  ndim 11
  ncomp 1
  epsrel 0
  epsabs 0
  flags 291
  seed 399
  mineval 1
  maxeval 1
  nstart 1000000
  nincrease 500000
  nbatch 1000
  gridno 1
  statefile "vegas_last_iter72"

Restoring state from vegas_last_iter72.

Iteration 4:  7000000 integrand evaluations so far
[1] 2.08757e-07 +- 1.22738e-08  	chisq 4.04781 (3 df)

Saving state to vegas_last_iter72.
Vegas input parameters:
  ndim 11
  ncomp 1
  epsrel 0
  epsabs 0
  flags 291
  seed 471
  mineval 1
  maxeval 1
  nstart 1000000
  nincrease 500000
  nbatch 1000
  gridno 1
  statefile "vegas_last_iter72"

Restoring state from vegas_last_iter72.

Iteration 5:  10000000 integrand evaluations so far
[1] 2.11245e-07 +- 3.79251e-09  	chisq 4.09323 (4 df)

Saving state to vegas_last_iter72.
Vegas input parameters:
  ndim 11
  ncomp 1
  epsrel 0
  epsabs 0
  flags 291
  seed 543
  mineval 1
  maxeval 1
  nstart 1000000
  nincrease 500000
  nbatch 1000
  gridno 1
  statefile "vegas_last_iter72"

Restoring state from vegas_last_iter72.

Iteration 6:  13500000 integrand evaluations so far
[1] 2.09528e-07 +- 1.6969e-09  	chisq 4.34942 (5 df)

Saving state to vegas_last_iter72.
Vegas input parameters:
  ndim 11
  ncomp 1
  epsrel 0
  epsabs 0
  flags 291
  seed 615
  mineval 1
  maxeval 1
  nstart 1000000
  nincrease 500000
  nbatch 1000
  gridno 1
  statefile "vegas_last_iter72"

Restoring state from vegas_last_iter72.

Iteration 7:  17500000 integrand evaluations so far
[1] 2.07848e-07 +- 1.06361e-09  	chisq 5.96451 (6 df)

Saving state to vegas_last_iter72.
Vegas input parameters:
  ndim 11
  ncomp 1
  epsrel 0
  epsabs 0
  flags 291
  seed 687
  mineval 1
  maxeval 1
  nstart 1000000
  nincrease 500000
  nbatch 1000
  gridno 1
  statefile "vegas_last_iter72"

Restoring state from vegas_last_iter72.

Iteration 8:  22000000 integrand evaluations so far
[1] 2.07894e-07 +- 7.94821e-10  	chisq 5.96881 (7 df)

Saving state to vegas_last_iter72.
Vegas input parameters:
  ndim 11
  ncomp 1
  epsrel 0
  epsabs 0
  flags 291
  seed 759
  mineval 1
  maxeval 1
  nstart 1000000
  nincrease 500000
  nbatch 1000
  gridno 1
  statefile "vegas_last_iter72"

Restoring state from vegas_last_iter72.

Iteration 9:  27000000 integrand evaluations so far
[1] 2.0795e-07 +- 6.44906e-10  	chisq 5.9836 (8 df)

Saving state to vegas_last_iter72.
Vegas input parameters:
  ndim 11
  ncomp 1
  epsrel 0
  epsabs 0
  flags 291
  seed 831
  mineval 1
  maxeval 1
  nstart 1000000
  nincrease 500000
  nbatch 1000
  gridno 1
  statefile "vegas_last_iter72"

Restoring state from vegas_last_iter72.

Iteration 10:  32500000 integrand evaluations so far
[1] 2.08279e-07 +- 5.48756e-10  	chisq 6.9223 (9 df)

Saving state to vegas_last_iter72.
Vegas input parameters:
  ndim 11
  ncomp 1
  epsrel 0
  epsabs 0
  flags 291
  seed 903
  mineval 1
  maxeval 1
  nstart 1000000
  nincrease 500000
  nbatch 1000
  gridno 1
  statefile "vegas_last_iter72"

Restoring state from vegas_last_iter72.

Iteration 11:  38500000 integrand evaluations so far
[1] 2.08226e-07 +- 4.80887e-10  	chisq 6.96163 (10 df)

Saving state to vegas_last_iter72.
Vegas input parameters:
  ndim 11
  ncomp 1
  epsrel 0
  epsabs 0
  flags 291
  seed 975
  mineval 1
  maxeval 1
  nstart 1000000
  nincrease 500000
  nbatch 1000
  gridno 1
  statefile "vegas_last_iter72"

Restoring state from vegas_last_iter72.

Iteration 12:  45000000 integrand evaluations so far
[1] 2.08138e-07 +- 4.29479e-10  	chisq 7.1275 (11 df)

Saving state to vegas_last_iter72.
Vegas input parameters:
  ndim 11
  ncomp 1
  epsrel 0
  epsabs 0
  flags 291
  seed 1047
  mineval 1
  maxeval 1
  nstart 1000000
  nincrease 500000
  nbatch 1000
  gridno 1
  statefile "vegas_last_iter72"

Restoring state from vegas_last_iter72.

Iteration 13:  52000000 integrand evaluations so far
[1] 2.08306e-07 +- 3.89052e-10  	chisq 7.97602 (12 df)

Saving state to vegas_last_iter72.
Vegas input parameters:
  ndim 11
  ncomp 1
  epsrel 0
  epsabs 0
  flags 291
  seed 1119
  mineval 1
  maxeval 1
  nstart 1000000
  nincrease 500000
  nbatch 1000
  gridno 1
  statefile "vegas_last_iter72"

Restoring state from vegas_last_iter72.

Iteration 14:  59500000 integrand evaluations so far
[1] 2.08475e-07 +- 3.56302e-10  	chisq 9.14942 (13 df)

Saving state to vegas_last_iter72.
Vegas input parameters:
  ndim 11
  ncomp 1
  epsrel 0
  epsabs 0
  flags 291
  seed 1191
  mineval 1
  maxeval 1
  nstart 1000000
  nincrease 500000
  nbatch 1000
  gridno 1
  statefile "vegas_last_iter72"

Restoring state from vegas_last_iter72.

Iteration 15:  67500000 integrand evaluations so far
[1] 2.08273e-07 +- 3.2913e-10  	chisq 11.335 (14 df)

Saving state to vegas_last_iter72.
Vegas input parameters:
  ndim 11
  ncomp 1
  epsrel 0
  epsabs 0
  flags 291
  seed 1263
  mineval 1
  maxeval 1
  nstart 1000000
  nincrease 500000
  nbatch 1000
  gridno 1
  statefile "vegas_last_iter72"

Restoring state from vegas_last_iter72.

Iteration 16:  76000000 integrand evaluations so far
[1] 2.08173e-07 +- 3.06123e-10  	chisq 12.0279 (15 df)

Saving state to vegas_last_iter72.
Vegas input parameters:
  ndim 11
  ncomp 1
  epsrel 0
  epsabs 0
  flags 291
  seed 1335
  mineval 1
  maxeval 1
  nstart 1000000
  nincrease 500000
  nbatch 1000
  gridno 1
  statefile "vegas_last_iter72"

Restoring state from vegas_last_iter72.

Iteration 17:  85000000 integrand evaluations so far
[1] 2.08e-07 +- 2.86343e-10  	chisq 14.568 (16 df)

Saving state to vegas_last_iter72.
Vegas input parameters:
  ndim 11
  ncomp 1
  epsrel 0
  epsabs 0
  flags 291
  seed 1407
  mineval 1
  maxeval 1
  nstart 1000000
  nincrease 500000
  nbatch 1000
  gridno 1
  statefile "vegas_last_iter72"

Restoring state from vegas_last_iter72.

Iteration 18:  94500000 integrand evaluations so far
[1] 2.0803e-07 +- 2.69091e-10  	chisq 14.6602 (17 df)

Saving state to vegas_last_iter72.
Vegas input parameters:
  ndim 11
  ncomp 1
  epsrel 0
  epsabs 0
  flags 291
  seed 1479
  mineval 1
  maxeval 1
  nstart 1000000
  nincrease 500000
  nbatch 1000
  gridno 1
  statefile "vegas_last_iter72"

Restoring state from vegas_last_iter72.

Iteration 19:  104500000 integrand evaluations so far
[1] 2.08187e-07 +- 2.5392e-10  	chisq 17.7755 (18 df)

Saving state to vegas_last_iter72.
Vegas input parameters:
  ndim 11
  ncomp 1
  epsrel 0
  epsabs 0
  flags 291
  seed 1551
  mineval 1
  maxeval 1
  nstart 1000000
  nincrease 500000
  nbatch 1000
  gridno 1
  statefile "vegas_last_iter72"

Restoring state from vegas_last_iter72.

Iteration 20:  115000000 integrand evaluations so far
[1] 2.08176e-07 +- 2.40464e-10  	chisq 17.7941 (19 df)

Saving state to vegas_last_iter72.
Vegas input parameters:
  ndim 11
  ncomp 1
  epsrel 0
  epsabs 0
  flags 291
  seed 1623
  mineval 1
  maxeval 1
  nstart 1000000
  nincrease 500000
  nbatch 1000
  gridno 1
  statefile "vegas_last_iter72"

Restoring state from vegas_last_iter72.

Iteration 21:  126000000 integrand evaluations so far
[1] 2.08217e-07 +- 2.28428e-10  	chisq 18.0986 (20 df)

Saving state to vegas_last_iter72.
Vegas input parameters:
  ndim 11
  ncomp 1
  epsrel 0
  epsabs 0
  flags 291
  seed 1695
  mineval 1
  maxeval 1
  nstart 1000000
  nincrease 500000
  nbatch 1000
  gridno 1
  statefile "vegas_last_iter72"

Restoring state from vegas_last_iter72.

Iteration 22:  137500000 integrand evaluations so far
[1] 2.08236e-07 +- 2.17599e-10  	chisq 18.1695 (21 df)

Saving state to vegas_last_iter72.
Vegas input parameters:
  ndim 11
  ncomp 1
  epsrel 0
  epsabs 0
  flags 291
  seed 1767
  mineval 1
  maxeval 1
  nstart 1000000
  nincrease 500000
  nbatch 1000
  gridno 1
  statefile "vegas_last_iter72"

Restoring state from vegas_last_iter72.

Iteration 23:  149500000 integrand evaluations so far
[1] 2.08351e-07 +- 2.07784e-10  	chisq 21.3656 (22 df)

Saving state to vegas_last_iter72.
Vegas input parameters:
  ndim 11
  ncomp 1
  epsrel 0
  epsabs 0
  flags 291
  seed 1839
  mineval 1
  maxeval 1
  nstart 1000000
  nincrease 500000
  nbatch 1000
  gridno 1
  statefile "vegas_last_iter72"

Restoring state from vegas_last_iter72.

Iteration 24:  162000000 integrand evaluations so far
[1] 2.08356e-07 +- 1.98857e-10  	chisq 21.3717 (23 df)

Saving state to vegas_last_iter72.
Vegas input parameters:
  ndim 11
  ncomp 1
  epsrel 0
  epsabs 0
  flags 291
  seed 1911
  mineval 1
  maxeval 1
  nstart 1000000
  nincrease 500000
  nbatch 1000
  gridno 1
  statefile "vegas_last_iter72"

Restoring state from vegas_last_iter72.

Iteration 25:  175000000 integrand evaluations so far
[1] 2.08366e-07 +- 1.90686e-10  	chisq 21.4061 (24 df)

Saving state to vegas_last_iter72.
Vegas input parameters:
  ndim 11
  ncomp 1
  epsrel 0
  epsabs 0
  flags 291
  seed 1983
  mineval 1
  maxeval 1
  nstart 1000000
  nincrease 500000
  nbatch 1000
  gridno 1
  statefile "vegas_last_iter72"

Restoring state from vegas_last_iter72.

Iteration 26:  188500000 integrand evaluations so far
[1] 2.08406e-07 +- 1.83191e-10  	chisq 21.9511 (25 df)

Saving state to vegas_last_iter72.
Vegas input parameters:
  ndim 11
  ncomp 1
  epsrel 0
  epsabs 0
  flags 291
  seed 2055
  mineval 1
  maxeval 1
  nstart 1000000
  nincrease 500000
  nbatch 1000
  gridno 1
  statefile "vegas_last_iter72"

Restoring state from vegas_last_iter72.

Iteration 27:  202500000 integrand evaluations so far
[1] 2.08372e-07 +- 1.76284e-10  	chisq 22.4174 (26 df)

Saving state to vegas_last_iter72.
Thanks for using LHAPDF 6.2.1. Please make sure to cite the paper:
  Eur.Phys.J. C75 (2015) 3, 132  (http://arxiv.org/abs/1412.7420)
 method   =Vegas  
 nregions =           1
 neval    =   202500000
 fail     =           1
  0.208371539083E-06 +-   0.176283841291E-09   p =    0.284
