LHAPDF 6.2.1 loading /cvmfs/cms.cern.ch/slc6_amd64_gcc630/external/lhapdf/6.2.1-omkpbe3/share/LHAPDF/NNPDF31_nnlo_as_0118_nf_4/NNPDF31_nnlo_as_0118_nf_4_0000.dat
NNPDF31_nnlo_as_0118_nf_4 PDF set, member #0, version 1; LHAPDF ID = 320900
Vegas input parameters:
  ndim 11
  ncomp 1
  epsrel 0
  epsabs 0
  flags 291
  seed 182
  mineval 1
  maxeval 1
  nstart 1000000
  nincrease 500000
  nbatch 1000
  gridno 1
  statefile "vegas_last_iter71"

Iteration 1:  1000000 integrand evaluations so far
[1] 8.4715e-07 +- 3.10002e-07  	chisq 0 (0 df)

Saving state to vegas_last_iter71.
Vegas input parameters:
  ndim 11
  ncomp 1
  epsrel 0
  epsabs 0
  flags 291
  seed 253
  mineval 1
  maxeval 1
  nstart 1000000
  nincrease 500000
  nbatch 1000
  gridno 1
  statefile "vegas_last_iter71"

Restoring state from vegas_last_iter71.

Iteration 2:  2500000 integrand evaluations so far
[1] 9.61704e-07 +- 9.6658e-08  	chisq 0.151256 (1 df)

Saving state to vegas_last_iter71.
Vegas input parameters:
  ndim 11
  ncomp 1
  epsrel 0
  epsabs 0
  flags 291
  seed 324
  mineval 1
  maxeval 1
  nstart 1000000
  nincrease 500000
  nbatch 1000
  gridno 1
  statefile "vegas_last_iter71"

Restoring state from vegas_last_iter71.

Iteration 3:  4500000 integrand evaluations so far
[1] 9.89594e-07 +- 6.14995e-08  	chisq 0.291142 (2 df)

Saving state to vegas_last_iter71.
Vegas input parameters:
  ndim 11
  ncomp 1
  epsrel 0
  epsabs 0
  flags 291
  seed 395
  mineval 1
  maxeval 1
  nstart 1000000
  nincrease 500000
  nbatch 1000
  gridno 1
  statefile "vegas_last_iter71"

Restoring state from vegas_last_iter71.

Iteration 4:  7000000 integrand evaluations so far
[1] 9.23984e-07 +- 1.78927e-08  	chisq 1.53455 (3 df)

Saving state to vegas_last_iter71.
Vegas input parameters:
  ndim 11
  ncomp 1
  epsrel 0
  epsabs 0
  flags 291
  seed 466
  mineval 1
  maxeval 1
  nstart 1000000
  nincrease 500000
  nbatch 1000
  gridno 1
  statefile "vegas_last_iter71"

Restoring state from vegas_last_iter71.

Iteration 5:  10000000 integrand evaluations so far
[1] 9.22071e-07 +- 5.60109e-09  	chisq 1.54723 (4 df)

Saving state to vegas_last_iter71.
Vegas input parameters:
  ndim 11
  ncomp 1
  epsrel 0
  epsabs 0
  flags 291
  seed 537
  mineval 1
  maxeval 1
  nstart 1000000
  nincrease 500000
  nbatch 1000
  gridno 1
  statefile "vegas_last_iter71"

Restoring state from vegas_last_iter71.

Iteration 6:  13500000 integrand evaluations so far
[1] 9.2155e-07 +- 2.97111e-09  	chisq 1.55923 (5 df)

Saving state to vegas_last_iter71.
Vegas input parameters:
  ndim 11
  ncomp 1
  epsrel 0
  epsabs 0
  flags 291
  seed 608
  mineval 1
  maxeval 1
  nstart 1000000
  nincrease 500000
  nbatch 1000
  gridno 1
  statefile "vegas_last_iter71"

Restoring state from vegas_last_iter71.

Iteration 7:  17500000 integrand evaluations so far
[1] 9.19785e-07 +- 2.01567e-09  	chisq 2.21344 (6 df)

Saving state to vegas_last_iter71.
Vegas input parameters:
  ndim 11
  ncomp 1
  epsrel 0
  epsabs 0
  flags 291
  seed 679
  mineval 1
  maxeval 1
  nstart 1000000
  nincrease 500000
  nbatch 1000
  gridno 1
  statefile "vegas_last_iter71"

Restoring state from vegas_last_iter71.

Iteration 8:  22000000 integrand evaluations so far
[1] 9.20262e-07 +- 1.55242e-09  	chisq 2.35132 (7 df)

Saving state to vegas_last_iter71.
Vegas input parameters:
  ndim 11
  ncomp 1
  epsrel 0
  epsabs 0
  flags 291
  seed 750
  mineval 1
  maxeval 1
  nstart 1000000
  nincrease 500000
  nbatch 1000
  gridno 1
  statefile "vegas_last_iter71"

Restoring state from vegas_last_iter71.

Iteration 9:  27000000 integrand evaluations so far
[1] 9.21273e-07 +- 1.27945e-09  	chisq 3.6728 (8 df)

Saving state to vegas_last_iter71.
Vegas input parameters:
  ndim 11
  ncomp 1
  epsrel 0
  epsabs 0
  flags 291
  seed 821
  mineval 1
  maxeval 1
  nstart 1000000
  nincrease 500000
  nbatch 1000
  gridno 1
  statefile "vegas_last_iter71"

Restoring state from vegas_last_iter71.

Iteration 10:  32500000 integrand evaluations so far
[1] 9.21308e-07 +- 1.09827e-09  	chisq 3.67559 (9 df)

Saving state to vegas_last_iter71.
Vegas input parameters:
  ndim 11
  ncomp 1
  epsrel 0
  epsabs 0
  flags 291
  seed 892
  mineval 1
  maxeval 1
  nstart 1000000
  nincrease 500000
  nbatch 1000
  gridno 1
  statefile "vegas_last_iter71"

Restoring state from vegas_last_iter71.

Iteration 11:  38500000 integrand evaluations so far
[1] 9.21148e-07 +- 9.67889e-10  	chisq 3.77024 (10 df)

Saving state to vegas_last_iter71.
Vegas input parameters:
  ndim 11
  ncomp 1
  epsrel 0
  epsabs 0
  flags 291
  seed 963
  mineval 1
  maxeval 1
  nstart 1000000
  nincrease 500000
  nbatch 1000
  gridno 1
  statefile "vegas_last_iter71"

Restoring state from vegas_last_iter71.

Iteration 12:  45000000 integrand evaluations so far
[1] 9.20712e-07 +- 8.67831e-10  	chisq 4.80593 (11 df)

Saving state to vegas_last_iter71.
Vegas input parameters:
  ndim 11
  ncomp 1
  epsrel 0
  epsabs 0
  flags 291
  seed 1034
  mineval 1
  maxeval 1
  nstart 1000000
  nincrease 500000
  nbatch 1000
  gridno 1
  statefile "vegas_last_iter71"

Restoring state from vegas_last_iter71.

Iteration 13:  52000000 integrand evaluations so far
[1] 9.20374e-07 +- 7.88687e-10  	chisq 5.67588 (12 df)

Saving state to vegas_last_iter71.
Vegas input parameters:
  ndim 11
  ncomp 1
  epsrel 0
  epsabs 0
  flags 291
  seed 1105
  mineval 1
  maxeval 1
  nstart 1000000
  nincrease 500000
  nbatch 1000
  gridno 1
  statefile "vegas_last_iter71"

Restoring state from vegas_last_iter71.

Iteration 14:  59500000 integrand evaluations so far
[1] 9.20115e-07 +- 7.23992e-10  	chisq 6.3639 (13 df)

Saving state to vegas_last_iter71.
Vegas input parameters:
  ndim 11
  ncomp 1
  epsrel 0
  epsabs 0
  flags 291
  seed 1176
  mineval 1
  maxeval 1
  nstart 1000000
  nincrease 500000
  nbatch 1000
  gridno 1
  statefile "vegas_last_iter71"

Restoring state from vegas_last_iter71.

Iteration 15:  67500000 integrand evaluations so far
[1] 9.20075e-07 +- 6.69869e-10  	chisq 6.38472 (14 df)

Saving state to vegas_last_iter71.
Vegas input parameters:
  ndim 11
  ncomp 1
  epsrel 0
  epsabs 0
  flags 291
  seed 1247
  mineval 1
  maxeval 1
  nstart 1000000
  nincrease 500000
  nbatch 1000
  gridno 1
  statefile "vegas_last_iter71"

Restoring state from vegas_last_iter71.

Iteration 16:  76000000 integrand evaluations so far
[1] 9.19573e-07 +- 6.23923e-10  	chisq 10.6269 (15 df)

Saving state to vegas_last_iter71.
Vegas input parameters:
  ndim 11
  ncomp 1
  epsrel 0
  epsabs 0
  flags 291
  seed 1318
  mineval 1
  maxeval 1
  nstart 1000000
  nincrease 500000
  nbatch 1000
  gridno 1
  statefile "vegas_last_iter71"

Restoring state from vegas_last_iter71.

Iteration 17:  85000000 integrand evaluations so far
[1] 9.19639e-07 +- 5.84175e-10  	chisq 10.7186 (16 df)

Saving state to vegas_last_iter71.
Vegas input parameters:
  ndim 11
  ncomp 1
  epsrel 0
  epsabs 0
  flags 291
  seed 1389
  mineval 1
  maxeval 1
  nstart 1000000
  nincrease 500000
  nbatch 1000
  gridno 1
  statefile "vegas_last_iter71"

Restoring state from vegas_last_iter71.

Iteration 18:  94500000 integrand evaluations so far
[1] 9.19818e-07 +- 5.49463e-10  	chisq 11.5268 (17 df)

Saving state to vegas_last_iter71.
Vegas input parameters:
  ndim 11
  ncomp 1
  epsrel 0
  epsabs 0
  flags 291
  seed 1460
  mineval 1
  maxeval 1
  nstart 1000000
  nincrease 500000
  nbatch 1000
  gridno 1
  statefile "vegas_last_iter71"

Restoring state from vegas_last_iter71.

Iteration 19:  104500000 integrand evaluations so far
[1] 9.19662e-07 +- 5.18777e-10  	chisq 12.2674 (18 df)

Saving state to vegas_last_iter71.
Vegas input parameters:
  ndim 11
  ncomp 1
  epsrel 0
  epsabs 0
  flags 291
  seed 1531
  mineval 1
  maxeval 1
  nstart 1000000
  nincrease 500000
  nbatch 1000
  gridno 1
  statefile "vegas_last_iter71"

Restoring state from vegas_last_iter71.

Iteration 20:  115000000 integrand evaluations so far
[1] 9.19901e-07 +- 4.91519e-10  	chisq 14.3397 (19 df)

Saving state to vegas_last_iter71.
Vegas input parameters:
  ndim 11
  ncomp 1
  epsrel 0
  epsabs 0
  flags 291
  seed 1602
  mineval 1
  maxeval 1
  nstart 1000000
  nincrease 500000
  nbatch 1000
  gridno 1
  statefile "vegas_last_iter71"

Restoring state from vegas_last_iter71.

Iteration 21:  126000000 integrand evaluations so far
[1] 9.19838e-07 +- 4.67177e-10  	chisq 14.5104 (20 df)

Saving state to vegas_last_iter71.
Vegas input parameters:
  ndim 11
  ncomp 1
  epsrel 0
  epsabs 0
  flags 291
  seed 1673
  mineval 1
  maxeval 1
  nstart 1000000
  nincrease 500000
  nbatch 1000
  gridno 1
  statefile "vegas_last_iter71"

Restoring state from vegas_last_iter71.

Iteration 22:  137500000 integrand evaluations so far
[1] 9.19483e-07 +- 4.45223e-10  	chisq 20.7916 (21 df)

Saving state to vegas_last_iter71.
Vegas input parameters:
  ndim 11
  ncomp 1
  epsrel 0
  epsabs 0
  flags 291
  seed 1744
  mineval 1
  maxeval 1
  nstart 1000000
  nincrease 500000
  nbatch 1000
  gridno 1
  statefile "vegas_last_iter71"

Restoring state from vegas_last_iter71.

Iteration 23:  149500000 integrand evaluations so far
[1] 9.1951e-07 +- 4.25343e-10  	chisq 20.8344 (22 df)

Saving state to vegas_last_iter71.
Vegas input parameters:
  ndim 11
  ncomp 1
  epsrel 0
  epsabs 0
  flags 291
  seed 1815
  mineval 1
  maxeval 1
  nstart 1000000
  nincrease 500000
  nbatch 1000
  gridno 1
  statefile "vegas_last_iter71"

Restoring state from vegas_last_iter71.

Iteration 24:  162000000 integrand evaluations so far
[1] 9.19551e-07 +- 4.0722e-10  	chisq 20.9447 (23 df)

Saving state to vegas_last_iter71.
Vegas input parameters:
  ndim 11
  ncomp 1
  epsrel 0
  epsabs 0
  flags 291
  seed 1886
  mineval 1
  maxeval 1
  nstart 1000000
  nincrease 500000
  nbatch 1000
  gridno 1
  statefile "vegas_last_iter71"

Restoring state from vegas_last_iter71.

Iteration 25:  175000000 integrand evaluations so far
[1] 9.19678e-07 +- 3.90608e-10  	chisq 22.1664 (24 df)

Saving state to vegas_last_iter71.
Vegas input parameters:
  ndim 11
  ncomp 1
  epsrel 0
  epsabs 0
  flags 291
  seed 1957
  mineval 1
  maxeval 1
  nstart 1000000
  nincrease 500000
  nbatch 1000
  gridno 1
  statefile "vegas_last_iter71"

Restoring state from vegas_last_iter71.

Iteration 26:  188500000 integrand evaluations so far
[1] 9.19763e-07 +- 3.75375e-10  	chisq 22.785 (25 df)

Saving state to vegas_last_iter71.
Vegas input parameters:
  ndim 11
  ncomp 1
  epsrel 0
  epsabs 0
  flags 291
  seed 2028
  mineval 1
  maxeval 1
  nstart 1000000
  nincrease 500000
  nbatch 1000
  gridno 1
  statefile "vegas_last_iter71"

Restoring state from vegas_last_iter71.

Iteration 27:  202500000 integrand evaluations so far
[1] 9.20051e-07 +- 3.61286e-10  	chisq 30.7434 (26 df)

Saving state to vegas_last_iter71.
Thanks for using LHAPDF 6.2.1. Please make sure to cite the paper:
  Eur.Phys.J. C75 (2015) 3, 132  (http://arxiv.org/abs/1412.7420)
 method   =Vegas  
 nregions =           1
 neval    =   202500000
 fail     =           1
  0.920050541906E-06 +-   0.361285623030E-09   p =    0.718
