LHAPDF 6.2.1 loading /cvmfs/cms.cern.ch/slc6_amd64_gcc630/external/lhapdf/6.2.1-omkpbe3/share/LHAPDF/NNPDF31_nnlo_as_0118_nf_4/NNPDF31_nnlo_as_0118_nf_4_0000.dat
NNPDF31_nnlo_as_0118_nf_4 PDF set, member #0, version 1; LHAPDF ID = 320900
Vegas input parameters:
  ndim 11
  ncomp 1
  epsrel 0
  epsabs 0
  flags 291
  seed 121
  mineval 1
  maxeval 1
  nstart 1000000
  nincrease 500000
  nbatch 1000
  gridno 1
  statefile "vegas_last_iter10"

Iteration 1:  1000000 integrand evaluations so far
[1] 1.4705e-08 +- 7.55541e-09  	chisq 0 (0 df)

Saving state to vegas_last_iter10.
Vegas input parameters:
  ndim 11
  ncomp 1
  epsrel 0
  epsabs 0
  flags 291
  seed 131
  mineval 1
  maxeval 1
  nstart 1000000
  nincrease 500000
  nbatch 1000
  gridno 1
  statefile "vegas_last_iter10"

Restoring state from vegas_last_iter10.

Iteration 2:  2500000 integrand evaluations so far
[1] 1.0706e-08 +- 2.99121e-09  	chisq 0.332226 (1 df)

Saving state to vegas_last_iter10.
Vegas input parameters:
  ndim 11
  ncomp 1
  epsrel 0
  epsabs 0
  flags 291
  seed 141
  mineval 1
  maxeval 1
  nstart 1000000
  nincrease 500000
  nbatch 1000
  gridno 1
  statefile "vegas_last_iter10"

Restoring state from vegas_last_iter10.

Iteration 3:  4500000 integrand evaluations so far
[1] 7.01246e-09 +- 9.95668e-10  	chisq 2.04691 (2 df)

Saving state to vegas_last_iter10.
Vegas input parameters:
  ndim 11
  ncomp 1
  epsrel 0
  epsabs 0
  flags 291
  seed 151
  mineval 1
  maxeval 1
  nstart 1000000
  nincrease 500000
  nbatch 1000
  gridno 1
  statefile "vegas_last_iter10"

Restoring state from vegas_last_iter10.

Iteration 4:  7000000 integrand evaluations so far
[1] 7.17406e-09 +- 2.65782e-10  	chisq 2.07527 (3 df)

Saving state to vegas_last_iter10.
Vegas input parameters:
  ndim 11
  ncomp 1
  epsrel 0
  epsabs 0
  flags 291
  seed 161
  mineval 1
  maxeval 1
  nstart 1000000
  nincrease 500000
  nbatch 1000
  gridno 1
  statefile "vegas_last_iter10"

Restoring state from vegas_last_iter10.

Iteration 5:  10000000 integrand evaluations so far
[1] 7.11984e-09 +- 8.54804e-11  	chisq 2.12169 (4 df)

Saving state to vegas_last_iter10.
Vegas input parameters:
  ndim 11
  ncomp 1
  epsrel 0
  epsabs 0
  flags 291
  seed 171
  mineval 1
  maxeval 1
  nstart 1000000
  nincrease 500000
  nbatch 1000
  gridno 1
  statefile "vegas_last_iter10"

Restoring state from vegas_last_iter10.

Iteration 6:  13500000 integrand evaluations so far
[1] 7.01185e-09 +- 4.00327e-11  	chisq 4.16606 (5 df)

Saving state to vegas_last_iter10.
Vegas input parameters:
  ndim 11
  ncomp 1
  epsrel 0
  epsabs 0
  flags 291
  seed 181
  mineval 1
  maxeval 1
  nstart 1000000
  nincrease 500000
  nbatch 1000
  gridno 1
  statefile "vegas_last_iter10"

Restoring state from vegas_last_iter10.

Iteration 7:  17500000 integrand evaluations so far
[1] 7.0208e-09 +- 2.52013e-11  	chisq 4.24886 (6 df)

Saving state to vegas_last_iter10.
Vegas input parameters:
  ndim 11
  ncomp 1
  epsrel 0
  epsabs 0
  flags 291
  seed 191
  mineval 1
  maxeval 1
  nstart 1000000
  nincrease 500000
  nbatch 1000
  gridno 1
  statefile "vegas_last_iter10"

Restoring state from vegas_last_iter10.

Iteration 8:  22000000 integrand evaluations so far
[1] 7.00508e-09 +- 1.87866e-11  	chisq 5.12466 (7 df)

Saving state to vegas_last_iter10.
Vegas input parameters:
  ndim 11
  ncomp 1
  epsrel 0
  epsabs 0
  flags 291
  seed 201
  mineval 1
  maxeval 1
  nstart 1000000
  nincrease 500000
  nbatch 1000
  gridno 1
  statefile "vegas_last_iter10"

Restoring state from vegas_last_iter10.

Iteration 9:  27000000 integrand evaluations so far
[1] 6.98819e-09 +- 1.51996e-11  	chisq 7.46525 (8 df)

Saving state to vegas_last_iter10.
Vegas input parameters:
  ndim 11
  ncomp 1
  epsrel 0
  epsabs 0
  flags 291
  seed 211
  mineval 1
  maxeval 1
  nstart 1000000
  nincrease 500000
  nbatch 1000
  gridno 1
  statefile "vegas_last_iter10"

Restoring state from vegas_last_iter10.

Iteration 10:  32500000 integrand evaluations so far
[1] 6.99674e-09 +- 1.28964e-11  	chisq 8.59463 (9 df)

Saving state to vegas_last_iter10.
Vegas input parameters:
  ndim 11
  ncomp 1
  epsrel 0
  epsabs 0
  flags 291
  seed 221
  mineval 1
  maxeval 1
  nstart 1000000
  nincrease 500000
  nbatch 1000
  gridno 1
  statefile "vegas_last_iter10"

Restoring state from vegas_last_iter10.

Iteration 11:  38500000 integrand evaluations so far
[1] 6.99877e-09 +- 1.12863e-11  	chisq 8.69998 (10 df)

Saving state to vegas_last_iter10.
Vegas input parameters:
  ndim 11
  ncomp 1
  epsrel 0
  epsabs 0
  flags 291
  seed 231
  mineval 1
  maxeval 1
  nstart 1000000
  nincrease 500000
  nbatch 1000
  gridno 1
  statefile "vegas_last_iter10"

Restoring state from vegas_last_iter10.

Iteration 12:  45000000 integrand evaluations so far
[1] 7.00312e-09 +- 1.00732e-11  	chisq 9.43256 (11 df)

Saving state to vegas_last_iter10.
Vegas input parameters:
  ndim 11
  ncomp 1
  epsrel 0
  epsabs 0
  flags 291
  seed 241
  mineval 1
  maxeval 1
  nstart 1000000
  nincrease 500000
  nbatch 1000
  gridno 1
  statefile "vegas_last_iter10"

Restoring state from vegas_last_iter10.

Iteration 13:  52000000 integrand evaluations so far
[1] 7.00817e-09 +- 9.12099e-12  	chisq 10.828 (12 df)

Saving state to vegas_last_iter10.
Vegas input parameters:
  ndim 11
  ncomp 1
  epsrel 0
  epsabs 0
  flags 291
  seed 251
  mineval 1
  maxeval 1
  nstart 1000000
  nincrease 500000
  nbatch 1000
  gridno 1
  statefile "vegas_last_iter10"

Restoring state from vegas_last_iter10.

Iteration 14:  59500000 integrand evaluations so far
[1] 7.0079e-09 +- 8.35273e-12  	chisq 10.8334 (13 df)

Saving state to vegas_last_iter10.
Vegas input parameters:
  ndim 11
  ncomp 1
  epsrel 0
  epsabs 0
  flags 291
  seed 261
  mineval 1
  maxeval 1
  nstart 1000000
  nincrease 500000
  nbatch 1000
  gridno 1
  statefile "vegas_last_iter10"

Restoring state from vegas_last_iter10.

Iteration 15:  67500000 integrand evaluations so far
[1] 7.006e-09 +- 7.71262e-12  	chisq 11.1844 (14 df)

Saving state to vegas_last_iter10.
Vegas input parameters:
  ndim 11
  ncomp 1
  epsrel 0
  epsabs 0
  flags 291
  seed 271
  mineval 1
  maxeval 1
  nstart 1000000
  nincrease 500000
  nbatch 1000
  gridno 1
  statefile "vegas_last_iter10"

Restoring state from vegas_last_iter10.

Iteration 16:  76000000 integrand evaluations so far
[1] 7.00527e-09 +- 7.17136e-12  	chisq 11.2507 (15 df)

Saving state to vegas_last_iter10.
Vegas input parameters:
  ndim 11
  ncomp 1
  epsrel 0
  epsabs 0
  flags 291
  seed 281
  mineval 1
  maxeval 1
  nstart 1000000
  nincrease 500000
  nbatch 1000
  gridno 1
  statefile "vegas_last_iter10"

Restoring state from vegas_last_iter10.

Iteration 17:  85000000 integrand evaluations so far
[1] 7.00903e-09 +- 6.70795e-12  	chisq 13.4482 (16 df)

Saving state to vegas_last_iter10.
Vegas input parameters:
  ndim 11
  ncomp 1
  epsrel 0
  epsabs 0
  flags 291
  seed 291
  mineval 1
  maxeval 1
  nstart 1000000
  nincrease 500000
  nbatch 1000
  gridno 1
  statefile "vegas_last_iter10"

Restoring state from vegas_last_iter10.

Iteration 18:  94500000 integrand evaluations so far
[1] 7.00893e-09 +- 6.30237e-12  	chisq 13.4501 (17 df)

Saving state to vegas_last_iter10.
Vegas input parameters:
  ndim 11
  ncomp 1
  epsrel 0
  epsabs 0
  flags 291
  seed 301
  mineval 1
  maxeval 1
  nstart 1000000
  nincrease 500000
  nbatch 1000
  gridno 1
  statefile "vegas_last_iter10"

Restoring state from vegas_last_iter10.

Iteration 19:  104500000 integrand evaluations so far
[1] 7.0036e-09 +- 5.94819e-12  	chisq 19.9883 (18 df)

Saving state to vegas_last_iter10.
Vegas input parameters:
  ndim 11
  ncomp 1
  epsrel 0
  epsabs 0
  flags 291
  seed 311
  mineval 1
  maxeval 1
  nstart 1000000
  nincrease 500000
  nbatch 1000
  gridno 1
  statefile "vegas_last_iter10"

Restoring state from vegas_last_iter10.

Iteration 20:  115000000 integrand evaluations so far
[1] 7.00134e-09 +- 5.63215e-12  	chisq 21.3885 (19 df)

Saving state to vegas_last_iter10.
Vegas input parameters:
  ndim 11
  ncomp 1
  epsrel 0
  epsabs 0
  flags 291
  seed 321
  mineval 1
  maxeval 1
  nstart 1000000
  nincrease 500000
  nbatch 1000
  gridno 1
  statefile "vegas_last_iter10"

Restoring state from vegas_last_iter10.

Iteration 21:  126000000 integrand evaluations so far
[1] 7.00131e-09 +- 5.34895e-12  	chisq 21.3888 (20 df)

Saving state to vegas_last_iter10.
Vegas input parameters:
  ndim 11
  ncomp 1
  epsrel 0
  epsabs 0
  flags 291
  seed 331
  mineval 1
  maxeval 1
  nstart 1000000
  nincrease 500000
  nbatch 1000
  gridno 1
  statefile "vegas_last_iter10"

Restoring state from vegas_last_iter10.

Iteration 22:  137500000 integrand evaluations so far
[1] 6.9991e-09 +- 5.09457e-12  	chisq 23.2312 (21 df)

Saving state to vegas_last_iter10.
Vegas input parameters:
  ndim 11
  ncomp 1
  epsrel 0
  epsabs 0
  flags 291
  seed 341
  mineval 1
  maxeval 1
  nstart 1000000
  nincrease 500000
  nbatch 1000
  gridno 1
  statefile "vegas_last_iter10"

Restoring state from vegas_last_iter10.

Iteration 23:  149500000 integrand evaluations so far
[1] 6.99905e-09 +- 4.86498e-12  	chisq 23.2323 (22 df)

Saving state to vegas_last_iter10.
Vegas input parameters:
  ndim 11
  ncomp 1
  epsrel 0
  epsabs 0
  flags 291
  seed 351
  mineval 1
  maxeval 1
  nstart 1000000
  nincrease 500000
  nbatch 1000
  gridno 1
  statefile "vegas_last_iter10"

Restoring state from vegas_last_iter10.

Iteration 24:  162000000 integrand evaluations so far
[1] 6.99743e-09 +- 4.65545e-12  	chisq 24.5461 (23 df)

Saving state to vegas_last_iter10.
Vegas input parameters:
  ndim 11
  ncomp 1
  epsrel 0
  epsabs 0
  flags 291
  seed 361
  mineval 1
  maxeval 1
  nstart 1000000
  nincrease 500000
  nbatch 1000
  gridno 1
  statefile "vegas_last_iter10"

Restoring state from vegas_last_iter10.

Iteration 25:  175000000 integrand evaluations so far
[1] 7.00003e-09 +- 4.46397e-12  	chisq 28.427 (24 df)

Saving state to vegas_last_iter10.
Vegas input parameters:
  ndim 11
  ncomp 1
  epsrel 0
  epsabs 0
  flags 291
  seed 371
  mineval 1
  maxeval 1
  nstart 1000000
  nincrease 500000
  nbatch 1000
  gridno 1
  statefile "vegas_last_iter10"

Restoring state from vegas_last_iter10.

Iteration 26:  188500000 integrand evaluations so far
[1] 6.99967e-09 +- 4.28809e-12  	chisq 28.5101 (25 df)

Saving state to vegas_last_iter10.
Vegas input parameters:
  ndim 11
  ncomp 1
  epsrel 0
  epsabs 0
  flags 291
  seed 381
  mineval 1
  maxeval 1
  nstart 1000000
  nincrease 500000
  nbatch 1000
  gridno 1
  statefile "vegas_last_iter10"

Restoring state from vegas_last_iter10.

Iteration 27:  202500000 integrand evaluations so far
[1] 6.99816e-09 +- 4.12582e-12  	chisq 30.1934 (26 df)

Saving state to vegas_last_iter10.
Thanks for using LHAPDF 6.2.1. Please make sure to cite the paper:
  Eur.Phys.J. C75 (2015) 3, 132  (http://arxiv.org/abs/1412.7420)
 method   =Vegas  
 nregions =           1
 neval    =   202500000
 fail     =           1
  0.699815759904E-08 +-   0.412581891342E-11   p =    0.694
