LHAPDF 6.2.1 loading /cvmfs/cms.cern.ch/slc6_amd64_gcc630/external/lhapdf/6.2.1-omkpbe3/share/LHAPDF/NNPDF31_nnlo_as_0118_nf_4/NNPDF31_nnlo_as_0118_nf_4_0000.dat
NNPDF31_nnlo_as_0118_nf_4 PDF set, member #0, version 1; LHAPDF ID = 320900
Vegas input parameters:
  ndim 11
  ncomp 1
  epsrel 0
  epsabs 0
  flags 291
  seed 212
  mineval 1
  maxeval 1
  nstart 1000000
  nincrease 500000
  nbatch 1000
  gridno 1
  statefile "vegas_last_iter101"

Iteration 1:  1000000 integrand evaluations so far
[1] -1.90954e-06 +- 1.00947e-06  	chisq 0 (0 df)

Saving state to vegas_last_iter101.
Vegas input parameters:
  ndim 11
  ncomp 1
  epsrel 0
  epsabs 0
  flags 291
  seed 313
  mineval 1
  maxeval 1
  nstart 1000000
  nincrease 500000
  nbatch 1000
  gridno 1
  statefile "vegas_last_iter101"

Restoring state from vegas_last_iter101.

Iteration 2:  2500000 integrand evaluations so far
[1] -3.04822e-06 +- 3.82227e-07  	chisq 1.4853 (1 df)

Saving state to vegas_last_iter101.
Vegas input parameters:
  ndim 11
  ncomp 1
  epsrel 0
  epsabs 0
  flags 291
  seed 414
  mineval 1
  maxeval 1
  nstart 1000000
  nincrease 500000
  nbatch 1000
  gridno 1
  statefile "vegas_last_iter101"

Restoring state from vegas_last_iter101.

Iteration 3:  4500000 integrand evaluations so far
[1] -2.96298e-06 +- 2.45844e-07  	chisq 1.57012 (2 df)

Saving state to vegas_last_iter101.
Vegas input parameters:
  ndim 11
  ncomp 1
  epsrel 0
  epsabs 0
  flags 291
  seed 515
  mineval 1
  maxeval 1
  nstart 1000000
  nincrease 500000
  nbatch 1000
  gridno 1
  statefile "vegas_last_iter101"

Restoring state from vegas_last_iter101.

Iteration 4:  7000000 integrand evaluations so far
[1] -3.09499e-06 +- 6.70615e-08  	chisq 1.88164 (3 df)

Saving state to vegas_last_iter101.
Vegas input parameters:
  ndim 11
  ncomp 1
  epsrel 0
  epsabs 0
  flags 291
  seed 616
  mineval 1
  maxeval 1
  nstart 1000000
  nincrease 500000
  nbatch 1000
  gridno 1
  statefile "vegas_last_iter101"

Restoring state from vegas_last_iter101.

Iteration 5:  10000000 integrand evaluations so far
[1] -3.20063e-06 +- 1.98315e-08  	chisq 4.60056 (4 df)

Saving state to vegas_last_iter101.
Vegas input parameters:
  ndim 11
  ncomp 1
  epsrel 0
  epsabs 0
  flags 291
  seed 717
  mineval 1
  maxeval 1
  nstart 1000000
  nincrease 500000
  nbatch 1000
  gridno 1
  statefile "vegas_last_iter101"

Restoring state from vegas_last_iter101.

Iteration 6:  13500000 integrand evaluations so far
[1] -3.20746e-06 +- 6.0394e-09  	chisq 4.73129 (5 df)

Saving state to vegas_last_iter101.
Vegas input parameters:
  ndim 11
  ncomp 1
  epsrel 0
  epsabs 0
  flags 291
  seed 818
  mineval 1
  maxeval 1
  nstart 1000000
  nincrease 500000
  nbatch 1000
  gridno 1
  statefile "vegas_last_iter101"

Restoring state from vegas_last_iter101.

Iteration 7:  17500000 integrand evaluations so far
[1] -3.20137e-06 +- 3.07097e-09  	chisq 6.10284 (6 df)

Saving state to vegas_last_iter101.
Vegas input parameters:
  ndim 11
  ncomp 1
  epsrel 0
  epsabs 0
  flags 291
  seed 919
  mineval 1
  maxeval 1
  nstart 1000000
  nincrease 500000
  nbatch 1000
  gridno 1
  statefile "vegas_last_iter101"

Restoring state from vegas_last_iter101.

Iteration 8:  22000000 integrand evaluations so far
[1] -3.19899e-06 +- 2.08895e-09  	chisq 7.21234 (7 df)

Saving state to vegas_last_iter101.
Vegas input parameters:
  ndim 11
  ncomp 1
  epsrel 0
  epsabs 0
  flags 291
  seed 1020
  mineval 1
  maxeval 1
  nstart 1000000
  nincrease 500000
  nbatch 1000
  gridno 1
  statefile "vegas_last_iter101"

Restoring state from vegas_last_iter101.

Iteration 9:  27000000 integrand evaluations so far
[1] -3.199e-06 +- 1.61904e-09  	chisq 7.21237 (8 df)

Saving state to vegas_last_iter101.
Vegas input parameters:
  ndim 11
  ncomp 1
  epsrel 0
  epsabs 0
  flags 291
  seed 1121
  mineval 1
  maxeval 1
  nstart 1000000
  nincrease 500000
  nbatch 1000
  gridno 1
  statefile "vegas_last_iter101"

Restoring state from vegas_last_iter101.

Iteration 10:  32500000 integrand evaluations so far
[1] -3.1982e-06 +- 1.33908e-09  	chisq 7.98118 (9 df)

Saving state to vegas_last_iter101.
Vegas input parameters:
  ndim 11
  ncomp 1
  epsrel 0
  epsabs 0
  flags 291
  seed 1222
  mineval 1
  maxeval 1
  nstart 1000000
  nincrease 500000
  nbatch 1000
  gridno 1
  statefile "vegas_last_iter101"

Restoring state from vegas_last_iter101.

Iteration 11:  38500000 integrand evaluations so far
[1] -3.19877e-06 +- 1.15275e-09  	chisq 8.68022 (10 df)

Saving state to vegas_last_iter101.
Vegas input parameters:
  ndim 11
  ncomp 1
  epsrel 0
  epsabs 0
  flags 291
  seed 1323
  mineval 1
  maxeval 1
  nstart 1000000
  nincrease 500000
  nbatch 1000
  gridno 1
  statefile "vegas_last_iter101"

Restoring state from vegas_last_iter101.

Iteration 12:  45000000 integrand evaluations so far
[1] -3.19827e-06 +- 1.01873e-09  	chisq 9.55558 (11 df)

Saving state to vegas_last_iter101.
Vegas input parameters:
  ndim 11
  ncomp 1
  epsrel 0
  epsabs 0
  flags 291
  seed 1424
  mineval 1
  maxeval 1
  nstart 1000000
  nincrease 500000
  nbatch 1000
  gridno 1
  statefile "vegas_last_iter101"

Restoring state from vegas_last_iter101.

Iteration 13:  52000000 integrand evaluations so far
[1] -3.1983e-06 +- 9.15688e-10  	chisq 9.56024 (12 df)

Saving state to vegas_last_iter101.
Vegas input parameters:
  ndim 11
  ncomp 1
  epsrel 0
  epsabs 0
  flags 291
  seed 1525
  mineval 1
  maxeval 1
  nstart 1000000
  nincrease 500000
  nbatch 1000
  gridno 1
  statefile "vegas_last_iter101"

Restoring state from vegas_last_iter101.

Iteration 14:  59500000 integrand evaluations so far
[1] -3.19884e-06 +- 8.33818e-10  	chisq 11.5739 (13 df)

Saving state to vegas_last_iter101.
Vegas input parameters:
  ndim 11
  ncomp 1
  epsrel 0
  epsabs 0
  flags 291
  seed 1626
  mineval 1
  maxeval 1
  nstart 1000000
  nincrease 500000
  nbatch 1000
  gridno 1
  statefile "vegas_last_iter101"

Restoring state from vegas_last_iter101.

Iteration 15:  67500000 integrand evaluations so far
[1] -3.1991e-06 +- 7.66656e-10  	chisq 12.2337 (14 df)

Saving state to vegas_last_iter101.
Vegas input parameters:
  ndim 11
  ncomp 1
  epsrel 0
  epsabs 0
  flags 291
  seed 1727
  mineval 1
  maxeval 1
  nstart 1000000
  nincrease 500000
  nbatch 1000
  gridno 1
  statefile "vegas_last_iter101"

Restoring state from vegas_last_iter101.

Iteration 16:  76000000 integrand evaluations so far
[1] -3.19904e-06 +- 7.10308e-10  	chisq 12.2841 (15 df)

Saving state to vegas_last_iter101.
Vegas input parameters:
  ndim 11
  ncomp 1
  epsrel 0
  epsabs 0
  flags 291
  seed 1828
  mineval 1
  maxeval 1
  nstart 1000000
  nincrease 500000
  nbatch 1000
  gridno 1
  statefile "vegas_last_iter101"

Restoring state from vegas_last_iter101.

Iteration 17:  85000000 integrand evaluations so far
[1] -3.19871e-06 +- 6.62485e-10  	chisq 13.9464 (16 df)

Saving state to vegas_last_iter101.
Vegas input parameters:
  ndim 11
  ncomp 1
  epsrel 0
  epsabs 0
  flags 291
  seed 1929
  mineval 1
  maxeval 1
  nstart 1000000
  nincrease 500000
  nbatch 1000
  gridno 1
  statefile "vegas_last_iter101"

Restoring state from vegas_last_iter101.

Iteration 18:  94500000 integrand evaluations so far
[1] -3.19905e-06 +- 6.21072e-10  	chisq 16.1813 (17 df)

Saving state to vegas_last_iter101.
Vegas input parameters:
  ndim 11
  ncomp 1
  epsrel 0
  epsabs 0
  flags 291
  seed 2030
  mineval 1
  maxeval 1
  nstart 1000000
  nincrease 500000
  nbatch 1000
  gridno 1
  statefile "vegas_last_iter101"

Restoring state from vegas_last_iter101.

Iteration 19:  104500000 integrand evaluations so far
[1] -3.19907e-06 +- 5.84779e-10  	chisq 16.1886 (18 df)

Saving state to vegas_last_iter101.
Vegas input parameters:
  ndim 11
  ncomp 1
  epsrel 0
  epsabs 0
  flags 291
  seed 2131
  mineval 1
  maxeval 1
  nstart 1000000
  nincrease 500000
  nbatch 1000
  gridno 1
  statefile "vegas_last_iter101"

Restoring state from vegas_last_iter101.

Iteration 20:  115000000 integrand evaluations so far
[1] -3.19902e-06 +- 5.52757e-10  	chisq 16.2628 (19 df)

Saving state to vegas_last_iter101.
Vegas input parameters:
  ndim 11
  ncomp 1
  epsrel 0
  epsabs 0
  flags 291
  seed 2232
  mineval 1
  maxeval 1
  nstart 1000000
  nincrease 500000
  nbatch 1000
  gridno 1
  statefile "vegas_last_iter101"

Restoring state from vegas_last_iter101.

Iteration 21:  126000000 integrand evaluations so far
[1] -3.19893e-06 +- 5.24239e-10  	chisq 16.5308 (20 df)

Saving state to vegas_last_iter101.
Vegas input parameters:
  ndim 11
  ncomp 1
  epsrel 0
  epsabs 0
  flags 291
  seed 2333
  mineval 1
  maxeval 1
  nstart 1000000
  nincrease 500000
  nbatch 1000
  gridno 1
  statefile "vegas_last_iter101"

Restoring state from vegas_last_iter101.

Iteration 22:  137500000 integrand evaluations so far
[1] -3.19887e-06 +- 4.98679e-10  	chisq 16.6825 (21 df)

Saving state to vegas_last_iter101.
Vegas input parameters:
  ndim 11
  ncomp 1
  epsrel 0
  epsabs 0
  flags 291
  seed 2434
  mineval 1
  maxeval 1
  nstart 1000000
  nincrease 500000
  nbatch 1000
  gridno 1
  statefile "vegas_last_iter101"

Restoring state from vegas_last_iter101.

Iteration 23:  149500000 integrand evaluations so far
[1] -3.19863e-06 +- 4.75598e-10  	chisq 19.0579 (22 df)

Saving state to vegas_last_iter101.
Vegas input parameters:
  ndim 11
  ncomp 1
  epsrel 0
  epsabs 0
  flags 291
  seed 2535
  mineval 1
  maxeval 1
  nstart 1000000
  nincrease 500000
  nbatch 1000
  gridno 1
  statefile "vegas_last_iter101"

Restoring state from vegas_last_iter101.

Iteration 24:  162000000 integrand evaluations so far
[1] -3.19862e-06 +- 4.54689e-10  	chisq 19.0746 (23 df)

Saving state to vegas_last_iter101.
Vegas input parameters:
  ndim 11
  ncomp 1
  epsrel 0
  epsabs 0
  flags 291
  seed 2636
  mineval 1
  maxeval 1
  nstart 1000000
  nincrease 500000
  nbatch 1000
  gridno 1
  statefile "vegas_last_iter101"

Restoring state from vegas_last_iter101.

Iteration 25:  175000000 integrand evaluations so far
[1] -3.1986e-06 +- 4.35578e-10  	chisq 19.096 (24 df)

Saving state to vegas_last_iter101.
Vegas input parameters:
  ndim 11
  ncomp 1
  epsrel 0
  epsabs 0
  flags 291
  seed 2737
  mineval 1
  maxeval 1
  nstart 1000000
  nincrease 500000
  nbatch 1000
  gridno 1
  statefile "vegas_last_iter101"

Restoring state from vegas_last_iter101.

Iteration 26:  188500000 integrand evaluations so far
[1] -3.19852e-06 +- 4.18085e-10  	chisq 19.5462 (25 df)

Saving state to vegas_last_iter101.
Vegas input parameters:
  ndim 11
  ncomp 1
  epsrel 0
  epsabs 0
  flags 291
  seed 2838
  mineval 1
  maxeval 1
  nstart 1000000
  nincrease 500000
  nbatch 1000
  gridno 1
  statefile "vegas_last_iter101"

Restoring state from vegas_last_iter101.

Iteration 27:  202500000 integrand evaluations so far
[1] -3.1984e-06 +- 4.02036e-10  	chisq 20.5151 (26 df)

Saving state to vegas_last_iter101.
Thanks for using LHAPDF 6.2.1. Please make sure to cite the paper:
  Eur.Phys.J. C75 (2015) 3, 132  (http://arxiv.org/abs/1412.7420)
 method   =Vegas  
 nregions =           1
 neval    =   202500000
 fail     =           1
 -0.319840213938E-05 +-   0.402035594781E-09   p =    0.192
