LHAPDF 6.2.1 loading /cvmfs/cms.cern.ch/slc6_amd64_gcc630/external/lhapdf/6.2.1-omkpbe3/share/LHAPDF/NNPDF31_nnlo_as_0118_nf_4/NNPDF31_nnlo_as_0118_nf_4_0000.dat
NNPDF31_nnlo_as_0118_nf_4 PDF set, member #0, version 1; LHAPDF ID = 320900
Vegas input parameters:
  ndim 11
  ncomp 1
  epsrel 0
  epsabs 0
  flags 291
  seed 242
  mineval 1
  maxeval 1
  nstart 1000000
  nincrease 500000
  nbatch 1000
  gridno 1
  statefile "vegas_last_iter131"

Iteration 1:  1000000 integrand evaluations so far
[1] 3.09037e-09 +- 1.53126e-07  	chisq 0 (0 df)

Saving state to vegas_last_iter131.
Vegas input parameters:
  ndim 11
  ncomp 1
  epsrel 0
  epsabs 0
  flags 291
  seed 373
  mineval 1
  maxeval 1
  nstart 1000000
  nincrease 500000
  nbatch 1000
  gridno 1
  statefile "vegas_last_iter131"

Restoring state from vegas_last_iter131.

Iteration 2:  2500000 integrand evaluations so far
[1] 1.21696e-07 +- 7.95179e-08  	chisq 0.821485 (1 df)

Saving state to vegas_last_iter131.
Vegas input parameters:
  ndim 11
  ncomp 1
  epsrel 0
  epsabs 0
  flags 291
  seed 504
  mineval 1
  maxeval 1
  nstart 1000000
  nincrease 500000
  nbatch 1000
  gridno 1
  statefile "vegas_last_iter131"

Restoring state from vegas_last_iter131.

Iteration 3:  4500000 integrand evaluations so far
[1] 1.1056e-07 +- 3.42529e-08  	chisq 0.845568 (2 df)

Saving state to vegas_last_iter131.
Vegas input parameters:
  ndim 11
  ncomp 1
  epsrel 0
  epsabs 0
  flags 291
  seed 635
  mineval 1
  maxeval 1
  nstart 1000000
  nincrease 500000
  nbatch 1000
  gridno 1
  statefile "vegas_last_iter131"

Restoring state from vegas_last_iter131.

Iteration 4:  7000000 integrand evaluations so far
[1] 1.25251e-07 +- 1.33021e-08  	chisq 1.06221 (3 df)

Saving state to vegas_last_iter131.
Vegas input parameters:
  ndim 11
  ncomp 1
  epsrel 0
  epsabs 0
  flags 291
  seed 766
  mineval 1
  maxeval 1
  nstart 1000000
  nincrease 500000
  nbatch 1000
  gridno 1
  statefile "vegas_last_iter131"

Restoring state from vegas_last_iter131.

Iteration 5:  10000000 integrand evaluations so far
[1] 1.07119e-07 +- 3.76886e-09  	chisq 3.08243 (4 df)

Saving state to vegas_last_iter131.
Vegas input parameters:
  ndim 11
  ncomp 1
  epsrel 0
  epsabs 0
  flags 291
  seed 897
  mineval 1
  maxeval 1
  nstart 1000000
  nincrease 500000
  nbatch 1000
  gridno 1
  statefile "vegas_last_iter131"

Restoring state from vegas_last_iter131.

Iteration 6:  13500000 integrand evaluations so far
[1] 1.07978e-07 +- 1.60118e-09  	chisq 3.14578 (5 df)

Saving state to vegas_last_iter131.
Vegas input parameters:
  ndim 11
  ncomp 1
  epsrel 0
  epsabs 0
  flags 291
  seed 1028
  mineval 1
  maxeval 1
  nstart 1000000
  nincrease 500000
  nbatch 1000
  gridno 1
  statefile "vegas_last_iter131"

Restoring state from vegas_last_iter131.

Iteration 7:  17500000 integrand evaluations so far
[1] 1.07463e-07 +- 1.0287e-09  	chisq 3.32225 (6 df)

Saving state to vegas_last_iter131.
Vegas input parameters:
  ndim 11
  ncomp 1
  epsrel 0
  epsabs 0
  flags 291
  seed 1159
  mineval 1
  maxeval 1
  nstart 1000000
  nincrease 500000
  nbatch 1000
  gridno 1
  statefile "vegas_last_iter131"

Restoring state from vegas_last_iter131.

Iteration 8:  22000000 integrand evaluations so far
[1] 1.08151e-07 +- 7.76494e-10  	chisq 4.36318 (7 df)

Saving state to vegas_last_iter131.
Vegas input parameters:
  ndim 11
  ncomp 1
  epsrel 0
  epsabs 0
  flags 291
  seed 1290
  mineval 1
  maxeval 1
  nstart 1000000
  nincrease 500000
  nbatch 1000
  gridno 1
  statefile "vegas_last_iter131"

Restoring state from vegas_last_iter131.

Iteration 9:  27000000 integrand evaluations so far
[1] 1.08222e-07 +- 6.34246e-10  	chisq 4.38814 (8 df)

Saving state to vegas_last_iter131.
Vegas input parameters:
  ndim 11
  ncomp 1
  epsrel 0
  epsabs 0
  flags 291
  seed 1421
  mineval 1
  maxeval 1
  nstart 1000000
  nincrease 500000
  nbatch 1000
  gridno 1
  statefile "vegas_last_iter131"

Restoring state from vegas_last_iter131.

Iteration 10:  32500000 integrand evaluations so far
[1] 1.07856e-07 +- 5.41376e-10  	chisq 5.61144 (9 df)

Saving state to vegas_last_iter131.
Vegas input parameters:
  ndim 11
  ncomp 1
  epsrel 0
  epsabs 0
  flags 291
  seed 1552
  mineval 1
  maxeval 1
  nstart 1000000
  nincrease 500000
  nbatch 1000
  gridno 1
  statefile "vegas_last_iter131"

Restoring state from vegas_last_iter131.

Iteration 11:  38500000 integrand evaluations so far
[1] 1.07839e-07 +- 4.75328e-10  	chisq 5.61611 (10 df)

Saving state to vegas_last_iter131.
Vegas input parameters:
  ndim 11
  ncomp 1
  epsrel 0
  epsabs 0
  flags 291
  seed 1683
  mineval 1
  maxeval 1
  nstart 1000000
  nincrease 500000
  nbatch 1000
  gridno 1
  statefile "vegas_last_iter131"

Restoring state from vegas_last_iter131.

Iteration 12:  45000000 integrand evaluations so far
[1] 1.07655e-07 +- 4.25347e-10  	chisq 6.36111 (11 df)

Saving state to vegas_last_iter131.
Vegas input parameters:
  ndim 11
  ncomp 1
  epsrel 0
  epsabs 0
  flags 291
  seed 1814
  mineval 1
  maxeval 1
  nstart 1000000
  nincrease 500000
  nbatch 1000
  gridno 1
  statefile "vegas_last_iter131"

Restoring state from vegas_last_iter131.

Iteration 13:  52000000 integrand evaluations so far
[1] 1.07768e-07 +- 3.85895e-10  	chisq 6.75463 (12 df)

Saving state to vegas_last_iter131.
Vegas input parameters:
  ndim 11
  ncomp 1
  epsrel 0
  epsabs 0
  flags 291
  seed 1945
  mineval 1
  maxeval 1
  nstart 1000000
  nincrease 500000
  nbatch 1000
  gridno 1
  statefile "vegas_last_iter131"

Restoring state from vegas_last_iter131.

Iteration 14:  59500000 integrand evaluations so far
[1] 1.07676e-07 +- 3.53732e-10  	chisq 7.10449 (13 df)

Saving state to vegas_last_iter131.
Vegas input parameters:
  ndim 11
  ncomp 1
  epsrel 0
  epsabs 0
  flags 291
  seed 2076
  mineval 1
  maxeval 1
  nstart 1000000
  nincrease 500000
  nbatch 1000
  gridno 1
  statefile "vegas_last_iter131"

Restoring state from vegas_last_iter131.

Iteration 15:  67500000 integrand evaluations so far
[1] 1.07646e-07 +- 3.26971e-10  	chisq 7.15386 (14 df)

Saving state to vegas_last_iter131.
Vegas input parameters:
  ndim 11
  ncomp 1
  epsrel 0
  epsabs 0
  flags 291
  seed 2207
  mineval 1
  maxeval 1
  nstart 1000000
  nincrease 500000
  nbatch 1000
  gridno 1
  statefile "vegas_last_iter131"

Restoring state from vegas_last_iter131.

Iteration 16:  76000000 integrand evaluations so far
[1] 1.07635e-07 +- 3.04259e-10  	chisq 7.16351 (15 df)

Saving state to vegas_last_iter131.
Vegas input parameters:
  ndim 11
  ncomp 1
  epsrel 0
  epsabs 0
  flags 291
  seed 2338
  mineval 1
  maxeval 1
  nstart 1000000
  nincrease 500000
  nbatch 1000
  gridno 1
  statefile "vegas_last_iter131"

Restoring state from vegas_last_iter131.

Iteration 17:  85000000 integrand evaluations so far
[1] 1.077e-07 +- 2.84735e-10  	chisq 7.53345 (16 df)

Saving state to vegas_last_iter131.
Vegas input parameters:
  ndim 11
  ncomp 1
  epsrel 0
  epsabs 0
  flags 291
  seed 2469
  mineval 1
  maxeval 1
  nstart 1000000
  nincrease 500000
  nbatch 1000
  gridno 1
  statefile "vegas_last_iter131"

Restoring state from vegas_last_iter131.

Iteration 18:  94500000 integrand evaluations so far
[1] 1.0764e-07 +- 2.67701e-10  	chisq 7.91694 (17 df)

Saving state to vegas_last_iter131.
Vegas input parameters:
  ndim 11
  ncomp 1
  epsrel 0
  epsabs 0
  flags 291
  seed 2600
  mineval 1
  maxeval 1
  nstart 1000000
  nincrease 500000
  nbatch 1000
  gridno 1
  statefile "vegas_last_iter131"

Restoring state from vegas_last_iter131.

Iteration 19:  104500000 integrand evaluations so far
[1] 1.07613e-07 +- 2.52706e-10  	chisq 8.00626 (18 df)

Saving state to vegas_last_iter131.
Vegas input parameters:
  ndim 11
  ncomp 1
  epsrel 0
  epsabs 0
  flags 291
  seed 2731
  mineval 1
  maxeval 1
  nstart 1000000
  nincrease 500000
  nbatch 1000
  gridno 1
  statefile "vegas_last_iter131"

Restoring state from vegas_last_iter131.

Iteration 20:  115000000 integrand evaluations so far
[1] 1.07615e-07 +- 2.39365e-10  	chisq 8.00675 (19 df)

Saving state to vegas_last_iter131.
Vegas input parameters:
  ndim 11
  ncomp 1
  epsrel 0
  epsabs 0
  flags 291
  seed 2862
  mineval 1
  maxeval 1
  nstart 1000000
  nincrease 500000
  nbatch 1000
  gridno 1
  statefile "vegas_last_iter131"

Restoring state from vegas_last_iter131.

Iteration 21:  126000000 integrand evaluations so far
[1] 1.0754e-07 +- 2.27429e-10  	chisq 9.02067 (20 df)

Saving state to vegas_last_iter131.
Vegas input parameters:
  ndim 11
  ncomp 1
  epsrel 0
  epsabs 0
  flags 291
  seed 2993
  mineval 1
  maxeval 1
  nstart 1000000
  nincrease 500000
  nbatch 1000
  gridno 1
  statefile "vegas_last_iter131"

Restoring state from vegas_last_iter131.

Iteration 22:  137500000 integrand evaluations so far
[1] 1.0757e-07 +- 2.16691e-10  	chisq 9.20325 (21 df)

Saving state to vegas_last_iter131.
Vegas input parameters:
  ndim 11
  ncomp 1
  epsrel 0
  epsabs 0
  flags 291
  seed 3124
  mineval 1
  maxeval 1
  nstart 1000000
  nincrease 500000
  nbatch 1000
  gridno 1
  statefile "vegas_last_iter131"

Restoring state from vegas_last_iter131.

Iteration 23:  149500000 integrand evaluations so far
[1] 1.07699e-07 +- 2.0697e-10  	chisq 13.2433 (22 df)

Saving state to vegas_last_iter131.
Vegas input parameters:
  ndim 11
  ncomp 1
  epsrel 0
  epsabs 0
  flags 291
  seed 3255
  mineval 1
  maxeval 1
  nstart 1000000
  nincrease 500000
  nbatch 1000
  gridno 1
  statefile "vegas_last_iter131"

Restoring state from vegas_last_iter131.

Iteration 24:  162000000 integrand evaluations so far
[1] 1.07754e-07 +- 1.9811e-10  	chisq 14.0836 (23 df)

Saving state to vegas_last_iter131.
Vegas input parameters:
  ndim 11
  ncomp 1
  epsrel 0
  epsabs 0
  flags 291
  seed 3386
  mineval 1
  maxeval 1
  nstart 1000000
  nincrease 500000
  nbatch 1000
  gridno 1
  statefile "vegas_last_iter131"

Restoring state from vegas_last_iter131.

Iteration 25:  175000000 integrand evaluations so far
[1] 1.07724e-07 +- 1.89985e-10  	chisq 14.3562 (24 df)

Saving state to vegas_last_iter131.
Vegas input parameters:
  ndim 11
  ncomp 1
  epsrel 0
  epsabs 0
  flags 291
  seed 3517
  mineval 1
  maxeval 1
  nstart 1000000
  nincrease 500000
  nbatch 1000
  gridno 1
  statefile "vegas_last_iter131"

Restoring state from vegas_last_iter131.

Iteration 26:  188500000 integrand evaluations so far
[1] 1.07801e-07 +- 1.82522e-10  	chisq 16.4535 (25 df)

Saving state to vegas_last_iter131.
Vegas input parameters:
  ndim 11
  ncomp 1
  epsrel 0
  epsabs 0
  flags 291
  seed 3648
  mineval 1
  maxeval 1
  nstart 1000000
  nincrease 500000
  nbatch 1000
  gridno 1
  statefile "vegas_last_iter131"

Restoring state from vegas_last_iter131.

Iteration 27:  202500000 integrand evaluations so far
[1] 1.07807e-07 +- 1.75649e-10  	chisq 16.4685 (26 df)

Saving state to vegas_last_iter131.
Thanks for using LHAPDF 6.2.1. Please make sure to cite the paper:
  Eur.Phys.J. C75 (2015) 3, 132  (http://arxiv.org/abs/1412.7420)
 method   =Vegas  
 nregions =           1
 neval    =   202500000
 fail     =           1
  0.107806645510E-06 +-   0.175648980178E-09   p =    0.057
