LHAPDF 6.2.1 loading /cvmfs/cms.cern.ch/slc6_amd64_gcc630/external/lhapdf/6.2.1-omkpbe3/share/LHAPDF/NNPDF31_nnlo_as_0118_nf_4/NNPDF31_nnlo_as_0118_nf_4_0000.dat
NNPDF31_nnlo_as_0118_nf_4 PDF set, member #0, version 1; LHAPDF ID = 320900
Vegas input parameters:
  ndim 11
  ncomp 1
  epsrel 0
  epsabs 0
  flags 291
  seed 230
  mineval 1
  maxeval 1
  nstart 1000000
  nincrease 500000
  nbatch 1000
  gridno 1
  statefile "vegas_last_iter119"

Iteration 1:  1000000 integrand evaluations so far
[1] -4.25204e-09 +- 8.39812e-08  	chisq 0 (0 df)

Saving state to vegas_last_iter119.
Vegas input parameters:
  ndim 11
  ncomp 1
  epsrel 0
  epsabs 0
  flags 291
  seed 349
  mineval 1
  maxeval 1
  nstart 1000000
  nincrease 500000
  nbatch 1000
  gridno 1
  statefile "vegas_last_iter119"

Restoring state from vegas_last_iter119.

Iteration 2:  2500000 integrand evaluations so far
[1] 1.00997e-07 +- 4.63362e-08  	chisq 2.25802 (1 df)

Saving state to vegas_last_iter119.
Vegas input parameters:
  ndim 11
  ncomp 1
  epsrel 0
  epsabs 0
  flags 291
  seed 468
  mineval 1
  maxeval 1
  nstart 1000000
  nincrease 500000
  nbatch 1000
  gridno 1
  statefile "vegas_last_iter119"

Restoring state from vegas_last_iter119.

Iteration 3:  4500000 integrand evaluations so far
[1] 9.99488e-08 +- 9.93816e-09  	chisq 2.25855 (2 df)

Saving state to vegas_last_iter119.
Vegas input parameters:
  ndim 11
  ncomp 1
  epsrel 0
  epsabs 0
  flags 291
  seed 587
  mineval 1
  maxeval 1
  nstart 1000000
  nincrease 500000
  nbatch 1000
  gridno 1
  statefile "vegas_last_iter119"

Restoring state from vegas_last_iter119.

Iteration 4:  7000000 integrand evaluations so far
[1] 1.1251e-07 +- 3.62417e-09  	chisq 4.10103 (3 df)

Saving state to vegas_last_iter119.
Vegas input parameters:
  ndim 11
  ncomp 1
  epsrel 0
  epsabs 0
  flags 291
  seed 706
  mineval 1
  maxeval 1
  nstart 1000000
  nincrease 500000
  nbatch 1000
  gridno 1
  statefile "vegas_last_iter119"

Restoring state from vegas_last_iter119.

Iteration 5:  10000000 integrand evaluations so far
[1] 1.08217e-07 +- 9.83333e-10  	chisq 5.61531 (4 df)

Saving state to vegas_last_iter119.
Vegas input parameters:
  ndim 11
  ncomp 1
  epsrel 0
  epsabs 0
  flags 291
  seed 825
  mineval 1
  maxeval 1
  nstart 1000000
  nincrease 500000
  nbatch 1000
  gridno 1
  statefile "vegas_last_iter119"

Restoring state from vegas_last_iter119.

Iteration 6:  13500000 integrand evaluations so far
[1] 1.09226e-07 +- 3.54009e-10  	chisq 6.82462 (5 df)

Saving state to vegas_last_iter119.
Vegas input parameters:
  ndim 11
  ncomp 1
  epsrel 0
  epsabs 0
  flags 291
  seed 944
  mineval 1
  maxeval 1
  nstart 1000000
  nincrease 500000
  nbatch 1000
  gridno 1
  statefile "vegas_last_iter119"

Restoring state from vegas_last_iter119.

Iteration 7:  17500000 integrand evaluations so far
[1] 1.089e-07 +- 2.10186e-10  	chisq 8.13492 (6 df)

Saving state to vegas_last_iter119.
Vegas input parameters:
  ndim 11
  ncomp 1
  epsrel 0
  epsabs 0
  flags 291
  seed 1063
  mineval 1
  maxeval 1
  nstart 1000000
  nincrease 500000
  nbatch 1000
  gridno 1
  statefile "vegas_last_iter119"

Restoring state from vegas_last_iter119.

Iteration 8:  22000000 integrand evaluations so far
[1] 1.08576e-07 +- 1.53914e-10  	chisq 13.2454 (7 df)

Saving state to vegas_last_iter119.
Vegas input parameters:
  ndim 11
  ncomp 1
  epsrel 0
  epsabs 0
  flags 291
  seed 1182
  mineval 1
  maxeval 1
  nstart 1000000
  nincrease 500000
  nbatch 1000
  gridno 1
  statefile "vegas_last_iter119"

Restoring state from vegas_last_iter119.

Iteration 9:  27000000 integrand evaluations so far
[1] 1.08406e-07 +- 1.23865e-10  	chisq 16.7291 (8 df)

Saving state to vegas_last_iter119.
Vegas input parameters:
  ndim 11
  ncomp 1
  epsrel 0
  epsabs 0
  flags 291
  seed 1301
  mineval 1
  maxeval 1
  nstart 1000000
  nincrease 500000
  nbatch 1000
  gridno 1
  statefile "vegas_last_iter119"

Restoring state from vegas_last_iter119.

Iteration 10:  32500000 integrand evaluations so far
[1] 1.08414e-07 +- 1.04848e-10  	chisq 16.7441 (9 df)

Saving state to vegas_last_iter119.
Vegas input parameters:
  ndim 11
  ncomp 1
  epsrel 0
  epsabs 0
  flags 291
  seed 1420
  mineval 1
  maxeval 1
  nstart 1000000
  nincrease 500000
  nbatch 1000
  gridno 1
  statefile "vegas_last_iter119"

Restoring state from vegas_last_iter119.

Iteration 11:  38500000 integrand evaluations so far
[1] 1.08441e-07 +- 9.15726e-11  	chisq 17.0324 (10 df)

Saving state to vegas_last_iter119.
Vegas input parameters:
  ndim 11
  ncomp 1
  epsrel 0
  epsabs 0
  flags 291
  seed 1539
  mineval 1
  maxeval 1
  nstart 1000000
  nincrease 500000
  nbatch 1000
  gridno 1
  statefile "vegas_last_iter119"

Restoring state from vegas_last_iter119.

Iteration 12:  45000000 integrand evaluations so far
[1] 1.08484e-07 +- 8.16451e-11  	chisq 18.0921 (11 df)

Saving state to vegas_last_iter119.
Vegas input parameters:
  ndim 11
  ncomp 1
  epsrel 0
  epsabs 0
  flags 291
  seed 1658
  mineval 1
  maxeval 1
  nstart 1000000
  nincrease 500000
  nbatch 1000
  gridno 1
  statefile "vegas_last_iter119"

Restoring state from vegas_last_iter119.

Iteration 13:  52000000 integrand evaluations so far
[1] 1.08435e-07 +- 7.38816e-11  	chisq 20.1196 (12 df)

Saving state to vegas_last_iter119.
Vegas input parameters:
  ndim 11
  ncomp 1
  epsrel 0
  epsabs 0
  flags 291
  seed 1777
  mineval 1
  maxeval 1
  nstart 1000000
  nincrease 500000
  nbatch 1000
  gridno 1
  statefile "vegas_last_iter119"

Restoring state from vegas_last_iter119.

Iteration 14:  59500000 integrand evaluations so far
[1] 1.08508e-07 +- 6.76121e-11  	chisq 26.1877 (13 df)

Saving state to vegas_last_iter119.
Vegas input parameters:
  ndim 11
  ncomp 1
  epsrel 0
  epsabs 0
  flags 291
  seed 1896
  mineval 1
  maxeval 1
  nstart 1000000
  nincrease 500000
  nbatch 1000
  gridno 1
  statefile "vegas_last_iter119"

Restoring state from vegas_last_iter119.

Iteration 15:  67500000 integrand evaluations so far
[1] 1.08484e-07 +- 6.24128e-11  	chisq 27.0022 (14 df)

Saving state to vegas_last_iter119.
Vegas input parameters:
  ndim 11
  ncomp 1
  epsrel 0
  epsabs 0
  flags 291
  seed 2015
  mineval 1
  maxeval 1
  nstart 1000000
  nincrease 500000
  nbatch 1000
  gridno 1
  statefile "vegas_last_iter119"

Restoring state from vegas_last_iter119.

Iteration 16:  76000000 integrand evaluations so far
[1] 1.08447e-07 +- 5.80196e-11  	chisq 29.7172 (15 df)

Saving state to vegas_last_iter119.
Vegas input parameters:
  ndim 11
  ncomp 1
  epsrel 0
  epsabs 0
  flags 291
  seed 2134
  mineval 1
  maxeval 1
  nstart 1000000
  nincrease 500000
  nbatch 1000
  gridno 1
  statefile "vegas_last_iter119"

Restoring state from vegas_last_iter119.

Iteration 17:  85000000 integrand evaluations so far
[1] 1.08456e-07 +- 5.42451e-11  	chisq 29.9228 (16 df)

Saving state to vegas_last_iter119.
Vegas input parameters:
  ndim 11
  ncomp 1
  epsrel 0
  epsabs 0
  flags 291
  seed 2253
  mineval 1
  maxeval 1
  nstart 1000000
  nincrease 500000
  nbatch 1000
  gridno 1
  statefile "vegas_last_iter119"

Restoring state from vegas_last_iter119.

Iteration 18:  94500000 integrand evaluations so far
[1] 1.08427e-07 +- 5.09609e-11  	chisq 32.4014 (17 df)

Saving state to vegas_last_iter119.
Vegas input parameters:
  ndim 11
  ncomp 1
  epsrel 0
  epsabs 0
  flags 291
  seed 2372
  mineval 1
  maxeval 1
  nstart 1000000
  nincrease 500000
  nbatch 1000
  gridno 1
  statefile "vegas_last_iter119"

Restoring state from vegas_last_iter119.

Iteration 19:  104500000 integrand evaluations so far
[1] 1.08446e-07 +- 4.8077e-11  	chisq 33.6882 (18 df)

Saving state to vegas_last_iter119.
Vegas input parameters:
  ndim 11
  ncomp 1
  epsrel 0
  epsabs 0
  flags 291
  seed 2491
  mineval 1
  maxeval 1
  nstart 1000000
  nincrease 500000
  nbatch 1000
  gridno 1
  statefile "vegas_last_iter119"

Restoring state from vegas_last_iter119.

Iteration 20:  115000000 integrand evaluations so far
[1] 1.084e-07 +- 4.55227e-11  	chisq 42.3853 (19 df)

Saving state to vegas_last_iter119.
Vegas input parameters:
  ndim 11
  ncomp 1
  epsrel 0
  epsabs 0
  flags 291
  seed 2610
  mineval 1
  maxeval 1
  nstart 1000000
  nincrease 500000
  nbatch 1000
  gridno 1
  statefile "vegas_last_iter119"

Restoring state from vegas_last_iter119.

Iteration 21:  126000000 integrand evaluations so far
[1] 1.08386e-07 +- 4.32369e-11  	chisq 43.353 (20 df)

Saving state to vegas_last_iter119.
Vegas input parameters:
  ndim 11
  ncomp 1
  epsrel 0
  epsabs 0
  flags 291
  seed 2729
  mineval 1
  maxeval 1
  nstart 1000000
  nincrease 500000
  nbatch 1000
  gridno 1
  statefile "vegas_last_iter119"

Restoring state from vegas_last_iter119.

Iteration 22:  137500000 integrand evaluations so far
[1] 1.08381e-07 +- 4.11742e-11  	chisq 43.4937 (21 df)

Saving state to vegas_last_iter119.
Vegas input parameters:
  ndim 11
  ncomp 1
  epsrel 0
  epsabs 0
  flags 291
  seed 2848
  mineval 1
  maxeval 1
  nstart 1000000
  nincrease 500000
  nbatch 1000
  gridno 1
  statefile "vegas_last_iter119"

Restoring state from vegas_last_iter119.

Iteration 23:  149500000 integrand evaluations so far
[1] 1.08376e-07 +- 3.93095e-11  	chisq 43.651 (22 df)

Saving state to vegas_last_iter119.
Vegas input parameters:
  ndim 11
  ncomp 1
  epsrel 0
  epsabs 0
  flags 291
  seed 2967
  mineval 1
  maxeval 1
  nstart 1000000
  nincrease 500000
  nbatch 1000
  gridno 1
  statefile "vegas_last_iter119"

Restoring state from vegas_last_iter119.

Iteration 24:  162000000 integrand evaluations so far
[1] 1.08372e-07 +- 3.76126e-11  	chisq 43.8181 (23 df)

Saving state to vegas_last_iter119.
Vegas input parameters:
  ndim 11
  ncomp 1
  epsrel 0
  epsabs 0
  flags 291
  seed 3086
  mineval 1
  maxeval 1
  nstart 1000000
  nincrease 500000
  nbatch 1000
  gridno 1
  statefile "vegas_last_iter119"

Restoring state from vegas_last_iter119.

Iteration 25:  175000000 integrand evaluations so far
[1] 1.08371e-07 +- 3.60618e-11  	chisq 43.8204 (24 df)

Saving state to vegas_last_iter119.
Vegas input parameters:
  ndim 11
  ncomp 1
  epsrel 0
  epsabs 0
  flags 291
  seed 3205
  mineval 1
  maxeval 1
  nstart 1000000
  nincrease 500000
  nbatch 1000
  gridno 1
  statefile "vegas_last_iter119"

Restoring state from vegas_last_iter119.
