LHAPDF 6.2.1 loading /cvmfs/cms.cern.ch/slc6_amd64_gcc630/external/lhapdf/6.2.1-omkpbe3/share/LHAPDF/NNPDF31_nnlo_as_0118_nf_4/NNPDF31_nnlo_as_0118_nf_4_0000.dat
NNPDF31_nnlo_as_0118_nf_4 PDF set, member #0, version 1; LHAPDF ID = 320900
Vegas input parameters:
  ndim 11
  ncomp 1
  epsrel 0
  epsabs 0
  flags 291
  seed 134
  mineval 1
  maxeval 1
  nstart 1000000
  nincrease 500000
  nbatch 1000
  gridno 1
  statefile "vegas_last_iter23"

Iteration 1:  1000000 integrand evaluations so far
[1] -8.04948e-10 +- 3.72493e-10  	chisq 0 (0 df)

Saving state to vegas_last_iter23.
Vegas input parameters:
  ndim 11
  ncomp 1
  epsrel 0
  epsabs 0
  flags 291
  seed 157
  mineval 1
  maxeval 1
  nstart 1000000
  nincrease 500000
  nbatch 1000
  gridno 1
  statefile "vegas_last_iter23"

Restoring state from vegas_last_iter23.

Iteration 2:  2500000 integrand evaluations so far
[1] -1.10539e-09 +- 3.37464e-10  	chisq 3.6296 (1 df)

Saving state to vegas_last_iter23.
Vegas input parameters:
  ndim 11
  ncomp 1
  epsrel 0
  epsabs 0
  flags 291
  seed 180
  mineval 1
  maxeval 1
  nstart 1000000
  nincrease 500000
  nbatch 1000
  gridno 1
  statefile "vegas_last_iter23"

Restoring state from vegas_last_iter23.

Iteration 3:  4500000 integrand evaluations so far
[1] -1.41443e-09 +- 8.01886e-11  	chisq 4.51845 (2 df)

Saving state to vegas_last_iter23.
Vegas input parameters:
  ndim 11
  ncomp 1
  epsrel 0
  epsabs 0
  flags 291
  seed 203
  mineval 1
  maxeval 1
  nstart 1000000
  nincrease 500000
  nbatch 1000
  gridno 1
  statefile "vegas_last_iter23"

Restoring state from vegas_last_iter23.

Iteration 4:  7000000 integrand evaluations so far
[1] -1.54953e-09 +- 2.21396e-11  	chisq 7.59107 (3 df)

Saving state to vegas_last_iter23.
Vegas input parameters:
  ndim 11
  ncomp 1
  epsrel 0
  epsabs 0
  flags 291
  seed 226
  mineval 1
  maxeval 1
  nstart 1000000
  nincrease 500000
  nbatch 1000
  gridno 1
  statefile "vegas_last_iter23"

Restoring state from vegas_last_iter23.

Iteration 5:  10000000 integrand evaluations so far
[1] -1.54706e-09 +- 4.28989e-12  	chisq 7.60402 (4 df)

Saving state to vegas_last_iter23.
Vegas input parameters:
  ndim 11
  ncomp 1
  epsrel 0
  epsabs 0
  flags 291
  seed 249
  mineval 1
  maxeval 1
  nstart 1000000
  nincrease 500000
  nbatch 1000
  gridno 1
  statefile "vegas_last_iter23"

Restoring state from vegas_last_iter23.

Iteration 6:  13500000 integrand evaluations so far
[1] -1.54725e-09 +- 1.71198e-12  	chisq 7.60637 (5 df)

Saving state to vegas_last_iter23.
Vegas input parameters:
  ndim 11
  ncomp 1
  epsrel 0
  epsabs 0
  flags 291
  seed 272
  mineval 1
  maxeval 1
  nstart 1000000
  nincrease 500000
  nbatch 1000
  gridno 1
  statefile "vegas_last_iter23"

Restoring state from vegas_last_iter23.

Iteration 7:  17500000 integrand evaluations so far
[1] -1.54822e-09 +- 1.03088e-12  	chisq 8.10272 (6 df)

Saving state to vegas_last_iter23.
Vegas input parameters:
  ndim 11
  ncomp 1
  epsrel 0
  epsabs 0
  flags 291
  seed 295
  mineval 1
  maxeval 1
  nstart 1000000
  nincrease 500000
  nbatch 1000
  gridno 1
  statefile "vegas_last_iter23"

Restoring state from vegas_last_iter23.

Iteration 8:  22000000 integrand evaluations so far
[1] -1.55017e-09 +- 7.52597e-13  	chisq 15.8011 (7 df)

Saving state to vegas_last_iter23.
Vegas input parameters:
  ndim 11
  ncomp 1
  epsrel 0
  epsabs 0
  flags 291
  seed 318
  mineval 1
  maxeval 1
  nstart 1000000
  nincrease 500000
  nbatch 1000
  gridno 1
  statefile "vegas_last_iter23"

Restoring state from vegas_last_iter23.

Iteration 9:  27000000 integrand evaluations so far
[1] -1.55063e-09 +- 6.02664e-13  	chisq 16.858 (8 df)

Saving state to vegas_last_iter23.
Vegas input parameters:
  ndim 11
  ncomp 1
  epsrel 0
  epsabs 0
  flags 291
  seed 341
  mineval 1
  maxeval 1
  nstart 1000000
  nincrease 500000
  nbatch 1000
  gridno 1
  statefile "vegas_last_iter23"

Restoring state from vegas_last_iter23.

Iteration 10:  32500000 integrand evaluations so far
[1] -1.54974e-09 +- 5.08099e-13  	chisq 24.3871 (9 df)

Saving state to vegas_last_iter23.
Vegas input parameters:
  ndim 11
  ncomp 1
  epsrel 0
  epsabs 0
  flags 291
  seed 364
  mineval 1
  maxeval 1
  nstart 1000000
  nincrease 500000
  nbatch 1000
  gridno 1
  statefile "vegas_last_iter23"

Restoring state from vegas_last_iter23.

Iteration 11:  38500000 integrand evaluations so far
[1] -1.54933e-09 +- 4.42905e-13  	chisq 27.1899 (10 df)

Saving state to vegas_last_iter23.
Vegas input parameters:
  ndim 11
  ncomp 1
  epsrel 0
  epsabs 0
  flags 291
  seed 387
  mineval 1
  maxeval 1
  nstart 1000000
  nincrease 500000
  nbatch 1000
  gridno 1
  statefile "vegas_last_iter23"

Restoring state from vegas_last_iter23.

Iteration 12:  45000000 integrand evaluations so far
[1] -1.54929e-09 +- 3.94015e-13  	chisq 27.2264 (11 df)

Saving state to vegas_last_iter23.
Vegas input parameters:
  ndim 11
  ncomp 1
  epsrel 0
  epsabs 0
  flags 291
  seed 410
  mineval 1
  maxeval 1
  nstart 1000000
  nincrease 500000
  nbatch 1000
  gridno 1
  statefile "vegas_last_iter23"

Restoring state from vegas_last_iter23.

Iteration 13:  52000000 integrand evaluations so far
[1] -1.54956e-09 +- 3.55985e-13  	chisq 29.8897 (12 df)

Saving state to vegas_last_iter23.
Vegas input parameters:
  ndim 11
  ncomp 1
  epsrel 0
  epsabs 0
  flags 291
  seed 433
  mineval 1
  maxeval 1
  nstart 1000000
  nincrease 500000
  nbatch 1000
  gridno 1
  statefile "vegas_last_iter23"

Restoring state from vegas_last_iter23.

Iteration 14:  59500000 integrand evaluations so far
[1] -1.5496e-09 +- 3.25244e-13  	chisq 29.9535 (13 df)

Saving state to vegas_last_iter23.
Vegas input parameters:
  ndim 11
  ncomp 1
  epsrel 0
  epsabs 0
  flags 291
  seed 456
  mineval 1
  maxeval 1
  nstart 1000000
  nincrease 500000
  nbatch 1000
  gridno 1
  statefile "vegas_last_iter23"

Restoring state from vegas_last_iter23.

Iteration 15:  67500000 integrand evaluations so far
[1] -1.54964e-09 +- 2.99843e-13  	chisq 30.032 (14 df)

Saving state to vegas_last_iter23.
Vegas input parameters:
  ndim 11
  ncomp 1
  epsrel 0
  epsabs 0
  flags 291
  seed 479
  mineval 1
  maxeval 1
  nstart 1000000
  nincrease 500000
  nbatch 1000
  gridno 1
  statefile "vegas_last_iter23"

Restoring state from vegas_last_iter23.

Iteration 16:  76000000 integrand evaluations so far
[1] -1.54959e-09 +- 2.78479e-13  	chisq 30.2394 (15 df)

Saving state to vegas_last_iter23.
Vegas input parameters:
  ndim 11
  ncomp 1
  epsrel 0
  epsabs 0
  flags 291
  seed 502
  mineval 1
  maxeval 1
  nstart 1000000
  nincrease 500000
  nbatch 1000
  gridno 1
  statefile "vegas_last_iter23"

Restoring state from vegas_last_iter23.

Iteration 17:  85000000 integrand evaluations so far
[1] -1.54944e-09 +- 2.60108e-13  	chisq 32.4786 (16 df)

Saving state to vegas_last_iter23.
Vegas input parameters:
  ndim 11
  ncomp 1
  epsrel 0
  epsabs 0
  flags 291
  seed 525
  mineval 1
  maxeval 1
  nstart 1000000
  nincrease 500000
  nbatch 1000
  gridno 1
  statefile "vegas_last_iter23"

Restoring state from vegas_last_iter23.

Iteration 18:  94500000 integrand evaluations so far
[1] -1.54917e-09 +- 2.44187e-13  	chisq 41.2864 (17 df)

Saving state to vegas_last_iter23.
Vegas input parameters:
  ndim 11
  ncomp 1
  epsrel 0
  epsabs 0
  flags 291
  seed 548
  mineval 1
  maxeval 1
  nstart 1000000
  nincrease 500000
  nbatch 1000
  gridno 1
  statefile "vegas_last_iter23"

Restoring state from vegas_last_iter23.

Iteration 19:  104500000 integrand evaluations so far
[1] -1.54913e-09 +- 2.30227e-13  	chisq 41.5344 (18 df)

Saving state to vegas_last_iter23.
Vegas input parameters:
  ndim 11
  ncomp 1
  epsrel 0
  epsabs 0
  flags 291
  seed 571
  mineval 1
  maxeval 1
  nstart 1000000
  nincrease 500000
  nbatch 1000
  gridno 1
  statefile "vegas_last_iter23"

Restoring state from vegas_last_iter23.

Iteration 20:  115000000 integrand evaluations so far
[1] -1.54911e-09 +- 2.17871e-13  	chisq 41.5817 (19 df)

Saving state to vegas_last_iter23.
Vegas input parameters:
  ndim 11
  ncomp 1
  epsrel 0
  epsabs 0
  flags 291
  seed 594
  mineval 1
  maxeval 1
  nstart 1000000
  nincrease 500000
  nbatch 1000
  gridno 1
  statefile "vegas_last_iter23"

Restoring state from vegas_last_iter23.

Iteration 21:  126000000 integrand evaluations so far
[1] -1.54899e-09 +- 2.06824e-13  	chisq 44.9054 (20 df)

Saving state to vegas_last_iter23.
Vegas input parameters:
  ndim 11
  ncomp 1
  epsrel 0
  epsabs 0
  flags 291
  seed 617
  mineval 1
  maxeval 1
  nstart 1000000
  nincrease 500000
  nbatch 1000
  gridno 1
  statefile "vegas_last_iter23"

Restoring state from vegas_last_iter23.

Iteration 22:  137500000 integrand evaluations so far
[1] -1.54897e-09 +- 1.96905e-13  	chisq 44.9698 (21 df)

Saving state to vegas_last_iter23.
Vegas input parameters:
  ndim 11
  ncomp 1
  epsrel 0
  epsabs 0
  flags 291
  seed 640
  mineval 1
  maxeval 1
  nstart 1000000
  nincrease 500000
  nbatch 1000
  gridno 1
  statefile "vegas_last_iter23"

Restoring state from vegas_last_iter23.

Iteration 23:  149500000 integrand evaluations so far
[1] -1.54907e-09 +- 1.87938e-13  	chisq 47.7587 (22 df)

Saving state to vegas_last_iter23.
Vegas input parameters:
  ndim 11
  ncomp 1
  epsrel 0
  epsabs 0
  flags 291
  seed 663
  mineval 1
  maxeval 1
  nstart 1000000
  nincrease 500000
  nbatch 1000
  gridno 1
  statefile "vegas_last_iter23"

Restoring state from vegas_last_iter23.

Iteration 24:  162000000 integrand evaluations so far
[1] -1.54909e-09 +- 1.79796e-13  	chisq 47.8693 (23 df)

Saving state to vegas_last_iter23.
Vegas input parameters:
  ndim 11
  ncomp 1
  epsrel 0
  epsabs 0
  flags 291
  seed 686
  mineval 1
  maxeval 1
  nstart 1000000
  nincrease 500000
  nbatch 1000
  gridno 1
  statefile "vegas_last_iter23"

Restoring state from vegas_last_iter23.

Iteration 25:  175000000 integrand evaluations so far
[1] -1.54914e-09 +- 1.72352e-13  	chisq 48.8375 (24 df)

Saving state to vegas_last_iter23.
Vegas input parameters:
  ndim 11
  ncomp 1
  epsrel 0
  epsabs 0
  flags 291
  seed 709
  mineval 1
  maxeval 1
  nstart 1000000
  nincrease 500000
  nbatch 1000
  gridno 1
  statefile "vegas_last_iter23"

Restoring state from vegas_last_iter23.

Iteration 26:  188500000 integrand evaluations so far
[1] -1.54907e-09 +- 1.65509e-13  	chisq 51.131 (25 df)

Saving state to vegas_last_iter23.
Vegas input parameters:
  ndim 11
  ncomp 1
  epsrel 0
  epsabs 0
  flags 291
  seed 732
  mineval 1
  maxeval 1
  nstart 1000000
  nincrease 500000
  nbatch 1000
  gridno 1
  statefile "vegas_last_iter23"

Restoring state from vegas_last_iter23.

Iteration 27:  202500000 integrand evaluations so far
[1] -1.54904e-09 +- 1.59198e-13  	chisq 51.5046 (26 df)

Saving state to vegas_last_iter23.
Thanks for using LHAPDF 6.2.1. Please make sure to cite the paper:
  Eur.Phys.J. C75 (2015) 3, 132  (http://arxiv.org/abs/1412.7420)
 method   =Vegas  
 nregions =           1
 neval    =   202500000
 fail     =           1
 -0.154903957609E-08 +-   0.159197965652E-12   p =    0.997
