LHAPDF 6.2.1 loading /cvmfs/cms.cern.ch/slc6_amd64_gcc630/external/lhapdf/6.2.1-omkpbe3/share/LHAPDF/NNPDF31_nnlo_as_0118_nf_4/NNPDF31_nnlo_as_0118_nf_4_0000.dat
NNPDF31_nnlo_as_0118_nf_4 PDF set, member #0, version 1; LHAPDF ID = 320900
Vegas input parameters:
  ndim 11
  ncomp 1
  epsrel 0
  epsabs 0
  flags 291
  seed 154
  mineval 1
  maxeval 1
  nstart 1000000
  nincrease 500000
  nbatch 1000
  gridno 1
  statefile "vegas_last_iter43"

Iteration 1:  1000000 integrand evaluations so far
[1] 4.88061e-08 +- 3.97036e-08  	chisq 0 (0 df)

Saving state to vegas_last_iter43.
Vegas input parameters:
  ndim 11
  ncomp 1
  epsrel 0
  epsabs 0
  flags 291
  seed 197
  mineval 1
  maxeval 1
  nstart 1000000
  nincrease 500000
  nbatch 1000
  gridno 1
  statefile "vegas_last_iter43"

Restoring state from vegas_last_iter43.

Iteration 2:  2500000 integrand evaluations so far
[1] -3.42282e-09 +- 1.40572e-08  	chisq 1.97847 (1 df)

Saving state to vegas_last_iter43.
Vegas input parameters:
  ndim 11
  ncomp 1
  epsrel 0
  epsabs 0
  flags 291
  seed 240
  mineval 1
  maxeval 1
  nstart 1000000
  nincrease 500000
  nbatch 1000
  gridno 1
  statefile "vegas_last_iter43"

Restoring state from vegas_last_iter43.

Iteration 3:  4500000 integrand evaluations so far
[1] 3.48351e-09 +- 3.06893e-09  	chisq 2.23193 (2 df)

Saving state to vegas_last_iter43.
Vegas input parameters:
  ndim 11
  ncomp 1
  epsrel 0
  epsabs 0
  flags 291
  seed 283
  mineval 1
  maxeval 1
  nstart 1000000
  nincrease 500000
  nbatch 1000
  gridno 1
  statefile "vegas_last_iter43"

Restoring state from vegas_last_iter43.

Iteration 4:  7000000 integrand evaluations so far
[1] 4.5712e-09 +- 1.26369e-09  	chisq 2.38319 (3 df)

Saving state to vegas_last_iter43.
Vegas input parameters:
  ndim 11
  ncomp 1
  epsrel 0
  epsabs 0
  flags 291
  seed 326
  mineval 1
  maxeval 1
  nstart 1000000
  nincrease 500000
  nbatch 1000
  gridno 1
  statefile "vegas_last_iter43"

Restoring state from vegas_last_iter43.

Iteration 5:  10000000 integrand evaluations so far
[1] 5.24526e-09 +- 2.59738e-10  	chisq 2.68026 (4 df)

Saving state to vegas_last_iter43.
Vegas input parameters:
  ndim 11
  ncomp 1
  epsrel 0
  epsabs 0
  flags 291
  seed 369
  mineval 1
  maxeval 1
  nstart 1000000
  nincrease 500000
  nbatch 1000
  gridno 1
  statefile "vegas_last_iter43"

Restoring state from vegas_last_iter43.

Iteration 6:  13500000 integrand evaluations so far
[1] 5.33591e-09 +- 9.09775e-11  	chisq 2.81909 (5 df)

Saving state to vegas_last_iter43.
Vegas input parameters:
  ndim 11
  ncomp 1
  epsrel 0
  epsabs 0
  flags 291
  seed 412
  mineval 1
  maxeval 1
  nstart 1000000
  nincrease 500000
  nbatch 1000
  gridno 1
  statefile "vegas_last_iter43"

Restoring state from vegas_last_iter43.

Iteration 7:  17500000 integrand evaluations so far
[1] 5.33795e-09 +- 5.32493e-11  	chisq 2.81986 (6 df)

Saving state to vegas_last_iter43.
Vegas input parameters:
  ndim 11
  ncomp 1
  epsrel 0
  epsabs 0
  flags 291
  seed 455
  mineval 1
  maxeval 1
  nstart 1000000
  nincrease 500000
  nbatch 1000
  gridno 1
  statefile "vegas_last_iter43"

Restoring state from vegas_last_iter43.

Iteration 8:  22000000 integrand evaluations so far
[1] 5.33034e-09 +- 3.87713e-11  	chisq 2.86337 (7 df)

Saving state to vegas_last_iter43.
Vegas input parameters:
  ndim 11
  ncomp 1
  epsrel 0
  epsabs 0
  flags 291
  seed 498
  mineval 1
  maxeval 1
  nstart 1000000
  nincrease 500000
  nbatch 1000
  gridno 1
  statefile "vegas_last_iter43"

Restoring state from vegas_last_iter43.

Iteration 9:  27000000 integrand evaluations so far
[1] 5.35215e-09 +- 3.12085e-11  	chisq 3.76209 (8 df)

Saving state to vegas_last_iter43.
Vegas input parameters:
  ndim 11
  ncomp 1
  epsrel 0
  epsabs 0
  flags 291
  seed 541
  mineval 1
  maxeval 1
  nstart 1000000
  nincrease 500000
  nbatch 1000
  gridno 1
  statefile "vegas_last_iter43"

Restoring state from vegas_last_iter43.

Iteration 10:  32500000 integrand evaluations so far
[1] 5.35127e-09 +- 2.63824e-11  	chisq 3.76489 (9 df)

Saving state to vegas_last_iter43.
Vegas input parameters:
  ndim 11
  ncomp 1
  epsrel 0
  epsabs 0
  flags 291
  seed 584
  mineval 1
  maxeval 1
  nstart 1000000
  nincrease 500000
  nbatch 1000
  gridno 1
  statefile "vegas_last_iter43"

Restoring state from vegas_last_iter43.

Iteration 11:  38500000 integrand evaluations so far
[1] 5.36105e-09 +- 2.30282e-11  	chisq 4.34206 (10 df)

Saving state to vegas_last_iter43.
Vegas input parameters:
  ndim 11
  ncomp 1
  epsrel 0
  epsabs 0
  flags 291
  seed 627
  mineval 1
  maxeval 1
  nstart 1000000
  nincrease 500000
  nbatch 1000
  gridno 1
  statefile "vegas_last_iter43"

Restoring state from vegas_last_iter43.

Iteration 12:  45000000 integrand evaluations so far
[1] 5.35694e-09 +- 2.05081e-11  	chisq 4.49591 (11 df)

Saving state to vegas_last_iter43.
Vegas input parameters:
  ndim 11
  ncomp 1
  epsrel 0
  epsabs 0
  flags 291
  seed 670
  mineval 1
  maxeval 1
  nstart 1000000
  nincrease 500000
  nbatch 1000
  gridno 1
  statefile "vegas_last_iter43"

Restoring state from vegas_last_iter43.

Iteration 13:  52000000 integrand evaluations so far
[1] 5.35496e-09 +- 1.85231e-11  	chisq 4.5465 (12 df)

Saving state to vegas_last_iter43.
Vegas input parameters:
  ndim 11
  ncomp 1
  epsrel 0
  epsabs 0
  flags 291
  seed 713
  mineval 1
  maxeval 1
  nstart 1000000
  nincrease 500000
  nbatch 1000
  gridno 1
  statefile "vegas_last_iter43"

Restoring state from vegas_last_iter43.

Iteration 14:  59500000 integrand evaluations so far
[1] 5.35278e-09 +- 1.69102e-11  	chisq 4.62974 (13 df)

Saving state to vegas_last_iter43.
Vegas input parameters:
  ndim 11
  ncomp 1
  epsrel 0
  epsabs 0
  flags 291
  seed 756
  mineval 1
  maxeval 1
  nstart 1000000
  nincrease 500000
  nbatch 1000
  gridno 1
  statefile "vegas_last_iter43"

Restoring state from vegas_last_iter43.

Iteration 15:  67500000 integrand evaluations so far
[1] 5.35015e-09 +- 1.55761e-11  	chisq 4.78867 (14 df)

Saving state to vegas_last_iter43.
Vegas input parameters:
  ndim 11
  ncomp 1
  epsrel 0
  epsabs 0
  flags 291
  seed 799
  mineval 1
  maxeval 1
  nstart 1000000
  nincrease 500000
  nbatch 1000
  gridno 1
  statefile "vegas_last_iter43"

Restoring state from vegas_last_iter43.

Iteration 16:  76000000 integrand evaluations so far
[1] 5.34915e-09 +- 1.44423e-11  	chisq 4.81798 (15 df)

Saving state to vegas_last_iter43.
Vegas input parameters:
  ndim 11
  ncomp 1
  epsrel 0
  epsabs 0
  flags 291
  seed 842
  mineval 1
  maxeval 1
  nstart 1000000
  nincrease 500000
  nbatch 1000
  gridno 1
  statefile "vegas_last_iter43"

Restoring state from vegas_last_iter43.

Iteration 17:  85000000 integrand evaluations so far
[1] 5.3573e-09 +- 1.34719e-11  	chisq 7.26456 (16 df)

Saving state to vegas_last_iter43.
Vegas input parameters:
  ndim 11
  ncomp 1
  epsrel 0
  epsabs 0
  flags 291
  seed 885
  mineval 1
  maxeval 1
  nstart 1000000
  nincrease 500000
  nbatch 1000
  gridno 1
  statefile "vegas_last_iter43"

Restoring state from vegas_last_iter43.

Iteration 18:  94500000 integrand evaluations so far
[1] 5.35302e-09 +- 1.2634e-11  	chisq 8.10196 (17 df)

Saving state to vegas_last_iter43.
Vegas input parameters:
  ndim 11
  ncomp 1
  epsrel 0
  epsabs 0
  flags 291
  seed 928
  mineval 1
  maxeval 1
  nstart 1000000
  nincrease 500000
  nbatch 1000
  gridno 1
  statefile "vegas_last_iter43"

Restoring state from vegas_last_iter43.

Iteration 19:  104500000 integrand evaluations so far
[1] 5.3522e-09 +- 1.1903e-11  	chisq 8.13875 (18 df)

Saving state to vegas_last_iter43.
Vegas input parameters:
  ndim 11
  ncomp 1
  epsrel 0
  epsabs 0
  flags 291
  seed 971
  mineval 1
  maxeval 1
  nstart 1000000
  nincrease 500000
  nbatch 1000
  gridno 1
  statefile "vegas_last_iter43"

Restoring state from vegas_last_iter43.

Iteration 20:  115000000 integrand evaluations so far
[1] 5.34796e-09 +- 1.12535e-11  	chisq 9.33638 (19 df)

Saving state to vegas_last_iter43.
Vegas input parameters:
  ndim 11
  ncomp 1
  epsrel 0
  epsabs 0
  flags 291
  seed 1014
  mineval 1
  maxeval 1
  nstart 1000000
  nincrease 500000
  nbatch 1000
  gridno 1
  statefile "vegas_last_iter43"

Restoring state from vegas_last_iter43.

Iteration 21:  126000000 integrand evaluations so far
[1] 5.35131e-09 +- 1.06776e-11  	chisq 10.2245 (20 df)

Saving state to vegas_last_iter43.
Vegas input parameters:
  ndim 11
  ncomp 1
  epsrel 0
  epsabs 0
  flags 291
  seed 1057
  mineval 1
  maxeval 1
  nstart 1000000
  nincrease 500000
  nbatch 1000
  gridno 1
  statefile "vegas_last_iter43"

Restoring state from vegas_last_iter43.

Iteration 22:  137500000 integrand evaluations so far
[1] 5.35891e-09 +- 1.01642e-11  	chisq 15.6278 (21 df)

Saving state to vegas_last_iter43.
Vegas input parameters:
  ndim 11
  ncomp 1
  epsrel 0
  epsabs 0
  flags 291
  seed 1100
  mineval 1
  maxeval 1
  nstart 1000000
  nincrease 500000
  nbatch 1000
  gridno 1
  statefile "vegas_last_iter43"

Restoring state from vegas_last_iter43.

Iteration 23:  149500000 integrand evaluations so far
[1] 5.35471e-09 +- 9.72038e-12  	chisq 17.6296 (22 df)

Saving state to vegas_last_iter43.
Vegas input parameters:
  ndim 11
  ncomp 1
  epsrel 0
  epsabs 0
  flags 291
  seed 1143
  mineval 1
  maxeval 1
  nstart 1000000
  nincrease 500000
  nbatch 1000
  gridno 1
  statefile "vegas_last_iter43"

Restoring state from vegas_last_iter43.

Iteration 24:  162000000 integrand evaluations so far
[1] 5.35111e-09 +- 9.30358e-12  	chisq 19.2593 (23 df)

Saving state to vegas_last_iter43.
Vegas input parameters:
  ndim 11
  ncomp 1
  epsrel 0
  epsabs 0
  flags 291
  seed 1186
  mineval 1
  maxeval 1
  nstart 1000000
  nincrease 500000
  nbatch 1000
  gridno 1
  statefile "vegas_last_iter43"

Restoring state from vegas_last_iter43.

Iteration 25:  175000000 integrand evaluations so far
[1] 5.35477e-09 +- 8.91809e-12  	chisq 21.1658 (24 df)

Saving state to vegas_last_iter43.
Vegas input parameters:
  ndim 11
  ncomp 1
  epsrel 0
  epsabs 0
  flags 291
  seed 1229
  mineval 1
  maxeval 1
  nstart 1000000
  nincrease 500000
  nbatch 1000
  gridno 1
  statefile "vegas_last_iter43"

Restoring state from vegas_last_iter43.

Iteration 26:  188500000 integrand evaluations so far
[1] 5.35487e-09 +- 8.56109e-12  	chisq 21.1671 (25 df)

Saving state to vegas_last_iter43.
Vegas input parameters:
  ndim 11
  ncomp 1
  epsrel 0
  epsabs 0
  flags 291
  seed 1272
  mineval 1
  maxeval 1
  nstart 1000000
  nincrease 500000
  nbatch 1000
  gridno 1
  statefile "vegas_last_iter43"

Restoring state from vegas_last_iter43.

Iteration 27:  202500000 integrand evaluations so far
[1] 5.35597e-09 +- 8.23152e-12  	chisq 21.3893 (26 df)

Saving state to vegas_last_iter43.
Thanks for using LHAPDF 6.2.1. Please make sure to cite the paper:
  Eur.Phys.J. C75 (2015) 3, 132  (http://arxiv.org/abs/1412.7420)
 method   =Vegas  
 nregions =           1
 neval    =   202500000
 fail     =           1
  0.535597383452E-08 +-   0.823151671283E-11   p =    0.232
