LHAPDF 6.2.1 loading /cvmfs/cms.cern.ch/slc6_amd64_gcc630/external/lhapdf/6.2.1-omkpbe3/share/LHAPDF/NNPDF31_nnlo_as_0118_nf_4/NNPDF31_nnlo_as_0118_nf_4_0000.dat
NNPDF31_nnlo_as_0118_nf_4 PDF set, member #0, version 1; LHAPDF ID = 320900
Vegas input parameters:
  ndim 11
  ncomp 1
  epsrel 0
  epsabs 0
  flags 291
  seed 181
  mineval 1
  maxeval 1
  nstart 1000000
  nincrease 500000
  nbatch 1000
  gridno 1
  statefile "vegas_last_iter70"

Iteration 1:  1000000 integrand evaluations so far
[1] 4.29907e-10 +- 4.34662e-10  	chisq 0 (0 df)

Saving state to vegas_last_iter70.
Vegas input parameters:
  ndim 11
  ncomp 1
  epsrel 0
  epsabs 0
  flags 291
  seed 251
  mineval 1
  maxeval 1
  nstart 1000000
  nincrease 500000
  nbatch 1000
  gridno 1
  statefile "vegas_last_iter70"

Restoring state from vegas_last_iter70.

Iteration 2:  2500000 integrand evaluations so far
[1] 6.21347e-10 +- 2.48025e-10  	chisq 0.287638 (1 df)

Saving state to vegas_last_iter70.
Vegas input parameters:
  ndim 11
  ncomp 1
  epsrel 0
  epsabs 0
  flags 291
  seed 321
  mineval 1
  maxeval 1
  nstart 1000000
  nincrease 500000
  nbatch 1000
  gridno 1
  statefile "vegas_last_iter70"

Restoring state from vegas_last_iter70.

Iteration 3:  4500000 integrand evaluations so far
[1] 8.26991e-10 +- 9.29451e-11  	chisq 1.0874 (2 df)

Saving state to vegas_last_iter70.
Vegas input parameters:
  ndim 11
  ncomp 1
  epsrel 0
  epsabs 0
  flags 291
  seed 391
  mineval 1
  maxeval 1
  nstart 1000000
  nincrease 500000
  nbatch 1000
  gridno 1
  statefile "vegas_last_iter70"

Restoring state from vegas_last_iter70.

Iteration 4:  7000000 integrand evaluations so far
[1] 6.96482e-10 +- 3.35432e-11  	chisq 3.35428 (3 df)

Saving state to vegas_last_iter70.
Vegas input parameters:
  ndim 11
  ncomp 1
  epsrel 0
  epsabs 0
  flags 291
  seed 461
  mineval 1
  maxeval 1
  nstart 1000000
  nincrease 500000
  nbatch 1000
  gridno 1
  statefile "vegas_last_iter70"

Restoring state from vegas_last_iter70.

Iteration 5:  10000000 integrand evaluations so far
[1] 6.71668e-10 +- 8.94873e-12  	chisq 3.94347 (4 df)

Saving state to vegas_last_iter70.
Vegas input parameters:
  ndim 11
  ncomp 1
  epsrel 0
  epsabs 0
  flags 291
  seed 531
  mineval 1
  maxeval 1
  nstart 1000000
  nincrease 500000
  nbatch 1000
  gridno 1
  statefile "vegas_last_iter70"

Restoring state from vegas_last_iter70.

Iteration 6:  13500000 integrand evaluations so far
[1] 6.68526e-10 +- 3.25119e-12  	chisq 4.08549 (5 df)

Saving state to vegas_last_iter70.
Vegas input parameters:
  ndim 11
  ncomp 1
  epsrel 0
  epsabs 0
  flags 291
  seed 601
  mineval 1
  maxeval 1
  nstart 1000000
  nincrease 500000
  nbatch 1000
  gridno 1
  statefile "vegas_last_iter70"

Restoring state from vegas_last_iter70.

Iteration 7:  17500000 integrand evaluations so far
[1] 6.70048e-10 +- 1.87081e-12  	chisq 4.41288 (6 df)

Saving state to vegas_last_iter70.
Vegas input parameters:
  ndim 11
  ncomp 1
  epsrel 0
  epsabs 0
  flags 291
  seed 671
  mineval 1
  maxeval 1
  nstart 1000000
  nincrease 500000
  nbatch 1000
  gridno 1
  statefile "vegas_last_iter70"

Restoring state from vegas_last_iter70.

Iteration 8:  22000000 integrand evaluations so far
[1] 6.68906e-10 +- 1.33951e-12  	chisq 5.17733 (7 df)

Saving state to vegas_last_iter70.
Vegas input parameters:
  ndim 11
  ncomp 1
  epsrel 0
  epsabs 0
  flags 291
  seed 741
  mineval 1
  maxeval 1
  nstart 1000000
  nincrease 500000
  nbatch 1000
  gridno 1
  statefile "vegas_last_iter70"

Restoring state from vegas_last_iter70.

Iteration 9:  27000000 integrand evaluations so far
[1] 6.68113e-10 +- 1.06452e-12  	chisq 6.12899 (8 df)

Saving state to vegas_last_iter70.
Vegas input parameters:
  ndim 11
  ncomp 1
  epsrel 0
  epsabs 0
  flags 291
  seed 811
  mineval 1
  maxeval 1
  nstart 1000000
  nincrease 500000
  nbatch 1000
  gridno 1
  statefile "vegas_last_iter70"

Restoring state from vegas_last_iter70.

Iteration 10:  32500000 integrand evaluations so far
[1] 6.69229e-10 +- 8.94741e-13  	chisq 9.87335 (9 df)

Saving state to vegas_last_iter70.
Vegas input parameters:
  ndim 11
  ncomp 1
  epsrel 0
  epsabs 0
  flags 291
  seed 881
  mineval 1
  maxeval 1
  nstart 1000000
  nincrease 500000
  nbatch 1000
  gridno 1
  statefile "vegas_last_iter70"

Restoring state from vegas_last_iter70.

Iteration 11:  38500000 integrand evaluations so far
[1] 6.68662e-10 +- 7.77868e-13  	chisq 11.5149 (10 df)

Saving state to vegas_last_iter70.
Vegas input parameters:
  ndim 11
  ncomp 1
  epsrel 0
  epsabs 0
  flags 291
  seed 951
  mineval 1
  maxeval 1
  nstart 1000000
  nincrease 500000
  nbatch 1000
  gridno 1
  statefile "vegas_last_iter70"

Restoring state from vegas_last_iter70.

Iteration 12:  45000000 integrand evaluations so far
[1] 6.68645e-10 +- 6.91286e-13  	chisq 11.5173 (11 df)

Saving state to vegas_last_iter70.
Vegas input parameters:
  ndim 11
  ncomp 1
  epsrel 0
  epsabs 0
  flags 291
  seed 1021
  mineval 1
  maxeval 1
  nstart 1000000
  nincrease 500000
  nbatch 1000
  gridno 1
  statefile "vegas_last_iter70"

Restoring state from vegas_last_iter70.

Iteration 13:  52000000 integrand evaluations so far
[1] 6.68657e-10 +- 6.241e-13  	chisq 11.519 (12 df)

Saving state to vegas_last_iter70.
Vegas input parameters:
  ndim 11
  ncomp 1
  epsrel 0
  epsabs 0
  flags 291
  seed 1091
  mineval 1
  maxeval 1
  nstart 1000000
  nincrease 500000
  nbatch 1000
  gridno 1
  statefile "vegas_last_iter70"

Restoring state from vegas_last_iter70.

Iteration 14:  59500000 integrand evaluations so far
[1] 6.68466e-10 +- 5.7005e-13  	chisq 12.0864 (13 df)

Saving state to vegas_last_iter70.
Vegas input parameters:
  ndim 11
  ncomp 1
  epsrel 0
  epsabs 0
  flags 291
  seed 1161
  mineval 1
  maxeval 1
  nstart 1000000
  nincrease 500000
  nbatch 1000
  gridno 1
  statefile "vegas_last_iter70"

Restoring state from vegas_last_iter70.

Iteration 15:  67500000 integrand evaluations so far
[1] 6.68431e-10 +- 5.25554e-13  	chisq 12.1119 (14 df)

Saving state to vegas_last_iter70.
Vegas input parameters:
  ndim 11
  ncomp 1
  epsrel 0
  epsabs 0
  flags 291
  seed 1231
  mineval 1
  maxeval 1
  nstart 1000000
  nincrease 500000
  nbatch 1000
  gridno 1
  statefile "vegas_last_iter70"

Restoring state from vegas_last_iter70.

Iteration 16:  76000000 integrand evaluations so far
[1] 6.68315e-10 +- 4.88011e-13  	chisq 12.4613 (15 df)

Saving state to vegas_last_iter70.
Vegas input parameters:
  ndim 11
  ncomp 1
  epsrel 0
  epsabs 0
  flags 291
  seed 1301
  mineval 1
  maxeval 1
  nstart 1000000
  nincrease 500000
  nbatch 1000
  gridno 1
  statefile "vegas_last_iter70"

Restoring state from vegas_last_iter70.

Iteration 17:  85000000 integrand evaluations so far
[1] 6.68382e-10 +- 4.55843e-13  	chisq 12.608 (16 df)

Saving state to vegas_last_iter70.
Vegas input parameters:
  ndim 11
  ncomp 1
  epsrel 0
  epsabs 0
  flags 291
  seed 1371
  mineval 1
  maxeval 1
  nstart 1000000
  nincrease 500000
  nbatch 1000
  gridno 1
  statefile "vegas_last_iter70"

Restoring state from vegas_last_iter70.

Iteration 18:  94500000 integrand evaluations so far
[1] 6.68488e-10 +- 4.27937e-13  	chisq 13.0608 (17 df)

Saving state to vegas_last_iter70.
Vegas input parameters:
  ndim 11
  ncomp 1
  epsrel 0
  epsabs 0
  flags 291
  seed 1441
  mineval 1
  maxeval 1
  nstart 1000000
  nincrease 500000
  nbatch 1000
  gridno 1
  statefile "vegas_last_iter70"

Restoring state from vegas_last_iter70.

Iteration 19:  104500000 integrand evaluations so far
[1] 6.68592e-10 +- 4.03497e-13  	chisq 13.5999 (18 df)

Saving state to vegas_last_iter70.
Vegas input parameters:
  ndim 11
  ncomp 1
  epsrel 0
  epsabs 0
  flags 291
  seed 1511
  mineval 1
  maxeval 1
  nstart 1000000
  nincrease 500000
  nbatch 1000
  gridno 1
  statefile "vegas_last_iter70"

Restoring state from vegas_last_iter70.

Iteration 20:  115000000 integrand evaluations so far
[1] 6.68685e-10 +- 3.81805e-13  	chisq 14.1027 (19 df)

Saving state to vegas_last_iter70.
Vegas input parameters:
  ndim 11
  ncomp 1
  epsrel 0
  epsabs 0
  flags 291
  seed 1581
  mineval 1
  maxeval 1
  nstart 1000000
  nincrease 500000
  nbatch 1000
  gridno 1
  statefile "vegas_last_iter70"

Restoring state from vegas_last_iter70.

Iteration 21:  126000000 integrand evaluations so far
[1] 6.68597e-10 +- 3.62434e-13  	chisq 14.6364 (20 df)

Saving state to vegas_last_iter70.
Vegas input parameters:
  ndim 11
  ncomp 1
  epsrel 0
  epsabs 0
  flags 291
  seed 1651
  mineval 1
  maxeval 1
  nstart 1000000
  nincrease 500000
  nbatch 1000
  gridno 1
  statefile "vegas_last_iter70"

Restoring state from vegas_last_iter70.

Iteration 22:  137500000 integrand evaluations so far
[1] 6.6859e-10 +- 3.45027e-13  	chisq 14.6409 (21 df)

Saving state to vegas_last_iter70.
Vegas input parameters:
  ndim 11
  ncomp 1
  epsrel 0
  epsabs 0
  flags 291
  seed 1721
  mineval 1
  maxeval 1
  nstart 1000000
  nincrease 500000
  nbatch 1000
  gridno 1
  statefile "vegas_last_iter70"

Restoring state from vegas_last_iter70.

Iteration 23:  149500000 integrand evaluations so far
[1] 6.68631e-10 +- 3.29302e-13  	chisq 14.8012 (22 df)

Saving state to vegas_last_iter70.
Vegas input parameters:
  ndim 11
  ncomp 1
  epsrel 0
  epsabs 0
  flags 291
  seed 1791
  mineval 1
  maxeval 1
  nstart 1000000
  nincrease 500000
  nbatch 1000
  gridno 1
  statefile "vegas_last_iter70"

Restoring state from vegas_last_iter70.

Iteration 24:  162000000 integrand evaluations so far
[1] 6.68641e-10 +- 3.15022e-13  	chisq 14.8119 (23 df)

Saving state to vegas_last_iter70.
Vegas input parameters:
  ndim 11
  ncomp 1
  epsrel 0
  epsabs 0
  flags 291
  seed 1861
  mineval 1
  maxeval 1
  nstart 1000000
  nincrease 500000
  nbatch 1000
  gridno 1
  statefile "vegas_last_iter70"

Restoring state from vegas_last_iter70.

Iteration 25:  175000000 integrand evaluations so far
[1] 6.686e-10 +- 3.01956e-13  	chisq 15.0229 (24 df)

Saving state to vegas_last_iter70.
Vegas input parameters:
  ndim 11
  ncomp 1
  epsrel 0
  epsabs 0
  flags 291
  seed 1931
  mineval 1
  maxeval 1
  nstart 1000000
  nincrease 500000
  nbatch 1000
  gridno 1
  statefile "vegas_last_iter70"

Restoring state from vegas_last_iter70.

Iteration 26:  188500000 integrand evaluations so far
[1] 6.68603e-10 +- 2.89968e-13  	chisq 15.0244 (25 df)

Saving state to vegas_last_iter70.
Vegas input parameters:
  ndim 11
  ncomp 1
  epsrel 0
  epsabs 0
  flags 291
  seed 2001
  mineval 1
  maxeval 1
  nstart 1000000
  nincrease 500000
  nbatch 1000
  gridno 1
  statefile "vegas_last_iter70"

Restoring state from vegas_last_iter70.

Iteration 27:  202500000 integrand evaluations so far
[1] 6.68678e-10 +- 2.78924e-13  	chisq 15.9208 (26 df)

Saving state to vegas_last_iter70.
Thanks for using LHAPDF 6.2.1. Please make sure to cite the paper:
  Eur.Phys.J. C75 (2015) 3, 132  (http://arxiv.org/abs/1412.7420)
 method   =Vegas  
 nregions =           1
 neval    =   202500000
 fail     =           1
  0.668678113871E-09 +-   0.278923792719E-12   p =    0.046
