LHAPDF 6.2.1 loading /cvmfs/cms.cern.ch/slc6_amd64_gcc630/external/lhapdf/6.2.1-omkpbe3/share/LHAPDF/NNPDF31_nnlo_as_0118_nf_4/NNPDF31_nnlo_as_0118_nf_4_0000.dat
NNPDF31_nnlo_as_0118_nf_4 PDF set, member #0, version 1; LHAPDF ID = 320900
Vegas input parameters:
  ndim 11
  ncomp 1
  epsrel 0
  epsabs 0
  flags 291
  seed 220
  mineval 1
  maxeval 1
  nstart 1000000
  nincrease 500000
  nbatch 1000
  gridno 1
  statefile "vegas_last_iter109"

Iteration 1:  1000000 integrand evaluations so far
[1] 7.23916e-10 +- 8.09547e-10  	chisq 0 (0 df)

Saving state to vegas_last_iter109.
Vegas input parameters:
  ndim 11
  ncomp 1
  epsrel 0
  epsabs 0
  flags 291
  seed 329
  mineval 1
  maxeval 1
  nstart 1000000
  nincrease 500000
  nbatch 1000
  gridno 1
  statefile "vegas_last_iter109"

Restoring state from vegas_last_iter109.

Iteration 2:  2500000 integrand evaluations so far
[1] 1.3366e-09 +- 2.60655e-10  	chisq 0.639025 (1 df)

Saving state to vegas_last_iter109.
Vegas input parameters:
  ndim 11
  ncomp 1
  epsrel 0
  epsabs 0
  flags 291
  seed 438
  mineval 1
  maxeval 1
  nstart 1000000
  nincrease 500000
  nbatch 1000
  gridno 1
  statefile "vegas_last_iter109"

Restoring state from vegas_last_iter109.

Iteration 3:  4500000 integrand evaluations so far
[1] 2.21015e-09 +- 1.22451e-10  	chisq 15.0515 (2 df)

Saving state to vegas_last_iter109.
Vegas input parameters:
  ndim 11
  ncomp 1
  epsrel 0
  epsabs 0
  flags 291
  seed 547
  mineval 1
  maxeval 1
  nstart 1000000
  nincrease 500000
  nbatch 1000
  gridno 1
  statefile "vegas_last_iter109"

Restoring state from vegas_last_iter109.

Iteration 4:  7000000 integrand evaluations so far
[1] 2.50271e-09 +- 3.80831e-11  	chisq 21.3712 (3 df)

Saving state to vegas_last_iter109.
Vegas input parameters:
  ndim 11
  ncomp 1
  epsrel 0
  epsabs 0
  flags 291
  seed 656
  mineval 1
  maxeval 1
  nstart 1000000
  nincrease 500000
  nbatch 1000
  gridno 1
  statefile "vegas_last_iter109"

Restoring state from vegas_last_iter109.

Iteration 5:  10000000 integrand evaluations so far
[1] 2.55436e-09 +- 1.17969e-11  	chisq 23.4059 (4 df)

Saving state to vegas_last_iter109.
Vegas input parameters:
  ndim 11
  ncomp 1
  epsrel 0
  epsabs 0
  flags 291
  seed 765
  mineval 1
  maxeval 1
  nstart 1000000
  nincrease 500000
  nbatch 1000
  gridno 1
  statefile "vegas_last_iter109"

Restoring state from vegas_last_iter109.

Iteration 6:  13500000 integrand evaluations so far
[1] 2.56382e-09 +- 5.05319e-12  	chisq 24.1929 (5 df)

Saving state to vegas_last_iter109.
Vegas input parameters:
  ndim 11
  ncomp 1
  epsrel 0
  epsabs 0
  flags 291
  seed 874
  mineval 1
  maxeval 1
  nstart 1000000
  nincrease 500000
  nbatch 1000
  gridno 1
  statefile "vegas_last_iter109"

Restoring state from vegas_last_iter109.

Iteration 7:  17500000 integrand evaluations so far
[1] 2.56214e-09 +- 3.2041e-12  	chisq 24.377 (6 df)

Saving state to vegas_last_iter109.
Vegas input parameters:
  ndim 11
  ncomp 1
  epsrel 0
  epsabs 0
  flags 291
  seed 983
  mineval 1
  maxeval 1
  nstart 1000000
  nincrease 500000
  nbatch 1000
  gridno 1
  statefile "vegas_last_iter109"

Restoring state from vegas_last_iter109.

Iteration 8:  22000000 integrand evaluations so far
[1] 2.56305e-09 +- 2.40357e-12  	chisq 24.5585 (7 df)

Saving state to vegas_last_iter109.
Vegas input parameters:
  ndim 11
  ncomp 1
  epsrel 0
  epsabs 0
  flags 291
  seed 1092
  mineval 1
  maxeval 1
  nstart 1000000
  nincrease 500000
  nbatch 1000
  gridno 1
  statefile "vegas_last_iter109"

Restoring state from vegas_last_iter109.

Iteration 9:  27000000 integrand evaluations so far
[1] 2.56381e-09 +- 1.95929e-12  	chisq 24.8552 (8 df)

Saving state to vegas_last_iter109.
Vegas input parameters:
  ndim 11
  ncomp 1
  epsrel 0
  epsabs 0
  flags 291
  seed 1201
  mineval 1
  maxeval 1
  nstart 1000000
  nincrease 500000
  nbatch 1000
  gridno 1
  statefile "vegas_last_iter109"

Restoring state from vegas_last_iter109.

Iteration 10:  32500000 integrand evaluations so far
[1] 2.56303e-09 +- 1.67016e-12  	chisq 25.4348 (9 df)

Saving state to vegas_last_iter109.
Vegas input parameters:
  ndim 11
  ncomp 1
  epsrel 0
  epsabs 0
  flags 291
  seed 1310
  mineval 1
  maxeval 1
  nstart 1000000
  nincrease 500000
  nbatch 1000
  gridno 1
  statefile "vegas_last_iter109"

Restoring state from vegas_last_iter109.

Iteration 11:  38500000 integrand evaluations so far
[1] 2.56357e-09 +- 1.46347e-12  	chisq 25.8874 (10 df)

Saving state to vegas_last_iter109.
Vegas input parameters:
  ndim 11
  ncomp 1
  epsrel 0
  epsabs 0
  flags 291
  seed 1419
  mineval 1
  maxeval 1
  nstart 1000000
  nincrease 500000
  nbatch 1000
  gridno 1
  statefile "vegas_last_iter109"

Restoring state from vegas_last_iter109.

Iteration 12:  45000000 integrand evaluations so far
[1] 2.56347e-09 +- 1.3079e-12  	chisq 25.9113 (11 df)

Saving state to vegas_last_iter109.
Vegas input parameters:
  ndim 11
  ncomp 1
  epsrel 0
  epsabs 0
  flags 291
  seed 1528
  mineval 1
  maxeval 1
  nstart 1000000
  nincrease 500000
  nbatch 1000
  gridno 1
  statefile "vegas_last_iter109"

Restoring state from vegas_last_iter109.

Iteration 13:  52000000 integrand evaluations so far
[1] 2.56396e-09 +- 1.18528e-12  	chisq 26.7171 (12 df)

Saving state to vegas_last_iter109.
Vegas input parameters:
  ndim 11
  ncomp 1
  epsrel 0
  epsabs 0
  flags 291
  seed 1637
  mineval 1
  maxeval 1
  nstart 1000000
  nincrease 500000
  nbatch 1000
  gridno 1
  statefile "vegas_last_iter109"

Restoring state from vegas_last_iter109.

Iteration 14:  59500000 integrand evaluations so far
[1] 2.56352e-09 +- 1.0855e-12  	chisq 27.5923 (13 df)

Saving state to vegas_last_iter109.
Vegas input parameters:
  ndim 11
  ncomp 1
  epsrel 0
  epsabs 0
  flags 291
  seed 1746
  mineval 1
  maxeval 1
  nstart 1000000
  nincrease 500000
  nbatch 1000
  gridno 1
  statefile "vegas_last_iter109"

Restoring state from vegas_last_iter109.

Iteration 15:  67500000 integrand evaluations so far
[1] 2.56438e-09 +- 1.00236e-12  	chisq 31.9153 (14 df)

Saving state to vegas_last_iter109.
Vegas input parameters:
  ndim 11
  ncomp 1
  epsrel 0
  epsabs 0
  flags 291
  seed 1855
  mineval 1
  maxeval 1
  nstart 1000000
  nincrease 500000
  nbatch 1000
  gridno 1
  statefile "vegas_last_iter109"

Restoring state from vegas_last_iter109.

Iteration 16:  76000000 integrand evaluations so far
[1] 2.56455e-09 +- 9.32301e-13  	chisq 32.1352 (15 df)

Saving state to vegas_last_iter109.
Vegas input parameters:
  ndim 11
  ncomp 1
  epsrel 0
  epsabs 0
  flags 291
  seed 1964
  mineval 1
  maxeval 1
  nstart 1000000
  nincrease 500000
  nbatch 1000
  gridno 1
  statefile "vegas_last_iter109"

Restoring state from vegas_last_iter109.

Iteration 17:  85000000 integrand evaluations so far
[1] 2.5647e-09 +- 8.72619e-13  	chisq 32.3434 (16 df)

Saving state to vegas_last_iter109.
Vegas input parameters:
  ndim 11
  ncomp 1
  epsrel 0
  epsabs 0
  flags 291
  seed 2073
  mineval 1
  maxeval 1
  nstart 1000000
  nincrease 500000
  nbatch 1000
  gridno 1
  statefile "vegas_last_iter109"

Restoring state from vegas_last_iter109.

Iteration 18:  94500000 integrand evaluations so far
[1] 2.56478e-09 +- 8.20227e-13  	chisq 32.4024 (17 df)

Saving state to vegas_last_iter109.
Vegas input parameters:
  ndim 11
  ncomp 1
  epsrel 0
  epsabs 0
  flags 291
  seed 2182
  mineval 1
  maxeval 1
  nstart 1000000
  nincrease 500000
  nbatch 1000
  gridno 1
  statefile "vegas_last_iter109"

Restoring state from vegas_last_iter109.

Iteration 19:  104500000 integrand evaluations so far
[1] 2.5648e-09 +- 7.73846e-13  	chisq 32.4088 (18 df)

Saving state to vegas_last_iter109.
Vegas input parameters:
  ndim 11
  ncomp 1
  epsrel 0
  epsabs 0
  flags 291
  seed 2291
  mineval 1
  maxeval 1
  nstart 1000000
  nincrease 500000
  nbatch 1000
  gridno 1
  statefile "vegas_last_iter109"

Restoring state from vegas_last_iter109.

Iteration 20:  115000000 integrand evaluations so far
[1] 2.56499e-09 +- 7.32765e-13  	chisq 33.012 (19 df)

Saving state to vegas_last_iter109.
Vegas input parameters:
  ndim 11
  ncomp 1
  epsrel 0
  epsabs 0
  flags 291
  seed 2400
  mineval 1
  maxeval 1
  nstart 1000000
  nincrease 500000
  nbatch 1000
  gridno 1
  statefile "vegas_last_iter109"

Restoring state from vegas_last_iter109.

Iteration 21:  126000000 integrand evaluations so far
[1] 2.56492e-09 +- 6.95954e-13  	chisq 33.12 (20 df)

Saving state to vegas_last_iter109.
Vegas input parameters:
  ndim 11
  ncomp 1
  epsrel 0
  epsabs 0
  flags 291
  seed 2509
  mineval 1
  maxeval 1
  nstart 1000000
  nincrease 500000
  nbatch 1000
  gridno 1
  statefile "vegas_last_iter109"

Restoring state from vegas_last_iter109.

Iteration 22:  137500000 integrand evaluations so far
[1] 2.56483e-09 +- 6.62923e-13  	chisq 33.2875 (21 df)

Saving state to vegas_last_iter109.
Vegas input parameters:
  ndim 11
  ncomp 1
  epsrel 0
  epsabs 0
  flags 291
  seed 2618
  mineval 1
  maxeval 1
  nstart 1000000
  nincrease 500000
  nbatch 1000
  gridno 1
  statefile "vegas_last_iter109"

Restoring state from vegas_last_iter109.

Iteration 23:  149500000 integrand evaluations so far
[1] 2.56489e-09 +- 6.33068e-13  	chisq 33.3821 (22 df)

Saving state to vegas_last_iter109.
Vegas input parameters:
  ndim 11
  ncomp 1
  epsrel 0
  epsabs 0
  flags 291
  seed 2727
  mineval 1
  maxeval 1
  nstart 1000000
  nincrease 500000
  nbatch 1000
  gridno 1
  statefile "vegas_last_iter109"

Restoring state from vegas_last_iter109.

Iteration 24:  162000000 integrand evaluations so far
[1] 2.56513e-09 +- 6.05803e-13  	chisq 35.041 (23 df)

Saving state to vegas_last_iter109.
Vegas input parameters:
  ndim 11
  ncomp 1
  epsrel 0
  epsabs 0
  flags 291
  seed 2836
  mineval 1
  maxeval 1
  nstart 1000000
  nincrease 500000
  nbatch 1000
  gridno 1
  statefile "vegas_last_iter109"

Restoring state from vegas_last_iter109.

Iteration 25:  175000000 integrand evaluations so far
[1] 2.565e-09 +- 5.80832e-13  	chisq 35.6044 (24 df)

Saving state to vegas_last_iter109.
Vegas input parameters:
  ndim 11
  ncomp 1
  epsrel 0
  epsabs 0
  flags 291
  seed 2945
  mineval 1
  maxeval 1
  nstart 1000000
  nincrease 500000
  nbatch 1000
  gridno 1
  statefile "vegas_last_iter109"

Restoring state from vegas_last_iter109.

Iteration 26:  188500000 integrand evaluations so far
[1] 2.56502e-09 +- 5.57958e-13  	chisq 35.6247 (25 df)

Saving state to vegas_last_iter109.
Vegas input parameters:
  ndim 11
  ncomp 1
  epsrel 0
  epsabs 0
  flags 291
  seed 3054
  mineval 1
  maxeval 1
  nstart 1000000
  nincrease 500000
  nbatch 1000
  gridno 1
  statefile "vegas_last_iter109"

Restoring state from vegas_last_iter109.

Iteration 27:  202500000 integrand evaluations so far
[1] 2.56493e-09 +- 5.36856e-13  	chisq 35.9581 (26 df)

Saving state to vegas_last_iter109.
Thanks for using LHAPDF 6.2.1. Please make sure to cite the paper:
  Eur.Phys.J. C75 (2015) 3, 132  (http://arxiv.org/abs/1412.7420)
 method   =Vegas  
 nregions =           1
 neval    =   202500000
 fail     =           1
  0.256493328306E-08 +-   0.536855601380E-12   p =    0.884
