LHAPDF 6.2.1 loading /cvmfs/cms.cern.ch/slc6_amd64_gcc630/external/lhapdf/6.2.1-omkpbe3/share/LHAPDF/NNPDF31_nnlo_as_0118_nf_4/NNPDF31_nnlo_as_0118_nf_4_0000.dat
NNPDF31_nnlo_as_0118_nf_4 PDF set, member #0, version 1; LHAPDF ID = 320900
Vegas input parameters:
  ndim 11
  ncomp 1
  epsrel 0
  epsabs 0
  flags 291
  seed 238
  mineval 1
  maxeval 1
  nstart 1000000
  nincrease 500000
  nbatch 1000
  gridno 1
  statefile "vegas_last_iter127"

Iteration 1:  1000000 integrand evaluations so far
[1] -2.50483e-08 +- 1.43294e-08  	chisq 0 (0 df)

Saving state to vegas_last_iter127.
Vegas input parameters:
  ndim 11
  ncomp 1
  epsrel 0
  epsabs 0
  flags 291
  seed 365
  mineval 1
  maxeval 1
  nstart 1000000
  nincrease 500000
  nbatch 1000
  gridno 1
  statefile "vegas_last_iter127"

Restoring state from vegas_last_iter127.

Iteration 2:  2500000 integrand evaluations so far
[1] -1.89192e-08 +- 3.60763e-09  	chisq 0.195332 (1 df)

Saving state to vegas_last_iter127.
Vegas input parameters:
  ndim 11
  ncomp 1
  epsrel 0
  epsabs 0
  flags 291
  seed 492
  mineval 1
  maxeval 1
  nstart 1000000
  nincrease 500000
  nbatch 1000
  gridno 1
  statefile "vegas_last_iter127"

Restoring state from vegas_last_iter127.

Iteration 3:  4500000 integrand evaluations so far
[1] -1.56134e-08 +- 1.19748e-09  	chisq 1.13895 (2 df)

Saving state to vegas_last_iter127.
Vegas input parameters:
  ndim 11
  ncomp 1
  epsrel 0
  epsabs 0
  flags 291
  seed 619
  mineval 1
  maxeval 1
  nstart 1000000
  nincrease 500000
  nbatch 1000
  gridno 1
  statefile "vegas_last_iter127"

Restoring state from vegas_last_iter127.

Iteration 4:  7000000 integrand evaluations so far
[1] -1.34847e-08 +- 5.45417e-10  	chisq 5.1263 (3 df)

Saving state to vegas_last_iter127.
Vegas input parameters:
  ndim 11
  ncomp 1
  epsrel 0
  epsabs 0
  flags 291
  seed 746
  mineval 1
  maxeval 1
  nstart 1000000
  nincrease 500000
  nbatch 1000
  gridno 1
  statefile "vegas_last_iter127"

Restoring state from vegas_last_iter127.

Iteration 5:  10000000 integrand evaluations so far
[1] -1.32927e-08 +- 1.42547e-10  	chisq 5.25928 (4 df)

Saving state to vegas_last_iter127.
Vegas input parameters:
  ndim 11
  ncomp 1
  epsrel 0
  epsabs 0
  flags 291
  seed 873
  mineval 1
  maxeval 1
  nstart 1000000
  nincrease 500000
  nbatch 1000
  gridno 1
  statefile "vegas_last_iter127"

Restoring state from vegas_last_iter127.

Iteration 6:  13500000 integrand evaluations so far
[1] -1.3381e-08 +- 4.93999e-11  	chisq 5.69506 (5 df)

Saving state to vegas_last_iter127.
Vegas input parameters:
  ndim 11
  ncomp 1
  epsrel 0
  epsabs 0
  flags 291
  seed 1000
  mineval 1
  maxeval 1
  nstart 1000000
  nincrease 500000
  nbatch 1000
  gridno 1
  statefile "vegas_last_iter127"

Restoring state from vegas_last_iter127.

Iteration 7:  17500000 integrand evaluations so far
[1] -1.33977e-08 +- 2.78229e-11  	chisq 5.8636 (6 df)

Saving state to vegas_last_iter127.
Vegas input parameters:
  ndim 11
  ncomp 1
  epsrel 0
  epsabs 0
  flags 291
  seed 1127
  mineval 1
  maxeval 1
  nstart 1000000
  nincrease 500000
  nbatch 1000
  gridno 1
  statefile "vegas_last_iter127"

Restoring state from vegas_last_iter127.

Iteration 8:  22000000 integrand evaluations so far
[1] -1.33872e-08 +- 1.96613e-11  	chisq 6.14825 (7 df)

Saving state to vegas_last_iter127.
Vegas input parameters:
  ndim 11
  ncomp 1
  epsrel 0
  epsabs 0
  flags 291
  seed 1254
  mineval 1
  maxeval 1
  nstart 1000000
  nincrease 500000
  nbatch 1000
  gridno 1
  statefile "vegas_last_iter127"

Restoring state from vegas_last_iter127.

Iteration 9:  27000000 integrand evaluations so far
[1] -1.33625e-08 +- 1.55416e-11  	chisq 10.3678 (8 df)

Saving state to vegas_last_iter127.
Vegas input parameters:
  ndim 11
  ncomp 1
  epsrel 0
  epsabs 0
  flags 291
  seed 1381
  mineval 1
  maxeval 1
  nstart 1000000
  nincrease 500000
  nbatch 1000
  gridno 1
  statefile "vegas_last_iter127"

Restoring state from vegas_last_iter127.

Iteration 10:  32500000 integrand evaluations so far
[1] -1.33693e-08 +- 1.30395e-11  	chisq 11.0169 (9 df)

Saving state to vegas_last_iter127.
Vegas input parameters:
  ndim 11
  ncomp 1
  epsrel 0
  epsabs 0
  flags 291
  seed 1508
  mineval 1
  maxeval 1
  nstart 1000000
  nincrease 500000
  nbatch 1000
  gridno 1
  statefile "vegas_last_iter127"

Restoring state from vegas_last_iter127.

Iteration 11:  38500000 integrand evaluations so far
[1] -1.33672e-08 +- 1.13082e-11  	chisq 11.1223 (10 df)

Saving state to vegas_last_iter127.
Vegas input parameters:
  ndim 11
  ncomp 1
  epsrel 0
  epsabs 0
  flags 291
  seed 1635
  mineval 1
  maxeval 1
  nstart 1000000
  nincrease 500000
  nbatch 1000
  gridno 1
  statefile "vegas_last_iter127"

Restoring state from vegas_last_iter127.

Iteration 12:  45000000 integrand evaluations so far
[1] -1.33778e-08 +- 1.00375e-11  	chisq 15.2707 (11 df)

Saving state to vegas_last_iter127.
Vegas input parameters:
  ndim 11
  ncomp 1
  epsrel 0
  epsabs 0
  flags 291
  seed 1762
  mineval 1
  maxeval 1
  nstart 1000000
  nincrease 500000
  nbatch 1000
  gridno 1
  statefile "vegas_last_iter127"

Restoring state from vegas_last_iter127.

Iteration 13:  52000000 integrand evaluations so far
[1] -1.33765e-08 +- 9.05544e-12  	chisq 15.3651 (12 df)

Saving state to vegas_last_iter127.
Vegas input parameters:
  ndim 11
  ncomp 1
  epsrel 0
  epsabs 0
  flags 291
  seed 1889
  mineval 1
  maxeval 1
  nstart 1000000
  nincrease 500000
  nbatch 1000
  gridno 1
  statefile "vegas_last_iter127"

Restoring state from vegas_last_iter127.

Iteration 14:  59500000 integrand evaluations so far
[1] -1.33792e-08 +- 8.26523e-12  	chisq 15.9089 (13 df)

Saving state to vegas_last_iter127.
Vegas input parameters:
  ndim 11
  ncomp 1
  epsrel 0
  epsabs 0
  flags 291
  seed 2016
  mineval 1
  maxeval 1
  nstart 1000000
  nincrease 500000
  nbatch 1000
  gridno 1
  statefile "vegas_last_iter127"

Restoring state from vegas_last_iter127.

Iteration 15:  67500000 integrand evaluations so far
[1] -1.33792e-08 +- 7.61717e-12  	chisq 15.909 (14 df)

Saving state to vegas_last_iter127.
Vegas input parameters:
  ndim 11
  ncomp 1
  epsrel 0
  epsabs 0
  flags 291
  seed 2143
  mineval 1
  maxeval 1
  nstart 1000000
  nincrease 500000
  nbatch 1000
  gridno 1
  statefile "vegas_last_iter127"

Restoring state from vegas_last_iter127.

Iteration 16:  76000000 integrand evaluations so far
[1] -1.33777e-08 +- 7.07141e-12  	chisq 16.1905 (15 df)

Saving state to vegas_last_iter127.
Vegas input parameters:
  ndim 11
  ncomp 1
  epsrel 0
  epsabs 0
  flags 291
  seed 2270
  mineval 1
  maxeval 1
  nstart 1000000
  nincrease 500000
  nbatch 1000
  gridno 1
  statefile "vegas_last_iter127"

Restoring state from vegas_last_iter127.

Iteration 17:  85000000 integrand evaluations so far
[1] -1.33793e-08 +- 6.60386e-12  	chisq 16.5786 (16 df)

Saving state to vegas_last_iter127.
Vegas input parameters:
  ndim 11
  ncomp 1
  epsrel 0
  epsabs 0
  flags 291
  seed 2397
  mineval 1
  maxeval 1
  nstart 1000000
  nincrease 500000
  nbatch 1000
  gridno 1
  statefile "vegas_last_iter127"

Restoring state from vegas_last_iter127.

Iteration 18:  94500000 integrand evaluations so far
[1] -1.33761e-08 +- 6.19738e-12  	chisq 18.5674 (17 df)

Saving state to vegas_last_iter127.
Vegas input parameters:
  ndim 11
  ncomp 1
  epsrel 0
  epsabs 0
  flags 291
  seed 2524
  mineval 1
  maxeval 1
  nstart 1000000
  nincrease 500000
  nbatch 1000
  gridno 1
  statefile "vegas_last_iter127"

Restoring state from vegas_last_iter127.

Iteration 19:  104500000 integrand evaluations so far
[1] -1.33731e-08 +- 5.8422e-12  	chisq 20.5976 (18 df)

Saving state to vegas_last_iter127.
Vegas input parameters:
  ndim 11
  ncomp 1
  epsrel 0
  epsabs 0
  flags 291
  seed 2651
  mineval 1
  maxeval 1
  nstart 1000000
  nincrease 500000
  nbatch 1000
  gridno 1
  statefile "vegas_last_iter127"

Restoring state from vegas_last_iter127.

Iteration 20:  115000000 integrand evaluations so far
[1] -1.3373e-08 +- 5.52761e-12  	chisq 20.6061 (19 df)

Saving state to vegas_last_iter127.
Vegas input parameters:
  ndim 11
  ncomp 1
  epsrel 0
  epsabs 0
  flags 291
  seed 2778
  mineval 1
  maxeval 1
  nstart 1000000
  nincrease 500000
  nbatch 1000
  gridno 1
  statefile "vegas_last_iter127"

Restoring state from vegas_last_iter127.

Iteration 21:  126000000 integrand evaluations so far
[1] -1.33738e-08 +- 5.24821e-12  	chisq 20.8424 (20 df)

Saving state to vegas_last_iter127.
Vegas input parameters:
  ndim 11
  ncomp 1
  epsrel 0
  epsabs 0
  flags 291
  seed 2905
  mineval 1
  maxeval 1
  nstart 1000000
  nincrease 500000
  nbatch 1000
  gridno 1
  statefile "vegas_last_iter127"

Restoring state from vegas_last_iter127.

Iteration 22:  137500000 integrand evaluations so far
[1] -1.33747e-08 +- 4.99514e-12  	chisq 21.1563 (21 df)

Saving state to vegas_last_iter127.
Vegas input parameters:
  ndim 11
  ncomp 1
  epsrel 0
  epsabs 0
  flags 291
  seed 3032
  mineval 1
  maxeval 1
  nstart 1000000
  nincrease 500000
  nbatch 1000
  gridno 1
  statefile "vegas_last_iter127"

Restoring state from vegas_last_iter127.

Iteration 23:  149500000 integrand evaluations so far
[1] -1.33778e-08 +- 4.7669e-12  	chisq 25.5681 (22 df)

Saving state to vegas_last_iter127.
Vegas input parameters:
  ndim 11
  ncomp 1
  epsrel 0
  epsabs 0
  flags 291
  seed 3159
  mineval 1
  maxeval 1
  nstart 1000000
  nincrease 500000
  nbatch 1000
  gridno 1
  statefile "vegas_last_iter127"

Restoring state from vegas_last_iter127.

Iteration 24:  162000000 integrand evaluations so far
[1] -1.33755e-08 +- 4.55963e-12  	chisq 28.4909 (23 df)

Saving state to vegas_last_iter127.
Vegas input parameters:
  ndim 11
  ncomp 1
  epsrel 0
  epsabs 0
  flags 291
  seed 3286
  mineval 1
  maxeval 1
  nstart 1000000
  nincrease 500000
  nbatch 1000
  gridno 1
  statefile "vegas_last_iter127"

Restoring state from vegas_last_iter127.

Iteration 25:  175000000 integrand evaluations so far
[1] -1.33753e-08 +- 4.37024e-12  	chisq 28.5194 (24 df)

Saving state to vegas_last_iter127.
Vegas input parameters:
  ndim 11
  ncomp 1
  epsrel 0
  epsabs 0
  flags 291
  seed 3413
  mineval 1
  maxeval 1
  nstart 1000000
  nincrease 500000
  nbatch 1000
  gridno 1
  statefile "vegas_last_iter127"

Restoring state from vegas_last_iter127.
