LHAPDF 6.2.1 loading /cvmfs/cms.cern.ch/slc6_amd64_gcc630/external/lhapdf/6.2.1-omkpbe3/share/LHAPDF/NNPDF31_nnlo_as_0118_nf_4/NNPDF31_nnlo_as_0118_nf_4_0000.dat
NNPDF31_nnlo_as_0118_nf_4 PDF set, member #0, version 1; LHAPDF ID = 320900
Vegas input parameters:
  ndim 11
  ncomp 1
  epsrel 0
  epsabs 0
  flags 291
  seed 163
  mineval 1
  maxeval 1
  nstart 1000000
  nincrease 500000
  nbatch 1000
  gridno 1
  statefile "vegas_last_iter52"

Iteration 1:  1000000 integrand evaluations so far
[1] 4.17598e-08 +- 2.23065e-08  	chisq 0 (0 df)

Saving state to vegas_last_iter52.
Vegas input parameters:
  ndim 11
  ncomp 1
  epsrel 0
  epsabs 0
  flags 291
  seed 215
  mineval 1
  maxeval 1
  nstart 1000000
  nincrease 500000
  nbatch 1000
  gridno 1
  statefile "vegas_last_iter52"

Restoring state from vegas_last_iter52.

Iteration 2:  2500000 integrand evaluations so far
[1] 3.83492e-08 +- 8.0073e-09  	chisq 0.0268347 (1 df)

Saving state to vegas_last_iter52.
Vegas input parameters:
  ndim 11
  ncomp 1
  epsrel 0
  epsabs 0
  flags 291
  seed 267
  mineval 1
  maxeval 1
  nstart 1000000
  nincrease 500000
  nbatch 1000
  gridno 1
  statefile "vegas_last_iter52"

Restoring state from vegas_last_iter52.

Iteration 3:  4500000 integrand evaluations so far
[1] 3.98255e-08 +- 2.13972e-09  	chisq 0.0634383 (2 df)

Saving state to vegas_last_iter52.
Vegas input parameters:
  ndim 11
  ncomp 1
  epsrel 0
  epsabs 0
  flags 291
  seed 319
  mineval 1
  maxeval 1
  nstart 1000000
  nincrease 500000
  nbatch 1000
  gridno 1
  statefile "vegas_last_iter52"

Restoring state from vegas_last_iter52.

Iteration 4:  7000000 integrand evaluations so far
[1] 4.02346e-08 +- 9.11556e-10  	chisq 0.108107 (3 df)

Saving state to vegas_last_iter52.
Vegas input parameters:
  ndim 11
  ncomp 1
  epsrel 0
  epsabs 0
  flags 291
  seed 371
  mineval 1
  maxeval 1
  nstart 1000000
  nincrease 500000
  nbatch 1000
  gridno 1
  statefile "vegas_last_iter52"

Restoring state from vegas_last_iter52.

Iteration 5:  10000000 integrand evaluations so far
[1] 3.9489e-08 +- 3.21602e-10  	chisq 0.872318 (4 df)

Saving state to vegas_last_iter52.
Vegas input parameters:
  ndim 11
  ncomp 1
  epsrel 0
  epsabs 0
  flags 291
  seed 423
  mineval 1
  maxeval 1
  nstart 1000000
  nincrease 500000
  nbatch 1000
  gridno 1
  statefile "vegas_last_iter52"

Restoring state from vegas_last_iter52.

Iteration 6:  13500000 integrand evaluations so far
[1] 3.94032e-08 +- 1.47956e-10  	chisq 0.962709 (5 df)

Saving state to vegas_last_iter52.
Vegas input parameters:
  ndim 11
  ncomp 1
  epsrel 0
  epsabs 0
  flags 291
  seed 475
  mineval 1
  maxeval 1
  nstart 1000000
  nincrease 500000
  nbatch 1000
  gridno 1
  statefile "vegas_last_iter52"

Restoring state from vegas_last_iter52.

Iteration 7:  17500000 integrand evaluations so far
[1] 3.95379e-08 +- 9.59171e-11  	chisq 2.3941 (6 df)

Saving state to vegas_last_iter52.
Vegas input parameters:
  ndim 11
  ncomp 1
  epsrel 0
  epsabs 0
  flags 291
  seed 527
  mineval 1
  maxeval 1
  nstart 1000000
  nincrease 500000
  nbatch 1000
  gridno 1
  statefile "vegas_last_iter52"

Restoring state from vegas_last_iter52.

Iteration 8:  22000000 integrand evaluations so far
[1] 3.95235e-08 +- 7.26517e-11  	chisq 2.44751 (7 df)

Saving state to vegas_last_iter52.
Vegas input parameters:
  ndim 11
  ncomp 1
  epsrel 0
  epsabs 0
  flags 291
  seed 579
  mineval 1
  maxeval 1
  nstart 1000000
  nincrease 500000
  nbatch 1000
  gridno 1
  statefile "vegas_last_iter52"

Restoring state from vegas_last_iter52.

Iteration 9:  27000000 integrand evaluations so far
[1] 3.94812e-08 +- 5.94639e-11  	chisq 3.47308 (8 df)

Saving state to vegas_last_iter52.
Vegas input parameters:
  ndim 11
  ncomp 1
  epsrel 0
  epsabs 0
  flags 291
  seed 631
  mineval 1
  maxeval 1
  nstart 1000000
  nincrease 500000
  nbatch 1000
  gridno 1
  statefile "vegas_last_iter52"

Restoring state from vegas_last_iter52.

Iteration 10:  32500000 integrand evaluations so far
[1] 3.9531e-08 +- 5.08501e-11  	chisq 6.07937 (9 df)

Saving state to vegas_last_iter52.
Vegas input parameters:
  ndim 11
  ncomp 1
  epsrel 0
  epsabs 0
  flags 291
  seed 683
  mineval 1
  maxeval 1
  nstart 1000000
  nincrease 500000
  nbatch 1000
  gridno 1
  statefile "vegas_last_iter52"

Restoring state from vegas_last_iter52.

Iteration 11:  38500000 integrand evaluations so far
[1] 3.94922e-08 +- 4.46906e-11  	chisq 8.62533 (10 df)

Saving state to vegas_last_iter52.
Vegas input parameters:
  ndim 11
  ncomp 1
  epsrel 0
  epsabs 0
  flags 291
  seed 735
  mineval 1
  maxeval 1
  nstart 1000000
  nincrease 500000
  nbatch 1000
  gridno 1
  statefile "vegas_last_iter52"

Restoring state from vegas_last_iter52.

Iteration 12:  45000000 integrand evaluations so far
[1] 3.9488e-08 +- 4.0022e-11  	chisq 8.67054 (11 df)

Saving state to vegas_last_iter52.
Vegas input parameters:
  ndim 11
  ncomp 1
  epsrel 0
  epsabs 0
  flags 291
  seed 787
  mineval 1
  maxeval 1
  nstart 1000000
  nincrease 500000
  nbatch 1000
  gridno 1
  statefile "vegas_last_iter52"

Restoring state from vegas_last_iter52.

Iteration 13:  52000000 integrand evaluations so far
[1] 3.95045e-08 +- 3.63237e-11  	chisq 9.62905 (12 df)

Saving state to vegas_last_iter52.
Vegas input parameters:
  ndim 11
  ncomp 1
  epsrel 0
  epsabs 0
  flags 291
  seed 839
  mineval 1
  maxeval 1
  nstart 1000000
  nincrease 500000
  nbatch 1000
  gridno 1
  statefile "vegas_last_iter52"

Restoring state from vegas_last_iter52.

Iteration 14:  59500000 integrand evaluations so far
[1] 3.95031e-08 +- 3.33152e-11  	chisq 9.63865 (13 df)

Saving state to vegas_last_iter52.
Vegas input parameters:
  ndim 11
  ncomp 1
  epsrel 0
  epsabs 0
  flags 291
  seed 891
  mineval 1
  maxeval 1
  nstart 1000000
  nincrease 500000
  nbatch 1000
  gridno 1
  statefile "vegas_last_iter52"

Restoring state from vegas_last_iter52.

Iteration 15:  67500000 integrand evaluations so far
[1] 3.95147e-08 +- 3.08063e-11  	chisq 10.4881 (14 df)

Saving state to vegas_last_iter52.
Vegas input parameters:
  ndim 11
  ncomp 1
  epsrel 0
  epsabs 0
  flags 291
  seed 943
  mineval 1
  maxeval 1
  nstart 1000000
  nincrease 500000
  nbatch 1000
  gridno 1
  statefile "vegas_last_iter52"

Restoring state from vegas_last_iter52.

Iteration 16:  76000000 integrand evaluations so far
[1] 3.95251e-08 +- 2.86767e-11  	chisq 11.3435 (15 df)

Saving state to vegas_last_iter52.
Vegas input parameters:
  ndim 11
  ncomp 1
  epsrel 0
  epsabs 0
  flags 291
  seed 995
  mineval 1
  maxeval 1
  nstart 1000000
  nincrease 500000
  nbatch 1000
  gridno 1
  statefile "vegas_last_iter52"

Restoring state from vegas_last_iter52.

Iteration 17:  85000000 integrand evaluations so far
[1] 3.95243e-08 +- 2.68416e-11  	chisq 11.3511 (16 df)

Saving state to vegas_last_iter52.
Vegas input parameters:
  ndim 11
  ncomp 1
  epsrel 0
  epsabs 0
  flags 291
  seed 1047
  mineval 1
  maxeval 1
  nstart 1000000
  nincrease 500000
  nbatch 1000
  gridno 1
  statefile "vegas_last_iter52"

Restoring state from vegas_last_iter52.

Iteration 18:  94500000 integrand evaluations so far
[1] 3.95224e-08 +- 2.52389e-11  	chisq 11.3944 (17 df)

Saving state to vegas_last_iter52.
Vegas input parameters:
  ndim 11
  ncomp 1
  epsrel 0
  epsabs 0
  flags 291
  seed 1099
  mineval 1
  maxeval 1
  nstart 1000000
  nincrease 500000
  nbatch 1000
  gridno 1
  statefile "vegas_last_iter52"

Restoring state from vegas_last_iter52.

Iteration 19:  104500000 integrand evaluations so far
[1] 3.95012e-08 +- 2.38285e-11  	chisq 17.8594 (18 df)

Saving state to vegas_last_iter52.
Vegas input parameters:
  ndim 11
  ncomp 1
  epsrel 0
  epsabs 0
  flags 291
  seed 1151
  mineval 1
  maxeval 1
  nstart 1000000
  nincrease 500000
  nbatch 1000
  gridno 1
  statefile "vegas_last_iter52"

Restoring state from vegas_last_iter52.

Iteration 20:  115000000 integrand evaluations so far
[1] 3.9502e-08 +- 2.25736e-11  	chisq 17.8688 (19 df)

Saving state to vegas_last_iter52.
Vegas input parameters:
  ndim 11
  ncomp 1
  epsrel 0
  epsabs 0
  flags 291
  seed 1203
  mineval 1
  maxeval 1
  nstart 1000000
  nincrease 500000
  nbatch 1000
  gridno 1
  statefile "vegas_last_iter52"

Restoring state from vegas_last_iter52.

Iteration 21:  126000000 integrand evaluations so far
[1] 3.95176e-08 +- 2.14505e-11  	chisq 22.821 (20 df)

Saving state to vegas_last_iter52.
Vegas input parameters:
  ndim 11
  ncomp 1
  epsrel 0
  epsabs 0
  flags 291
  seed 1255
  mineval 1
  maxeval 1
  nstart 1000000
  nincrease 500000
  nbatch 1000
  gridno 1
  statefile "vegas_last_iter52"

Restoring state from vegas_last_iter52.

Iteration 22:  137500000 integrand evaluations so far
[1] 3.95166e-08 +- 2.04369e-11  	chisq 22.8428 (21 df)

Saving state to vegas_last_iter52.
Vegas input parameters:
  ndim 11
  ncomp 1
  epsrel 0
  epsabs 0
  flags 291
  seed 1307
  mineval 1
  maxeval 1
  nstart 1000000
  nincrease 500000
  nbatch 1000
  gridno 1
  statefile "vegas_last_iter52"

Restoring state from vegas_last_iter52.

Iteration 23:  149500000 integrand evaluations so far
[1] 3.95247e-08 +- 1.95184e-11  	chisq 24.5988 (22 df)

Saving state to vegas_last_iter52.
Vegas input parameters:
  ndim 11
  ncomp 1
  epsrel 0
  epsabs 0
  flags 291
  seed 1359
  mineval 1
  maxeval 1
  nstart 1000000
  nincrease 500000
  nbatch 1000
  gridno 1
  statefile "vegas_last_iter52"

Restoring state from vegas_last_iter52.

Iteration 24:  162000000 integrand evaluations so far
[1] 3.95241e-08 +- 1.86821e-11  	chisq 24.6106 (23 df)

Saving state to vegas_last_iter52.
Vegas input parameters:
  ndim 11
  ncomp 1
  epsrel 0
  epsabs 0
  flags 291
  seed 1411
  mineval 1
  maxeval 1
  nstart 1000000
  nincrease 500000
  nbatch 1000
  gridno 1
  statefile "vegas_last_iter52"

Restoring state from vegas_last_iter52.

Iteration 25:  175000000 integrand evaluations so far
[1] 3.95244e-08 +- 1.79165e-11  	chisq 24.6157 (24 df)

Saving state to vegas_last_iter52.
Vegas input parameters:
  ndim 11
  ncomp 1
  epsrel 0
  epsabs 0
  flags 291
  seed 1463
  mineval 1
  maxeval 1
  nstart 1000000
  nincrease 500000
  nbatch 1000
  gridno 1
  statefile "vegas_last_iter52"

Restoring state from vegas_last_iter52.

Iteration 26:  188500000 integrand evaluations so far
[1] 3.95277e-08 +- 1.7213e-11  	chisq 25.0345 (25 df)

Saving state to vegas_last_iter52.
Vegas input parameters:
  ndim 11
  ncomp 1
  epsrel 0
  epsabs 0
  flags 291
  seed 1515
  mineval 1
  maxeval 1
  nstart 1000000
  nincrease 500000
  nbatch 1000
  gridno 1
  statefile "vegas_last_iter52"

Restoring state from vegas_last_iter52.

Iteration 27:  202500000 integrand evaluations so far
[1] 3.95316e-08 +- 1.65641e-11  	chisq 25.7273 (26 df)

Saving state to vegas_last_iter52.
Thanks for using LHAPDF 6.2.1. Please make sure to cite the paper:
  Eur.Phys.J. C75 (2015) 3, 132  (http://arxiv.org/abs/1412.7420)
 method   =Vegas  
 nregions =           1
 neval    =   202500000
 fail     =           1
  0.395315538632E-07 +-   0.165641372131E-10   p =    0.466
