LHAPDF 6.2.1 loading /cvmfs/cms.cern.ch/slc6_amd64_gcc630/external/lhapdf/6.2.1-omkpbe3/share/LHAPDF/NNPDF31_nnlo_as_0118_nf_4/NNPDF31_nnlo_as_0118_nf_4_0000.dat
NNPDF31_nnlo_as_0118_nf_4 PDF set, member #0, version 1; LHAPDF ID = 320900
Vegas input parameters:
  ndim 11
  ncomp 1
  epsrel 0
  epsabs 0
  flags 291
  seed 118
  mineval 1
  maxeval 1
  nstart 1000000
  nincrease 500000
  nbatch 1000
  gridno 1
  statefile "vegas_last_iter7"

Iteration 1:  1000000 integrand evaluations so far
[1] -1.31878e-09 +- 3.02804e-10  	chisq 0 (0 df)

Saving state to vegas_last_iter7.
Vegas input parameters:
  ndim 11
  ncomp 1
  epsrel 0
  epsabs 0
  flags 291
  seed 125
  mineval 1
  maxeval 1
  nstart 1000000
  nincrease 500000
  nbatch 1000
  gridno 1
  statefile "vegas_last_iter7"

Restoring state from vegas_last_iter7.

Iteration 2:  2500000 integrand evaluations so far
[1] -1.22062e-09 +- 9.23944e-11  	chisq 0.115875 (1 df)

Saving state to vegas_last_iter7.
Vegas input parameters:
  ndim 11
  ncomp 1
  epsrel 0
  epsabs 0
  flags 291
  seed 132
  mineval 1
  maxeval 1
  nstart 1000000
  nincrease 500000
  nbatch 1000
  gridno 1
  statefile "vegas_last_iter7"

Restoring state from vegas_last_iter7.

Iteration 3:  4500000 integrand evaluations so far
[1] -1.25244e-09 +- 2.7003e-11  	chisq 0.245552 (2 df)

Saving state to vegas_last_iter7.
Vegas input parameters:
  ndim 11
  ncomp 1
  epsrel 0
  epsabs 0
  flags 291
  seed 139
  mineval 1
  maxeval 1
  nstart 1000000
  nincrease 500000
  nbatch 1000
  gridno 1
  statefile "vegas_last_iter7"

Restoring state from vegas_last_iter7.

Iteration 4:  7000000 integrand evaluations so far
[1] -1.25441e-09 +- 1.19155e-11  	chisq 0.252191 (3 df)

Saving state to vegas_last_iter7.
Vegas input parameters:
  ndim 11
  ncomp 1
  epsrel 0
  epsabs 0
  flags 291
  seed 146
  mineval 1
  maxeval 1
  nstart 1000000
  nincrease 500000
  nbatch 1000
  gridno 1
  statefile "vegas_last_iter7"

Restoring state from vegas_last_iter7.

Iteration 5:  10000000 integrand evaluations so far
[1] -1.2805e-09 +- 4.71315e-12  	chisq 5.93723 (4 df)

Saving state to vegas_last_iter7.
Vegas input parameters:
  ndim 11
  ncomp 1
  epsrel 0
  epsabs 0
  flags 291
  seed 153
  mineval 1
  maxeval 1
  nstart 1000000
  nincrease 500000
  nbatch 1000
  gridno 1
  statefile "vegas_last_iter7"

Restoring state from vegas_last_iter7.

Iteration 6:  13500000 integrand evaluations so far
[1] -1.27555e-09 +- 2.44114e-12  	chisq 7.44626 (5 df)

Saving state to vegas_last_iter7.
Vegas input parameters:
  ndim 11
  ncomp 1
  epsrel 0
  epsabs 0
  flags 291
  seed 160
  mineval 1
  maxeval 1
  nstart 1000000
  nincrease 500000
  nbatch 1000
  gridno 1
  statefile "vegas_last_iter7"

Restoring state from vegas_last_iter7.

Iteration 7:  17500000 integrand evaluations so far
[1] -1.27677e-09 +- 1.65301e-12  	chisq 7.90716 (6 df)

Saving state to vegas_last_iter7.
Vegas input parameters:
  ndim 11
  ncomp 1
  epsrel 0
  epsabs 0
  flags 291
  seed 167
  mineval 1
  maxeval 1
  nstart 1000000
  nincrease 500000
  nbatch 1000
  gridno 1
  statefile "vegas_last_iter7"

Restoring state from vegas_last_iter7.

Iteration 8:  22000000 integrand evaluations so far
[1] -1.27508e-09 +- 1.27071e-12  	chisq 10.458 (7 df)

Saving state to vegas_last_iter7.
Vegas input parameters:
  ndim 11
  ncomp 1
  epsrel 0
  epsabs 0
  flags 291
  seed 174
  mineval 1
  maxeval 1
  nstart 1000000
  nincrease 500000
  nbatch 1000
  gridno 1
  statefile "vegas_last_iter7"

Restoring state from vegas_last_iter7.

Iteration 9:  27000000 integrand evaluations so far
[1] -1.27533e-09 +- 1.04749e-12  	chisq 10.5803 (8 df)

Saving state to vegas_last_iter7.
Vegas input parameters:
  ndim 11
  ncomp 1
  epsrel 0
  epsabs 0
  flags 291
  seed 181
  mineval 1
  maxeval 1
  nstart 1000000
  nincrease 500000
  nbatch 1000
  gridno 1
  statefile "vegas_last_iter7"

Restoring state from vegas_last_iter7.

Iteration 10:  32500000 integrand evaluations so far
[1] -1.27561e-09 +- 8.99034e-13  	chisq 10.8447 (9 df)

Saving state to vegas_last_iter7.
Vegas input parameters:
  ndim 11
  ncomp 1
  epsrel 0
  epsabs 0
  flags 291
  seed 188
  mineval 1
  maxeval 1
  nstart 1000000
  nincrease 500000
  nbatch 1000
  gridno 1
  statefile "vegas_last_iter7"

Restoring state from vegas_last_iter7.

Iteration 11:  38500000 integrand evaluations so far
[1] -1.27536e-09 +- 7.91325e-13  	chisq 11.1823 (10 df)

Saving state to vegas_last_iter7.
Vegas input parameters:
  ndim 11
  ncomp 1
  epsrel 0
  epsabs 0
  flags 291
  seed 195
  mineval 1
  maxeval 1
  nstart 1000000
  nincrease 500000
  nbatch 1000
  gridno 1
  statefile "vegas_last_iter7"

Restoring state from vegas_last_iter7.

Iteration 12:  45000000 integrand evaluations so far
[1] -1.27514e-09 +- 7.11036e-13  	chisq 11.5976 (11 df)

Saving state to vegas_last_iter7.
Vegas input parameters:
  ndim 11
  ncomp 1
  epsrel 0
  epsabs 0
  flags 291
  seed 202
  mineval 1
  maxeval 1
  nstart 1000000
  nincrease 500000
  nbatch 1000
  gridno 1
  statefile "vegas_last_iter7"

Restoring state from vegas_last_iter7.

Iteration 13:  52000000 integrand evaluations so far
[1] -1.27486e-09 +- 6.45644e-13  	chisq 12.4696 (12 df)

Saving state to vegas_last_iter7.
Vegas input parameters:
  ndim 11
  ncomp 1
  epsrel 0
  epsabs 0
  flags 291
  seed 209
  mineval 1
  maxeval 1
  nstart 1000000
  nincrease 500000
  nbatch 1000
  gridno 1
  statefile "vegas_last_iter7"

Restoring state from vegas_last_iter7.

Iteration 14:  59500000 integrand evaluations so far
[1] -1.27517e-09 +- 5.91886e-13  	chisq 13.924 (13 df)

Saving state to vegas_last_iter7.
Vegas input parameters:
  ndim 11
  ncomp 1
  epsrel 0
  epsabs 0
  flags 291
  seed 216
  mineval 1
  maxeval 1
  nstart 1000000
  nincrease 500000
  nbatch 1000
  gridno 1
  statefile "vegas_last_iter7"

Restoring state from vegas_last_iter7.

Iteration 15:  67500000 integrand evaluations so far
[1] -1.27522e-09 +- 5.47314e-13  	chisq 13.9643 (14 df)

Saving state to vegas_last_iter7.
Vegas input parameters:
  ndim 11
  ncomp 1
  epsrel 0
  epsabs 0
  flags 291
  seed 223
  mineval 1
  maxeval 1
  nstart 1000000
  nincrease 500000
  nbatch 1000
  gridno 1
  statefile "vegas_last_iter7"

Restoring state from vegas_last_iter7.

Iteration 16:  76000000 integrand evaluations so far
[1] -1.2754e-09 +- 5.09317e-13  	chisq 14.7597 (15 df)

Saving state to vegas_last_iter7.
Vegas input parameters:
  ndim 11
  ncomp 1
  epsrel 0
  epsabs 0
  flags 291
  seed 230
  mineval 1
  maxeval 1
  nstart 1000000
  nincrease 500000
  nbatch 1000
  gridno 1
  statefile "vegas_last_iter7"

Restoring state from vegas_last_iter7.

Iteration 17:  85000000 integrand evaluations so far
[1] -1.27517e-09 +- 4.7672e-13  	chisq 16.3167 (16 df)

Saving state to vegas_last_iter7.
Vegas input parameters:
  ndim 11
  ncomp 1
  epsrel 0
  epsabs 0
  flags 291
  seed 237
  mineval 1
  maxeval 1
  nstart 1000000
  nincrease 500000
  nbatch 1000
  gridno 1
  statefile "vegas_last_iter7"

Restoring state from vegas_last_iter7.

Iteration 18:  94500000 integrand evaluations so far
[1] -1.27513e-09 +- 4.48275e-13  	chisq 16.3887 (17 df)

Saving state to vegas_last_iter7.
Vegas input parameters:
  ndim 11
  ncomp 1
  epsrel 0
  epsabs 0
  flags 291
  seed 244
  mineval 1
  maxeval 1
  nstart 1000000
  nincrease 500000
  nbatch 1000
  gridno 1
  statefile "vegas_last_iter7"

Restoring state from vegas_last_iter7.

Iteration 19:  104500000 integrand evaluations so far
[1] -1.27517e-09 +- 4.23069e-13  	chisq 16.4775 (18 df)

Saving state to vegas_last_iter7.
Vegas input parameters:
  ndim 11
  ncomp 1
  epsrel 0
  epsabs 0
  flags 291
  seed 251
  mineval 1
  maxeval 1
  nstart 1000000
  nincrease 500000
  nbatch 1000
  gridno 1
  statefile "vegas_last_iter7"

Restoring state from vegas_last_iter7.

Iteration 20:  115000000 integrand evaluations so far
[1] -1.27537e-09 +- 4.00706e-13  	chisq 18.6265 (19 df)

Saving state to vegas_last_iter7.
Vegas input parameters:
  ndim 11
  ncomp 1
  epsrel 0
  epsabs 0
  flags 291
  seed 258
  mineval 1
  maxeval 1
  nstart 1000000
  nincrease 500000
  nbatch 1000
  gridno 1
  statefile "vegas_last_iter7"

Restoring state from vegas_last_iter7.

Iteration 21:  126000000 integrand evaluations so far
[1] -1.27548e-09 +- 3.80819e-13  	chisq 19.4178 (20 df)

Saving state to vegas_last_iter7.
Vegas input parameters:
  ndim 11
  ncomp 1
  epsrel 0
  epsabs 0
  flags 291
  seed 265
  mineval 1
  maxeval 1
  nstart 1000000
  nincrease 500000
  nbatch 1000
  gridno 1
  statefile "vegas_last_iter7"

Restoring state from vegas_last_iter7.

Iteration 22:  137500000 integrand evaluations so far
[1] -1.27556e-09 +- 3.62828e-13  	chisq 19.9158 (21 df)

Saving state to vegas_last_iter7.
Vegas input parameters:
  ndim 11
  ncomp 1
  epsrel 0
  epsabs 0
  flags 291
  seed 272
  mineval 1
  maxeval 1
  nstart 1000000
  nincrease 500000
  nbatch 1000
  gridno 1
  statefile "vegas_last_iter7"

Restoring state from vegas_last_iter7.

Iteration 23:  149500000 integrand evaluations so far
[1] -1.27556e-09 +- 3.46512e-13  	chisq 19.9163 (22 df)

Saving state to vegas_last_iter7.
Vegas input parameters:
  ndim 11
  ncomp 1
  epsrel 0
  epsabs 0
  flags 291
  seed 279
  mineval 1
  maxeval 1
  nstart 1000000
  nincrease 500000
  nbatch 1000
  gridno 1
  statefile "vegas_last_iter7"

Restoring state from vegas_last_iter7.

Iteration 24:  162000000 integrand evaluations so far
[1] -1.2757e-09 +- 3.31673e-13  	chisq 21.7727 (23 df)

Saving state to vegas_last_iter7.
Vegas input parameters:
  ndim 11
  ncomp 1
  epsrel 0
  epsabs 0
  flags 291
  seed 286
  mineval 1
  maxeval 1
  nstart 1000000
  nincrease 500000
  nbatch 1000
  gridno 1
  statefile "vegas_last_iter7"

Restoring state from vegas_last_iter7.

Iteration 25:  175000000 integrand evaluations so far
[1] -1.27558e-09 +- 3.18127e-13  	chisq 23.4502 (24 df)

Saving state to vegas_last_iter7.
Vegas input parameters:
  ndim 11
  ncomp 1
  epsrel 0
  epsabs 0
  flags 291
  seed 293
  mineval 1
  maxeval 1
  nstart 1000000
  nincrease 500000
  nbatch 1000
  gridno 1
  statefile "vegas_last_iter7"

Restoring state from vegas_last_iter7.

Iteration 26:  188500000 integrand evaluations so far
[1] -1.27564e-09 +- 3.05604e-13  	chisq 23.9483 (25 df)

Saving state to vegas_last_iter7.
Vegas input parameters:
  ndim 11
  ncomp 1
  epsrel 0
  epsabs 0
  flags 291
  seed 300
  mineval 1
  maxeval 1
  nstart 1000000
  nincrease 500000
  nbatch 1000
  gridno 1
  statefile "vegas_last_iter7"

Restoring state from vegas_last_iter7.

Iteration 27:  202500000 integrand evaluations so far
[1] -1.27566e-09 +- 2.94146e-13  	chisq 24.0012 (26 df)

Saving state to vegas_last_iter7.
Thanks for using LHAPDF 6.2.1. Please make sure to cite the paper:
  Eur.Phys.J. C75 (2015) 3, 132  (http://arxiv.org/abs/1412.7420)
 method   =Vegas  
 nregions =           1
 neval    =   202500000
 fail     =           1
 -0.127565848201E-08 +-   0.294145815710E-12   p =    0.370
