LHAPDF 6.2.1 loading /cvmfs/cms.cern.ch/slc6_amd64_gcc630/external/lhapdf/6.2.1-omkpbe3/share/LHAPDF/NNPDF31_nnlo_as_0118_nf_4/NNPDF31_nnlo_as_0118_nf_4_0000.dat
NNPDF31_nnlo_as_0118_nf_4 PDF set, member #0, version 1; LHAPDF ID = 320900
Vegas input parameters:
  ndim 11
  ncomp 1
  epsrel 0
  epsabs 0
  flags 291
  seed 255
  mineval 1
  maxeval 1
  nstart 1000000
  nincrease 500000
  nbatch 1000
  gridno 1
  statefile "vegas_last_iter144"

Iteration 1:  1000000 integrand evaluations so far
[1] -3.43554e-07 +- 1.7577e-07  	chisq 0 (0 df)

Saving state to vegas_last_iter144.
Vegas input parameters:
  ndim 11
  ncomp 1
  epsrel 0
  epsabs 0
  flags 291
  seed 399
  mineval 1
  maxeval 1
  nstart 1000000
  nincrease 500000
  nbatch 1000
  gridno 1
  statefile "vegas_last_iter144"

Restoring state from vegas_last_iter144.

Iteration 2:  2500000 integrand evaluations so far
[1] -5.19078e-07 +- 6.46675e-08  	chisq 1.15331 (1 df)

Saving state to vegas_last_iter144.
Vegas input parameters:
  ndim 11
  ncomp 1
  epsrel 0
  epsabs 0
  flags 291
  seed 543
  mineval 1
  maxeval 1
  nstart 1000000
  nincrease 500000
  nbatch 1000
  gridno 1
  statefile "vegas_last_iter144"

Restoring state from vegas_last_iter144.

Iteration 3:  4500000 integrand evaluations so far
[1] -5.63831e-07 +- 2.00663e-08  	chisq 1.68327 (2 df)

Saving state to vegas_last_iter144.
Vegas input parameters:
  ndim 11
  ncomp 1
  epsrel 0
  epsabs 0
  flags 291
  seed 687
  mineval 1
  maxeval 1
  nstart 1000000
  nincrease 500000
  nbatch 1000
  gridno 1
  statefile "vegas_last_iter144"

Restoring state from vegas_last_iter144.

Iteration 4:  7000000 integrand evaluations so far
[1] -5.57466e-07 +- 5.06958e-09  	chisq 1.79074 (3 df)

Saving state to vegas_last_iter144.
Vegas input parameters:
  ndim 11
  ncomp 1
  epsrel 0
  epsabs 0
  flags 291
  seed 831
  mineval 1
  maxeval 1
  nstart 1000000
  nincrease 500000
  nbatch 1000
  gridno 1
  statefile "vegas_last_iter144"

Restoring state from vegas_last_iter144.

Iteration 5:  10000000 integrand evaluations so far
[1] -5.61774e-07 +- 1.50838e-09  	chisq 2.58282 (4 df)

Saving state to vegas_last_iter144.
Vegas input parameters:
  ndim 11
  ncomp 1
  epsrel 0
  epsabs 0
  flags 291
  seed 975
  mineval 1
  maxeval 1
  nstart 1000000
  nincrease 500000
  nbatch 1000
  gridno 1
  statefile "vegas_last_iter144"

Restoring state from vegas_last_iter144.

Iteration 6:  13500000 integrand evaluations so far
[1] -5.61987e-07 +- 6.47598e-10  	chisq 2.60735 (5 df)

Saving state to vegas_last_iter144.
Vegas input parameters:
  ndim 11
  ncomp 1
  epsrel 0
  epsabs 0
  flags 291
  seed 1119
  mineval 1
  maxeval 1
  nstart 1000000
  nincrease 500000
  nbatch 1000
  gridno 1
  statefile "vegas_last_iter144"

Restoring state from vegas_last_iter144.

Iteration 7:  17500000 integrand evaluations so far
[1] -5.62994e-07 +- 4.13058e-10  	chisq 6.6839 (6 df)

Saving state to vegas_last_iter144.
Vegas input parameters:
  ndim 11
  ncomp 1
  epsrel 0
  epsabs 0
  flags 291
  seed 1263
  mineval 1
  maxeval 1
  nstart 1000000
  nincrease 500000
  nbatch 1000
  gridno 1
  statefile "vegas_last_iter144"

Restoring state from vegas_last_iter144.

Iteration 8:  22000000 integrand evaluations so far
[1] -5.63051e-07 +- 3.1012e-10  	chisq 6.7281 (7 df)

Saving state to vegas_last_iter144.
Vegas input parameters:
  ndim 11
  ncomp 1
  epsrel 0
  epsabs 0
  flags 291
  seed 1407
  mineval 1
  maxeval 1
  nstart 1000000
  nincrease 500000
  nbatch 1000
  gridno 1
  statefile "vegas_last_iter144"

Restoring state from vegas_last_iter144.

Iteration 9:  27000000 integrand evaluations so far
[1] -5.6295e-07 +- 2.52445e-10  	chisq 7.04666 (8 df)

Saving state to vegas_last_iter144.
Vegas input parameters:
  ndim 11
  ncomp 1
  epsrel 0
  epsabs 0
  flags 291
  seed 1551
  mineval 1
  maxeval 1
  nstart 1000000
  nincrease 500000
  nbatch 1000
  gridno 1
  statefile "vegas_last_iter144"

Restoring state from vegas_last_iter144.

Iteration 10:  32500000 integrand evaluations so far
[1] -5.62936e-07 +- 2.15122e-10  	chisq 7.05823 (9 df)

Saving state to vegas_last_iter144.
Vegas input parameters:
  ndim 11
  ncomp 1
  epsrel 0
  epsabs 0
  flags 291
  seed 1695
  mineval 1
  maxeval 1
  nstart 1000000
  nincrease 500000
  nbatch 1000
  gridno 1
  statefile "vegas_last_iter144"

Restoring state from vegas_last_iter144.

Iteration 11:  38500000 integrand evaluations so far
[1] -5.62854e-07 +- 1.88573e-10  	chisq 7.6777 (10 df)

Saving state to vegas_last_iter144.
Vegas input parameters:
  ndim 11
  ncomp 1
  epsrel 0
  epsabs 0
  flags 291
  seed 1839
  mineval 1
  maxeval 1
  nstart 1000000
  nincrease 500000
  nbatch 1000
  gridno 1
  statefile "vegas_last_iter144"

Restoring state from vegas_last_iter144.

Iteration 12:  45000000 integrand evaluations so far
[1] -5.6302e-07 +- 1.68533e-10  	chisq 11.5365 (11 df)

Saving state to vegas_last_iter144.
Vegas input parameters:
  ndim 11
  ncomp 1
  epsrel 0
  epsabs 0
  flags 291
  seed 1983
  mineval 1
  maxeval 1
  nstart 1000000
  nincrease 500000
  nbatch 1000
  gridno 1
  statefile "vegas_last_iter144"

Restoring state from vegas_last_iter144.

Iteration 13:  52000000 integrand evaluations so far
[1] -5.62971e-07 +- 1.52788e-10  	chisq 12.014 (12 df)

Saving state to vegas_last_iter144.
Vegas input parameters:
  ndim 11
  ncomp 1
  epsrel 0
  epsabs 0
  flags 291
  seed 2127
  mineval 1
  maxeval 1
  nstart 1000000
  nincrease 500000
  nbatch 1000
  gridno 1
  statefile "vegas_last_iter144"

Restoring state from vegas_last_iter144.

Iteration 14:  59500000 integrand evaluations so far
[1] -5.63038e-07 +- 1.39974e-10  	chisq 13.2207 (13 df)

Saving state to vegas_last_iter144.
Vegas input parameters:
  ndim 11
  ncomp 1
  epsrel 0
  epsabs 0
  flags 291
  seed 2271
  mineval 1
  maxeval 1
  nstart 1000000
  nincrease 500000
  nbatch 1000
  gridno 1
  statefile "vegas_last_iter144"

Restoring state from vegas_last_iter144.

Iteration 15:  67500000 integrand evaluations so far
[1] -5.62997e-07 +- 1.2934e-10  	chisq 13.8291 (14 df)

Saving state to vegas_last_iter144.
Vegas input parameters:
  ndim 11
  ncomp 1
  epsrel 0
  epsabs 0
  flags 291
  seed 2415
  mineval 1
  maxeval 1
  nstart 1000000
  nincrease 500000
  nbatch 1000
  gridno 1
  statefile "vegas_last_iter144"

Restoring state from vegas_last_iter144.

Iteration 16:  76000000 integrand evaluations so far
[1] -5.63019e-07 +- 1.20342e-10  	chisq 14.0569 (15 df)

Saving state to vegas_last_iter144.
Vegas input parameters:
  ndim 11
  ncomp 1
  epsrel 0
  epsabs 0
  flags 291
  seed 2559
  mineval 1
  maxeval 1
  nstart 1000000
  nincrease 500000
  nbatch 1000
  gridno 1
  statefile "vegas_last_iter144"

Restoring state from vegas_last_iter144.

Iteration 17:  85000000 integrand evaluations so far
[1] -5.63029e-07 +- 1.12595e-10  	chisq 14.1125 (16 df)

Saving state to vegas_last_iter144.
Vegas input parameters:
  ndim 11
  ncomp 1
  epsrel 0
  epsabs 0
  flags 291
  seed 2703
  mineval 1
  maxeval 1
  nstart 1000000
  nincrease 500000
  nbatch 1000
  gridno 1
  statefile "vegas_last_iter144"

Restoring state from vegas_last_iter144.

Iteration 18:  94500000 integrand evaluations so far
[1] -5.63084e-07 +- 1.05855e-10  	chisq 16.1168 (17 df)

Saving state to vegas_last_iter144.
Vegas input parameters:
  ndim 11
  ncomp 1
  epsrel 0
  epsabs 0
  flags 291
  seed 2847
  mineval 1
  maxeval 1
  nstart 1000000
  nincrease 500000
  nbatch 1000
  gridno 1
  statefile "vegas_last_iter144"

Restoring state from vegas_last_iter144.

Iteration 19:  104500000 integrand evaluations so far
[1] -5.63016e-07 +- 9.99316e-11  	chisq 19.8779 (18 df)

Saving state to vegas_last_iter144.
Vegas input parameters:
  ndim 11
  ncomp 1
  epsrel 0
  epsabs 0
  flags 291
  seed 2991
  mineval 1
  maxeval 1
  nstart 1000000
  nincrease 500000
  nbatch 1000
  gridno 1
  statefile "vegas_last_iter144"

Restoring state from vegas_last_iter144.

Iteration 20:  115000000 integrand evaluations so far
[1] -5.63005e-07 +- 9.46614e-11  	chisq 19.9923 (19 df)

Saving state to vegas_last_iter144.
Vegas input parameters:
  ndim 11
  ncomp 1
  epsrel 0
  epsabs 0
  flags 291
  seed 3135
  mineval 1
  maxeval 1
  nstart 1000000
  nincrease 500000
  nbatch 1000
  gridno 1
  statefile "vegas_last_iter144"

Restoring state from vegas_last_iter144.

Iteration 21:  126000000 integrand evaluations so far
[1] -5.62985e-07 +- 8.99506e-11  	chisq 20.4765 (20 df)

Saving state to vegas_last_iter144.
Vegas input parameters:
  ndim 11
  ncomp 1
  epsrel 0
  epsabs 0
  flags 291
  seed 3279
  mineval 1
  maxeval 1
  nstart 1000000
  nincrease 500000
  nbatch 1000
  gridno 1
  statefile "vegas_last_iter144"

Restoring state from vegas_last_iter144.

Iteration 22:  137500000 integrand evaluations so far
[1] -5.62997e-07 +- 8.57146e-11  	chisq 20.7 (21 df)

Saving state to vegas_last_iter144.
Vegas input parameters:
  ndim 11
  ncomp 1
  epsrel 0
  epsabs 0
  flags 291
  seed 3423
  mineval 1
  maxeval 1
  nstart 1000000
  nincrease 500000
  nbatch 1000
  gridno 1
  statefile "vegas_last_iter144"

Restoring state from vegas_last_iter144.

Iteration 23:  149500000 integrand evaluations so far
[1] -5.62989e-07 +- 8.18724e-11  	chisq 20.8106 (22 df)

Saving state to vegas_last_iter144.
Vegas input parameters:
  ndim 11
  ncomp 1
  epsrel 0
  epsabs 0
  flags 291
  seed 3567
  mineval 1
  maxeval 1
  nstart 1000000
  nincrease 500000
  nbatch 1000
  gridno 1
  statefile "vegas_last_iter144"

Restoring state from vegas_last_iter144.

Iteration 24:  162000000 integrand evaluations so far
[1] -5.62997e-07 +- 7.83811e-11  	chisq 20.9154 (23 df)

Saving state to vegas_last_iter144.
Vegas input parameters:
  ndim 11
  ncomp 1
  epsrel 0
  epsabs 0
  flags 291
  seed 3711
  mineval 1
  maxeval 1
  nstart 1000000
  nincrease 500000
  nbatch 1000
  gridno 1
  statefile "vegas_last_iter144"

Restoring state from vegas_last_iter144.

Iteration 25:  175000000 integrand evaluations so far
[1] -5.63e-07 +- 7.51831e-11  	chisq 20.9387 (24 df)

Saving state to vegas_last_iter144.
Vegas input parameters:
  ndim 11
  ncomp 1
  epsrel 0
  epsabs 0
  flags 291
  seed 3855
  mineval 1
  maxeval 1
  nstart 1000000
  nincrease 500000
  nbatch 1000
  gridno 1
  statefile "vegas_last_iter144"

Restoring state from vegas_last_iter144.

Iteration 26:  188500000 integrand evaluations so far
[1] -5.62995e-07 +- 7.22533e-11  	chisq 20.9927 (25 df)

Saving state to vegas_last_iter144.
Vegas input parameters:
  ndim 11
  ncomp 1
  epsrel 0
  epsabs 0
  flags 291
  seed 3999
  mineval 1
  maxeval 1
  nstart 1000000
  nincrease 500000
  nbatch 1000
  gridno 1
  statefile "vegas_last_iter144"

Restoring state from vegas_last_iter144.

Iteration 27:  202500000 integrand evaluations so far
[1] -5.62993e-07 +- 6.95488e-11  	chisq 21.0068 (26 df)

Saving state to vegas_last_iter144.
Thanks for using LHAPDF 6.2.1. Please make sure to cite the paper:
  Eur.Phys.J. C75 (2015) 3, 132  (http://arxiv.org/abs/1412.7420)
 method   =Vegas  
 nregions =           1
 neval    =   202500000
 fail     =           1
 -0.562992909378E-06 +-   0.695487686730E-10   p =    0.214
