LHAPDF 6.2.1 loading /cvmfs/cms.cern.ch/slc6_amd64_gcc630/external/lhapdf/6.2.1-omkpbe3/share/LHAPDF/NNPDF31_nnlo_as_0118_nf_4/NNPDF31_nnlo_as_0118_nf_4_0000.dat
NNPDF31_nnlo_as_0118_nf_4 PDF set, member #0, version 1; LHAPDF ID = 320900
Vegas input parameters:
  ndim 11
  ncomp 1
  epsrel 0
  epsabs 0
  flags 291
  seed 261
  mineval 1
  maxeval 1
  nstart 1000000
  nincrease 500000
  nbatch 1000
  gridno 1
  statefile "vegas_last_iter150"

Iteration 1:  1000000 integrand evaluations so far
[1] 6.6779e-08 +- 3.5938e-08  	chisq 0 (0 df)

Saving state to vegas_last_iter150.
Vegas input parameters:
  ndim 11
  ncomp 1
  epsrel 0
  epsabs 0
  flags 291
  seed 411
  mineval 1
  maxeval 1
  nstart 1000000
  nincrease 500000
  nbatch 1000
  gridno 1
  statefile "vegas_last_iter150"

Restoring state from vegas_last_iter150.

Iteration 2:  2500000 integrand evaluations so far
[1] 6.58691e-08 +- 3.05396e-08  	chisq 0.00230726 (1 df)

Saving state to vegas_last_iter150.
Vegas input parameters:
  ndim 11
  ncomp 1
  epsrel 0
  epsabs 0
  flags 291
  seed 561
  mineval 1
  maxeval 1
  nstart 1000000
  nincrease 500000
  nbatch 1000
  gridno 1
  statefile "vegas_last_iter150"

Restoring state from vegas_last_iter150.

Iteration 3:  4500000 integrand evaluations so far
[1] 6.76429e-08 +- 2.17432e-08  	chisq 0.00914865 (2 df)

Saving state to vegas_last_iter150.
Vegas input parameters:
  ndim 11
  ncomp 1
  epsrel 0
  epsabs 0
  flags 291
  seed 711
  mineval 1
  maxeval 1
  nstart 1000000
  nincrease 500000
  nbatch 1000
  gridno 1
  statefile "vegas_last_iter150"

Restoring state from vegas_last_iter150.

Iteration 4:  7000000 integrand evaluations so far
[1] 3.93079e-08 +- 5.61441e-09  	chisq 1.82871 (3 df)

Saving state to vegas_last_iter150.
Vegas input parameters:
  ndim 11
  ncomp 1
  epsrel 0
  epsabs 0
  flags 291
  seed 861
  mineval 1
  maxeval 1
  nstart 1000000
  nincrease 500000
  nbatch 1000
  gridno 1
  statefile "vegas_last_iter150"

Restoring state from vegas_last_iter150.

Iteration 5:  10000000 integrand evaluations so far
[1] 3.60388e-08 +- 2.10427e-09  	chisq 2.22317 (4 df)

Saving state to vegas_last_iter150.
Vegas input parameters:
  ndim 11
  ncomp 1
  epsrel 0
  epsabs 0
  flags 291
  seed 1011
  mineval 1
  maxeval 1
  nstart 1000000
  nincrease 500000
  nbatch 1000
  gridno 1
  statefile "vegas_last_iter150"

Restoring state from vegas_last_iter150.

Iteration 6:  13500000 integrand evaluations so far
[1] 3.10228e-08 +- 5.70276e-10  	chisq 8.35573 (5 df)

Saving state to vegas_last_iter150.
Vegas input parameters:
  ndim 11
  ncomp 1
  epsrel 0
  epsabs 0
  flags 291
  seed 1161
  mineval 1
  maxeval 1
  nstart 1000000
  nincrease 500000
  nbatch 1000
  gridno 1
  statefile "vegas_last_iter150"

Restoring state from vegas_last_iter150.

Iteration 7:  17500000 integrand evaluations so far
[1] 3.05357e-08 +- 2.7914e-10  	chisq 9.31529 (6 df)

Saving state to vegas_last_iter150.
Vegas input parameters:
  ndim 11
  ncomp 1
  epsrel 0
  epsabs 0
  flags 291
  seed 1311
  mineval 1
  maxeval 1
  nstart 1000000
  nincrease 500000
  nbatch 1000
  gridno 1
  statefile "vegas_last_iter150"

Restoring state from vegas_last_iter150.

Iteration 8:  22000000 integrand evaluations so far
[1] 3.02046e-08 +- 1.90699e-10  	chisq 11.9535 (7 df)

Saving state to vegas_last_iter150.
Vegas input parameters:
  ndim 11
  ncomp 1
  epsrel 0
  epsabs 0
  flags 291
  seed 1461
  mineval 1
  maxeval 1
  nstart 1000000
  nincrease 500000
  nbatch 1000
  gridno 1
  statefile "vegas_last_iter150"

Restoring state from vegas_last_iter150.

Iteration 9:  27000000 integrand evaluations so far
[1] 3.06059e-08 +- 1.47975e-10  	chisq 23.0849 (8 df)

Saving state to vegas_last_iter150.
Vegas input parameters:
  ndim 11
  ncomp 1
  epsrel 0
  epsabs 0
  flags 291
  seed 1611
  mineval 1
  maxeval 1
  nstart 1000000
  nincrease 500000
  nbatch 1000
  gridno 1
  statefile "vegas_last_iter150"

Restoring state from vegas_last_iter150.

Iteration 10:  32500000 integrand evaluations so far
[1] 3.05703e-08 +- 1.2283e-10  	chisq 23.2705 (9 df)

Saving state to vegas_last_iter150.
Vegas input parameters:
  ndim 11
  ncomp 1
  epsrel 0
  epsabs 0
  flags 291
  seed 1761
  mineval 1
  maxeval 1
  nstart 1000000
  nincrease 500000
  nbatch 1000
  gridno 1
  statefile "vegas_last_iter150"

Restoring state from vegas_last_iter150.

Iteration 11:  38500000 integrand evaluations so far
[1] 3.0517e-08 +- 1.05598e-10  	chisq 23.9942 (10 df)

Saving state to vegas_last_iter150.
Vegas input parameters:
  ndim 11
  ncomp 1
  epsrel 0
  epsabs 0
  flags 291
  seed 1911
  mineval 1
  maxeval 1
  nstart 1000000
  nincrease 500000
  nbatch 1000
  gridno 1
  statefile "vegas_last_iter150"

Restoring state from vegas_last_iter150.

Iteration 12:  45000000 integrand evaluations so far
[1] 3.05864e-08 +- 9.27664e-11  	chisq 25.891 (11 df)

Saving state to vegas_last_iter150.
Vegas input parameters:
  ndim 11
  ncomp 1
  epsrel 0
  epsabs 0
  flags 291
  seed 2061
  mineval 1
  maxeval 1
  nstart 1000000
  nincrease 500000
  nbatch 1000
  gridno 1
  statefile "vegas_last_iter150"

Restoring state from vegas_last_iter150.

Iteration 13:  52000000 integrand evaluations so far
[1] 3.05889e-08 +- 8.30805e-11  	chisq 25.8944 (12 df)

Saving state to vegas_last_iter150.
Vegas input parameters:
  ndim 11
  ncomp 1
  epsrel 0
  epsabs 0
  flags 291
  seed 2211
  mineval 1
  maxeval 1
  nstart 1000000
  nincrease 500000
  nbatch 1000
  gridno 1
  statefile "vegas_last_iter150"

Restoring state from vegas_last_iter150.

Iteration 14:  59500000 integrand evaluations so far
[1] 3.06205e-08 +- 7.54567e-11  	chisq 26.7238 (13 df)

Saving state to vegas_last_iter150.
Vegas input parameters:
  ndim 11
  ncomp 1
  epsrel 0
  epsabs 0
  flags 291
  seed 2361
  mineval 1
  maxeval 1
  nstart 1000000
  nincrease 500000
  nbatch 1000
  gridno 1
  statefile "vegas_last_iter150"

Restoring state from vegas_last_iter150.

Iteration 15:  67500000 integrand evaluations so far
[1] 3.05964e-08 +- 6.95894e-11  	chisq 27.4088 (14 df)

Saving state to vegas_last_iter150.
Vegas input parameters:
  ndim 11
  ncomp 1
  epsrel 0
  epsabs 0
  flags 291
  seed 2511
  mineval 1
  maxeval 1
  nstart 1000000
  nincrease 500000
  nbatch 1000
  gridno 1
  statefile "vegas_last_iter150"

Restoring state from vegas_last_iter150.

Iteration 16:  76000000 integrand evaluations so far
[1] 3.06392e-08 +- 6.45382e-11  	chisq 30.1192 (15 df)

Saving state to vegas_last_iter150.
Vegas input parameters:
  ndim 11
  ncomp 1
  epsrel 0
  epsabs 0
  flags 291
  seed 2661
  mineval 1
  maxeval 1
  nstart 1000000
  nincrease 500000
  nbatch 1000
  gridno 1
  statefile "vegas_last_iter150"

Restoring state from vegas_last_iter150.

Iteration 17:  85000000 integrand evaluations so far
[1] 3.06735e-08 +- 6.01241e-11  	chisq 32.255 (16 df)

Saving state to vegas_last_iter150.
Vegas input parameters:
  ndim 11
  ncomp 1
  epsrel 0
  epsabs 0
  flags 291
  seed 2811
  mineval 1
  maxeval 1
  nstart 1000000
  nincrease 500000
  nbatch 1000
  gridno 1
  statefile "vegas_last_iter150"

Restoring state from vegas_last_iter150.

Iteration 18:  94500000 integrand evaluations so far
[1] 3.06757e-08 +- 5.6332e-11  	chisq 32.2654 (17 df)

Saving state to vegas_last_iter150.
Vegas input parameters:
  ndim 11
  ncomp 1
  epsrel 0
  epsabs 0
  flags 291
  seed 2961
  mineval 1
  maxeval 1
  nstart 1000000
  nincrease 500000
  nbatch 1000
  gridno 1
  statefile "vegas_last_iter150"

Restoring state from vegas_last_iter150.

Iteration 19:  104500000 integrand evaluations so far
[1] 3.06979e-08 +- 5.29926e-11  	chisq 33.6226 (18 df)

Saving state to vegas_last_iter150.
Vegas input parameters:
  ndim 11
  ncomp 1
  epsrel 0
  epsabs 0
  flags 291
  seed 3111
  mineval 1
  maxeval 1
  nstart 1000000
  nincrease 500000
  nbatch 1000
  gridno 1
  statefile "vegas_last_iter150"

Restoring state from vegas_last_iter150.

Iteration 20:  115000000 integrand evaluations so far
[1] 3.06903e-08 +- 5.00203e-11  	chisq 33.81 (19 df)

Saving state to vegas_last_iter150.
Vegas input parameters:
  ndim 11
  ncomp 1
  epsrel 0
  epsabs 0
  flags 291
  seed 3261
  mineval 1
  maxeval 1
  nstart 1000000
  nincrease 500000
  nbatch 1000
  gridno 1
  statefile "vegas_last_iter150"

Restoring state from vegas_last_iter150.

Iteration 21:  126000000 integrand evaluations so far
[1] 3.06749e-08 +- 4.74444e-11  	chisq 34.7545 (20 df)

Saving state to vegas_last_iter150.
Vegas input parameters:
  ndim 11
  ncomp 1
  epsrel 0
  epsabs 0
  flags 291
  seed 3411
  mineval 1
  maxeval 1
  nstart 1000000
  nincrease 500000
  nbatch 1000
  gridno 1
  statefile "vegas_last_iter150"

Restoring state from vegas_last_iter150.

Iteration 22:  137500000 integrand evaluations so far
[1] 3.06628e-08 +- 4.51955e-11  	chisq 35.4669 (21 df)

Saving state to vegas_last_iter150.
Vegas input parameters:
  ndim 11
  ncomp 1
  epsrel 0
  epsabs 0
  flags 291
  seed 3561
  mineval 1
  maxeval 1
  nstart 1000000
  nincrease 500000
  nbatch 1000
  gridno 1
  statefile "vegas_last_iter150"

Restoring state from vegas_last_iter150.

Iteration 23:  149500000 integrand evaluations so far
[1] 3.06421e-08 +- 4.31812e-11  	chisq 37.8622 (22 df)

Saving state to vegas_last_iter150.
Vegas input parameters:
  ndim 11
  ncomp 1
  epsrel 0
  epsabs 0
  flags 291
  seed 3711
  mineval 1
  maxeval 1
  nstart 1000000
  nincrease 500000
  nbatch 1000
  gridno 1
  statefile "vegas_last_iter150"

Restoring state from vegas_last_iter150.

Iteration 24:  162000000 integrand evaluations so far
[1] 3.06482e-08 +- 4.13125e-11  	chisq 38.0979 (23 df)

Saving state to vegas_last_iter150.
Vegas input parameters:
  ndim 11
  ncomp 1
  epsrel 0
  epsabs 0
  flags 291
  seed 3861
  mineval 1
  maxeval 1
  nstart 1000000
  nincrease 500000
  nbatch 1000
  gridno 1
  statefile "vegas_last_iter150"

Restoring state from vegas_last_iter150.

Iteration 25:  175000000 integrand evaluations so far
[1] 3.06372e-08 +- 3.95716e-11  	chisq 38.9501 (24 df)

Saving state to vegas_last_iter150.
Vegas input parameters:
  ndim 11
  ncomp 1
  epsrel 0
  epsabs 0
  flags 291
  seed 4011
  mineval 1
  maxeval 1
  nstart 1000000
  nincrease 500000
  nbatch 1000
  gridno 1
  statefile "vegas_last_iter150"

Restoring state from vegas_last_iter150.

Iteration 26:  188500000 integrand evaluations so far
[1] 3.06317e-08 +- 3.79779e-11  	chisq 39.2025 (25 df)

Saving state to vegas_last_iter150.
Vegas input parameters:
  ndim 11
  ncomp 1
  epsrel 0
  epsabs 0
  flags 291
  seed 4161
  mineval 1
  maxeval 1
  nstart 1000000
  nincrease 500000
  nbatch 1000
  gridno 1
  statefile "vegas_last_iter150"

Restoring state from vegas_last_iter150.

Iteration 27:  202500000 integrand evaluations so far
[1] 3.06201e-08 +- 3.6491e-11  	chisq 40.4099 (26 df)

Saving state to vegas_last_iter150.
Thanks for using LHAPDF 6.2.1. Please make sure to cite the paper:
  Eur.Phys.J. C75 (2015) 3, 132  (http://arxiv.org/abs/1412.7420)
 method   =Vegas  
 nregions =           1
 neval    =   202500000
 fail     =           1
  0.306201014901E-07 +-   0.364909715306E-10   p =    0.953
