LHAPDF 6.2.1 loading /cvmfs/cms.cern.ch/slc6_amd64_gcc630/external/lhapdf/6.2.1-omkpbe3/share/LHAPDF/NNPDF31_nnlo_as_0118_nf_4/NNPDF31_nnlo_as_0118_nf_4_0000.dat
NNPDF31_nnlo_as_0118_nf_4 PDF set, member #0, version 1; LHAPDF ID = 320900
Vegas input parameters:
  ndim 11
  ncomp 1
  epsrel 0
  epsabs 0
  flags 291
  seed 236
  mineval 1
  maxeval 1
  nstart 1000000
  nincrease 500000
  nbatch 1000
  gridno 1
  statefile "vegas_last_iter125"

Iteration 1:  1000000 integrand evaluations so far
[1] 6.34882e-08 +- 1.27875e-07  	chisq 0 (0 df)

Saving state to vegas_last_iter125.
Vegas input parameters:
  ndim 11
  ncomp 1
  epsrel 0
  epsabs 0
  flags 291
  seed 361
  mineval 1
  maxeval 1
  nstart 1000000
  nincrease 500000
  nbatch 1000
  gridno 1
  statefile "vegas_last_iter125"

Restoring state from vegas_last_iter125.

Iteration 2:  2500000 integrand evaluations so far
[1] -7.02887e-08 +- 2.98864e-08  	chisq 1.15768 (1 df)

Saving state to vegas_last_iter125.
Vegas input parameters:
  ndim 11
  ncomp 1
  epsrel 0
  epsabs 0
  flags 291
  seed 486
  mineval 1
  maxeval 1
  nstart 1000000
  nincrease 500000
  nbatch 1000
  gridno 1
  statefile "vegas_last_iter125"

Restoring state from vegas_last_iter125.

Iteration 3:  4500000 integrand evaluations so far
[1] -7.16045e-08 +- 7.45632e-09  	chisq 1.15975 (2 df)

Saving state to vegas_last_iter125.
Vegas input parameters:
  ndim 11
  ncomp 1
  epsrel 0
  epsabs 0
  flags 291
  seed 611
  mineval 1
  maxeval 1
  nstart 1000000
  nincrease 500000
  nbatch 1000
  gridno 1
  statefile "vegas_last_iter125"

Restoring state from vegas_last_iter125.

Iteration 4:  7000000 integrand evaluations so far
[1] -7.95953e-08 +- 3.20148e-09  	chisq 2.56781 (3 df)

Saving state to vegas_last_iter125.
Vegas input parameters:
  ndim 11
  ncomp 1
  epsrel 0
  epsabs 0
  flags 291
  seed 736
  mineval 1
  maxeval 1
  nstart 1000000
  nincrease 500000
  nbatch 1000
  gridno 1
  statefile "vegas_last_iter125"

Restoring state from vegas_last_iter125.

Iteration 5:  10000000 integrand evaluations so far
[1] -7.76965e-08 +- 9.37587e-10  	chisq 2.95258 (4 df)

Saving state to vegas_last_iter125.
Vegas input parameters:
  ndim 11
  ncomp 1
  epsrel 0
  epsabs 0
  flags 291
  seed 861
  mineval 1
  maxeval 1
  nstart 1000000
  nincrease 500000
  nbatch 1000
  gridno 1
  statefile "vegas_last_iter125"

Restoring state from vegas_last_iter125.

Iteration 6:  13500000 integrand evaluations so far
[1] -7.82467e-08 +- 2.73747e-10  	chisq 3.32915 (5 df)

Saving state to vegas_last_iter125.
Vegas input parameters:
  ndim 11
  ncomp 1
  epsrel 0
  epsabs 0
  flags 291
  seed 986
  mineval 1
  maxeval 1
  nstart 1000000
  nincrease 500000
  nbatch 1000
  gridno 1
  statefile "vegas_last_iter125"

Restoring state from vegas_last_iter125.

Iteration 7:  17500000 integrand evaluations so far
[1] -7.85356e-08 +- 1.44434e-10  	chisq 4.87178 (6 df)

Saving state to vegas_last_iter125.
Vegas input parameters:
  ndim 11
  ncomp 1
  epsrel 0
  epsabs 0
  flags 291
  seed 1111
  mineval 1
  maxeval 1
  nstart 1000000
  nincrease 500000
  nbatch 1000
  gridno 1
  statefile "vegas_last_iter125"

Restoring state from vegas_last_iter125.

Iteration 8:  22000000 integrand evaluations so far
[1] -7.83507e-08 +- 1.00108e-10  	chisq 8.02569 (7 df)

Saving state to vegas_last_iter125.
Vegas input parameters:
  ndim 11
  ncomp 1
  epsrel 0
  epsabs 0
  flags 291
  seed 1236
  mineval 1
  maxeval 1
  nstart 1000000
  nincrease 500000
  nbatch 1000
  gridno 1
  statefile "vegas_last_iter125"

Restoring state from vegas_last_iter125.

Iteration 9:  27000000 integrand evaluations so far
[1] -7.82977e-08 +- 7.80858e-11  	chisq 8.74099 (8 df)

Saving state to vegas_last_iter125.
Vegas input parameters:
  ndim 11
  ncomp 1
  epsrel 0
  epsabs 0
  flags 291
  seed 1361
  mineval 1
  maxeval 1
  nstart 1000000
  nincrease 500000
  nbatch 1000
  gridno 1
  statefile "vegas_last_iter125"

Restoring state from vegas_last_iter125.

Iteration 10:  32500000 integrand evaluations so far
[1] -7.83102e-08 +- 6.50825e-11  	chisq 8.82526 (9 df)

Saving state to vegas_last_iter125.
Vegas input parameters:
  ndim 11
  ncomp 1
  epsrel 0
  epsabs 0
  flags 291
  seed 1486
  mineval 1
  maxeval 1
  nstart 1000000
  nincrease 500000
  nbatch 1000
  gridno 1
  statefile "vegas_last_iter125"

Restoring state from vegas_last_iter125.

Iteration 11:  38500000 integrand evaluations so far
[1] -7.83248e-08 +- 5.63102e-11  	chisq 9.02583 (10 df)

Saving state to vegas_last_iter125.
Vegas input parameters:
  ndim 11
  ncomp 1
  epsrel 0
  epsabs 0
  flags 291
  seed 1611
  mineval 1
  maxeval 1
  nstart 1000000
  nincrease 500000
  nbatch 1000
  gridno 1
  statefile "vegas_last_iter125"

Restoring state from vegas_last_iter125.

Iteration 12:  45000000 integrand evaluations so far
[1] -7.83056e-08 +- 4.9933e-11  	chisq 9.57239 (11 df)

Saving state to vegas_last_iter125.
Vegas input parameters:
  ndim 11
  ncomp 1
  epsrel 0
  epsabs 0
  flags 291
  seed 1736
  mineval 1
  maxeval 1
  nstart 1000000
  nincrease 500000
  nbatch 1000
  gridno 1
  statefile "vegas_last_iter125"

Restoring state from vegas_last_iter125.

Iteration 13:  52000000 integrand evaluations so far
[1] -7.82899e-08 +- 4.49936e-11  	chisq 10.0975 (12 df)

Saving state to vegas_last_iter125.
Vegas input parameters:
  ndim 11
  ncomp 1
  epsrel 0
  epsabs 0
  flags 291
  seed 1861
  mineval 1
  maxeval 1
  nstart 1000000
  nincrease 500000
  nbatch 1000
  gridno 1
  statefile "vegas_last_iter125"

Restoring state from vegas_last_iter125.

Iteration 14:  59500000 integrand evaluations so far
[1] -7.82817e-08 +- 4.10147e-11  	chisq 10.2931 (13 df)

Saving state to vegas_last_iter125.
Vegas input parameters:
  ndim 11
  ncomp 1
  epsrel 0
  epsabs 0
  flags 291
  seed 1986
  mineval 1
  maxeval 1
  nstart 1000000
  nincrease 500000
  nbatch 1000
  gridno 1
  statefile "vegas_last_iter125"

Restoring state from vegas_last_iter125.

Iteration 15:  67500000 integrand evaluations so far
[1] -7.8272e-08 +- 3.7745e-11  	chisq 10.6576 (14 df)

Saving state to vegas_last_iter125.
Vegas input parameters:
  ndim 11
  ncomp 1
  epsrel 0
  epsabs 0
  flags 291
  seed 2111
  mineval 1
  maxeval 1
  nstart 1000000
  nincrease 500000
  nbatch 1000
  gridno 1
  statefile "vegas_last_iter125"

Restoring state from vegas_last_iter125.

Iteration 16:  76000000 integrand evaluations so far
[1] -7.82499e-08 +- 3.49963e-11  	chisq 13.112 (15 df)

Saving state to vegas_last_iter125.
Vegas input parameters:
  ndim 11
  ncomp 1
  epsrel 0
  epsabs 0
  flags 291
  seed 2236
  mineval 1
  maxeval 1
  nstart 1000000
  nincrease 500000
  nbatch 1000
  gridno 1
  statefile "vegas_last_iter125"

Restoring state from vegas_last_iter125.

Iteration 17:  85000000 integrand evaluations so far
[1] -7.82525e-08 +- 3.26476e-11  	chisq 13.1556 (16 df)

Saving state to vegas_last_iter125.
Vegas input parameters:
  ndim 11
  ncomp 1
  epsrel 0
  epsabs 0
  flags 291
  seed 2361
  mineval 1
  maxeval 1
  nstart 1000000
  nincrease 500000
  nbatch 1000
  gridno 1
  statefile "vegas_last_iter125"

Restoring state from vegas_last_iter125.

Iteration 18:  94500000 integrand evaluations so far
[1] -7.8265e-08 +- 3.0617e-11  	chisq 14.3711 (17 df)

Saving state to vegas_last_iter125.
Vegas input parameters:
  ndim 11
  ncomp 1
  epsrel 0
  epsabs 0
  flags 291
  seed 2486
  mineval 1
  maxeval 1
  nstart 1000000
  nincrease 500000
  nbatch 1000
  gridno 1
  statefile "vegas_last_iter125"

Restoring state from vegas_last_iter125.

Iteration 19:  104500000 integrand evaluations so far
[1] -7.82686e-08 +- 2.88378e-11  	chisq 14.4907 (18 df)

Saving state to vegas_last_iter125.
Vegas input parameters:
  ndim 11
  ncomp 1
  epsrel 0
  epsabs 0
  flags 291
  seed 2611
  mineval 1
  maxeval 1
  nstart 1000000
  nincrease 500000
  nbatch 1000
  gridno 1
  statefile "vegas_last_iter125"

Restoring state from vegas_last_iter125.

Iteration 20:  115000000 integrand evaluations so far
[1] -7.82771e-08 +- 2.72657e-11  	chisq 15.3081 (19 df)

Saving state to vegas_last_iter125.
Vegas input parameters:
  ndim 11
  ncomp 1
  epsrel 0
  epsabs 0
  flags 291
  seed 2736
  mineval 1
  maxeval 1
  nstart 1000000
  nincrease 500000
  nbatch 1000
  gridno 1
  statefile "vegas_last_iter125"

Restoring state from vegas_last_iter125.

Iteration 21:  126000000 integrand evaluations so far
[1] -7.82827e-08 +- 2.58655e-11  	chisq 15.7442 (20 df)

Saving state to vegas_last_iter125.
Vegas input parameters:
  ndim 11
  ncomp 1
  epsrel 0
  epsabs 0
  flags 291
  seed 2861
  mineval 1
  maxeval 1
  nstart 1000000
  nincrease 500000
  nbatch 1000
  gridno 1
  statefile "vegas_last_iter125"

Restoring state from vegas_last_iter125.

Iteration 22:  137500000 integrand evaluations so far
[1] -7.82732e-08 +- 2.46106e-11  	chisq 17.1979 (21 df)

Saving state to vegas_last_iter125.
Vegas input parameters:
  ndim 11
  ncomp 1
  epsrel 0
  epsabs 0
  flags 291
  seed 2986
  mineval 1
  maxeval 1
  nstart 1000000
  nincrease 500000
  nbatch 1000
  gridno 1
  statefile "vegas_last_iter125"

Restoring state from vegas_last_iter125.

Iteration 23:  149500000 integrand evaluations so far
[1] -7.82704e-08 +- 2.34771e-11  	chisq 17.3323 (22 df)

Saving state to vegas_last_iter125.
Vegas input parameters:
  ndim 11
  ncomp 1
  epsrel 0
  epsabs 0
  flags 291
  seed 3111
  mineval 1
  maxeval 1
  nstart 1000000
  nincrease 500000
  nbatch 1000
  gridno 1
  statefile "vegas_last_iter125"

Restoring state from vegas_last_iter125.

Iteration 24:  162000000 integrand evaluations so far
[1] -7.82662e-08 +- 2.24488e-11  	chisq 17.7063 (23 df)

Saving state to vegas_last_iter125.
Vegas input parameters:
  ndim 11
  ncomp 1
  epsrel 0
  epsabs 0
  flags 291
  seed 3236
  mineval 1
  maxeval 1
  nstart 1000000
  nincrease 500000
  nbatch 1000
  gridno 1
  statefile "vegas_last_iter125"

Restoring state from vegas_last_iter125.

Iteration 25:  175000000 integrand evaluations so far
[1] -7.82571e-08 +- 2.15093e-11  	chisq 19.7395 (24 df)

Saving state to vegas_last_iter125.
Vegas input parameters:
  ndim 11
  ncomp 1
  epsrel 0
  epsabs 0
  flags 291
  seed 3361
  mineval 1
  maxeval 1
  nstart 1000000
  nincrease 500000
  nbatch 1000
  gridno 1
  statefile "vegas_last_iter125"

Restoring state from vegas_last_iter125.

Iteration 26:  188500000 integrand evaluations so far
[1] -7.82579e-08 +- 2.06491e-11  	chisq 19.7565 (25 df)

Saving state to vegas_last_iter125.
Vegas input parameters:
  ndim 11
  ncomp 1
  epsrel 0
  epsabs 0
  flags 291
  seed 3486
  mineval 1
  maxeval 1
  nstart 1000000
  nincrease 500000
  nbatch 1000
  gridno 1
  statefile "vegas_last_iter125"

Restoring state from vegas_last_iter125.

Iteration 27:  202500000 integrand evaluations so far
[1] -7.82632e-08 +- 1.9857e-11  	chisq 20.6491 (26 df)

Saving state to vegas_last_iter125.
Thanks for using LHAPDF 6.2.1. Please make sure to cite the paper:
  Eur.Phys.J. C75 (2015) 3, 132  (http://arxiv.org/abs/1412.7420)
 method   =Vegas  
 nregions =           1
 neval    =   202500000
 fail     =           1
 -0.782632158619E-07 +-   0.198570047358E-10   p =    0.198
