LHAPDF 6.2.1 loading /cvmfs/cms.cern.ch/slc6_amd64_gcc630/external/lhapdf/6.2.1-omkpbe3/share/LHAPDF/NNPDF31_nnlo_as_0118_nf_4/NNPDF31_nnlo_as_0118_nf_4_0000.dat
NNPDF31_nnlo_as_0118_nf_4 PDF set, member #0, version 1; LHAPDF ID = 320900
Vegas input parameters:
  ndim 11
  ncomp 1
  epsrel 0
  epsabs 0
  flags 291
  seed 253
  mineval 1
  maxeval 1
  nstart 1000000
  nincrease 500000
  nbatch 1000
  gridno 1
  statefile "vegas_last_iter142"

Iteration 1:  1000000 integrand evaluations so far
[1] 3.08189e-07 +- 2.49245e-07  	chisq 0 (0 df)

Saving state to vegas_last_iter142.
Vegas input parameters:
  ndim 11
  ncomp 1
  epsrel 0
  epsabs 0
  flags 291
  seed 395
  mineval 1
  maxeval 1
  nstart 1000000
  nincrease 500000
  nbatch 1000
  gridno 1
  statefile "vegas_last_iter142"

Restoring state from vegas_last_iter142.

Iteration 2:  2500000 integrand evaluations so far
[1] 6.49137e-07 +- 1.02698e-07  	chisq 2.25386 (1 df)

Saving state to vegas_last_iter142.
Vegas input parameters:
  ndim 11
  ncomp 1
  epsrel 0
  epsabs 0
  flags 291
  seed 537
  mineval 1
  maxeval 1
  nstart 1000000
  nincrease 500000
  nbatch 1000
  gridno 1
  statefile "vegas_last_iter142"

Restoring state from vegas_last_iter142.

Iteration 3:  4500000 integrand evaluations so far
[1] 7.67192e-07 +- 3.51091e-08  	chisq 3.75015 (2 df)

Saving state to vegas_last_iter142.
Vegas input parameters:
  ndim 11
  ncomp 1
  epsrel 0
  epsabs 0
  flags 291
  seed 679
  mineval 1
  maxeval 1
  nstart 1000000
  nincrease 500000
  nbatch 1000
  gridno 1
  statefile "vegas_last_iter142"

Restoring state from vegas_last_iter142.

Iteration 4:  7000000 integrand evaluations so far
[1] 7.94532e-07 +- 9.88388e-09  	chisq 4.40874 (3 df)

Saving state to vegas_last_iter142.
Vegas input parameters:
  ndim 11
  ncomp 1
  epsrel 0
  epsabs 0
  flags 291
  seed 821
  mineval 1
  maxeval 1
  nstart 1000000
  nincrease 500000
  nbatch 1000
  gridno 1
  statefile "vegas_last_iter142"

Restoring state from vegas_last_iter142.

Iteration 5:  10000000 integrand evaluations so far
[1] 8.06054e-07 +- 2.73857e-09  	chisq 5.88076 (4 df)

Saving state to vegas_last_iter142.
Vegas input parameters:
  ndim 11
  ncomp 1
  epsrel 0
  epsabs 0
  flags 291
  seed 963
  mineval 1
  maxeval 1
  nstart 1000000
  nincrease 500000
  nbatch 1000
  gridno 1
  statefile "vegas_last_iter142"

Restoring state from vegas_last_iter142.

Iteration 6:  13500000 integrand evaluations so far
[1] 8.02911e-07 +- 1.00703e-09  	chisq 7.40375 (5 df)

Saving state to vegas_last_iter142.
Vegas input parameters:
  ndim 11
  ncomp 1
  epsrel 0
  epsabs 0
  flags 291
  seed 1105
  mineval 1
  maxeval 1
  nstart 1000000
  nincrease 500000
  nbatch 1000
  gridno 1
  statefile "vegas_last_iter142"

Restoring state from vegas_last_iter142.

Iteration 7:  17500000 integrand evaluations so far
[1] 8.018e-07 +- 5.66846e-10  	chisq 9.1846 (6 df)

Saving state to vegas_last_iter142.
Vegas input parameters:
  ndim 11
  ncomp 1
  epsrel 0
  epsabs 0
  flags 291
  seed 1247
  mineval 1
  maxeval 1
  nstart 1000000
  nincrease 500000
  nbatch 1000
  gridno 1
  statefile "vegas_last_iter142"

Restoring state from vegas_last_iter142.

Iteration 8:  22000000 integrand evaluations so far
[1] 8.01824e-07 +- 4.00939e-10  	chisq 9.18814 (7 df)

Saving state to vegas_last_iter142.
Vegas input parameters:
  ndim 11
  ncomp 1
  epsrel 0
  epsabs 0
  flags 291
  seed 1389
  mineval 1
  maxeval 1
  nstart 1000000
  nincrease 500000
  nbatch 1000
  gridno 1
  statefile "vegas_last_iter142"

Restoring state from vegas_last_iter142.

Iteration 9:  27000000 integrand evaluations so far
[1] 8.02188e-07 +- 3.16354e-10  	chisq 11.3667 (8 df)

Saving state to vegas_last_iter142.
Vegas input parameters:
  ndim 11
  ncomp 1
  epsrel 0
  epsabs 0
  flags 291
  seed 1531
  mineval 1
  maxeval 1
  nstart 1000000
  nincrease 500000
  nbatch 1000
  gridno 1
  statefile "vegas_last_iter142"

Restoring state from vegas_last_iter142.

Iteration 10:  32500000 integrand evaluations so far
[1] 8.02285e-07 +- 2.64847e-10  	chisq 11.6824 (9 df)

Saving state to vegas_last_iter142.
Vegas input parameters:
  ndim 11
  ncomp 1
  epsrel 0
  epsabs 0
  flags 291
  seed 1673
  mineval 1
  maxeval 1
  nstart 1000000
  nincrease 500000
  nbatch 1000
  gridno 1
  statefile "vegas_last_iter142"

Restoring state from vegas_last_iter142.

Iteration 11:  38500000 integrand evaluations so far
[1] 8.02385e-07 +- 2.29611e-10  	chisq 12.2528 (10 df)

Saving state to vegas_last_iter142.
Vegas input parameters:
  ndim 11
  ncomp 1
  epsrel 0
  epsabs 0
  flags 291
  seed 1815
  mineval 1
  maxeval 1
  nstart 1000000
  nincrease 500000
  nbatch 1000
  gridno 1
  statefile "vegas_last_iter142"

Restoring state from vegas_last_iter142.

Iteration 12:  45000000 integrand evaluations so far
[1] 8.02212e-07 +- 2.03763e-10  	chisq 14.9201 (11 df)

Saving state to vegas_last_iter142.
Vegas input parameters:
  ndim 11
  ncomp 1
  epsrel 0
  epsabs 0
  flags 291
  seed 1957
  mineval 1
  maxeval 1
  nstart 1000000
  nincrease 500000
  nbatch 1000
  gridno 1
  statefile "vegas_last_iter142"

Restoring state from vegas_last_iter142.

Iteration 13:  52000000 integrand evaluations so far
[1] 8.0218e-07 +- 1.83717e-10  	chisq 15.0534 (12 df)

Saving state to vegas_last_iter142.
Vegas input parameters:
  ndim 11
  ncomp 1
  epsrel 0
  epsabs 0
  flags 291
  seed 2099
  mineval 1
  maxeval 1
  nstart 1000000
  nincrease 500000
  nbatch 1000
  gridno 1
  statefile "vegas_last_iter142"

Restoring state from vegas_last_iter142.

Iteration 14:  59500000 integrand evaluations so far
[1] 8.02126e-07 +- 1.67663e-10  	chisq 15.5613 (13 df)

Saving state to vegas_last_iter142.
Vegas input parameters:
  ndim 11
  ncomp 1
  epsrel 0
  epsabs 0
  flags 291
  seed 2241
  mineval 1
  maxeval 1
  nstart 1000000
  nincrease 500000
  nbatch 1000
  gridno 1
  statefile "vegas_last_iter142"

Restoring state from vegas_last_iter142.

Iteration 15:  67500000 integrand evaluations so far
[1] 8.02165e-07 +- 1.54435e-10  	chisq 15.9159 (14 df)

Saving state to vegas_last_iter142.
Vegas input parameters:
  ndim 11
  ncomp 1
  epsrel 0
  epsabs 0
  flags 291
  seed 2383
  mineval 1
  maxeval 1
  nstart 1000000
  nincrease 500000
  nbatch 1000
  gridno 1
  statefile "vegas_last_iter142"

Restoring state from vegas_last_iter142.

Iteration 16:  76000000 integrand evaluations so far
[1] 8.02261e-07 +- 1.43298e-10  	chisq 18.7226 (15 df)

Saving state to vegas_last_iter142.
Vegas input parameters:
  ndim 11
  ncomp 1
  epsrel 0
  epsabs 0
  flags 291
  seed 2525
  mineval 1
  maxeval 1
  nstart 1000000
  nincrease 500000
  nbatch 1000
  gridno 1
  statefile "vegas_last_iter142"

Restoring state from vegas_last_iter142.

Iteration 17:  85000000 integrand evaluations so far
[1] 8.02284e-07 +- 1.33807e-10  	chisq 18.9182 (16 df)

Saving state to vegas_last_iter142.
Vegas input parameters:
  ndim 11
  ncomp 1
  epsrel 0
  epsabs 0
  flags 291
  seed 2667
  mineval 1
  maxeval 1
  nstart 1000000
  nincrease 500000
  nbatch 1000
  gridno 1
  statefile "vegas_last_iter142"

Restoring state from vegas_last_iter142.

Iteration 18:  94500000 integrand evaluations so far
[1] 8.0223e-07 +- 1.25579e-10  	chisq 20.2788 (17 df)

Saving state to vegas_last_iter142.
Vegas input parameters:
  ndim 11
  ncomp 1
  epsrel 0
  epsabs 0
  flags 291
  seed 2809
  mineval 1
  maxeval 1
  nstart 1000000
  nincrease 500000
  nbatch 1000
  gridno 1
  statefile "vegas_last_iter142"

Restoring state from vegas_last_iter142.

Iteration 19:  104500000 integrand evaluations so far
[1] 8.02235e-07 +- 1.18342e-10  	chisq 20.2899 (18 df)

Saving state to vegas_last_iter142.
Vegas input parameters:
  ndim 11
  ncomp 1
  epsrel 0
  epsabs 0
  flags 291
  seed 2951
  mineval 1
  maxeval 1
  nstart 1000000
  nincrease 500000
  nbatch 1000
  gridno 1
  statefile "vegas_last_iter142"

Restoring state from vegas_last_iter142.

Iteration 20:  115000000 integrand evaluations so far
[1] 8.02252e-07 +- 1.11957e-10  	chisq 20.4957 (19 df)

Saving state to vegas_last_iter142.
Vegas input parameters:
  ndim 11
  ncomp 1
  epsrel 0
  epsabs 0
  flags 291
  seed 3093
  mineval 1
  maxeval 1
  nstart 1000000
  nincrease 500000
  nbatch 1000
  gridno 1
  statefile "vegas_last_iter142"

Restoring state from vegas_last_iter142.

Iteration 21:  126000000 integrand evaluations so far
[1] 8.02196e-07 +- 1.06258e-10  	chisq 23.0497 (20 df)

Saving state to vegas_last_iter142.
Vegas input parameters:
  ndim 11
  ncomp 1
  epsrel 0
  epsabs 0
  flags 291
  seed 3235
  mineval 1
  maxeval 1
  nstart 1000000
  nincrease 500000
  nbatch 1000
  gridno 1
  statefile "vegas_last_iter142"

Restoring state from vegas_last_iter142.

Iteration 22:  137500000 integrand evaluations so far
[1] 8.02236e-07 +- 1.01135e-10  	chisq 24.5782 (21 df)

Saving state to vegas_last_iter142.
Vegas input parameters:
  ndim 11
  ncomp 1
  epsrel 0
  epsabs 0
  flags 291
  seed 3377
  mineval 1
  maxeval 1
  nstart 1000000
  nincrease 500000
  nbatch 1000
  gridno 1
  statefile "vegas_last_iter142"

Restoring state from vegas_last_iter142.

Iteration 23:  149500000 integrand evaluations so far
[1] 8.02233e-07 +- 9.65093e-11  	chisq 24.5901 (22 df)

Saving state to vegas_last_iter142.
Vegas input parameters:
  ndim 11
  ncomp 1
  epsrel 0
  epsabs 0
  flags 291
  seed 3519
  mineval 1
  maxeval 1
  nstart 1000000
  nincrease 500000
  nbatch 1000
  gridno 1
  statefile "vegas_last_iter142"

Restoring state from vegas_last_iter142.

Iteration 24:  162000000 integrand evaluations so far
[1] 8.02227e-07 +- 9.23006e-11  	chisq 24.6233 (23 df)

Saving state to vegas_last_iter142.
Vegas input parameters:
  ndim 11
  ncomp 1
  epsrel 0
  epsabs 0
  flags 291
  seed 3661
  mineval 1
  maxeval 1
  nstart 1000000
  nincrease 500000
  nbatch 1000
  gridno 1
  statefile "vegas_last_iter142"

Restoring state from vegas_last_iter142.

Iteration 25:  175000000 integrand evaluations so far
[1] 8.02203e-07 +- 8.84519e-11  	chisq 25.4524 (24 df)

Saving state to vegas_last_iter142.
Vegas input parameters:
  ndim 11
  ncomp 1
  epsrel 0
  epsabs 0
  flags 291
  seed 3803
  mineval 1
  maxeval 1
  nstart 1000000
  nincrease 500000
  nbatch 1000
  gridno 1
  statefile "vegas_last_iter142"

Restoring state from vegas_last_iter142.

Iteration 26:  188500000 integrand evaluations so far
[1] 8.0216e-07 +- 8.49218e-11  	chisq 28.5024 (25 df)

Saving state to vegas_last_iter142.
Vegas input parameters:
  ndim 11
  ncomp 1
  epsrel 0
  epsabs 0
  flags 291
  seed 3945
  mineval 1
  maxeval 1
  nstart 1000000
  nincrease 500000
  nbatch 1000
  gridno 1
  statefile "vegas_last_iter142"

Restoring state from vegas_last_iter142.

Iteration 27:  202500000 integrand evaluations so far
[1] 8.02158e-07 +- 8.16809e-11  	chisq 28.5096 (26 df)

Saving state to vegas_last_iter142.
Thanks for using LHAPDF 6.2.1. Please make sure to cite the paper:
  Eur.Phys.J. C75 (2015) 3, 132  (http://arxiv.org/abs/1412.7420)
 method   =Vegas  
 nregions =           1
 neval    =   202500000
 fail     =           1
  0.802158297567E-06 +-   0.816808826825E-10   p =    0.615
