LHAPDF 6.2.1 loading /cvmfs/cms.cern.ch/slc6_amd64_gcc630/external/lhapdf/6.2.1-omkpbe3/share/LHAPDF/NNPDF31_nnlo_as_0118_nf_4/NNPDF31_nnlo_as_0118_nf_4_0000.dat
NNPDF31_nnlo_as_0118_nf_4 PDF set, member #0, version 1; LHAPDF ID = 320900
Vegas input parameters:
  ndim 11
  ncomp 1
  epsrel 0
  epsabs 0
  flags 291
  seed 231
  mineval 1
  maxeval 1
  nstart 1000000
  nincrease 500000
  nbatch 1000
  gridno 1
  statefile "vegas_last_iter120"

Iteration 1:  1000000 integrand evaluations so far
[1] -1.47167e-07 +- 5.19798e-07  	chisq 0 (0 df)

Saving state to vegas_last_iter120.
Vegas input parameters:
  ndim 11
  ncomp 1
  epsrel 0
  epsabs 0
  flags 291
  seed 351
  mineval 1
  maxeval 1
  nstart 1000000
  nincrease 500000
  nbatch 1000
  gridno 1
  statefile "vegas_last_iter120"

Restoring state from vegas_last_iter120.

Iteration 2:  2500000 integrand evaluations so far
[1] 3.34954e-07 +- 2.01726e-07  	chisq 1.01282 (1 df)

Saving state to vegas_last_iter120.
Vegas input parameters:
  ndim 11
  ncomp 1
  epsrel 0
  epsabs 0
  flags 291
  seed 471
  mineval 1
  maxeval 1
  nstart 1000000
  nincrease 500000
  nbatch 1000
  gridno 1
  statefile "vegas_last_iter120"

Restoring state from vegas_last_iter120.

Iteration 3:  4500000 integrand evaluations so far
[1] -4.70947e-08 +- 5.01441e-08  	chisq 4.83591 (2 df)

Saving state to vegas_last_iter120.
Vegas input parameters:
  ndim 11
  ncomp 1
  epsrel 0
  epsabs 0
  flags 291
  seed 591
  mineval 1
  maxeval 1
  nstart 1000000
  nincrease 500000
  nbatch 1000
  gridno 1
  statefile "vegas_last_iter120"

Restoring state from vegas_last_iter120.

Iteration 4:  7000000 integrand evaluations so far
[1] -9.34564e-08 +- 2.391e-08  	chisq 5.94229 (3 df)

Saving state to vegas_last_iter120.
Vegas input parameters:
  ndim 11
  ncomp 1
  epsrel 0
  epsabs 0
  flags 291
  seed 711
  mineval 1
  maxeval 1
  nstart 1000000
  nincrease 500000
  nbatch 1000
  gridno 1
  statefile "vegas_last_iter120"

Restoring state from vegas_last_iter120.

Iteration 5:  10000000 integrand evaluations so far
[1] -9.7885e-08 +- 5.72505e-09  	chisq 5.97868 (4 df)

Saving state to vegas_last_iter120.
Vegas input parameters:
  ndim 11
  ncomp 1
  epsrel 0
  epsabs 0
  flags 291
  seed 831
  mineval 1
  maxeval 1
  nstart 1000000
  nincrease 500000
  nbatch 1000
  gridno 1
  statefile "vegas_last_iter120"

Restoring state from vegas_last_iter120.

Iteration 6:  13500000 integrand evaluations so far
[1] -9.28324e-08 +- 3.08682e-09  	chisq 7.07679 (5 df)

Saving state to vegas_last_iter120.
Vegas input parameters:
  ndim 11
  ncomp 1
  epsrel 0
  epsabs 0
  flags 291
  seed 951
  mineval 1
  maxeval 1
  nstart 1000000
  nincrease 500000
  nbatch 1000
  gridno 1
  statefile "vegas_last_iter120"

Restoring state from vegas_last_iter120.

Iteration 7:  17500000 integrand evaluations so far
[1] -9.57717e-08 +- 1.8891e-09  	chisq 8.5264 (6 df)

Saving state to vegas_last_iter120.
Vegas input parameters:
  ndim 11
  ncomp 1
  epsrel 0
  epsabs 0
  flags 291
  seed 1071
  mineval 1
  maxeval 1
  nstart 1000000
  nincrease 500000
  nbatch 1000
  gridno 1
  statefile "vegas_last_iter120"

Restoring state from vegas_last_iter120.

Iteration 8:  22000000 integrand evaluations so far
[1] -9.61886e-08 +- 1.28831e-09  	chisq 8.61744 (7 df)

Saving state to vegas_last_iter120.
Vegas input parameters:
  ndim 11
  ncomp 1
  epsrel 0
  epsabs 0
  flags 291
  seed 1191
  mineval 1
  maxeval 1
  nstart 1000000
  nincrease 500000
  nbatch 1000
  gridno 1
  statefile "vegas_last_iter120"

Restoring state from vegas_last_iter120.

Iteration 9:  27000000 integrand evaluations so far
[1] -9.57519e-08 +- 9.93585e-10  	chisq 8.90095 (8 df)

Saving state to vegas_last_iter120.
Vegas input parameters:
  ndim 11
  ncomp 1
  epsrel 0
  epsabs 0
  flags 291
  seed 1311
  mineval 1
  maxeval 1
  nstart 1000000
  nincrease 500000
  nbatch 1000
  gridno 1
  statefile "vegas_last_iter120"

Restoring state from vegas_last_iter120.

Iteration 10:  32500000 integrand evaluations so far
[1] -9.55381e-08 +- 8.20595e-10  	chisq 9.04664 (9 df)

Saving state to vegas_last_iter120.
Vegas input parameters:
  ndim 11
  ncomp 1
  epsrel 0
  epsabs 0
  flags 291
  seed 1431
  mineval 1
  maxeval 1
  nstart 1000000
  nincrease 500000
  nbatch 1000
  gridno 1
  statefile "vegas_last_iter120"

Restoring state from vegas_last_iter120.

Iteration 11:  38500000 integrand evaluations so far
[1] -9.55415e-08 +- 7.06475e-10  	chisq 9.0467 (10 df)

Saving state to vegas_last_iter120.
Vegas input parameters:
  ndim 11
  ncomp 1
  epsrel 0
  epsabs 0
  flags 291
  seed 1551
  mineval 1
  maxeval 1
  nstart 1000000
  nincrease 500000
  nbatch 1000
  gridno 1
  statefile "vegas_last_iter120"

Restoring state from vegas_last_iter120.

Iteration 12:  45000000 integrand evaluations so far
[1] -9.49823e-08 +- 6.24025e-10  	chisq 11.8968 (11 df)

Saving state to vegas_last_iter120.
Vegas input parameters:
  ndim 11
  ncomp 1
  epsrel 0
  epsabs 0
  flags 291
  seed 1671
  mineval 1
  maxeval 1
  nstart 1000000
  nincrease 500000
  nbatch 1000
  gridno 1
  statefile "vegas_last_iter120"

Restoring state from vegas_last_iter120.

Iteration 13:  52000000 integrand evaluations so far
[1] -9.52703e-08 +- 5.60925e-10  	chisq 13.0059 (12 df)

Saving state to vegas_last_iter120.
Vegas input parameters:
  ndim 11
  ncomp 1
  epsrel 0
  epsabs 0
  flags 291
  seed 1791
  mineval 1
  maxeval 1
  nstart 1000000
  nincrease 500000
  nbatch 1000
  gridno 1
  statefile "vegas_last_iter120"

Restoring state from vegas_last_iter120.

Iteration 14:  59500000 integrand evaluations so far
[1] -9.5091e-08 +- 5.10822e-10  	chisq 13.6042 (13 df)

Saving state to vegas_last_iter120.
Vegas input parameters:
  ndim 11
  ncomp 1
  epsrel 0
  epsabs 0
  flags 291
  seed 1911
  mineval 1
  maxeval 1
  nstart 1000000
  nincrease 500000
  nbatch 1000
  gridno 1
  statefile "vegas_last_iter120"

Restoring state from vegas_last_iter120.

Iteration 15:  67500000 integrand evaluations so far
[1] -9.51293e-08 +- 4.69747e-10  	chisq 13.6404 (14 df)

Saving state to vegas_last_iter120.
Vegas input parameters:
  ndim 11
  ncomp 1
  epsrel 0
  epsabs 0
  flags 291
  seed 2031
  mineval 1
  maxeval 1
  nstart 1000000
  nincrease 500000
  nbatch 1000
  gridno 1
  statefile "vegas_last_iter120"

Restoring state from vegas_last_iter120.

Iteration 16:  76000000 integrand evaluations so far
[1] -9.49348e-08 +- 4.3541e-10  	chisq 14.8577 (15 df)

Saving state to vegas_last_iter120.
Vegas input parameters:
  ndim 11
  ncomp 1
  epsrel 0
  epsabs 0
  flags 291
  seed 2151
  mineval 1
  maxeval 1
  nstart 1000000
  nincrease 500000
  nbatch 1000
  gridno 1
  statefile "vegas_last_iter120"

Restoring state from vegas_last_iter120.

Iteration 17:  85000000 integrand evaluations so far
[1] -9.49523e-08 +- 4.06199e-10  	chisq 14.8701 (16 df)

Saving state to vegas_last_iter120.
Vegas input parameters:
  ndim 11
  ncomp 1
  epsrel 0
  epsabs 0
  flags 291
  seed 2271
  mineval 1
  maxeval 1
  nstart 1000000
  nincrease 500000
  nbatch 1000
  gridno 1
  statefile "vegas_last_iter120"

Restoring state from vegas_last_iter120.

Iteration 18:  94500000 integrand evaluations so far
[1] -9.48719e-08 +- 3.80937e-10  	chisq 15.1945 (17 df)

Saving state to vegas_last_iter120.
Vegas input parameters:
  ndim 11
  ncomp 1
  epsrel 0
  epsabs 0
  flags 291
  seed 2391
  mineval 1
  maxeval 1
  nstart 1000000
  nincrease 500000
  nbatch 1000
  gridno 1
  statefile "vegas_last_iter120"

Restoring state from vegas_last_iter120.

Iteration 19:  104500000 integrand evaluations so far
[1] -9.47374e-08 +- 3.5879e-10  	chisq 16.2992 (18 df)

Saving state to vegas_last_iter120.
Vegas input parameters:
  ndim 11
  ncomp 1
  epsrel 0
  epsabs 0
  flags 291
  seed 2511
  mineval 1
  maxeval 1
  nstart 1000000
  nincrease 500000
  nbatch 1000
  gridno 1
  statefile "vegas_last_iter120"

Restoring state from vegas_last_iter120.

Iteration 20:  115000000 integrand evaluations so far
[1] -9.46818e-08 +- 3.39254e-10  	chisq 16.5263 (19 df)

Saving state to vegas_last_iter120.
Vegas input parameters:
  ndim 11
  ncomp 1
  epsrel 0
  epsabs 0
  flags 291
  seed 2631
  mineval 1
  maxeval 1
  nstart 1000000
  nincrease 500000
  nbatch 1000
  gridno 1
  statefile "vegas_last_iter120"

Restoring state from vegas_last_iter120.

Iteration 21:  126000000 integrand evaluations so far
[1] -9.47693e-08 +- 3.2186e-10  	chisq 17.1924 (20 df)

Saving state to vegas_last_iter120.
Vegas input parameters:
  ndim 11
  ncomp 1
  epsrel 0
  epsabs 0
  flags 291
  seed 2751
  mineval 1
  maxeval 1
  nstart 1000000
  nincrease 500000
  nbatch 1000
  gridno 1
  statefile "vegas_last_iter120"

Restoring state from vegas_last_iter120.
